[0.006s] Invoking command in '/home/andy/git/MECHelangelo/build/mechelangelo_bringup': CMAKE_PREFIX_PATH=/home/andy/git/MECHelangelo/install/mechelangelo_description:/home/andy/git/MECHelangelo/install/mechelangelo_navigation:/home/andy/git/MECHelangelo/install/mechelangelo_bringup:/home/andy/git/MECHelangelo/install/mechelangelo_behaviour:/home/andy/git/MECHelangelo/install/mechelangelo_base_hardware:/home/andy/git/MECHelangelo/install/mechelangelo_teleop:/home/andy/git/MECHelangelo/install/mechelangelo_perception:/home/andy/git/MECHelangelo/install/mechelangelo_arm_control:/opt/ros/humble /usr/bin/cmake /home/andy/git/MECHelangelo/src/mechelangelo_bringup -DAMENT_CMAKE_SYMLINK_INSTALL=1 -DCMAKE_INSTALL_PREFIX=/home/andy/git/MECHelangelo/install/mechelangelo_bringup
[0.037s] -- The C compiler identification is GNU 11.4.0
[0.067s] -- The CXX compiler identification is GNU 11.4.0
[0.071s] -- Detecting C compiler ABI info
[0.104s] -- Detecting C compiler ABI info - done
[0.106s] -- Check for working C compiler: /usr/bin/cc - skipped
[0.107s] -- Detecting C compile features
[0.107s] -- Detecting C compile features - done
[0.110s] -- Detecting CXX compiler ABI info
[0.153s] -- Detecting CXX compiler ABI info - done
[0.156s] -- Check for working CXX compiler: /usr/bin/c++ - skipped
[0.156s] -- Detecting CXX compile features
[0.156s] -- Detecting CXX compile features - done
[0.158s] -- Found ament_cmake: 1.3.14 (/opt/ros/humble/share/ament_cmake/cmake)
[0.232s] -- Found Python3: /usr/bin/python3 (found version "3.10.12") found components: Interpreter 
[0.264s] -- Override CMake install command with custom implementation using symlinks instead of copying resources
[0.309s] -- Configuring done
[0.310s] -- Generating done
[0.310s] -- Build files have been written to: /home/andy/git/MECHelangelo/build/mechelangelo_bringup
[0.314s] Invoked command in '/home/andy/git/MECHelangelo/build/mechelangelo_bringup' returned '0': CMAKE_PREFIX_PATH=/home/andy/git/MECHelangelo/install/mechelangelo_description:/home/andy/git/MECHelangelo/install/mechelangelo_navigation:/home/andy/git/MECHelangelo/install/mechelangelo_bringup:/home/andy/git/MECHelangelo/install/mechelangelo_behaviour:/home/andy/git/MECHelangelo/install/mechelangelo_base_hardware:/home/andy/git/MECHelangelo/install/mechelangelo_teleop:/home/andy/git/MECHelangelo/install/mechelangelo_perception:/home/andy/git/MECHelangelo/install/mechelangelo_arm_control:/opt/ros/humble /usr/bin/cmake /home/andy/git/MECHelangelo/src/mechelangelo_bringup -DAMENT_CMAKE_SYMLINK_INSTALL=1 -DCMAKE_INSTALL_PREFIX=/home/andy/git/MECHelangelo/install/mechelangelo_bringup
[0.315s] Invoking command in '/home/andy/git/MECHelangelo/build/mechelangelo_bringup': CMAKE_PREFIX_PATH=/home/andy/git/MECHelangelo/install/mechelangelo_description:/home/andy/git/MECHelangelo/install/mechelangelo_navigation:/home/andy/git/MECHelangelo/install/mechelangelo_bringup:/home/andy/git/MECHelangelo/install/mechelangelo_behaviour:/home/andy/git/MECHelangelo/install/mechelangelo_base_hardware:/home/andy/git/MECHelangelo/install/mechelangelo_teleop:/home/andy/git/MECHelangelo/install/mechelangelo_perception:/home/andy/git/MECHelangelo/install/mechelangelo_arm_control:/opt/ros/humble /usr/bin/cmake --build /home/andy/git/MECHelangelo/build/mechelangelo_bringup -- -j32 -l32
[0.335s] Invoked command in '/home/andy/git/MECHelangelo/build/mechelangelo_bringup' returned '0': CMAKE_PREFIX_PATH=/home/andy/git/MECHelangelo/install/mechelangelo_description:/home/andy/git/MECHelangelo/install/mechelangelo_navigation:/home/andy/git/MECHelangelo/install/mechelangelo_bringup:/home/andy/git/MECHelangelo/install/mechelangelo_behaviour:/home/andy/git/MECHelangelo/install/mechelangelo_base_hardware:/home/andy/git/MECHelangelo/install/mechelangelo_teleop:/home/andy/git/MECHelangelo/install/mechelangelo_perception:/home/andy/git/MECHelangelo/install/mechelangelo_arm_control:/opt/ros/humble /usr/bin/cmake --build /home/andy/git/MECHelangelo/build/mechelangelo_bringup -- -j32 -l32
[0.336s] Invoking command in '/home/andy/git/MECHelangelo/build/mechelangelo_bringup': CMAKE_PREFIX_PATH=/home/andy/git/MECHelangelo/install/mechelangelo_description:/home/andy/git/MECHelangelo/install/mechelangelo_navigation:/home/andy/git/MECHelangelo/install/mechelangelo_bringup:/home/andy/git/MECHelangelo/install/mechelangelo_behaviour:/home/andy/git/MECHelangelo/install/mechelangelo_base_hardware:/home/andy/git/MECHelangelo/install/mechelangelo_teleop:/home/andy/git/MECHelangelo/install/mechelangelo_perception:/home/andy/git/MECHelangelo/install/mechelangelo_arm_control:/opt/ros/humble /usr/bin/cmake --install /home/andy/git/MECHelangelo/build/mechelangelo_bringup
[0.342s] -- Install configuration: ""
[0.342s] -- Execute custom install script
[0.342s] -- Symlinking: /home/andy/git/MECHelangelo/install/mechelangelo_bringup/share/mechelangelo_bringup/launch/Gallery_Test2.launch.py
[0.347s] -- Symlinking: /home/andy/git/MECHelangelo/install/mechelangelo_bringup/share/mechelangelo_bringup/launch/sim.launch.py
[0.350s] -- Symlinking: /home/andy/git/MECHelangelo/install/mechelangelo_bringup/share/mechelangelo_bringup/worlds/Gallery_Test2.world
[0.354s] -- Symlinking: /home/andy/git/MECHelangelo/install/mechelangelo_bringup/share/mechelangelo_bringup/Models/barrels/Mesh/Metal Diffuese.jpg
[0.357s] -- Symlinking: /home/andy/git/MECHelangelo/install/mechelangelo_bringup/share/mechelangelo_bringup/Models/barrels/Mesh/Metal Diffuese.jpg.001.jpg
[0.360s] -- Symlinking: /home/andy/git/MECHelangelo/install/mechelangelo_bringup/share/mechelangelo_bringup/Models/barrels/Mesh/Metal Diffuese.jpg.002.jpg
[0.363s] -- Symlinking: /home/andy/git/MECHelangelo/install/mechelangelo_bringup/share/mechelangelo_bringup/Models/barrels/Mesh/Metal Diffuese.jpg.003.jpg
[0.367s] -- Symlinking: /home/andy/git/MECHelangelo/install/mechelangelo_bringup/share/mechelangelo_bringup/Models/barrels/Mesh/Metal Diffuese.jpg.004.jpg
[0.370s] -- Symlinking: /home/andy/git/MECHelangelo/install/mechelangelo_bringup/share/mechelangelo_bringup/Models/barrels/Mesh/Wood Diffuse.jpg.002.jpg
[0.373s] -- Symlinking: /home/andy/git/MECHelangelo/install/mechelangelo_bringup/share/mechelangelo_bringup/Models/barrels/Mesh/Wood Diffuse.jpg.002.jpg.001.jpg
[0.376s] -- Symlinking: /home/andy/git/MECHelangelo/install/mechelangelo_bringup/share/mechelangelo_bringup/Models/barrels/Mesh/Wood Diffuse.jpg.002.jpg.002.jpg
[0.379s] -- Symlinking: /home/andy/git/MECHelangelo/install/mechelangelo_bringup/share/mechelangelo_bringup/Models/barrels/Mesh/Wood Diffuse.jpg.002.jpg.003.jpg
[0.382s] -- Symlinking: /home/andy/git/MECHelangelo/install/mechelangelo_bringup/share/mechelangelo_bringup/Models/barrels/Mesh/Wood Diffuse.jpg.002.jpg.004.jpg
[0.385s] -- Symlinking: /home/andy/git/MECHelangelo/install/mechelangelo_bringup/share/mechelangelo_bringup/Models/barrels/Mesh/barrels.dae
[0.388s] -- Symlinking: /home/andy/git/MECHelangelo/install/mechelangelo_bringup/share/mechelangelo_bringup/Models/barrels/Mesh/barrels.stl
[0.391s] -- Symlinking: /home/andy/git/MECHelangelo/install/mechelangelo_bringup/share/mechelangelo_bringup/Models/barrels/model.config
[0.396s] -- Symlinking: /home/andy/git/MECHelangelo/install/mechelangelo_bringup/share/mechelangelo_bringup/Models/barrels/model.sdf
[0.402s] -- Symlinking: /home/andy/git/MECHelangelo/install/mechelangelo_bringup/share/mechelangelo_bringup/Models/gallery_floor/Mesh/Birch-Wood-Texture-Background-edit-online.png.001.png
[0.406s] -- Symlinking: /home/andy/git/MECHelangelo/install/mechelangelo_bringup/share/mechelangelo_bringup/Models/gallery_floor/Mesh/EmptyGallery.stl
[0.409s] -- Symlinking: /home/andy/git/MECHelangelo/install/mechelangelo_bringup/share/mechelangelo_bringup/Models/gallery_floor/Mesh/floor.dae
[0.413s] -- Symlinking: /home/andy/git/MECHelangelo/install/mechelangelo_bringup/share/mechelangelo_bringup/Models/gallery_floor/model.config
[0.416s] -- Symlinking: /home/andy/git/MECHelangelo/install/mechelangelo_bringup/share/mechelangelo_bringup/Models/gallery_floor/model.sdf
[0.419s] -- Symlinking: /home/andy/git/MECHelangelo/install/mechelangelo_bringup/share/mechelangelo_bringup/Models/statues/Mesh/marble texture 3.jpg
[0.422s] -- Symlinking: /home/andy/git/MECHelangelo/install/mechelangelo_bringup/share/mechelangelo_bringup/Models/statues/Mesh/marble texture 3.jpg.001.jpg
[0.426s] -- Symlinking: /home/andy/git/MECHelangelo/install/mechelangelo_bringup/share/mechelangelo_bringup/Models/statues/Mesh/statue_diffuse.jpg
[0.430s] -- Symlinking: /home/andy/git/MECHelangelo/install/mechelangelo_bringup/share/mechelangelo_bringup/Models/statues/Mesh/statues.dae
[0.435s] -- Symlinking: /home/andy/git/MECHelangelo/install/mechelangelo_bringup/share/mechelangelo_bringup/Models/statues/Mesh/statues.stl
[0.440s] -- Symlinking: /home/andy/git/MECHelangelo/install/mechelangelo_bringup/share/mechelangelo_bringup/Models/statues/model.config
[0.443s] -- Symlinking: /home/andy/git/MECHelangelo/install/mechelangelo_bringup/share/mechelangelo_bringup/Models/statues/model.sdf
[0.447s] -- Symlinking: /home/andy/git/MECHelangelo/install/mechelangelo_bringup/share/mechelangelo_bringup/Models/turtlebot3_waffle_pi/model-1_4_.sdf
[0.451s] -- Symlinking: /home/andy/git/MECHelangelo/install/mechelangelo_bringup/share/mechelangelo_bringup/Models/turtlebot3_waffle_pi/model.config
[0.454s] -- Symlinking: /home/andy/git/MECHelangelo/install/mechelangelo_bringup/share/mechelangelo_bringup/Models/turtlebot3_waffle_pi/model.sdf
[0.457s] -- Symlinking: /home/andy/git/MECHelangelo/install/mechelangelo_bringup/share/mechelangelo_bringup/Models/walls/Mesh/1607px-The_Scream.jpg.001.jpg
[0.461s] -- Symlinking: /home/andy/git/MECHelangelo/install/mechelangelo_bringup/share/mechelangelo_bringup/Models/walls/Mesh/190430171751-mona-lisa.jpg
[0.464s] -- Symlinking: /home/andy/git/MECHelangelo/install/mechelangelo_bringup/share/mechelangelo_bringup/Models/walls/Mesh/Charging station 2.png
[0.468s] -- Symlinking: /home/andy/git/MECHelangelo/install/mechelangelo_bringup/share/mechelangelo_bringup/Models/walls/Mesh/Funky.png
[0.471s] -- Symlinking: /home/andy/git/MECHelangelo/install/mechelangelo_bringup/share/mechelangelo_bringup/Models/walls/Mesh/Kasamatsu-Shiro-Flowers-Four-Seasons-Banner.jpg
[0.475s] -- Symlinking: /home/andy/git/MECHelangelo/install/mechelangelo_bringup/share/mechelangelo_bringup/Models/walls/Mesh/UglyDutchess.jpeg
[0.478s] -- Symlinking: /home/andy/git/MECHelangelo/install/mechelangelo_bringup/share/mechelangelo_bringup/Models/walls/Mesh/UglyDutchess.jpeg.001.jpg
[0.482s] -- Symlinking: /home/andy/git/MECHelangelo/install/mechelangelo_bringup/share/mechelangelo_bringup/Models/walls/Mesh/a3bbad.png
[0.485s] -- Symlinking: /home/andy/git/MECHelangelo/install/mechelangelo_bringup/share/mechelangelo_bringup/Models/walls/Mesh/clock.jpg
[0.488s] -- Symlinking: /home/andy/git/MECHelangelo/install/mechelangelo_bringup/share/mechelangelo_bringup/Models/walls/Mesh/dogpoker.webp
[0.491s] -- Symlinking: /home/andy/git/MECHelangelo/install/mechelangelo_bringup/share/mechelangelo_bringup/Models/walls/Mesh/marble texture 3.jpg
[0.496s] -- Symlinking: /home/andy/git/MECHelangelo/install/mechelangelo_bringup/share/mechelangelo_bringup/Models/walls/Mesh/marble texture 3.jpg.001.jpg
[0.500s] -- Symlinking: /home/andy/git/MECHelangelo/install/mechelangelo_bringup/share/mechelangelo_bringup/Models/walls/Mesh/minecraft_burning_skull_poster.jpg
[0.505s] -- Symlinking: /home/andy/git/MECHelangelo/install/mechelangelo_bringup/share/mechelangelo_bringup/Models/walls/Mesh/simpsons.jpg.001.jpg
[0.509s] -- Symlinking: /home/andy/git/MECHelangelo/install/mechelangelo_bringup/share/mechelangelo_bringup/Models/walls/Mesh/squares.jpg.001.jpg
[0.512s] -- Symlinking: /home/andy/git/MECHelangelo/install/mechelangelo_bringup/share/mechelangelo_bringup/Models/walls/Mesh/walls.dae
[0.516s] -- Symlinking: /home/andy/git/MECHelangelo/install/mechelangelo_bringup/share/mechelangelo_bringup/Models/walls/Mesh/walls.stl
[0.519s] -- Symlinking: /home/andy/git/MECHelangelo/install/mechelangelo_bringup/share/mechelangelo_bringup/Models/walls/model.config
[0.524s] -- Symlinking: /home/andy/git/MECHelangelo/install/mechelangelo_bringup/share/mechelangelo_bringup/Models/walls/model.sdf
[0.530s] -- Symlinking: /home/andy/git/MECHelangelo/install/mechelangelo_bringup/share/ament_index/resource_index/package_run_dependencies/mechelangelo_bringup
[0.534s] -- Symlinking: /home/andy/git/MECHelangelo/install/mechelangelo_bringup/share/ament_index/resource_index/parent_prefix_path/mechelangelo_bringup
[0.537s] -- Symlinking: /home/andy/git/MECHelangelo/install/mechelangelo_bringup/share/mechelangelo_bringup/environment/ament_prefix_path.sh
[0.541s] -- Symlinking: /home/andy/git/MECHelangelo/install/mechelangelo_bringup/share/mechelangelo_bringup/environment/ament_prefix_path.dsv
[0.544s] -- Symlinking: /home/andy/git/MECHelangelo/install/mechelangelo_bringup/share/mechelangelo_bringup/environment/path.sh
[0.547s] -- Symlinking: /home/andy/git/MECHelangelo/install/mechelangelo_bringup/share/mechelangelo_bringup/environment/path.dsv
[0.550s] -- Symlinking: /home/andy/git/MECHelangelo/install/mechelangelo_bringup/share/mechelangelo_bringup/local_setup.bash
[0.553s] -- Symlinking: /home/andy/git/MECHelangelo/install/mechelangelo_bringup/share/mechelangelo_bringup/local_setup.sh
[0.556s] -- Symlinking: /home/andy/git/MECHelangelo/install/mechelangelo_bringup/share/mechelangelo_bringup/local_setup.zsh
[0.559s] -- Symlinking: /home/andy/git/MECHelangelo/install/mechelangelo_bringup/share/mechelangelo_bringup/local_setup.dsv
[0.563s] -- Symlinking: /home/andy/git/MECHelangelo/install/mechelangelo_bringup/share/mechelangelo_bringup/package.dsv
[0.566s] -- Symlinking: /home/andy/git/MECHelangelo/install/mechelangelo_bringup/share/ament_index/resource_index/packages/mechelangelo_bringup
[0.570s] -- Symlinking: /home/andy/git/MECHelangelo/install/mechelangelo_bringup/share/mechelangelo_bringup/cmake/mechelangelo_bringupConfig.cmake
[0.573s] -- Symlinking: /home/andy/git/MECHelangelo/install/mechelangelo_bringup/share/mechelangelo_bringup/cmake/mechelangelo_bringupConfig-version.cmake
[0.576s] -- Symlinking: /home/andy/git/MECHelangelo/install/mechelangelo_bringup/share/mechelangelo_bringup/package.xml
[0.580s] Invoked command in '/home/andy/git/MECHelangelo/build/mechelangelo_bringup' returned '0': CMAKE_PREFIX_PATH=/home/andy/git/MECHelangelo/install/mechelangelo_description:/home/andy/git/MECHelangelo/install/mechelangelo_navigation:/home/andy/git/MECHelangelo/install/mechelangelo_bringup:/home/andy/git/MECHelangelo/install/mechelangelo_behaviour:/home/andy/git/MECHelangelo/install/mechelangelo_base_hardware:/home/andy/git/MECHelangelo/install/mechelangelo_teleop:/home/andy/git/MECHelangelo/install/mechelangelo_perception:/home/andy/git/MECHelangelo/install/mechelangelo_arm_control:/opt/ros/humble /usr/bin/cmake --install /home/andy/git/MECHelangelo/build/mechelangelo_bringup
