[0.195s] Invoking command in '/home/andy/git/MECHelangelo/build/mechelangelo_base_hardware': CMAKE_PREFIX_PATH=${CMAKE_PREFIX_PATH}:/home/andy/git/MECHelangelo/install/mechelangelo_teleop:/home/andy/git/MECHelangelo/install/mechelangelo_perception:/home/andy/git/MECHelangelo/install/mechelangelo_arm_control:/opt/ros/humble /usr/bin/cmake /home/andy/git/MECHelangelo/src/mechelangelo_base_hardware -DAMENT_CMAKE_SYMLINK_INSTALL=1 -DCMAKE_INSTALL_PREFIX=/home/andy/git/MECHelangelo/install/mechelangelo_base_hardware
[0.556s] -- The C compiler identification is GNU 11.4.0
[0.556s] -- The CXX compiler identification is GNU 11.4.0
[0.556s] -- Detecting C compiler ABI info
[0.556s] -- Detecting C compiler ABI info - done
[0.556s] -- Check for working C compiler: /usr/bin/cc - skipped
[0.556s] -- Detecting C compile features
[0.556s] -- Detecting C compile features - done
[0.556s] -- Detecting CXX compiler ABI info
[0.556s] -- Detecting CXX compiler ABI info - done
[0.556s] -- Check for working CXX compiler: /usr/bin/c++ - skipped
[0.556s] -- Detecting CXX compile features
[0.556s] -- Detecting CXX compile features - done
[0.556s] -- Found ament_cmake: 1.3.14 (/opt/ros/humble/share/ament_cmake/cmake)
[0.556s] -- Found Python3: /usr/bin/python3 (found version "3.10.12") found components: Interpreter 
[0.598s] -- Override CMake install command with custom implementation using symlinks instead of copying resources
[0.614s] -- Found ament_lint_auto: 0.12.15 (/opt/ros/humble/share/ament_lint_auto/cmake)
[0.685s] -- Added test 'lint_cmake' to check CMake code style
[0.686s] -- Added test 'xmllint' to check XML markup files
[0.688s] -- Configuring done
[0.691s] -- Generating done
[0.691s] -- Build files have been written to: /home/andy/git/MECHelangelo/build/mechelangelo_base_hardware
[0.695s] Invoked command in '/home/andy/git/MECHelangelo/build/mechelangelo_base_hardware' returned '0': CMAKE_PREFIX_PATH=${CMAKE_PREFIX_PATH}:/home/andy/git/MECHelangelo/install/mechelangelo_teleop:/home/andy/git/MECHelangelo/install/mechelangelo_perception:/home/andy/git/MECHelangelo/install/mechelangelo_arm_control:/opt/ros/humble /usr/bin/cmake /home/andy/git/MECHelangelo/src/mechelangelo_base_hardware -DAMENT_CMAKE_SYMLINK_INSTALL=1 -DCMAKE_INSTALL_PREFIX=/home/andy/git/MECHelangelo/install/mechelangelo_base_hardware
[0.700s] Invoking command in '/home/andy/git/MECHelangelo/build/mechelangelo_base_hardware': CMAKE_PREFIX_PATH=${CMAKE_PREFIX_PATH}:/home/andy/git/MECHelangelo/install/mechelangelo_teleop:/home/andy/git/MECHelangelo/install/mechelangelo_perception:/home/andy/git/MECHelangelo/install/mechelangelo_arm_control:/opt/ros/humble /usr/bin/cmake --build /home/andy/git/MECHelangelo/build/mechelangelo_base_hardware -- -j32 -l32
[0.736s] Invoked command in '/home/andy/git/MECHelangelo/build/mechelangelo_base_hardware' returned '0': CMAKE_PREFIX_PATH=${CMAKE_PREFIX_PATH}:/home/andy/git/MECHelangelo/install/mechelangelo_teleop:/home/andy/git/MECHelangelo/install/mechelangelo_perception:/home/andy/git/MECHelangelo/install/mechelangelo_arm_control:/opt/ros/humble /usr/bin/cmake --build /home/andy/git/MECHelangelo/build/mechelangelo_base_hardware -- -j32 -l32
[0.736s] Invoking command in '/home/andy/git/MECHelangelo/build/mechelangelo_base_hardware': CMAKE_PREFIX_PATH=${CMAKE_PREFIX_PATH}:/home/andy/git/MECHelangelo/install/mechelangelo_teleop:/home/andy/git/MECHelangelo/install/mechelangelo_perception:/home/andy/git/MECHelangelo/install/mechelangelo_arm_control:/opt/ros/humble /usr/bin/cmake --install /home/andy/git/MECHelangelo/build/mechelangelo_base_hardware
[0.745s] -- Install configuration: ""
[0.745s] -- Execute custom install script
[0.745s] -- Symlinking: /home/andy/git/MECHelangelo/install/mechelangelo_base_hardware/share/ament_index/resource_index/package_run_dependencies/mechelangelo_base_hardware
[0.751s] -- Symlinking: /home/andy/git/MECHelangelo/install/mechelangelo_base_hardware/share/ament_index/resource_index/parent_prefix_path/mechelangelo_base_hardware
[0.756s] -- Symlinking: /home/andy/git/MECHelangelo/install/mechelangelo_base_hardware/share/mechelangelo_base_hardware/environment/ament_prefix_path.sh
[0.765s] -- Symlinking: /home/andy/git/MECHelangelo/install/mechelangelo_base_hardware/share/mechelangelo_base_hardware/environment/ament_prefix_path.dsv
[0.768s] -- Symlinking: /home/andy/git/MECHelangelo/install/mechelangelo_base_hardware/share/mechelangelo_base_hardware/environment/path.sh
[0.775s] -- Symlinking: /home/andy/git/MECHelangelo/install/mechelangelo_base_hardware/share/mechelangelo_base_hardware/environment/path.dsv
[0.782s] -- Symlinking: /home/andy/git/MECHelangelo/install/mechelangelo_base_hardware/share/mechelangelo_base_hardware/local_setup.bash
[0.790s] -- Symlinking: /home/andy/git/MECHelangelo/install/mechelangelo_base_hardware/share/mechelangelo_base_hardware/local_setup.sh
[0.796s] -- Symlinking: /home/andy/git/MECHelangelo/install/mechelangelo_base_hardware/share/mechelangelo_base_hardware/local_setup.zsh
[0.806s] -- Symlinking: /home/andy/git/MECHelangelo/install/mechelangelo_base_hardware/share/mechelangelo_base_hardware/local_setup.dsv
[0.812s] -- Symlinking: /home/andy/git/MECHelangelo/install/mechelangelo_base_hardware/share/mechelangelo_base_hardware/package.dsv
[0.819s] -- Symlinking: /home/andy/git/MECHelangelo/install/mechelangelo_base_hardware/share/ament_index/resource_index/packages/mechelangelo_base_hardware
[0.828s] -- Symlinking: /home/andy/git/MECHelangelo/install/mechelangelo_base_hardware/share/mechelangelo_base_hardware/cmake/mechelangelo_base_hardwareConfig.cmake
[0.843s] -- Symlinking: /home/andy/git/MECHelangelo/install/mechelangelo_base_hardware/share/mechelangelo_base_hardware/cmake/mechelangelo_base_hardwareConfig-version.cmake
[0.844s] -- Symlinking: /home/andy/git/MECHelangelo/install/mechelangelo_base_hardware/share/mechelangelo_base_hardware/package.xml
[0.874s] Invoked command in '/home/andy/git/MECHelangelo/build/mechelangelo_base_hardware' returned '0': CMAKE_PREFIX_PATH=${CMAKE_PREFIX_PATH}:/home/andy/git/MECHelangelo/install/mechelangelo_teleop:/home/andy/git/MECHelangelo/install/mechelangelo_perception:/home/andy/git/MECHelangelo/install/mechelangelo_arm_control:/opt/ros/humble /usr/bin/cmake --install /home/andy/git/MECHelangelo/build/mechelangelo_base_hardware
