-- Install configuration: ""
-- Up-to-date: /home/andy/git/MECHelangelo/install/mechelangelo_description/share/mechelangelo_description/urdf
-- Installing: /home/andy/git/MECHelangelo/install/mechelangelo_description/share/mechelangelo_description/urdf/build
-- Installing: /home/andy/git/MECHelangelo/install/mechelangelo_description/share/mechelangelo_description/urdf/build/COLCON_IGNORE
-- Installing: /home/andy/git/MECHelangelo/install/mechelangelo_description/share/mechelangelo_description/urdf/build/.built_by
-- Up-to-date: /home/andy/git/MECHelangelo/install/mechelangelo_description/share/mechelangelo_description/urdf/mechelangelo_base.urdf
-- Installing: /home/andy/git/MECHelangelo/install/mechelangelo_description/share/mechelangelo_description/urdf/install
-- Installing: /home/andy/git/MECHelangelo/install/mechelangelo_description/share/mechelangelo_description/urdf/install/.colcon_install_layout
-- Installing: /home/andy/git/MECHelangelo/install/mechelangelo_description/share/mechelangelo_description/urdf/install/setup.bash
-- Installing: /home/andy/git/MECHelangelo/install/mechelangelo_description/share/mechelangelo_description/urdf/install/local_setup.sh
-- Installing: /home/andy/git/MECHelangelo/install/mechelangelo_description/share/mechelangelo_description/urdf/install/local_setup.zsh
-- Installing: /home/andy/git/MECHelangelo/install/mechelangelo_description/share/mechelangelo_description/urdf/install/_local_setup_util_sh.py
-- Installing: /home/andy/git/MECHelangelo/install/mechelangelo_description/share/mechelangelo_description/urdf/install/setup.sh
-- Installing: /home/andy/git/MECHelangelo/install/mechelangelo_description/share/mechelangelo_description/urdf/install/_local_setup_util_ps1.py
-- Installing: /home/andy/git/MECHelangelo/install/mechelangelo_description/share/mechelangelo_description/urdf/install/local_setup.bash
-- Installing: /home/andy/git/MECHelangelo/install/mechelangelo_description/share/mechelangelo_description/urdf/install/local_setup.ps1
-- Installing: /home/andy/git/MECHelangelo/install/mechelangelo_description/share/mechelangelo_description/urdf/install/COLCON_IGNORE
-- Installing: /home/andy/git/MECHelangelo/install/mechelangelo_description/share/mechelangelo_description/urdf/install/setup.zsh
-- Installing: /home/andy/git/MECHelangelo/install/mechelangelo_description/share/mechelangelo_description/urdf/install/setup.ps1
-- Up-to-date: /home/andy/git/MECHelangelo/install/mechelangelo_description/share/mechelangelo_description/urdf/mechelangelo_arm.urdf
-- Installing: /home/andy/git/MECHelangelo/install/mechelangelo_description/share/mechelangelo_description/urdf/log
-- Installing: /home/andy/git/MECHelangelo/install/mechelangelo_description/share/mechelangelo_description/urdf/log/latest_build
-- Installing: /home/andy/git/MECHelangelo/install/mechelangelo_description/share/mechelangelo_description/urdf/log/build_2026-04-22_17-32-21
-- Installing: /home/andy/git/MECHelangelo/install/mechelangelo_description/share/mechelangelo_description/urdf/log/build_2026-04-22_17-32-21/events.log
-- Installing: /home/andy/git/MECHelangelo/install/mechelangelo_description/share/mechelangelo_description/urdf/log/build_2026-04-22_17-32-21/logger_all.log
-- Installing: /home/andy/git/MECHelangelo/install/mechelangelo_description/share/mechelangelo_description/urdf/log/COLCON_IGNORE
-- Installing: /home/andy/git/MECHelangelo/install/mechelangelo_description/share/mechelangelo_description/urdf/log/latest
-- Up-to-date: /home/andy/git/MECHelangelo/install/mechelangelo_description/share/mechelangelo_description/meshes
-- Up-to-date: /home/andy/git/MECHelangelo/install/mechelangelo_description/share/mechelangelo_description/meshes/base
-- Up-to-date: /home/andy/git/MECHelangelo/install/mechelangelo_description/share/mechelangelo_description/meshes/base/base.STL
-- Up-to-date: /home/andy/git/MECHelangelo/install/mechelangelo_description/share/mechelangelo_description/meshes/base/base.dae
-- Up-to-date: /home/andy/git/MECHelangelo/install/mechelangelo_description/share/mechelangelo_description/meshes/base/HardwareBox_-_Finishes_-_Gunmetal_Grey_480x480.jpg
-- Up-to-date: /home/andy/git/MECHelangelo/install/mechelangelo_description/share/mechelangelo_description/meshes/wheels
-- Up-to-date: /home/andy/git/MECHelangelo/install/mechelangelo_description/share/mechelangelo_description/meshes/wheels/wheel.STL
-- Up-to-date: /home/andy/git/MECHelangelo/install/mechelangelo_description/share/mechelangelo_description/meshes/wheels/TIREWHEEL.jpg
-- Up-to-date: /home/andy/git/MECHelangelo/install/mechelangelo_description/share/mechelangelo_description/meshes/wheels/wheel.dae
-- Up-to-date: /home/andy/git/MECHelangelo/install/mechelangelo_description/share/mechelangelo_description/meshes/sensors
-- Up-to-date: /home/andy/git/MECHelangelo/install/mechelangelo_description/share/mechelangelo_description/meshes/sensors/lds.stl
-- Up-to-date: /home/andy/git/MECHelangelo/install/mechelangelo_description/share/mechelangelo_description/meshes/sensors/astra.jpg
-- Up-to-date: /home/andy/git/MECHelangelo/install/mechelangelo_description/share/mechelangelo_description/meshes/sensors/r200.dae
-- Up-to-date: /home/andy/git/MECHelangelo/install/mechelangelo_description/share/mechelangelo_description/meshes/sensors/r200.jpg
-- Up-to-date: /home/andy/git/MECHelangelo/install/mechelangelo_description/share/mechelangelo_description/meshes/sensors/astra.dae
-- Up-to-date: /home/andy/git/MECHelangelo/install/mechelangelo_description/share/mechelangelo_description/rviz
-- Up-to-date: /home/andy/git/MECHelangelo/install/mechelangelo_description/share/ament_index/resource_index/package_run_dependencies/mechelangelo_description
-- Up-to-date: /home/andy/git/MECHelangelo/install/mechelangelo_description/share/ament_index/resource_index/parent_prefix_path/mechelangelo_description
-- Up-to-date: /home/andy/git/MECHelangelo/install/mechelangelo_description/share/mechelangelo_description/environment/ament_prefix_path.sh
-- Up-to-date: /home/andy/git/MECHelangelo/install/mechelangelo_description/share/mechelangelo_description/environment/ament_prefix_path.dsv
-- Up-to-date: /home/andy/git/MECHelangelo/install/mechelangelo_description/share/mechelangelo_description/environment/path.sh
-- Up-to-date: /home/andy/git/MECHelangelo/install/mechelangelo_description/share/mechelangelo_description/environment/path.dsv
-- Up-to-date: /home/andy/git/MECHelangelo/install/mechelangelo_description/share/mechelangelo_description/local_setup.bash
-- Up-to-date: /home/andy/git/MECHelangelo/install/mechelangelo_description/share/mechelangelo_description/local_setup.sh
-- Up-to-date: /home/andy/git/MECHelangelo/install/mechelangelo_description/share/mechelangelo_description/local_setup.zsh
-- Up-to-date: /home/andy/git/MECHelangelo/install/mechelangelo_description/share/mechelangelo_description/local_setup.dsv
-- Installing: /home/andy/git/MECHelangelo/install/mechelangelo_description/share/mechelangelo_description/package.dsv
-- Up-to-date: /home/andy/git/MECHelangelo/install/mechelangelo_description/share/ament_index/resource_index/packages/mechelangelo_description
-- Up-to-date: /home/andy/git/MECHelangelo/install/mechelangelo_description/share/mechelangelo_description/cmake/mechelangelo_descriptionConfig.cmake
-- Up-to-date: /home/andy/git/MECHelangelo/install/mechelangelo_description/share/mechelangelo_description/cmake/mechelangelo_descriptionConfig-version.cmake
-- Up-to-date: /home/andy/git/MECHelangelo/install/mechelangelo_description/share/mechelangelo_description/package.xml
