[0.027s] Invoking command in '/home/andy/git/MECHelangelo/build/mechelangelo_description': CMAKE_PREFIX_PATH=${CMAKE_PREFIX_PATH}:/home/andy/git/MECHelangelo/install/mechelangelo_teleop:/home/andy/git/MECHelangelo/install/mechelangelo_perception:/home/andy/git/MECHelangelo/install/mechelangelo_arm_control:/opt/ros/humble /usr/bin/cmake --build /home/andy/git/MECHelangelo/build/mechelangelo_description -- -j32 -l32
[0.355s] Invoked command in '/home/andy/git/MECHelangelo/build/mechelangelo_description' returned '0': CMAKE_PREFIX_PATH=${CMAKE_PREFIX_PATH}:/home/andy/git/MECHelangelo/install/mechelangelo_teleop:/home/andy/git/MECHelangelo/install/mechelangelo_perception:/home/andy/git/MECHelangelo/install/mechelangelo_arm_control:/opt/ros/humble /usr/bin/cmake --build /home/andy/git/MECHelangelo/build/mechelangelo_description -- -j32 -l32
[0.356s] Invoking command in '/home/andy/git/MECHelangelo/build/mechelangelo_description': CMAKE_PREFIX_PATH=${CMAKE_PREFIX_PATH}:/home/andy/git/MECHelangelo/install/mechelangelo_teleop:/home/andy/git/MECHelangelo/install/mechelangelo_perception:/home/andy/git/MECHelangelo/install/mechelangelo_arm_control:/opt/ros/humble /usr/bin/cmake --install /home/andy/git/MECHelangelo/build/mechelangelo_description
[0.362s] -- Install configuration: ""
[0.362s] -- Up-to-date: /home/andy/git/MECHelangelo/install/mechelangelo_description/share/mechelangelo_description/urdf
[0.362s] -- Installing: /home/andy/git/MECHelangelo/install/mechelangelo_description/share/mechelangelo_description/urdf/build
[0.362s] -- Installing: /home/andy/git/MECHelangelo/install/mechelangelo_description/share/mechelangelo_description/urdf/build/COLCON_IGNORE
[0.362s] -- Installing: /home/andy/git/MECHelangelo/install/mechelangelo_description/share/mechelangelo_description/urdf/build/.built_by
[0.362s] -- Up-to-date: /home/andy/git/MECHelangelo/install/mechelangelo_description/share/mechelangelo_description/urdf/mechelangelo_base.urdf
[0.362s] -- Installing: /home/andy/git/MECHelangelo/install/mechelangelo_description/share/mechelangelo_description/urdf/install
[0.362s] -- Installing: /home/andy/git/MECHelangelo/install/mechelangelo_description/share/mechelangelo_description/urdf/install/.colcon_install_layout
[0.362s] -- Installing: /home/andy/git/MECHelangelo/install/mechelangelo_description/share/mechelangelo_description/urdf/install/setup.bash
[0.362s] -- Installing: /home/andy/git/MECHelangelo/install/mechelangelo_description/share/mechelangelo_description/urdf/install/local_setup.sh
[0.362s] -- Installing: /home/andy/git/MECHelangelo/install/mechelangelo_description/share/mechelangelo_description/urdf/install/local_setup.zsh
[0.362s] -- Installing: /home/andy/git/MECHelangelo/install/mechelangelo_description/share/mechelangelo_description/urdf/install/_local_setup_util_sh.py
[0.362s] -- Installing: /home/andy/git/MECHelangelo/install/mechelangelo_description/share/mechelangelo_description/urdf/install/setup.sh
[0.362s] -- Installing: /home/andy/git/MECHelangelo/install/mechelangelo_description/share/mechelangelo_description/urdf/install/_local_setup_util_ps1.py
[0.362s] -- Installing: /home/andy/git/MECHelangelo/install/mechelangelo_description/share/mechelangelo_description/urdf/install/local_setup.bash
[0.362s] -- Installing: /home/andy/git/MECHelangelo/install/mechelangelo_description/share/mechelangelo_description/urdf/install/local_setup.ps1
[0.362s] -- Installing: /home/andy/git/MECHelangelo/install/mechelangelo_description/share/mechelangelo_description/urdf/install/COLCON_IGNORE
[0.362s] -- Installing: /home/andy/git/MECHelangelo/install/mechelangelo_description/share/mechelangelo_description/urdf/install/setup.zsh
[0.362s] -- Installing: /home/andy/git/MECHelangelo/install/mechelangelo_description/share/mechelangelo_description/urdf/install/setup.ps1
[0.362s] -- Up-to-date: /home/andy/git/MECHelangelo/install/mechelangelo_description/share/mechelangelo_description/urdf/mechelangelo_arm.urdf
[0.362s] -- Installing: /home/andy/git/MECHelangelo/install/mechelangelo_description/share/mechelangelo_description/urdf/log
[0.363s] -- Installing: /home/andy/git/MECHelangelo/install/mechelangelo_description/share/mechelangelo_description/urdf/log/latest_build
[0.363s] -- Installing: /home/andy/git/MECHelangelo/install/mechelangelo_description/share/mechelangelo_description/urdf/log/build_2026-04-22_17-32-21
[0.363s] -- Installing: /home/andy/git/MECHelangelo/install/mechelangelo_description/share/mechelangelo_description/urdf/log/build_2026-04-22_17-32-21/events.log
[0.363s] -- Installing: /home/andy/git/MECHelangelo/install/mechelangelo_description/share/mechelangelo_description/urdf/log/build_2026-04-22_17-32-21/logger_all.log
[0.363s] -- Installing: /home/andy/git/MECHelangelo/install/mechelangelo_description/share/mechelangelo_description/urdf/log/COLCON_IGNORE
[0.363s] -- Installing: /home/andy/git/MECHelangelo/install/mechelangelo_description/share/mechelangelo_description/urdf/log/latest
[0.363s] -- Up-to-date: /home/andy/git/MECHelangelo/install/mechelangelo_description/share/mechelangelo_description/meshes
[0.363s] -- Up-to-date: /home/andy/git/MECHelangelo/install/mechelangelo_description/share/mechelangelo_description/meshes/base
[0.363s] -- Up-to-date: /home/andy/git/MECHelangelo/install/mechelangelo_description/share/mechelangelo_description/meshes/base/base.STL
[0.363s] -- Up-to-date: /home/andy/git/MECHelangelo/install/mechelangelo_description/share/mechelangelo_description/meshes/base/base.dae
[0.363s] -- Up-to-date: /home/andy/git/MECHelangelo/install/mechelangelo_description/share/mechelangelo_description/meshes/base/HardwareBox_-_Finishes_-_Gunmetal_Grey_480x480.jpg
[0.363s] -- Up-to-date: /home/andy/git/MECHelangelo/install/mechelangelo_description/share/mechelangelo_description/meshes/wheels
[0.363s] -- Up-to-date: /home/andy/git/MECHelangelo/install/mechelangelo_description/share/mechelangelo_description/meshes/wheels/wheel.STL
[0.363s] -- Up-to-date: /home/andy/git/MECHelangelo/install/mechelangelo_description/share/mechelangelo_description/meshes/wheels/TIREWHEEL.jpg
[0.363s] -- Up-to-date: /home/andy/git/MECHelangelo/install/mechelangelo_description/share/mechelangelo_description/meshes/wheels/wheel.dae
[0.363s] -- Up-to-date: /home/andy/git/MECHelangelo/install/mechelangelo_description/share/mechelangelo_description/meshes/sensors
[0.363s] -- Up-to-date: /home/andy/git/MECHelangelo/install/mechelangelo_description/share/mechelangelo_description/meshes/sensors/lds.stl
[0.363s] -- Up-to-date: /home/andy/git/MECHelangelo/install/mechelangelo_description/share/mechelangelo_description/meshes/sensors/astra.jpg
[0.364s] -- Up-to-date: /home/andy/git/MECHelangelo/install/mechelangelo_description/share/mechelangelo_description/meshes/sensors/r200.dae
[0.364s] -- Up-to-date: /home/andy/git/MECHelangelo/install/mechelangelo_description/share/mechelangelo_description/meshes/sensors/r200.jpg
[0.364s] -- Up-to-date: /home/andy/git/MECHelangelo/install/mechelangelo_description/share/mechelangelo_description/meshes/sensors/astra.dae
[0.364s] -- Up-to-date: /home/andy/git/MECHelangelo/install/mechelangelo_description/share/mechelangelo_description/rviz
[0.364s] -- Up-to-date: /home/andy/git/MECHelangelo/install/mechelangelo_description/share/ament_index/resource_index/package_run_dependencies/mechelangelo_description
[0.365s] -- Up-to-date: /home/andy/git/MECHelangelo/install/mechelangelo_description/share/ament_index/resource_index/parent_prefix_path/mechelangelo_description
[0.365s] -- Up-to-date: /home/andy/git/MECHelangelo/install/mechelangelo_description/share/mechelangelo_description/environment/ament_prefix_path.sh
[0.365s] -- Up-to-date: /home/andy/git/MECHelangelo/install/mechelangelo_description/share/mechelangelo_description/environment/ament_prefix_path.dsv
[0.365s] -- Up-to-date: /home/andy/git/MECHelangelo/install/mechelangelo_description/share/mechelangelo_description/environment/path.sh
[0.365s] -- Up-to-date: /home/andy/git/MECHelangelo/install/mechelangelo_description/share/mechelangelo_description/environment/path.dsv
[0.365s] -- Up-to-date: /home/andy/git/MECHelangelo/install/mechelangelo_description/share/mechelangelo_description/local_setup.bash
[0.365s] -- Up-to-date: /home/andy/git/MECHelangelo/install/mechelangelo_description/share/mechelangelo_description/local_setup.sh
[0.365s] -- Up-to-date: /home/andy/git/MECHelangelo/install/mechelangelo_description/share/mechelangelo_description/local_setup.zsh
[0.365s] -- Up-to-date: /home/andy/git/MECHelangelo/install/mechelangelo_description/share/mechelangelo_description/local_setup.dsv
[0.365s] -- Installing: /home/andy/git/MECHelangelo/install/mechelangelo_description/share/mechelangelo_description/package.dsv
[0.365s] -- Up-to-date: /home/andy/git/MECHelangelo/install/mechelangelo_description/share/ament_index/resource_index/packages/mechelangelo_description
[0.365s] -- Up-to-date: /home/andy/git/MECHelangelo/install/mechelangelo_description/share/mechelangelo_description/cmake/mechelangelo_descriptionConfig.cmake
[0.365s] -- Up-to-date: /home/andy/git/MECHelangelo/install/mechelangelo_description/share/mechelangelo_description/cmake/mechelangelo_descriptionConfig-version.cmake
[0.365s] -- Up-to-date: /home/andy/git/MECHelangelo/install/mechelangelo_description/share/mechelangelo_description/package.xml
[0.439s] Invoked command in '/home/andy/git/MECHelangelo/build/mechelangelo_description' returned '0': CMAKE_PREFIX_PATH=${CMAKE_PREFIX_PATH}:/home/andy/git/MECHelangelo/install/mechelangelo_teleop:/home/andy/git/MECHelangelo/install/mechelangelo_perception:/home/andy/git/MECHelangelo/install/mechelangelo_arm_control:/opt/ros/humble /usr/bin/cmake --install /home/andy/git/MECHelangelo/build/mechelangelo_description
