-- The C compiler identification is GNU 11.4.0
-- The CXX compiler identification is GNU 11.4.0
-- Detecting C compiler ABI info
-- Detecting C compiler ABI info - done
-- Check for working C compiler: /usr/bin/cc - skipped
-- Detecting C compile features
-- Detecting C compile features - done
-- Detecting CXX compiler ABI info
-- Detecting CXX compiler ABI info - done
-- Check for working CXX compiler: /usr/bin/c++ - skipped
-- Detecting CXX compile features
-- Detecting CXX compile features - done
-- Found ament_cmake: 1.3.14 (/opt/ros/humble/share/ament_cmake/cmake)
-- Found Python3: /usr/bin/python3 (found version "3.10.12") found components: Interpreter 
-- Configuring done
-- Generating done
-- Build files have been written to: /home/andy/git/MECHelangelo/build/mechelangelo_bringup
-- Install configuration: ""
-- Installing: /home/andy/git/MECHelangelo/install/mechelangelo_bringup/share/mechelangelo_bringup/launch
-- Installing: /home/andy/git/MECHelangelo/install/mechelangelo_bringup/share/mechelangelo_bringup/launch/Gallery_Test2.launch.py
-- Installing: /home/andy/git/MECHelangelo/install/mechelangelo_bringup/share/mechelangelo_bringup/launch/sim.launch.py
-- Installing: /home/andy/git/MECHelangelo/install/mechelangelo_bringup/share/mechelangelo_bringup/worlds
-- Installing: /home/andy/git/MECHelangelo/install/mechelangelo_bringup/share/mechelangelo_bringup/worlds/Gallery_Test2.world
-- Installing: /home/andy/git/MECHelangelo/install/mechelangelo_bringup/share/mechelangelo_bringup/Models
-- Installing: /home/andy/git/MECHelangelo/install/mechelangelo_bringup/share/mechelangelo_bringup/Models/statues
-- Installing: /home/andy/git/MECHelangelo/install/mechelangelo_bringup/share/mechelangelo_bringup/Models/statues/model.config
-- Installing: /home/andy/git/MECHelangelo/install/mechelangelo_bringup/share/mechelangelo_bringup/Models/statues/model.sdf
-- Installing: /home/andy/git/MECHelangelo/install/mechelangelo_bringup/share/mechelangelo_bringup/Models/statues/Mesh
-- Installing: /home/andy/git/MECHelangelo/install/mechelangelo_bringup/share/mechelangelo_bringup/Models/statues/Mesh/marble texture 3.jpg
-- Installing: /home/andy/git/MECHelangelo/install/mechelangelo_bringup/share/mechelangelo_bringup/Models/statues/Mesh/statues.stl
-- Installing: /home/andy/git/MECHelangelo/install/mechelangelo_bringup/share/mechelangelo_bringup/Models/statues/Mesh/statues.dae
-- Installing: /home/andy/git/MECHelangelo/install/mechelangelo_bringup/share/mechelangelo_bringup/Models/statues/Mesh/marble texture 3.jpg.001.jpg
-- Installing: /home/andy/git/MECHelangelo/install/mechelangelo_bringup/share/mechelangelo_bringup/Models/statues/Mesh/statue_diffuse.jpg
-- Installing: /home/andy/git/MECHelangelo/install/mechelangelo_bringup/share/mechelangelo_bringup/Models/walls
-- Installing: /home/andy/git/MECHelangelo/install/mechelangelo_bringup/share/mechelangelo_bringup/Models/walls/model.config
-- Installing: /home/andy/git/MECHelangelo/install/mechelangelo_bringup/share/mechelangelo_bringup/Models/walls/model.sdf
-- Installing: /home/andy/git/MECHelangelo/install/mechelangelo_bringup/share/mechelangelo_bringup/Models/walls/Mesh
-- Installing: /home/andy/git/MECHelangelo/install/mechelangelo_bringup/share/mechelangelo_bringup/Models/walls/Mesh/dogpoker.webp
-- Installing: /home/andy/git/MECHelangelo/install/mechelangelo_bringup/share/mechelangelo_bringup/Models/walls/Mesh/minecraft_burning_skull_poster.jpg
-- Installing: /home/andy/git/MECHelangelo/install/mechelangelo_bringup/share/mechelangelo_bringup/Models/walls/Mesh/a3bbad.png
-- Installing: /home/andy/git/MECHelangelo/install/mechelangelo_bringup/share/mechelangelo_bringup/Models/walls/Mesh/marble texture 3.jpg
-- Installing: /home/andy/git/MECHelangelo/install/mechelangelo_bringup/share/mechelangelo_bringup/Models/walls/Mesh/walls.dae
-- Installing: /home/andy/git/MECHelangelo/install/mechelangelo_bringup/share/mechelangelo_bringup/Models/walls/Mesh/UglyDutchess.jpeg.001.jpg
-- Installing: /home/andy/git/MECHelangelo/install/mechelangelo_bringup/share/mechelangelo_bringup/Models/walls/Mesh/walls.stl
-- Installing: /home/andy/git/MECHelangelo/install/mechelangelo_bringup/share/mechelangelo_bringup/Models/walls/Mesh/squares.jpg.001.jpg
-- Installing: /home/andy/git/MECHelangelo/install/mechelangelo_bringup/share/mechelangelo_bringup/Models/walls/Mesh/190430171751-mona-lisa.jpg
-- Installing: /home/andy/git/MECHelangelo/install/mechelangelo_bringup/share/mechelangelo_bringup/Models/walls/Mesh/Charging station 2.png
-- Installing: /home/andy/git/MECHelangelo/install/mechelangelo_bringup/share/mechelangelo_bringup/Models/walls/Mesh/Kasamatsu-Shiro-Flowers-Four-Seasons-Banner.jpg
-- Installing: /home/andy/git/MECHelangelo/install/mechelangelo_bringup/share/mechelangelo_bringup/Models/walls/Mesh/clock.jpg
-- Installing: /home/andy/git/MECHelangelo/install/mechelangelo_bringup/share/mechelangelo_bringup/Models/walls/Mesh/marble texture 3.jpg.001.jpg
-- Installing: /home/andy/git/MECHelangelo/install/mechelangelo_bringup/share/mechelangelo_bringup/Models/walls/Mesh/UglyDutchess.jpeg
-- Installing: /home/andy/git/MECHelangelo/install/mechelangelo_bringup/share/mechelangelo_bringup/Models/walls/Mesh/1607px-The_Scream.jpg.001.jpg
-- Installing: /home/andy/git/MECHelangelo/install/mechelangelo_bringup/share/mechelangelo_bringup/Models/walls/Mesh/simpsons.jpg.001.jpg
-- Installing: /home/andy/git/MECHelangelo/install/mechelangelo_bringup/share/mechelangelo_bringup/Models/walls/Mesh/Funky.png
-- Installing: /home/andy/git/MECHelangelo/install/mechelangelo_bringup/share/mechelangelo_bringup/Models/gallery_floor
-- Installing: /home/andy/git/MECHelangelo/install/mechelangelo_bringup/share/mechelangelo_bringup/Models/gallery_floor/model.config
-- Installing: /home/andy/git/MECHelangelo/install/mechelangelo_bringup/share/mechelangelo_bringup/Models/gallery_floor/model.sdf
-- Installing: /home/andy/git/MECHelangelo/install/mechelangelo_bringup/share/mechelangelo_bringup/Models/gallery_floor/Mesh
-- Installing: /home/andy/git/MECHelangelo/install/mechelangelo_bringup/share/mechelangelo_bringup/Models/gallery_floor/Mesh/EmptyGallery.stl
-- Installing: /home/andy/git/MECHelangelo/install/mechelangelo_bringup/share/mechelangelo_bringup/Models/gallery_floor/Mesh/floor.dae
-- Installing: /home/andy/git/MECHelangelo/install/mechelangelo_bringup/share/mechelangelo_bringup/Models/gallery_floor/Mesh/Birch-Wood-Texture-Background-edit-online.png.001.png
-- Installing: /home/andy/git/MECHelangelo/install/mechelangelo_bringup/share/mechelangelo_bringup/Models/turtlebot3_waffle_pi
-- Installing: /home/andy/git/MECHelangelo/install/mechelangelo_bringup/share/mechelangelo_bringup/Models/turtlebot3_waffle_pi/model-1_4_.sdf
-- Installing: /home/andy/git/MECHelangelo/install/mechelangelo_bringup/share/mechelangelo_bringup/Models/turtlebot3_waffle_pi/model.config
-- Installing: /home/andy/git/MECHelangelo/install/mechelangelo_bringup/share/mechelangelo_bringup/Models/turtlebot3_waffle_pi/model.sdf
-- Installing: /home/andy/git/MECHelangelo/install/mechelangelo_bringup/share/mechelangelo_bringup/Models/barrels
-- Installing: /home/andy/git/MECHelangelo/install/mechelangelo_bringup/share/mechelangelo_bringup/Models/barrels/model.config
-- Installing: /home/andy/git/MECHelangelo/install/mechelangelo_bringup/share/mechelangelo_bringup/Models/barrels/model.sdf
-- Installing: /home/andy/git/MECHelangelo/install/mechelangelo_bringup/share/mechelangelo_bringup/Models/barrels/Mesh
-- Installing: /home/andy/git/MECHelangelo/install/mechelangelo_bringup/share/mechelangelo_bringup/Models/barrels/Mesh/Metal Diffuese.jpg.001.jpg
-- Installing: /home/andy/git/MECHelangelo/install/mechelangelo_bringup/share/mechelangelo_bringup/Models/barrels/Mesh/Metal Diffuese.jpg.003.jpg
-- Installing: /home/andy/git/MECHelangelo/install/mechelangelo_bringup/share/mechelangelo_bringup/Models/barrels/Mesh/Wood Diffuse.jpg.002.jpg
-- Installing: /home/andy/git/MECHelangelo/install/mechelangelo_bringup/share/mechelangelo_bringup/Models/barrels/Mesh/Wood Diffuse.jpg.002.jpg.002.jpg
-- Installing: /home/andy/git/MECHelangelo/install/mechelangelo_bringup/share/mechelangelo_bringup/Models/barrels/Mesh/Metal Diffuese.jpg.002.jpg
-- Installing: /home/andy/git/MECHelangelo/install/mechelangelo_bringup/share/mechelangelo_bringup/Models/barrels/Mesh/barrels.dae
-- Installing: /home/andy/git/MECHelangelo/install/mechelangelo_bringup/share/mechelangelo_bringup/Models/barrels/Mesh/Wood Diffuse.jpg.002.jpg.001.jpg
-- Installing: /home/andy/git/MECHelangelo/install/mechelangelo_bringup/share/mechelangelo_bringup/Models/barrels/Mesh/Wood Diffuse.jpg.002.jpg.003.jpg
-- Installing: /home/andy/git/MECHelangelo/install/mechelangelo_bringup/share/mechelangelo_bringup/Models/barrels/Mesh/barrels.stl
-- Installing: /home/andy/git/MECHelangelo/install/mechelangelo_bringup/share/mechelangelo_bringup/Models/barrels/Mesh/Metal Diffuese.jpg.004.jpg
-- Installing: /home/andy/git/MECHelangelo/install/mechelangelo_bringup/share/mechelangelo_bringup/Models/barrels/Mesh/Wood Diffuse.jpg.002.jpg.004.jpg
-- Installing: /home/andy/git/MECHelangelo/install/mechelangelo_bringup/share/mechelangelo_bringup/Models/barrels/Mesh/Metal Diffuese.jpg
-- Installing: /home/andy/git/MECHelangelo/install/mechelangelo_bringup/share/ament_index/resource_index/package_run_dependencies/mechelangelo_bringup
-- Installing: /home/andy/git/MECHelangelo/install/mechelangelo_bringup/share/ament_index/resource_index/parent_prefix_path/mechelangelo_bringup
-- Installing: /home/andy/git/MECHelangelo/install/mechelangelo_bringup/share/mechelangelo_bringup/environment/ament_prefix_path.sh
-- Installing: /home/andy/git/MECHelangelo/install/mechelangelo_bringup/share/mechelangelo_bringup/environment/ament_prefix_path.dsv
-- Installing: /home/andy/git/MECHelangelo/install/mechelangelo_bringup/share/mechelangelo_bringup/environment/path.sh
-- Installing: /home/andy/git/MECHelangelo/install/mechelangelo_bringup/share/mechelangelo_bringup/environment/path.dsv
-- Installing: /home/andy/git/MECHelangelo/install/mechelangelo_bringup/share/mechelangelo_bringup/local_setup.bash
-- Installing: /home/andy/git/MECHelangelo/install/mechelangelo_bringup/share/mechelangelo_bringup/local_setup.sh
-- Installing: /home/andy/git/MECHelangelo/install/mechelangelo_bringup/share/mechelangelo_bringup/local_setup.zsh
-- Installing: /home/andy/git/MECHelangelo/install/mechelangelo_bringup/share/mechelangelo_bringup/local_setup.dsv
-- Installing: /home/andy/git/MECHelangelo/install/mechelangelo_bringup/share/mechelangelo_bringup/package.dsv
-- Installing: /home/andy/git/MECHelangelo/install/mechelangelo_bringup/share/ament_index/resource_index/packages/mechelangelo_bringup
-- Installing: /home/andy/git/MECHelangelo/install/mechelangelo_bringup/share/mechelangelo_bringup/cmake/mechelangelo_bringupConfig.cmake
-- Installing: /home/andy/git/MECHelangelo/install/mechelangelo_bringup/share/mechelangelo_bringup/cmake/mechelangelo_bringupConfig-version.cmake
-- Installing: /home/andy/git/MECHelangelo/install/mechelangelo_bringup/share/mechelangelo_bringup/package.xml
