[0.865s] Invoking command in '/home/andy/git/MECHelangelo/build/mechelangelo_arm_control': PYTHONPATH=/home/andy/git/MECHelangelo/build/mechelangelo_arm_control/prefix_override:/usr/lib/python3/dist-packages/colcon_core/task/python/colcon_distutils_commands:/home/andy/git/MECHelangelo/install/mechelangelo_arm_control/lib/python3.10/site-packages:${PYTHONPATH} /usr/bin/python3 -W ignore:setup.py install is deprecated -W ignore:easy_install command is deprecated setup.py develop --editable --build-directory /home/andy/git/MECHelangelo/build/mechelangelo_arm_control/build --no-deps symlink_data
[1.045s] running develop
[1.135s] running egg_info
[1.135s] creating mechelangelo_arm_control.egg-info
[1.136s] writing mechelangelo_arm_control.egg-info/PKG-INFO
[1.136s] writing dependency_links to mechelangelo_arm_control.egg-info/dependency_links.txt
[1.136s] writing entry points to mechelangelo_arm_control.egg-info/entry_points.txt
[1.137s] writing requirements to mechelangelo_arm_control.egg-info/requires.txt
[1.137s] writing top-level names to mechelangelo_arm_control.egg-info/top_level.txt
[1.137s] writing manifest file 'mechelangelo_arm_control.egg-info/SOURCES.txt'
[1.137s] reading manifest file 'mechelangelo_arm_control.egg-info/SOURCES.txt'
[1.138s] writing manifest file 'mechelangelo_arm_control.egg-info/SOURCES.txt'
[1.139s] running build_ext
[1.139s] Creating /home/andy/git/MECHelangelo/install/mechelangelo_arm_control/lib/python3.10/site-packages/mechelangelo-arm-control.egg-link (link to .)
[1.140s] 
[1.140s] Installed /home/andy/git/MECHelangelo/build/mechelangelo_arm_control
[1.140s] running symlink_data
[1.140s] creating /home/andy/git/MECHelangelo/install/mechelangelo_arm_control/share/ament_index
[1.140s] creating /home/andy/git/MECHelangelo/install/mechelangelo_arm_control/share/ament_index/resource_index
[1.140s] creating /home/andy/git/MECHelangelo/install/mechelangelo_arm_control/share/ament_index/resource_index/packages
[1.140s] symbolically linking /home/andy/git/MECHelangelo/build/mechelangelo_arm_control/resource/mechelangelo_arm_control -> /home/andy/git/MECHelangelo/install/mechelangelo_arm_control/share/ament_index/resource_index/packages
[1.140s] symbolically linking /home/andy/git/MECHelangelo/build/mechelangelo_arm_control/package.xml -> /home/andy/git/MECHelangelo/install/mechelangelo_arm_control/share/mechelangelo_arm_control
[1.182s] Invoked command in '/home/andy/git/MECHelangelo/build/mechelangelo_arm_control' returned '0': PYTHONPATH=/home/andy/git/MECHelangelo/build/mechelangelo_arm_control/prefix_override:/usr/lib/python3/dist-packages/colcon_core/task/python/colcon_distutils_commands:/home/andy/git/MECHelangelo/install/mechelangelo_arm_control/lib/python3.10/site-packages:${PYTHONPATH} /usr/bin/python3 -W ignore:setup.py install is deprecated -W ignore:easy_install command is deprecated setup.py develop --editable --build-directory /home/andy/git/MECHelangelo/build/mechelangelo_arm_control/build --no-deps symlink_data
