[0.221s] Invoking command in '/home/andy/git/MECHelangelo/build/mechelangelo_behaviour': CMAKE_PREFIX_PATH=${CMAKE_PREFIX_PATH}:/home/andy/git/MECHelangelo/install/mechelangelo_teleop:/home/andy/git/MECHelangelo/install/mechelangelo_perception:/home/andy/git/MECHelangelo/install/mechelangelo_arm_control:/opt/ros/humble /usr/bin/cmake /home/andy/git/MECHelangelo/src/mechelangelo_behaviour -DAMENT_CMAKE_SYMLINK_INSTALL=1 -DCMAKE_INSTALL_PREFIX=/home/andy/git/MECHelangelo/install/mechelangelo_behaviour
[0.614s] -- Found ament_cmake: 1.3.14 (/opt/ros/humble/share/ament_cmake/cmake)
[0.614s] -- Override CMake install command with custom implementation using symlinks instead of copying resources
[0.614s] -- Found ament_lint_auto: 0.12.15 (/opt/ros/humble/share/ament_lint_auto/cmake)
[0.614s] -- Added test 'lint_cmake' to check CMake code style
[0.614s] -- Added test 'xmllint' to check XML markup files
[0.614s] -- Configuring done
[0.614s] -- Generating done
[0.614s] -- Build files have been written to: /home/andy/git/MECHelangelo/build/mechelangelo_behaviour
[0.625s] Invoked command in '/home/andy/git/MECHelangelo/build/mechelangelo_behaviour' returned '0': CMAKE_PREFIX_PATH=${CMAKE_PREFIX_PATH}:/home/andy/git/MECHelangelo/install/mechelangelo_teleop:/home/andy/git/MECHelangelo/install/mechelangelo_perception:/home/andy/git/MECHelangelo/install/mechelangelo_arm_control:/opt/ros/humble /usr/bin/cmake /home/andy/git/MECHelangelo/src/mechelangelo_behaviour -DAMENT_CMAKE_SYMLINK_INSTALL=1 -DCMAKE_INSTALL_PREFIX=/home/andy/git/MECHelangelo/install/mechelangelo_behaviour
[0.627s] Invoking command in '/home/andy/git/MECHelangelo/build/mechelangelo_behaviour': CMAKE_PREFIX_PATH=${CMAKE_PREFIX_PATH}:/home/andy/git/MECHelangelo/install/mechelangelo_teleop:/home/andy/git/MECHelangelo/install/mechelangelo_perception:/home/andy/git/MECHelangelo/install/mechelangelo_arm_control:/opt/ros/humble /usr/bin/cmake --build /home/andy/git/MECHelangelo/build/mechelangelo_behaviour -- -j32 -l32
[0.670s] Invoked command in '/home/andy/git/MECHelangelo/build/mechelangelo_behaviour' returned '0': CMAKE_PREFIX_PATH=${CMAKE_PREFIX_PATH}:/home/andy/git/MECHelangelo/install/mechelangelo_teleop:/home/andy/git/MECHelangelo/install/mechelangelo_perception:/home/andy/git/MECHelangelo/install/mechelangelo_arm_control:/opt/ros/humble /usr/bin/cmake --build /home/andy/git/MECHelangelo/build/mechelangelo_behaviour -- -j32 -l32
[0.671s] Invoking command in '/home/andy/git/MECHelangelo/build/mechelangelo_behaviour': CMAKE_PREFIX_PATH=${CMAKE_PREFIX_PATH}:/home/andy/git/MECHelangelo/install/mechelangelo_teleop:/home/andy/git/MECHelangelo/install/mechelangelo_perception:/home/andy/git/MECHelangelo/install/mechelangelo_arm_control:/opt/ros/humble /usr/bin/cmake --install /home/andy/git/MECHelangelo/build/mechelangelo_behaviour
[0.686s] -- Install configuration: ""
[0.687s] -- Execute custom install script
[0.687s] -- Up-to-date symlink: /home/andy/git/MECHelangelo/install/mechelangelo_behaviour/share/ament_index/resource_index/package_run_dependencies/mechelangelo_behaviour
[0.687s] -- Up-to-date symlink: /home/andy/git/MECHelangelo/install/mechelangelo_behaviour/share/ament_index/resource_index/parent_prefix_path/mechelangelo_behaviour
[0.687s] -- Up-to-date symlink: /home/andy/git/MECHelangelo/install/mechelangelo_behaviour/share/mechelangelo_behaviour/environment/ament_prefix_path.sh
[0.687s] -- Up-to-date symlink: /home/andy/git/MECHelangelo/install/mechelangelo_behaviour/share/mechelangelo_behaviour/environment/ament_prefix_path.dsv
[0.687s] -- Up-to-date symlink: /home/andy/git/MECHelangelo/install/mechelangelo_behaviour/share/mechelangelo_behaviour/environment/path.sh
[0.687s] -- Up-to-date symlink: /home/andy/git/MECHelangelo/install/mechelangelo_behaviour/share/mechelangelo_behaviour/environment/path.dsv
[0.687s] -- Up-to-date symlink: /home/andy/git/MECHelangelo/install/mechelangelo_behaviour/share/mechelangelo_behaviour/local_setup.bash
[0.687s] -- Up-to-date symlink: /home/andy/git/MECHelangelo/install/mechelangelo_behaviour/share/mechelangelo_behaviour/local_setup.sh
[0.687s] -- Up-to-date symlink: /home/andy/git/MECHelangelo/install/mechelangelo_behaviour/share/mechelangelo_behaviour/local_setup.zsh
[0.687s] -- Up-to-date symlink: /home/andy/git/MECHelangelo/install/mechelangelo_behaviour/share/mechelangelo_behaviour/local_setup.dsv
[0.687s] -- Symlinking: /home/andy/git/MECHelangelo/install/mechelangelo_behaviour/share/mechelangelo_behaviour/package.dsv
[0.688s] -- Up-to-date symlink: /home/andy/git/MECHelangelo/install/mechelangelo_behaviour/share/ament_index/resource_index/packages/mechelangelo_behaviour
[0.689s] -- Up-to-date symlink: /home/andy/git/MECHelangelo/install/mechelangelo_behaviour/share/mechelangelo_behaviour/cmake/mechelangelo_behaviourConfig.cmake
[0.689s] -- Up-to-date symlink: /home/andy/git/MECHelangelo/install/mechelangelo_behaviour/share/mechelangelo_behaviour/cmake/mechelangelo_behaviourConfig-version.cmake
[0.692s] -- Up-to-date symlink: /home/andy/git/MECHelangelo/install/mechelangelo_behaviour/share/mechelangelo_behaviour/package.xml
[0.760s] Invoked command in '/home/andy/git/MECHelangelo/build/mechelangelo_behaviour' returned '0': CMAKE_PREFIX_PATH=${CMAKE_PREFIX_PATH}:/home/andy/git/MECHelangelo/install/mechelangelo_teleop:/home/andy/git/MECHelangelo/install/mechelangelo_perception:/home/andy/git/MECHelangelo/install/mechelangelo_arm_control:/opt/ros/humble /usr/bin/cmake --install /home/andy/git/MECHelangelo/build/mechelangelo_behaviour
