[0.012s] Invoking command in '/home/andy/git/MECHelangelo/build/mechelangelo_bringup': CMAKE_PREFIX_PATH=/home/andy/git/MECHelangelo/install/mechelangelo_description:/home/andy/git/MECHelangelo/install/turtlebot3_manipulation_gazebo:/home/andy/git/MECHelangelo/install/mechelangelo_navigation2:/home/andy/git/MECHelangelo/install/mechelangelo_gazebo:/home/andy/git/MECHelangelo/install/mechelangelo_bringup:/home/andy/git/MECHelangelo/install/mechelangelo_cartographer:/home/andy/git/MECHelangelo/install/mechelangelo_behaviour:/home/andy/git/MECHelangelo/install/mechelangelo_base_sim:/home/andy/git/MECHelangelo/install/mechelangelo_base_hardware:/home/andy/git/MECHelangelo/install/mechelangelo_teleop:/home/andy/git/MECHelangelo/install/mechelangelo_perception:/home/andy/git/MECHelangelo/install/mechelangelo_arm_control:/opt/ros/humble /usr/bin/cmake --build /home/andy/git/MECHelangelo/build/mechelangelo_bringup -- -j32 -l32
[0.035s] Invoked command in '/home/andy/git/MECHelangelo/build/mechelangelo_bringup' returned '0': CMAKE_PREFIX_PATH=/home/andy/git/MECHelangelo/install/mechelangelo_description:/home/andy/git/MECHelangelo/install/turtlebot3_manipulation_gazebo:/home/andy/git/MECHelangelo/install/mechelangelo_navigation2:/home/andy/git/MECHelangelo/install/mechelangelo_gazebo:/home/andy/git/MECHelangelo/install/mechelangelo_bringup:/home/andy/git/MECHelangelo/install/mechelangelo_cartographer:/home/andy/git/MECHelangelo/install/mechelangelo_behaviour:/home/andy/git/MECHelangelo/install/mechelangelo_base_sim:/home/andy/git/MECHelangelo/install/mechelangelo_base_hardware:/home/andy/git/MECHelangelo/install/mechelangelo_teleop:/home/andy/git/MECHelangelo/install/mechelangelo_perception:/home/andy/git/MECHelangelo/install/mechelangelo_arm_control:/opt/ros/humble /usr/bin/cmake --build /home/andy/git/MECHelangelo/build/mechelangelo_bringup -- -j32 -l32
[0.036s] Invoking command in '/home/andy/git/MECHelangelo/build/mechelangelo_bringup': CMAKE_PREFIX_PATH=/home/andy/git/MECHelangelo/install/mechelangelo_description:/home/andy/git/MECHelangelo/install/turtlebot3_manipulation_gazebo:/home/andy/git/MECHelangelo/install/mechelangelo_navigation2:/home/andy/git/MECHelangelo/install/mechelangelo_gazebo:/home/andy/git/MECHelangelo/install/mechelangelo_bringup:/home/andy/git/MECHelangelo/install/mechelangelo_cartographer:/home/andy/git/MECHelangelo/install/mechelangelo_behaviour:/home/andy/git/MECHelangelo/install/mechelangelo_base_sim:/home/andy/git/MECHelangelo/install/mechelangelo_base_hardware:/home/andy/git/MECHelangelo/install/mechelangelo_teleop:/home/andy/git/MECHelangelo/install/mechelangelo_perception:/home/andy/git/MECHelangelo/install/mechelangelo_arm_control:/opt/ros/humble /usr/bin/cmake --install /home/andy/git/MECHelangelo/build/mechelangelo_bringup
[0.043s] -- Install configuration: ""
[0.043s] -- Up-to-date: /home/andy/git/MECHelangelo/install/mechelangelo_bringup/share/mechelangelo_bringup/launch
[0.043s] -- Up-to-date: /home/andy/git/MECHelangelo/install/mechelangelo_bringup/share/mechelangelo_bringup/launch/Gallery_Test2.launch.py
[0.043s] -- Up-to-date: /home/andy/git/MECHelangelo/install/mechelangelo_bringup/share/mechelangelo_bringup/launch/sim.launch.py
[0.043s] -- Up-to-date: /home/andy/git/MECHelangelo/install/mechelangelo_bringup/share/mechelangelo_bringup/worlds
[0.043s] -- Up-to-date: /home/andy/git/MECHelangelo/install/mechelangelo_bringup/share/mechelangelo_bringup/worlds/Gallery_Test2.world
[0.043s] -- Up-to-date: /home/andy/git/MECHelangelo/install/mechelangelo_bringup/share/mechelangelo_bringup/Models
[0.043s] -- Up-to-date: /home/andy/git/MECHelangelo/install/mechelangelo_bringup/share/mechelangelo_bringup/Models/statues
[0.043s] -- Up-to-date: /home/andy/git/MECHelangelo/install/mechelangelo_bringup/share/mechelangelo_bringup/Models/statues/model.config
[0.043s] -- Up-to-date: /home/andy/git/MECHelangelo/install/mechelangelo_bringup/share/mechelangelo_bringup/Models/statues/model.sdf
[0.043s] -- Up-to-date: /home/andy/git/MECHelangelo/install/mechelangelo_bringup/share/mechelangelo_bringup/Models/statues/Mesh
[0.043s] -- Up-to-date: /home/andy/git/MECHelangelo/install/mechelangelo_bringup/share/mechelangelo_bringup/Models/statues/Mesh/marble texture 3.jpg
[0.043s] -- Up-to-date: /home/andy/git/MECHelangelo/install/mechelangelo_bringup/share/mechelangelo_bringup/Models/statues/Mesh/statues.stl
[0.043s] -- Up-to-date: /home/andy/git/MECHelangelo/install/mechelangelo_bringup/share/mechelangelo_bringup/Models/statues/Mesh/statues.dae
[0.043s] -- Up-to-date: /home/andy/git/MECHelangelo/install/mechelangelo_bringup/share/mechelangelo_bringup/Models/statues/Mesh/marble texture 3.jpg.001.jpg
[0.043s] -- Up-to-date: /home/andy/git/MECHelangelo/install/mechelangelo_bringup/share/mechelangelo_bringup/Models/statues/Mesh/statue_diffuse.jpg
[0.043s] -- Up-to-date: /home/andy/git/MECHelangelo/install/mechelangelo_bringup/share/mechelangelo_bringup/Models/walls
[0.043s] -- Up-to-date: /home/andy/git/MECHelangelo/install/mechelangelo_bringup/share/mechelangelo_bringup/Models/walls/model.config
[0.043s] -- Up-to-date: /home/andy/git/MECHelangelo/install/mechelangelo_bringup/share/mechelangelo_bringup/Models/walls/model.sdf
[0.043s] -- Up-to-date: /home/andy/git/MECHelangelo/install/mechelangelo_bringup/share/mechelangelo_bringup/Models/walls/Mesh
[0.043s] -- Up-to-date: /home/andy/git/MECHelangelo/install/mechelangelo_bringup/share/mechelangelo_bringup/Models/walls/Mesh/dogpoker.webp
[0.043s] -- Up-to-date: /home/andy/git/MECHelangelo/install/mechelangelo_bringup/share/mechelangelo_bringup/Models/walls/Mesh/minecraft_burning_skull_poster.jpg
[0.043s] -- Up-to-date: /home/andy/git/MECHelangelo/install/mechelangelo_bringup/share/mechelangelo_bringup/Models/walls/Mesh/a3bbad.png
[0.043s] -- Up-to-date: /home/andy/git/MECHelangelo/install/mechelangelo_bringup/share/mechelangelo_bringup/Models/walls/Mesh/marble texture 3.jpg
[0.043s] -- Up-to-date: /home/andy/git/MECHelangelo/install/mechelangelo_bringup/share/mechelangelo_bringup/Models/walls/Mesh/walls.dae
[0.043s] -- Up-to-date: /home/andy/git/MECHelangelo/install/mechelangelo_bringup/share/mechelangelo_bringup/Models/walls/Mesh/UglyDutchess.jpeg.001.jpg
[0.043s] -- Up-to-date: /home/andy/git/MECHelangelo/install/mechelangelo_bringup/share/mechelangelo_bringup/Models/walls/Mesh/walls.stl
[0.043s] -- Up-to-date: /home/andy/git/MECHelangelo/install/mechelangelo_bringup/share/mechelangelo_bringup/Models/walls/Mesh/squares.jpg.001.jpg
[0.044s] -- Up-to-date: /home/andy/git/MECHelangelo/install/mechelangelo_bringup/share/mechelangelo_bringup/Models/walls/Mesh/190430171751-mona-lisa.jpg
[0.044s] -- Up-to-date: /home/andy/git/MECHelangelo/install/mechelangelo_bringup/share/mechelangelo_bringup/Models/walls/Mesh/Charging station 2.png
[0.044s] -- Up-to-date: /home/andy/git/MECHelangelo/install/mechelangelo_bringup/share/mechelangelo_bringup/Models/walls/Mesh/Kasamatsu-Shiro-Flowers-Four-Seasons-Banner.jpg
[0.044s] -- Up-to-date: /home/andy/git/MECHelangelo/install/mechelangelo_bringup/share/mechelangelo_bringup/Models/walls/Mesh/clock.jpg
[0.044s] -- Up-to-date: /home/andy/git/MECHelangelo/install/mechelangelo_bringup/share/mechelangelo_bringup/Models/walls/Mesh/marble texture 3.jpg.001.jpg
[0.044s] -- Up-to-date: /home/andy/git/MECHelangelo/install/mechelangelo_bringup/share/mechelangelo_bringup/Models/walls/Mesh/UglyDutchess.jpeg
[0.044s] -- Up-to-date: /home/andy/git/MECHelangelo/install/mechelangelo_bringup/share/mechelangelo_bringup/Models/walls/Mesh/1607px-The_Scream.jpg.001.jpg
[0.044s] -- Up-to-date: /home/andy/git/MECHelangelo/install/mechelangelo_bringup/share/mechelangelo_bringup/Models/walls/Mesh/simpsons.jpg.001.jpg
[0.044s] -- Up-to-date: /home/andy/git/MECHelangelo/install/mechelangelo_bringup/share/mechelangelo_bringup/Models/walls/Mesh/Funky.png
[0.044s] -- Up-to-date: /home/andy/git/MECHelangelo/install/mechelangelo_bringup/share/mechelangelo_bringup/Models/gallery_floor
[0.044s] -- Up-to-date: /home/andy/git/MECHelangelo/install/mechelangelo_bringup/share/mechelangelo_bringup/Models/gallery_floor/model.config
[0.044s] -- Up-to-date: /home/andy/git/MECHelangelo/install/mechelangelo_bringup/share/mechelangelo_bringup/Models/gallery_floor/model.sdf
[0.044s] -- Up-to-date: /home/andy/git/MECHelangelo/install/mechelangelo_bringup/share/mechelangelo_bringup/Models/gallery_floor/Mesh
[0.044s] -- Up-to-date: /home/andy/git/MECHelangelo/install/mechelangelo_bringup/share/mechelangelo_bringup/Models/gallery_floor/Mesh/EmptyGallery.stl
[0.044s] -- Up-to-date: /home/andy/git/MECHelangelo/install/mechelangelo_bringup/share/mechelangelo_bringup/Models/gallery_floor/Mesh/floor.dae
[0.044s] -- Up-to-date: /home/andy/git/MECHelangelo/install/mechelangelo_bringup/share/mechelangelo_bringup/Models/gallery_floor/Mesh/Birch-Wood-Texture-Background-edit-online.png.001.png
[0.044s] -- Up-to-date: /home/andy/git/MECHelangelo/install/mechelangelo_bringup/share/mechelangelo_bringup/Models/turtlebot3_waffle_pi
[0.044s] -- Up-to-date: /home/andy/git/MECHelangelo/install/mechelangelo_bringup/share/mechelangelo_bringup/Models/turtlebot3_waffle_pi/model-1_4_.sdf
[0.044s] -- Up-to-date: /home/andy/git/MECHelangelo/install/mechelangelo_bringup/share/mechelangelo_bringup/Models/turtlebot3_waffle_pi/model.config
[0.044s] -- Up-to-date: /home/andy/git/MECHelangelo/install/mechelangelo_bringup/share/mechelangelo_bringup/Models/turtlebot3_waffle_pi/model.sdf
[0.044s] -- Up-to-date: /home/andy/git/MECHelangelo/install/mechelangelo_bringup/share/mechelangelo_bringup/Models/barrels
[0.044s] -- Up-to-date: /home/andy/git/MECHelangelo/install/mechelangelo_bringup/share/mechelangelo_bringup/Models/barrels/model.config
[0.044s] -- Up-to-date: /home/andy/git/MECHelangelo/install/mechelangelo_bringup/share/mechelangelo_bringup/Models/barrels/model.sdf
[0.044s] -- Up-to-date: /home/andy/git/MECHelangelo/install/mechelangelo_bringup/share/mechelangelo_bringup/Models/barrels/Mesh
[0.044s] -- Up-to-date: /home/andy/git/MECHelangelo/install/mechelangelo_bringup/share/mechelangelo_bringup/Models/barrels/Mesh/Metal Diffuese.jpg.001.jpg
[0.044s] -- Up-to-date: /home/andy/git/MECHelangelo/install/mechelangelo_bringup/share/mechelangelo_bringup/Models/barrels/Mesh/Metal Diffuese.jpg.003.jpg
[0.044s] -- Up-to-date: /home/andy/git/MECHelangelo/install/mechelangelo_bringup/share/mechelangelo_bringup/Models/barrels/Mesh/Wood Diffuse.jpg.002.jpg
[0.044s] -- Up-to-date: /home/andy/git/MECHelangelo/install/mechelangelo_bringup/share/mechelangelo_bringup/Models/barrels/Mesh/Wood Diffuse.jpg.002.jpg.002.jpg
[0.044s] -- Up-to-date: /home/andy/git/MECHelangelo/install/mechelangelo_bringup/share/mechelangelo_bringup/Models/barrels/Mesh/Metal Diffuese.jpg.002.jpg
[0.044s] -- Up-to-date: /home/andy/git/MECHelangelo/install/mechelangelo_bringup/share/mechelangelo_bringup/Models/barrels/Mesh/barrels.dae
[0.044s] -- Up-to-date: /home/andy/git/MECHelangelo/install/mechelangelo_bringup/share/mechelangelo_bringup/Models/barrels/Mesh/Wood Diffuse.jpg.002.jpg.001.jpg
[0.044s] -- Up-to-date: /home/andy/git/MECHelangelo/install/mechelangelo_bringup/share/mechelangelo_bringup/Models/barrels/Mesh/Wood Diffuse.jpg.002.jpg.003.jpg
[0.044s] -- Up-to-date: /home/andy/git/MECHelangelo/install/mechelangelo_bringup/share/mechelangelo_bringup/Models/barrels/Mesh/barrels.stl
[0.044s] -- Up-to-date: /home/andy/git/MECHelangelo/install/mechelangelo_bringup/share/mechelangelo_bringup/Models/barrels/Mesh/Metal Diffuese.jpg.004.jpg
[0.044s] -- Up-to-date: /home/andy/git/MECHelangelo/install/mechelangelo_bringup/share/mechelangelo_bringup/Models/barrels/Mesh/Wood Diffuse.jpg.002.jpg.004.jpg
[0.044s] -- Up-to-date: /home/andy/git/MECHelangelo/install/mechelangelo_bringup/share/mechelangelo_bringup/Models/barrels/Mesh/Metal Diffuese.jpg
[0.044s] -- Up-to-date: /home/andy/git/MECHelangelo/install/mechelangelo_bringup/share/ament_index/resource_index/package_run_dependencies/mechelangelo_bringup
[0.044s] -- Up-to-date: /home/andy/git/MECHelangelo/install/mechelangelo_bringup/share/ament_index/resource_index/parent_prefix_path/mechelangelo_bringup
[0.044s] -- Up-to-date: /home/andy/git/MECHelangelo/install/mechelangelo_bringup/share/mechelangelo_bringup/environment/ament_prefix_path.sh
[0.044s] -- Up-to-date: /home/andy/git/MECHelangelo/install/mechelangelo_bringup/share/mechelangelo_bringup/environment/ament_prefix_path.dsv
[0.044s] -- Up-to-date: /home/andy/git/MECHelangelo/install/mechelangelo_bringup/share/mechelangelo_bringup/environment/path.sh
[0.044s] -- Up-to-date: /home/andy/git/MECHelangelo/install/mechelangelo_bringup/share/mechelangelo_bringup/environment/path.dsv
[0.044s] -- Up-to-date: /home/andy/git/MECHelangelo/install/mechelangelo_bringup/share/mechelangelo_bringup/local_setup.bash
[0.044s] -- Up-to-date: /home/andy/git/MECHelangelo/install/mechelangelo_bringup/share/mechelangelo_bringup/local_setup.sh
[0.045s] -- Up-to-date: /home/andy/git/MECHelangelo/install/mechelangelo_bringup/share/mechelangelo_bringup/local_setup.zsh
[0.045s] -- Up-to-date: /home/andy/git/MECHelangelo/install/mechelangelo_bringup/share/mechelangelo_bringup/local_setup.dsv
[0.045s] -- Installing: /home/andy/git/MECHelangelo/install/mechelangelo_bringup/share/mechelangelo_bringup/package.dsv
[0.045s] -- Up-to-date: /home/andy/git/MECHelangelo/install/mechelangelo_bringup/share/ament_index/resource_index/packages/mechelangelo_bringup
[0.045s] -- Up-to-date: /home/andy/git/MECHelangelo/install/mechelangelo_bringup/share/mechelangelo_bringup/cmake/mechelangelo_bringupConfig.cmake
[0.045s] -- Up-to-date: /home/andy/git/MECHelangelo/install/mechelangelo_bringup/share/mechelangelo_bringup/cmake/mechelangelo_bringupConfig-version.cmake
[0.045s] -- Up-to-date: /home/andy/git/MECHelangelo/install/mechelangelo_bringup/share/mechelangelo_bringup/package.xml
[0.046s] Invoked command in '/home/andy/git/MECHelangelo/build/mechelangelo_bringup' returned '0': CMAKE_PREFIX_PATH=/home/andy/git/MECHelangelo/install/mechelangelo_description:/home/andy/git/MECHelangelo/install/turtlebot3_manipulation_gazebo:/home/andy/git/MECHelangelo/install/mechelangelo_navigation2:/home/andy/git/MECHelangelo/install/mechelangelo_gazebo:/home/andy/git/MECHelangelo/install/mechelangelo_bringup:/home/andy/git/MECHelangelo/install/mechelangelo_cartographer:/home/andy/git/MECHelangelo/install/mechelangelo_behaviour:/home/andy/git/MECHelangelo/install/mechelangelo_base_sim:/home/andy/git/MECHelangelo/install/mechelangelo_base_hardware:/home/andy/git/MECHelangelo/install/mechelangelo_teleop:/home/andy/git/MECHelangelo/install/mechelangelo_perception:/home/andy/git/MECHelangelo/install/mechelangelo_arm_control:/opt/ros/humble /usr/bin/cmake --install /home/andy/git/MECHelangelo/build/mechelangelo_bringup
