[0.032s] Invoking command in '/home/andy/git/MECHelangelo/build/turtlebot3_gazebo': CMAKE_PREFIX_PATH=${CMAKE_PREFIX_PATH}:/home/andy/git/MECHelangelo/install/mechelangelo_teleop:/home/andy/git/MECHelangelo/install/mechelangelo_perception:/home/andy/git/MECHelangelo/install/mechelangelo_arm_control:/opt/ros/humble /usr/bin/cmake /home/andy/git/MECHelangelo/src/turtlebot3_simulations/turtlebot3_gazebo -DCMAKE_INSTALL_PREFIX=/home/andy/git/MECHelangelo/install/turtlebot3_gazebo
[0.270s] -- The C compiler identification is GNU 11.4.0
[0.270s] -- The CXX compiler identification is GNU 11.4.0
[0.270s] -- Detecting C compiler ABI info
[0.270s] -- Detecting C compiler ABI info - done
[0.270s] -- Check for working C compiler: /usr/bin/cc - skipped
[0.270s] -- Detecting C compile features
[0.270s] -- Detecting C compile features - done
[0.270s] -- Detecting CXX compiler ABI info
[0.270s] -- Detecting CXX compiler ABI info - done
[0.270s] -- Check for working CXX compiler: /usr/bin/c++ - skipped
[0.270s] -- Detecting CXX compile features
[0.270s] -- Detecting CXX compile features - done
[0.270s] -- Found ament_cmake: 1.3.14 (/opt/ros/humble/share/ament_cmake/cmake)
[0.316s] -- Found Python3: /usr/bin/python3 (found version "3.10.12") found components: Interpreter 
[0.378s] [33mCMake Warning (dev) at /usr/share/cmake-3.22/Modules/FindPackageHandleStandardArgs.cmake:438 (message):
[0.378s]   The package name passed to `find_package_handle_standard_args` (PkgConfig)
[0.378s]   does not match the name of the calling package (gazebo).  This can lead to
[0.378s]   problems in calling code that expects `find_package` result variables
[0.378s]   (e.g., `_FOUND`) to follow a certain pattern.
[0.378s] Call Stack (most recent call first):
[0.378s]   /usr/share/cmake-3.22/Modules/FindPkgConfig.cmake:99 (find_package_handle_standard_args)
[0.378s]   /usr/lib/x86_64-linux-gnu/cmake/gazebo/gazebo-config.cmake:72 (include)
[0.378s]   CMakeLists.txt:23 (find_package)
[0.378s] This warning is for project developers.  Use -Wno-dev to suppress it.
[0.378s] [0m
[0.378s] -- Found PkgConfig: /usr/bin/pkg-config (found version "0.29.2") 
[0.380s] -- Checking for module 'bullet>=2.82'
[0.387s] --   Found bullet, version 3.05
[0.440s] -- Found fcl: /usr/include (found suitable version "0.7.0", minimum required is "0.5.0") 
[0.469s] -- Found assimp: /usr/include (found version "5.2.0") 
[0.487s] -- Found DART: /usr/include (Required is at least version "6.6") found components: dart 
[0.610s] -- Found Boost: /usr/lib/x86_64-linux-gnu/cmake/Boost-1.74.0/BoostConfig.cmake (found suitable version "1.74.0", minimum required is "1.40.0") found components: thread system filesystem program_options regex iostreams date_time 
[0.628s] -- Found Protobuf: /usr/lib/x86_64-linux-gnu/libprotobuf.so (found version "3.12.4") 
[0.632s] -- Looking for ignition-math6 -- found version 6.15.1
[0.637s] -- Searching for dependencies of ignition-math6
[0.638s] -- Looking for OGRE...
[0.639s] -- OGRE_PREFIX_WATCH changed.
[0.641s] -- Checking for module 'OGRE'
[0.647s] --   Found OGRE, version 1.9.0
[0.662s] -- Found Ogre Ghadamon (1.9.0)
[0.668s] -- Found OGRE: optimized;/usr/lib/x86_64-linux-gnu/libOgreMain.so;debug;/usr/lib/x86_64-linux-gnu/libOgreMain.so
[0.673s] -- Looking for OGRE_Paging...
[0.675s] -- Found OGRE_Paging: optimized;/usr/lib/x86_64-linux-gnu/libOgrePaging.so;debug;/usr/lib/x86_64-linux-gnu/libOgrePaging.so
[0.675s] -- Looking for OGRE_Terrain...
[0.678s] -- Found OGRE_Terrain: optimized;/usr/lib/x86_64-linux-gnu/libOgreTerrain.so;debug;/usr/lib/x86_64-linux-gnu/libOgreTerrain.so
[0.678s] -- Looking for OGRE_Property...
[0.680s] -- Found OGRE_Property: optimized;/usr/lib/x86_64-linux-gnu/libOgreProperty.so;debug;/usr/lib/x86_64-linux-gnu/libOgreProperty.so
[0.680s] -- Looking for OGRE_RTShaderSystem...
[0.683s] -- Found OGRE_RTShaderSystem: optimized;/usr/lib/x86_64-linux-gnu/libOgreRTShaderSystem.so;debug;/usr/lib/x86_64-linux-gnu/libOgreRTShaderSystem.so
[0.683s] -- Looking for OGRE_Volume...
[0.686s] -- Found OGRE_Volume: optimized;/usr/lib/x86_64-linux-gnu/libOgreVolume.so;debug;/usr/lib/x86_64-linux-gnu/libOgreVolume.so
[0.686s] -- Looking for OGRE_Overlay...
[0.688s] -- Found OGRE_Overlay: optimized;/usr/lib/x86_64-linux-gnu/libOgreOverlay.so;debug;/usr/lib/x86_64-linux-gnu/libOgreOverlay.so
[0.745s] -- Looking for ignition-math6 -- found version 6.15.1
[0.746s] -- Looking for ignition-transport8 -- found version 8.2.1
[0.747s] -- Searching for dependencies of ignition-transport8
[0.755s] -- Found Protobuf: /usr/lib/x86_64-linux-gnu/libprotobuf.so (found suitable version "3.12.4", minimum required is "3") 
[0.763s] -- Config-file not installed for ZeroMQ -- checking for pkg-config
[0.767s] -- Checking for module 'libzmq >= 4'
[0.774s] --   Found libzmq , version 4.3.4
[0.796s] -- Found ZeroMQ: TRUE (Required is at least version "4") 
[0.807s] -- Checking for module 'uuid'
[0.813s] --   Found uuid, version 2.37.2
[0.830s] -- Found UUID: TRUE  
[0.832s] -- Looking for ignition-msgs5 -- found version 5.8.1
[0.832s] -- Searching for dependencies of ignition-msgs5
[0.842s] -- Looking for ignition-math6 -- found version 6.15.1
[0.845s] -- Checking for module 'tinyxml2'
[0.851s] --   Found tinyxml2, version 9.0.0
[0.866s] -- Looking for ignition-msgs5 -- found version 5.8.1
[0.867s] -- Looking for ignition-common3 -- found version 3.14.0
[0.868s] -- Searching for dependencies of ignition-common3
[0.868s] -- Looking for dlfcn.h - found
[0.869s] -- Looking for libdl - found
[0.869s] -- Found DL: TRUE  
[0.876s] -- Found tinyobjloader: /usr/lib/x86_64-linux-gnu/cmake/tinyobjloader/tinyobjloader-config.cmake (found version "2.0.0") 
[0.877s] -- Searching for <ignition-common3> component [graphics]
[0.878s] -- Looking for ignition-common3-graphics -- found version 3.14.0
[0.878s] -- Searching for dependencies of ignition-common3-graphics
[0.878s] -- Looking for ignition-math6 -- found version 6.15.1
[0.880s] -- Looking for ignition-fuel_tools4 -- found version 4.4.0
[0.881s] -- Searching for dependencies of ignition-fuel_tools4
[0.926s] -- Found CURL: /usr/lib/x86_64-linux-gnu/libcurl.so (found version "7.81.0")  
[0.931s] -- Checking for module 'jsoncpp'
[0.938s] --   Found jsoncpp, version 1.9.5
[0.952s] -- Found JSONCPP: TRUE  
[0.955s] -- Checking for module 'libzip'
[0.961s] --   Found libzip, version 1.7.3
[0.975s] -- Found ZIP: TRUE  
[0.975s] -- Looking for ignition-common3 -- found version 3.14.0
[0.975s] -- Looking for ignition-math6 -- found version 6.15.1
[0.975s] -- Looking for ignition-msgs5 -- found version 5.8.1
[0.979s] -- Found gazebo_ros_pkgs: 3.9.0 (/opt/ros/humble/share/gazebo_ros_pkgs/cmake)
[0.980s] -- Found geometry_msgs: 4.9.1 (/opt/ros/humble/share/geometry_msgs/cmake)
[0.998s] -- Found rosidl_generator_c: 3.1.8 (/opt/ros/humble/share/rosidl_generator_c/cmake)
[1.001s] -- Found rosidl_adapter: 3.1.8 (/opt/ros/humble/share/rosidl_adapter/cmake)
[1.005s] -- Found rosidl_generator_cpp: 3.1.8 (/opt/ros/humble/share/rosidl_generator_cpp/cmake)
[1.013s] -- Using all available rosidl_typesupport_c: rosidl_typesupport_fastrtps_c;rosidl_typesupport_introspection_c
[1.021s] -- Using all available rosidl_typesupport_cpp: rosidl_typesupport_fastrtps_cpp;rosidl_typesupport_introspection_cpp
[1.041s] -- Found nav_msgs: 4.9.1 (/opt/ros/humble/share/nav_msgs/cmake)
[1.048s] -- Found rclcpp: 16.0.18 (/opt/ros/humble/share/rclcpp/cmake)
[1.065s] -- Found rmw_implementation_cmake: 6.1.2 (/opt/ros/humble/share/rmw_implementation_cmake/cmake)
[1.066s] -- Found rmw_fastrtps_cpp: 6.2.10 (/opt/ros/humble/share/rmw_fastrtps_cpp/cmake)
[1.110s] -- Found OpenSSL: /usr/lib/x86_64-linux-gnu/libcrypto.so (found version "3.0.2")  
[1.124s] -- Found FastRTPS: /opt/ros/humble/include  
[1.147s] -- Using RMW implementation 'rmw_fastrtps_cpp' as default
[1.152s] -- Found Threads: TRUE  
[1.168s] -- Found sensor_msgs: 4.9.1 (/opt/ros/humble/share/sensor_msgs/cmake)
[1.176s] -- Found tf2: 0.25.19 (/opt/ros/humble/share/tf2/cmake)
[1.217s] -- Configuring done
[1.249s] -- Generating done
[1.253s] -- Build files have been written to: /home/andy/git/MECHelangelo/build/turtlebot3_gazebo
