[0.130s] Invoking command in '/home/andy/git/MECHelangelo/build/mechelangelo_behaviour': CMAKE_PREFIX_PATH=${CMAKE_PREFIX_PATH}:/home/andy/git/MECHelangelo/install/mechelangelo_teleop:/home/andy/git/MECHelangelo/install/mechelangelo_perception:/home/andy/git/MECHelangelo/install/mechelangelo_arm_control:/opt/ros/humble /usr/bin/cmake --build /home/andy/git/MECHelangelo/build/mechelangelo_behaviour -- -j32 -l32
[0.356s] Invoked command in '/home/andy/git/MECHelangelo/build/mechelangelo_behaviour' returned '0': CMAKE_PREFIX_PATH=${CMAKE_PREFIX_PATH}:/home/andy/git/MECHelangelo/install/mechelangelo_teleop:/home/andy/git/MECHelangelo/install/mechelangelo_perception:/home/andy/git/MECHelangelo/install/mechelangelo_arm_control:/opt/ros/humble /usr/bin/cmake --build /home/andy/git/MECHelangelo/build/mechelangelo_behaviour -- -j32 -l32
[0.357s] Invoking command in '/home/andy/git/MECHelangelo/build/mechelangelo_behaviour': CMAKE_PREFIX_PATH=${CMAKE_PREFIX_PATH}:/home/andy/git/MECHelangelo/install/mechelangelo_teleop:/home/andy/git/MECHelangelo/install/mechelangelo_perception:/home/andy/git/MECHelangelo/install/mechelangelo_arm_control:/opt/ros/humble /usr/bin/cmake --install /home/andy/git/MECHelangelo/build/mechelangelo_behaviour
[0.364s] -- Install configuration: ""
[0.364s] -- Execute custom install script
[0.364s] -- Up-to-date symlink: /home/andy/git/MECHelangelo/install/mechelangelo_behaviour/share/ament_index/resource_index/package_run_dependencies/mechelangelo_behaviour
[0.364s] -- Up-to-date symlink: /home/andy/git/MECHelangelo/install/mechelangelo_behaviour/share/ament_index/resource_index/parent_prefix_path/mechelangelo_behaviour
[0.364s] -- Up-to-date symlink: /home/andy/git/MECHelangelo/install/mechelangelo_behaviour/share/mechelangelo_behaviour/environment/ament_prefix_path.sh
[0.364s] -- Up-to-date symlink: /home/andy/git/MECHelangelo/install/mechelangelo_behaviour/share/mechelangelo_behaviour/environment/ament_prefix_path.dsv
[0.364s] -- Up-to-date symlink: /home/andy/git/MECHelangelo/install/mechelangelo_behaviour/share/mechelangelo_behaviour/environment/path.sh
[0.365s] -- Up-to-date symlink: /home/andy/git/MECHelangelo/install/mechelangelo_behaviour/share/mechelangelo_behaviour/environment/path.dsv
[0.365s] -- Up-to-date symlink: /home/andy/git/MECHelangelo/install/mechelangelo_behaviour/share/mechelangelo_behaviour/local_setup.bash
[0.365s] -- Up-to-date symlink: /home/andy/git/MECHelangelo/install/mechelangelo_behaviour/share/mechelangelo_behaviour/local_setup.sh
[0.366s] -- Up-to-date symlink: /home/andy/git/MECHelangelo/install/mechelangelo_behaviour/share/mechelangelo_behaviour/local_setup.zsh
[0.366s] -- Up-to-date symlink: /home/andy/git/MECHelangelo/install/mechelangelo_behaviour/share/mechelangelo_behaviour/local_setup.dsv
[0.366s] -- Symlinking: /home/andy/git/MECHelangelo/install/mechelangelo_behaviour/share/mechelangelo_behaviour/package.dsv
[0.368s] -- Up-to-date symlink: /home/andy/git/MECHelangelo/install/mechelangelo_behaviour/share/ament_index/resource_index/packages/mechelangelo_behaviour
[0.369s] -- Up-to-date symlink: /home/andy/git/MECHelangelo/install/mechelangelo_behaviour/share/mechelangelo_behaviour/cmake/mechelangelo_behaviourConfig.cmake
[0.369s] -- Up-to-date symlink: /home/andy/git/MECHelangelo/install/mechelangelo_behaviour/share/mechelangelo_behaviour/cmake/mechelangelo_behaviourConfig-version.cmake
[0.369s] -- Up-to-date symlink: /home/andy/git/MECHelangelo/install/mechelangelo_behaviour/share/mechelangelo_behaviour/package.xml
[0.388s] Invoked command in '/home/andy/git/MECHelangelo/build/mechelangelo_behaviour' returned '0': CMAKE_PREFIX_PATH=${CMAKE_PREFIX_PATH}:/home/andy/git/MECHelangelo/install/mechelangelo_teleop:/home/andy/git/MECHelangelo/install/mechelangelo_perception:/home/andy/git/MECHelangelo/install/mechelangelo_arm_control:/opt/ros/humble /usr/bin/cmake --install /home/andy/git/MECHelangelo/build/mechelangelo_behaviour
