[0.040s] Invoking command in '/home/andy/git/MECHelangelo/build/mechelangelo_bringup': CMAKE_PREFIX_PATH=/home/andy/git/MECHelangelo/install/mechelangelo_description:/home/andy/git/MECHelangelo/install/mechelangelo_navigation:/home/andy/git/MECHelangelo/install/mechelangelo_gazebo:/home/andy/git/MECHelangelo/install/mechelangelo_bringup:/home/andy/git/MECHelangelo/install/mechelangelo_behaviour:/home/andy/git/MECHelangelo/install/mechelangelo_base_sim:/home/andy/git/MECHelangelo/install/mechelangelo_base_hardware:/home/andy/git/MECHelangelo/install/mechelangelo_teleop:/home/andy/git/MECHelangelo/install/mechelangelo_perception:/home/andy/git/MECHelangelo/install/mechelangelo_arm_control:/opt/ros/humble /usr/bin/cmake /home/andy/git/MECHelangelo/src/mechelangelo_bringup -DAMENT_CMAKE_SYMLINK_INSTALL=1 -DCMAKE_INSTALL_PREFIX=/home/andy/git/MECHelangelo/install/mechelangelo_bringup
[0.085s] -- The C compiler identification is GNU 11.4.0
[0.141s] -- The CXX compiler identification is GNU 11.4.0
[0.146s] -- Detecting C compiler ABI info
[0.214s] -- Detecting C compiler ABI info - done
[0.218s] -- Check for working C compiler: /usr/bin/cc - skipped
[0.218s] -- Detecting C compile features
[0.218s] -- Detecting C compile features - done
[0.220s] -- Detecting CXX compiler ABI info
[0.284s] -- Detecting CXX compiler ABI info - done
[0.293s] -- Check for working CXX compiler: /usr/bin/c++ - skipped
[0.293s] -- Detecting CXX compile features
[0.293s] -- Detecting CXX compile features - done
[0.294s] -- Found ament_cmake: 1.3.14 (/opt/ros/humble/share/ament_cmake/cmake)
[0.417s] -- Found Python3: /usr/bin/python3 (found version "3.10.12") found components: Interpreter 
[0.476s] -- Override CMake install command with custom implementation using symlinks instead of copying resources
[0.549s] -- Configuring done
[0.551s] -- Generating done
[0.553s] -- Build files have been written to: /home/andy/git/MECHelangelo/build/mechelangelo_bringup
[0.558s] Invoked command in '/home/andy/git/MECHelangelo/build/mechelangelo_bringup' returned '0': CMAKE_PREFIX_PATH=/home/andy/git/MECHelangelo/install/mechelangelo_description:/home/andy/git/MECHelangelo/install/mechelangelo_navigation:/home/andy/git/MECHelangelo/install/mechelangelo_gazebo:/home/andy/git/MECHelangelo/install/mechelangelo_bringup:/home/andy/git/MECHelangelo/install/mechelangelo_behaviour:/home/andy/git/MECHelangelo/install/mechelangelo_base_sim:/home/andy/git/MECHelangelo/install/mechelangelo_base_hardware:/home/andy/git/MECHelangelo/install/mechelangelo_teleop:/home/andy/git/MECHelangelo/install/mechelangelo_perception:/home/andy/git/MECHelangelo/install/mechelangelo_arm_control:/opt/ros/humble /usr/bin/cmake /home/andy/git/MECHelangelo/src/mechelangelo_bringup -DAMENT_CMAKE_SYMLINK_INSTALL=1 -DCMAKE_INSTALL_PREFIX=/home/andy/git/MECHelangelo/install/mechelangelo_bringup
[0.560s] Invoking command in '/home/andy/git/MECHelangelo/build/mechelangelo_bringup': CMAKE_PREFIX_PATH=/home/andy/git/MECHelangelo/install/mechelangelo_description:/home/andy/git/MECHelangelo/install/mechelangelo_navigation:/home/andy/git/MECHelangelo/install/mechelangelo_gazebo:/home/andy/git/MECHelangelo/install/mechelangelo_bringup:/home/andy/git/MECHelangelo/install/mechelangelo_behaviour:/home/andy/git/MECHelangelo/install/mechelangelo_base_sim:/home/andy/git/MECHelangelo/install/mechelangelo_base_hardware:/home/andy/git/MECHelangelo/install/mechelangelo_teleop:/home/andy/git/MECHelangelo/install/mechelangelo_perception:/home/andy/git/MECHelangelo/install/mechelangelo_arm_control:/opt/ros/humble /usr/bin/cmake --build /home/andy/git/MECHelangelo/build/mechelangelo_bringup -- -j32 -l32
[0.597s] Invoked command in '/home/andy/git/MECHelangelo/build/mechelangelo_bringup' returned '0': CMAKE_PREFIX_PATH=/home/andy/git/MECHelangelo/install/mechelangelo_description:/home/andy/git/MECHelangelo/install/mechelangelo_navigation:/home/andy/git/MECHelangelo/install/mechelangelo_gazebo:/home/andy/git/MECHelangelo/install/mechelangelo_bringup:/home/andy/git/MECHelangelo/install/mechelangelo_behaviour:/home/andy/git/MECHelangelo/install/mechelangelo_base_sim:/home/andy/git/MECHelangelo/install/mechelangelo_base_hardware:/home/andy/git/MECHelangelo/install/mechelangelo_teleop:/home/andy/git/MECHelangelo/install/mechelangelo_perception:/home/andy/git/MECHelangelo/install/mechelangelo_arm_control:/opt/ros/humble /usr/bin/cmake --build /home/andy/git/MECHelangelo/build/mechelangelo_bringup -- -j32 -l32
[0.601s] Invoking command in '/home/andy/git/MECHelangelo/build/mechelangelo_bringup': CMAKE_PREFIX_PATH=/home/andy/git/MECHelangelo/install/mechelangelo_description:/home/andy/git/MECHelangelo/install/mechelangelo_navigation:/home/andy/git/MECHelangelo/install/mechelangelo_gazebo:/home/andy/git/MECHelangelo/install/mechelangelo_bringup:/home/andy/git/MECHelangelo/install/mechelangelo_behaviour:/home/andy/git/MECHelangelo/install/mechelangelo_base_sim:/home/andy/git/MECHelangelo/install/mechelangelo_base_hardware:/home/andy/git/MECHelangelo/install/mechelangelo_teleop:/home/andy/git/MECHelangelo/install/mechelangelo_perception:/home/andy/git/MECHelangelo/install/mechelangelo_arm_control:/opt/ros/humble /usr/bin/cmake --install /home/andy/git/MECHelangelo/build/mechelangelo_bringup
[0.604s] -- Install configuration: ""
[0.606s] -- Execute custom install script
[0.606s] -- Symlinking: /home/andy/git/MECHelangelo/install/mechelangelo_bringup/share/mechelangelo_bringup/launch/Gallery_Test2.launch.py
[0.614s] -- Symlinking: /home/andy/git/MECHelangelo/install/mechelangelo_bringup/share/mechelangelo_bringup/launch/sim.launch.py
[0.621s] -- Symlinking: /home/andy/git/MECHelangelo/install/mechelangelo_bringup/share/mechelangelo_bringup/worlds/Gallery_Test2.world
[0.630s] -- Symlinking: /home/andy/git/MECHelangelo/install/mechelangelo_bringup/share/mechelangelo_bringup/Models/barrels/Mesh/Metal Diffuese.jpg
[0.637s] -- Symlinking: /home/andy/git/MECHelangelo/install/mechelangelo_bringup/share/mechelangelo_bringup/Models/barrels/Mesh/Metal Diffuese.jpg.001.jpg
[0.644s] -- Symlinking: /home/andy/git/MECHelangelo/install/mechelangelo_bringup/share/mechelangelo_bringup/Models/barrels/Mesh/Metal Diffuese.jpg.002.jpg
[0.652s] -- Symlinking: /home/andy/git/MECHelangelo/install/mechelangelo_bringup/share/mechelangelo_bringup/Models/barrels/Mesh/Metal Diffuese.jpg.003.jpg
[0.660s] -- Symlinking: /home/andy/git/MECHelangelo/install/mechelangelo_bringup/share/mechelangelo_bringup/Models/barrels/Mesh/Metal Diffuese.jpg.004.jpg
[0.668s] -- Symlinking: /home/andy/git/MECHelangelo/install/mechelangelo_bringup/share/mechelangelo_bringup/Models/barrels/Mesh/Wood Diffuse.jpg.002.jpg
[0.676s] -- Symlinking: /home/andy/git/MECHelangelo/install/mechelangelo_bringup/share/mechelangelo_bringup/Models/barrels/Mesh/Wood Diffuse.jpg.002.jpg.001.jpg
[0.686s] -- Symlinking: /home/andy/git/MECHelangelo/install/mechelangelo_bringup/share/mechelangelo_bringup/Models/barrels/Mesh/Wood Diffuse.jpg.002.jpg.002.jpg
[0.691s] -- Symlinking: /home/andy/git/MECHelangelo/install/mechelangelo_bringup/share/mechelangelo_bringup/Models/barrels/Mesh/Wood Diffuse.jpg.002.jpg.003.jpg
[0.699s] -- Symlinking: /home/andy/git/MECHelangelo/install/mechelangelo_bringup/share/mechelangelo_bringup/Models/barrels/Mesh/Wood Diffuse.jpg.002.jpg.004.jpg
[0.709s] -- Symlinking: /home/andy/git/MECHelangelo/install/mechelangelo_bringup/share/mechelangelo_bringup/Models/barrels/Mesh/barrels.dae
[0.717s] -- Symlinking: /home/andy/git/MECHelangelo/install/mechelangelo_bringup/share/mechelangelo_bringup/Models/barrels/Mesh/barrels.stl
[0.724s] -- Symlinking: /home/andy/git/MECHelangelo/install/mechelangelo_bringup/share/mechelangelo_bringup/Models/barrels/model.config
[0.732s] -- Symlinking: /home/andy/git/MECHelangelo/install/mechelangelo_bringup/share/mechelangelo_bringup/Models/barrels/model.sdf
[0.738s] -- Symlinking: /home/andy/git/MECHelangelo/install/mechelangelo_bringup/share/mechelangelo_bringup/Models/gallery_floor/Mesh/Birch-Wood-Texture-Background-edit-online.png.001.png
[0.745s] -- Symlinking: /home/andy/git/MECHelangelo/install/mechelangelo_bringup/share/mechelangelo_bringup/Models/gallery_floor/Mesh/EmptyGallery.stl
[0.752s] -- Symlinking: /home/andy/git/MECHelangelo/install/mechelangelo_bringup/share/mechelangelo_bringup/Models/gallery_floor/Mesh/floor.dae
[0.760s] -- Symlinking: /home/andy/git/MECHelangelo/install/mechelangelo_bringup/share/mechelangelo_bringup/Models/gallery_floor/model.config
[0.769s] -- Symlinking: /home/andy/git/MECHelangelo/install/mechelangelo_bringup/share/mechelangelo_bringup/Models/gallery_floor/model.sdf
[0.775s] -- Symlinking: /home/andy/git/MECHelangelo/install/mechelangelo_bringup/share/mechelangelo_bringup/Models/statues/Mesh/marble texture 3.jpg
[0.782s] -- Symlinking: /home/andy/git/MECHelangelo/install/mechelangelo_bringup/share/mechelangelo_bringup/Models/statues/Mesh/marble texture 3.jpg.001.jpg
[0.791s] -- Symlinking: /home/andy/git/MECHelangelo/install/mechelangelo_bringup/share/mechelangelo_bringup/Models/statues/Mesh/statue_diffuse.jpg
[0.799s] -- Symlinking: /home/andy/git/MECHelangelo/install/mechelangelo_bringup/share/mechelangelo_bringup/Models/statues/Mesh/statues.dae
[0.806s] -- Symlinking: /home/andy/git/MECHelangelo/install/mechelangelo_bringup/share/mechelangelo_bringup/Models/statues/Mesh/statues.stl
[0.814s] -- Symlinking: /home/andy/git/MECHelangelo/install/mechelangelo_bringup/share/mechelangelo_bringup/Models/statues/model.config
[0.823s] -- Symlinking: /home/andy/git/MECHelangelo/install/mechelangelo_bringup/share/mechelangelo_bringup/Models/statues/model.sdf
[0.830s] -- Symlinking: /home/andy/git/MECHelangelo/install/mechelangelo_bringup/share/mechelangelo_bringup/Models/turtlebot3_waffle_pi/model-1_4_.sdf
[0.837s] -- Symlinking: /home/andy/git/MECHelangelo/install/mechelangelo_bringup/share/mechelangelo_bringup/Models/turtlebot3_waffle_pi/model.config
[0.846s] -- Symlinking: /home/andy/git/MECHelangelo/install/mechelangelo_bringup/share/mechelangelo_bringup/Models/turtlebot3_waffle_pi/model.sdf
[0.852s] -- Symlinking: /home/andy/git/MECHelangelo/install/mechelangelo_bringup/share/mechelangelo_bringup/Models/walls/Mesh/1607px-The_Scream.jpg.001.jpg
[0.860s] -- Symlinking: /home/andy/git/MECHelangelo/install/mechelangelo_bringup/share/mechelangelo_bringup/Models/walls/Mesh/190430171751-mona-lisa.jpg
[0.866s] -- Symlinking: /home/andy/git/MECHelangelo/install/mechelangelo_bringup/share/mechelangelo_bringup/Models/walls/Mesh/Charging station 2.png
[0.874s] -- Symlinking: /home/andy/git/MECHelangelo/install/mechelangelo_bringup/share/mechelangelo_bringup/Models/walls/Mesh/Funky.png
[0.884s] -- Symlinking: /home/andy/git/MECHelangelo/install/mechelangelo_bringup/share/mechelangelo_bringup/Models/walls/Mesh/Kasamatsu-Shiro-Flowers-Four-Seasons-Banner.jpg
[0.890s] -- Symlinking: /home/andy/git/MECHelangelo/install/mechelangelo_bringup/share/mechelangelo_bringup/Models/walls/Mesh/UglyDutchess.jpeg
[0.896s] -- Symlinking: /home/andy/git/MECHelangelo/install/mechelangelo_bringup/share/mechelangelo_bringup/Models/walls/Mesh/UglyDutchess.jpeg.001.jpg
[0.906s] -- Symlinking: /home/andy/git/MECHelangelo/install/mechelangelo_bringup/share/mechelangelo_bringup/Models/walls/Mesh/a3bbad.png
[0.914s] -- Symlinking: /home/andy/git/MECHelangelo/install/mechelangelo_bringup/share/mechelangelo_bringup/Models/walls/Mesh/clock.jpg
[0.920s] -- Symlinking: /home/andy/git/MECHelangelo/install/mechelangelo_bringup/share/mechelangelo_bringup/Models/walls/Mesh/dogpoker.webp
[0.932s] -- Symlinking: /home/andy/git/MECHelangelo/install/mechelangelo_bringup/share/mechelangelo_bringup/Models/walls/Mesh/marble texture 3.jpg
[0.942s] -- Symlinking: /home/andy/git/MECHelangelo/install/mechelangelo_bringup/share/mechelangelo_bringup/Models/walls/Mesh/marble texture 3.jpg.001.jpg
[0.950s] -- Symlinking: /home/andy/git/MECHelangelo/install/mechelangelo_bringup/share/mechelangelo_bringup/Models/walls/Mesh/minecraft_burning_skull_poster.jpg
[0.956s] -- Symlinking: /home/andy/git/MECHelangelo/install/mechelangelo_bringup/share/mechelangelo_bringup/Models/walls/Mesh/simpsons.jpg.001.jpg
[0.968s] -- Symlinking: /home/andy/git/MECHelangelo/install/mechelangelo_bringup/share/mechelangelo_bringup/Models/walls/Mesh/squares.jpg.001.jpg
[0.972s] -- Symlinking: /home/andy/git/MECHelangelo/install/mechelangelo_bringup/share/mechelangelo_bringup/Models/walls/Mesh/walls.dae
[0.978s] -- Symlinking: /home/andy/git/MECHelangelo/install/mechelangelo_bringup/share/mechelangelo_bringup/Models/walls/Mesh/walls.stl
[0.984s] -- Symlinking: /home/andy/git/MECHelangelo/install/mechelangelo_bringup/share/mechelangelo_bringup/Models/walls/model.config
[0.991s] -- Symlinking: /home/andy/git/MECHelangelo/install/mechelangelo_bringup/share/mechelangelo_bringup/Models/walls/model.sdf
[1.001s] -- Symlinking: /home/andy/git/MECHelangelo/install/mechelangelo_bringup/share/ament_index/resource_index/package_run_dependencies/mechelangelo_bringup
[1.009s] -- Symlinking: /home/andy/git/MECHelangelo/install/mechelangelo_bringup/share/ament_index/resource_index/parent_prefix_path/mechelangelo_bringup
[1.018s] -- Symlinking: /home/andy/git/MECHelangelo/install/mechelangelo_bringup/share/mechelangelo_bringup/environment/ament_prefix_path.sh
[1.022s] -- Symlinking: /home/andy/git/MECHelangelo/install/mechelangelo_bringup/share/mechelangelo_bringup/environment/ament_prefix_path.dsv
[1.027s] -- Symlinking: /home/andy/git/MECHelangelo/install/mechelangelo_bringup/share/mechelangelo_bringup/environment/path.sh
[1.034s] -- Symlinking: /home/andy/git/MECHelangelo/install/mechelangelo_bringup/share/mechelangelo_bringup/environment/path.dsv
[1.041s] -- Symlinking: /home/andy/git/MECHelangelo/install/mechelangelo_bringup/share/mechelangelo_bringup/local_setup.bash
[1.051s] -- Symlinking: /home/andy/git/MECHelangelo/install/mechelangelo_bringup/share/mechelangelo_bringup/local_setup.sh
[1.056s] -- Symlinking: /home/andy/git/MECHelangelo/install/mechelangelo_bringup/share/mechelangelo_bringup/local_setup.zsh
[1.061s] -- Symlinking: /home/andy/git/MECHelangelo/install/mechelangelo_bringup/share/mechelangelo_bringup/local_setup.dsv
[1.071s] -- Symlinking: /home/andy/git/MECHelangelo/install/mechelangelo_bringup/share/mechelangelo_bringup/package.dsv
[1.078s] -- Symlinking: /home/andy/git/MECHelangelo/install/mechelangelo_bringup/share/ament_index/resource_index/packages/mechelangelo_bringup
[1.087s] -- Symlinking: /home/andy/git/MECHelangelo/install/mechelangelo_bringup/share/mechelangelo_bringup/cmake/mechelangelo_bringupConfig.cmake
[1.094s] -- Symlinking: /home/andy/git/MECHelangelo/install/mechelangelo_bringup/share/mechelangelo_bringup/cmake/mechelangelo_bringupConfig-version.cmake
[1.103s] -- Symlinking: /home/andy/git/MECHelangelo/install/mechelangelo_bringup/share/mechelangelo_bringup/package.xml
[1.111s] Invoked command in '/home/andy/git/MECHelangelo/build/mechelangelo_bringup' returned '0': CMAKE_PREFIX_PATH=/home/andy/git/MECHelangelo/install/mechelangelo_description:/home/andy/git/MECHelangelo/install/mechelangelo_navigation:/home/andy/git/MECHelangelo/install/mechelangelo_gazebo:/home/andy/git/MECHelangelo/install/mechelangelo_bringup:/home/andy/git/MECHelangelo/install/mechelangelo_behaviour:/home/andy/git/MECHelangelo/install/mechelangelo_base_sim:/home/andy/git/MECHelangelo/install/mechelangelo_base_hardware:/home/andy/git/MECHelangelo/install/mechelangelo_teleop:/home/andy/git/MECHelangelo/install/mechelangelo_perception:/home/andy/git/MECHelangelo/install/mechelangelo_arm_control:/opt/ros/humble /usr/bin/cmake --install /home/andy/git/MECHelangelo/build/mechelangelo_bringup
