-- Found ament_cmake: 1.3.14 (/opt/ros/humble/share/ament_cmake/cmake)
-- Override CMake install command with custom implementation using symlinks instead of copying resources
-- Found ament_lint_auto: 0.12.15 (/opt/ros/humble/share/ament_lint_auto/cmake)
-- Added test 'lint_cmake' to check CMake code style
-- Added test 'xmllint' to check XML markup files
-- Configuring done
-- Generating done
-- Build files have been written to: /home/andy/git/MECHelangelo/build/mechelangelo_base_hardware
-- Install configuration: ""
-- Execute custom install script
-- Up-to-date symlink: /home/andy/git/MECHelangelo/install/mechelangelo_base_hardware/share/ament_index/resource_index/package_run_dependencies/mechelangelo_base_hardware
-- Up-to-date symlink: /home/andy/git/MECHelangelo/install/mechelangelo_base_hardware/share/ament_index/resource_index/parent_prefix_path/mechelangelo_base_hardware
-- Up-to-date symlink: /home/andy/git/MECHelangelo/install/mechelangelo_base_hardware/share/mechelangelo_base_hardware/environment/ament_prefix_path.sh
-- Up-to-date symlink: /home/andy/git/MECHelangelo/install/mechelangelo_base_hardware/share/mechelangelo_base_hardware/environment/ament_prefix_path.dsv
-- Up-to-date symlink: /home/andy/git/MECHelangelo/install/mechelangelo_base_hardware/share/mechelangelo_base_hardware/environment/path.sh
-- Up-to-date symlink: /home/andy/git/MECHelangelo/install/mechelangelo_base_hardware/share/mechelangelo_base_hardware/environment/path.dsv
-- Up-to-date symlink: /home/andy/git/MECHelangelo/install/mechelangelo_base_hardware/share/mechelangelo_base_hardware/local_setup.bash
-- Up-to-date symlink: /home/andy/git/MECHelangelo/install/mechelangelo_base_hardware/share/mechelangelo_base_hardware/local_setup.sh
-- Up-to-date symlink: /home/andy/git/MECHelangelo/install/mechelangelo_base_hardware/share/mechelangelo_base_hardware/local_setup.zsh
-- Up-to-date symlink: /home/andy/git/MECHelangelo/install/mechelangelo_base_hardware/share/mechelangelo_base_hardware/local_setup.dsv
-- Symlinking: /home/andy/git/MECHelangelo/install/mechelangelo_base_hardware/share/mechelangelo_base_hardware/package.dsv
-- Up-to-date symlink: /home/andy/git/MECHelangelo/install/mechelangelo_base_hardware/share/ament_index/resource_index/packages/mechelangelo_base_hardware
-- Up-to-date symlink: /home/andy/git/MECHelangelo/install/mechelangelo_base_hardware/share/mechelangelo_base_hardware/cmake/mechelangelo_base_hardwareConfig.cmake
-- Up-to-date symlink: /home/andy/git/MECHelangelo/install/mechelangelo_base_hardware/share/mechelangelo_base_hardware/cmake/mechelangelo_base_hardwareConfig-version.cmake
-- Up-to-date symlink: /home/andy/git/MECHelangelo/install/mechelangelo_base_hardware/share/mechelangelo_base_hardware/package.xml
