[0.056s] DEBUG:colcon:Command line arguments: ['/usr/bin/colcon', 'build', '--packages-select', 'mechelangelo_gazebo', '--symlink-install']
[0.056s] DEBUG:colcon:Parsed command line arguments: Namespace(log_base=None, log_level=None, verb_name='build', build_base='build', install_base='install', merge_install=False, symlink_install=True, test_result_base=None, continue_on_error=False, executor='parallel', parallel_workers=32, event_handlers=None, ignore_user_meta=False, metas=['./colcon.meta'], base_paths=['.'], packages_ignore=None, packages_ignore_regex=None, paths=None, packages_up_to=None, packages_up_to_regex=None, packages_above=None, packages_above_and_dependencies=None, packages_above_depth=None, packages_select_by_dep=None, packages_skip_by_dep=None, packages_skip_up_to=None, packages_select_build_failed=False, packages_skip_build_finished=False, packages_select_test_failures=False, packages_skip_test_passed=False, packages_select=['mechelangelo_gazebo'], packages_skip=None, packages_select_regex=None, packages_skip_regex=None, packages_start=None, packages_end=None, allow_overriding=[], cmake_args=None, cmake_target=None, cmake_target_skip_unavailable=False, cmake_clean_cache=False, cmake_clean_first=False, cmake_force_configure=False, ament_cmake_args=None, catkin_cmake_args=None, catkin_skip_building_tests=False, mixin_files=None, mixin=None, verb_parser=<colcon_mixin.mixin.mixin_argument.MixinArgumentDecorator object at 0x745dce357190>, verb_extension=<colcon_core.verb.build.BuildVerb object at 0x745dce3562f0>, main=<bound method BuildVerb.main of <colcon_core.verb.build.BuildVerb object at 0x745dce3562f0>>, mixin_verb=('build',))
[0.128s] Level 1:colcon.colcon_core.package_discovery:discover_packages(colcon_meta) check parameters
[0.128s] Level 1:colcon.colcon_core.package_discovery:discover_packages(recursive) check parameters
[0.128s] Level 1:colcon.colcon_core.package_discovery:discover_packages(ignore) check parameters
[0.128s] Level 1:colcon.colcon_core.package_discovery:discover_packages(path) check parameters
[0.128s] Level 1:colcon.colcon_core.package_discovery:discover_packages(colcon_meta) discover
[0.128s] Level 1:colcon.colcon_core.package_discovery:discover_packages(recursive) discover
[0.128s] INFO:colcon.colcon_core.package_discovery:Crawling recursively for packages in '/home/andy/git/MECHelangelo'
[0.128s] Level 1:colcon.colcon_core.package_identification:_identify(.) by extensions ['ignore', 'ignore_ament_install']
[0.128s] Level 1:colcon.colcon_core.package_identification:_identify(.) by extension 'ignore'
[0.128s] Level 1:colcon.colcon_core.package_identification:_identify(.) by extension 'ignore_ament_install'
[0.129s] Level 1:colcon.colcon_core.package_identification:_identify(.) by extensions ['colcon_pkg']
[0.129s] Level 1:colcon.colcon_core.package_identification:_identify(.) by extension 'colcon_pkg'
[0.129s] Level 1:colcon.colcon_core.package_identification:_identify(.) by extensions ['colcon_meta']
[0.129s] Level 1:colcon.colcon_core.package_identification:_identify(.) by extension 'colcon_meta'
[0.129s] Level 1:colcon.colcon_core.package_identification:_identify(.) by extensions ['ros']
[0.129s] Level 1:colcon.colcon_core.package_identification:_identify(.) by extension 'ros'
[0.133s] Level 1:colcon.colcon_core.package_identification:_identify(.) by extensions ['cmake', 'python']
[0.133s] Level 1:colcon.colcon_core.package_identification:_identify(.) by extension 'cmake'
[0.133s] Level 1:colcon.colcon_core.package_identification:_identify(.) by extension 'python'
[0.133s] Level 1:colcon.colcon_core.package_identification:_identify(.) by extensions ['python_setup_py']
[0.133s] Level 1:colcon.colcon_core.package_identification:_identify(.) by extension 'python_setup_py'
[0.133s] Level 1:colcon.colcon_core.package_identification:_identify(build) by extensions ['ignore', 'ignore_ament_install']
[0.133s] Level 1:colcon.colcon_core.package_identification:_identify(build) by extension 'ignore'
[0.133s] Level 1:colcon.colcon_core.package_identification:_identify(build) ignored
[0.133s] Level 1:colcon.colcon_core.package_identification:_identify(install) by extensions ['ignore', 'ignore_ament_install']
[0.133s] Level 1:colcon.colcon_core.package_identification:_identify(install) by extension 'ignore'
[0.133s] Level 1:colcon.colcon_core.package_identification:_identify(install) ignored
[0.133s] Level 1:colcon.colcon_core.package_identification:_identify(log) by extensions ['ignore', 'ignore_ament_install']
[0.133s] Level 1:colcon.colcon_core.package_identification:_identify(log) by extension 'ignore'
[0.133s] Level 1:colcon.colcon_core.package_identification:_identify(log) ignored
[0.133s] Level 1:colcon.colcon_core.package_identification:_identify(src) by extensions ['ignore', 'ignore_ament_install']
[0.134s] Level 1:colcon.colcon_core.package_identification:_identify(src) by extension 'ignore'
[0.134s] Level 1:colcon.colcon_core.package_identification:_identify(src) by extension 'ignore_ament_install'
[0.134s] Level 1:colcon.colcon_core.package_identification:_identify(src) by extensions ['colcon_pkg']
[0.134s] Level 1:colcon.colcon_core.package_identification:_identify(src) by extension 'colcon_pkg'
[0.134s] Level 1:colcon.colcon_core.package_identification:_identify(src) by extensions ['colcon_meta']
[0.134s] Level 1:colcon.colcon_core.package_identification:_identify(src) by extension 'colcon_meta'
[0.134s] Level 1:colcon.colcon_core.package_identification:_identify(src) by extensions ['ros']
[0.134s] Level 1:colcon.colcon_core.package_identification:_identify(src) by extension 'ros'
[0.134s] Level 1:colcon.colcon_core.package_identification:_identify(src) by extensions ['cmake', 'python']
[0.134s] Level 1:colcon.colcon_core.package_identification:_identify(src) by extension 'cmake'
[0.134s] Level 1:colcon.colcon_core.package_identification:_identify(src) by extension 'python'
[0.134s] Level 1:colcon.colcon_core.package_identification:_identify(src) by extensions ['python_setup_py']
[0.134s] Level 1:colcon.colcon_core.package_identification:_identify(src) by extension 'python_setup_py'
[0.134s] Level 1:colcon.colcon_core.package_identification:_identify(src/mechelangelo_arm_control) by extensions ['ignore', 'ignore_ament_install']
[0.134s] Level 1:colcon.colcon_core.package_identification:_identify(src/mechelangelo_arm_control) by extension 'ignore'
[0.134s] Level 1:colcon.colcon_core.package_identification:_identify(src/mechelangelo_arm_control) by extension 'ignore_ament_install'
[0.134s] Level 1:colcon.colcon_core.package_identification:_identify(src/mechelangelo_arm_control) by extensions ['colcon_pkg']
[0.134s] Level 1:colcon.colcon_core.package_identification:_identify(src/mechelangelo_arm_control) by extension 'colcon_pkg'
[0.134s] Level 1:colcon.colcon_core.package_identification:_identify(src/mechelangelo_arm_control) by extensions ['colcon_meta']
[0.134s] Level 1:colcon.colcon_core.package_identification:_identify(src/mechelangelo_arm_control) by extension 'colcon_meta'
[0.134s] Level 1:colcon.colcon_core.package_identification:_identify(src/mechelangelo_arm_control) by extensions ['ros']
[0.134s] Level 1:colcon.colcon_core.package_identification:_identify(src/mechelangelo_arm_control) by extension 'ros'
[0.135s] DEBUG:colcon.colcon_core.package_identification:Package 'src/mechelangelo_arm_control' with type 'ros.ament_python' and name 'mechelangelo_arm_control'
[0.135s] Level 1:colcon.colcon_core.package_identification:_identify(src/mechelangelo_base_hardware) by extensions ['ignore', 'ignore_ament_install']
[0.135s] Level 1:colcon.colcon_core.package_identification:_identify(src/mechelangelo_base_hardware) by extension 'ignore'
[0.135s] Level 1:colcon.colcon_core.package_identification:_identify(src/mechelangelo_base_hardware) by extension 'ignore_ament_install'
[0.135s] Level 1:colcon.colcon_core.package_identification:_identify(src/mechelangelo_base_hardware) by extensions ['colcon_pkg']
[0.135s] Level 1:colcon.colcon_core.package_identification:_identify(src/mechelangelo_base_hardware) by extension 'colcon_pkg'
[0.135s] Level 1:colcon.colcon_core.package_identification:_identify(src/mechelangelo_base_hardware) by extensions ['colcon_meta']
[0.135s] Level 1:colcon.colcon_core.package_identification:_identify(src/mechelangelo_base_hardware) by extension 'colcon_meta'
[0.135s] Level 1:colcon.colcon_core.package_identification:_identify(src/mechelangelo_base_hardware) by extensions ['ros']
[0.135s] Level 1:colcon.colcon_core.package_identification:_identify(src/mechelangelo_base_hardware) by extension 'ros'
[0.135s] DEBUG:colcon.colcon_core.package_identification:Package 'src/mechelangelo_base_hardware' with type 'ros.ament_cmake' and name 'mechelangelo_base_hardware'
[0.135s] Level 1:colcon.colcon_core.package_identification:_identify(src/mechelangelo_base_sim) by extensions ['ignore', 'ignore_ament_install']
[0.135s] Level 1:colcon.colcon_core.package_identification:_identify(src/mechelangelo_base_sim) by extension 'ignore'
[0.135s] Level 1:colcon.colcon_core.package_identification:_identify(src/mechelangelo_base_sim) by extension 'ignore_ament_install'
[0.135s] Level 1:colcon.colcon_core.package_identification:_identify(src/mechelangelo_base_sim) by extensions ['colcon_pkg']
[0.135s] Level 1:colcon.colcon_core.package_identification:_identify(src/mechelangelo_base_sim) by extension 'colcon_pkg'
[0.135s] Level 1:colcon.colcon_core.package_identification:_identify(src/mechelangelo_base_sim) by extensions ['colcon_meta']
[0.135s] Level 1:colcon.colcon_core.package_identification:_identify(src/mechelangelo_base_sim) by extension 'colcon_meta'
[0.135s] Level 1:colcon.colcon_core.package_identification:_identify(src/mechelangelo_base_sim) by extensions ['ros']
[0.135s] Level 1:colcon.colcon_core.package_identification:_identify(src/mechelangelo_base_sim) by extension 'ros'
[0.136s] DEBUG:colcon.colcon_core.package_identification:Package 'src/mechelangelo_base_sim' with type 'ros.ament_cmake' and name 'mechelangelo_base_sim'
[0.136s] Level 1:colcon.colcon_core.package_identification:_identify(src/mechelangelo_behaviour) by extensions ['ignore', 'ignore_ament_install']
[0.136s] Level 1:colcon.colcon_core.package_identification:_identify(src/mechelangelo_behaviour) by extension 'ignore'
[0.136s] Level 1:colcon.colcon_core.package_identification:_identify(src/mechelangelo_behaviour) by extension 'ignore_ament_install'
[0.136s] Level 1:colcon.colcon_core.package_identification:_identify(src/mechelangelo_behaviour) by extensions ['colcon_pkg']
[0.136s] Level 1:colcon.colcon_core.package_identification:_identify(src/mechelangelo_behaviour) by extension 'colcon_pkg'
[0.136s] Level 1:colcon.colcon_core.package_identification:_identify(src/mechelangelo_behaviour) by extensions ['colcon_meta']
[0.136s] Level 1:colcon.colcon_core.package_identification:_identify(src/mechelangelo_behaviour) by extension 'colcon_meta'
[0.136s] Level 1:colcon.colcon_core.package_identification:_identify(src/mechelangelo_behaviour) by extensions ['ros']
[0.136s] Level 1:colcon.colcon_core.package_identification:_identify(src/mechelangelo_behaviour) by extension 'ros'
[0.136s] DEBUG:colcon.colcon_core.package_identification:Package 'src/mechelangelo_behaviour' with type 'ros.ament_cmake' and name 'mechelangelo_behaviour'
[0.136s] Level 1:colcon.colcon_core.package_identification:_identify(src/mechelangelo_bringup) by extensions ['ignore', 'ignore_ament_install']
[0.136s] Level 1:colcon.colcon_core.package_identification:_identify(src/mechelangelo_bringup) by extension 'ignore'
[0.136s] Level 1:colcon.colcon_core.package_identification:_identify(src/mechelangelo_bringup) by extension 'ignore_ament_install'
[0.136s] Level 1:colcon.colcon_core.package_identification:_identify(src/mechelangelo_bringup) by extensions ['colcon_pkg']
[0.136s] Level 1:colcon.colcon_core.package_identification:_identify(src/mechelangelo_bringup) by extension 'colcon_pkg'
[0.136s] Level 1:colcon.colcon_core.package_identification:_identify(src/mechelangelo_bringup) by extensions ['colcon_meta']
[0.136s] Level 1:colcon.colcon_core.package_identification:_identify(src/mechelangelo_bringup) by extension 'colcon_meta'
[0.136s] Level 1:colcon.colcon_core.package_identification:_identify(src/mechelangelo_bringup) by extensions ['ros']
[0.136s] Level 1:colcon.colcon_core.package_identification:_identify(src/mechelangelo_bringup) by extension 'ros'
[0.136s] DEBUG:colcon.colcon_core.package_identification:Package 'src/mechelangelo_bringup' with type 'ros.ament_cmake' and name 'mechelangelo_bringup'
[0.136s] Level 1:colcon.colcon_core.package_identification:_identify(src/mechelangelo_description) by extensions ['ignore', 'ignore_ament_install']
[0.136s] Level 1:colcon.colcon_core.package_identification:_identify(src/mechelangelo_description) by extension 'ignore'
[0.136s] Level 1:colcon.colcon_core.package_identification:_identify(src/mechelangelo_description) by extension 'ignore_ament_install'
[0.136s] Level 1:colcon.colcon_core.package_identification:_identify(src/mechelangelo_description) by extensions ['colcon_pkg']
[0.137s] Level 1:colcon.colcon_core.package_identification:_identify(src/mechelangelo_description) by extension 'colcon_pkg'
[0.137s] Level 1:colcon.colcon_core.package_identification:_identify(src/mechelangelo_description) by extensions ['colcon_meta']
[0.137s] Level 1:colcon.colcon_core.package_identification:_identify(src/mechelangelo_description) by extension 'colcon_meta'
[0.137s] Level 1:colcon.colcon_core.package_identification:_identify(src/mechelangelo_description) by extensions ['ros']
[0.137s] Level 1:colcon.colcon_core.package_identification:_identify(src/mechelangelo_description) by extension 'ros'
[0.137s] DEBUG:colcon.colcon_core.package_identification:Package 'src/mechelangelo_description' with type 'ros.ament_cmake' and name 'mechelangelo_description'
[0.137s] Level 1:colcon.colcon_core.package_identification:_identify(src/mechelangelo_gazebo) by extensions ['ignore', 'ignore_ament_install']
[0.137s] Level 1:colcon.colcon_core.package_identification:_identify(src/mechelangelo_gazebo) by extension 'ignore'
[0.137s] Level 1:colcon.colcon_core.package_identification:_identify(src/mechelangelo_gazebo) by extension 'ignore_ament_install'
[0.137s] Level 1:colcon.colcon_core.package_identification:_identify(src/mechelangelo_gazebo) by extensions ['colcon_pkg']
[0.137s] Level 1:colcon.colcon_core.package_identification:_identify(src/mechelangelo_gazebo) by extension 'colcon_pkg'
[0.137s] Level 1:colcon.colcon_core.package_identification:_identify(src/mechelangelo_gazebo) by extensions ['colcon_meta']
[0.137s] Level 1:colcon.colcon_core.package_identification:_identify(src/mechelangelo_gazebo) by extension 'colcon_meta'
[0.137s] Level 1:colcon.colcon_core.package_identification:_identify(src/mechelangelo_gazebo) by extensions ['ros']
[0.137s] Level 1:colcon.colcon_core.package_identification:_identify(src/mechelangelo_gazebo) by extension 'ros'
[0.137s] DEBUG:colcon.colcon_core.package_identification:Package 'src/mechelangelo_gazebo' with type 'ros.ament_cmake' and name 'mechelangelo_gazebo'
[0.137s] Level 1:colcon.colcon_core.package_identification:_identify(src/mechelangelo_navigation) by extensions ['ignore', 'ignore_ament_install']
[0.137s] Level 1:colcon.colcon_core.package_identification:_identify(src/mechelangelo_navigation) by extension 'ignore'
[0.137s] Level 1:colcon.colcon_core.package_identification:_identify(src/mechelangelo_navigation) by extension 'ignore_ament_install'
[0.137s] Level 1:colcon.colcon_core.package_identification:_identify(src/mechelangelo_navigation) by extensions ['colcon_pkg']
[0.137s] Level 1:colcon.colcon_core.package_identification:_identify(src/mechelangelo_navigation) by extension 'colcon_pkg'
[0.137s] Level 1:colcon.colcon_core.package_identification:_identify(src/mechelangelo_navigation) by extensions ['colcon_meta']
[0.137s] Level 1:colcon.colcon_core.package_identification:_identify(src/mechelangelo_navigation) by extension 'colcon_meta'
[0.137s] Level 1:colcon.colcon_core.package_identification:_identify(src/mechelangelo_navigation) by extensions ['ros']
[0.137s] Level 1:colcon.colcon_core.package_identification:_identify(src/mechelangelo_navigation) by extension 'ros'
[0.137s] DEBUG:colcon.colcon_core.package_identification:Package 'src/mechelangelo_navigation' with type 'ros.ament_cmake' and name 'mechelangelo_navigation'
[0.137s] Level 1:colcon.colcon_core.package_identification:_identify(src/mechelangelo_perception) by extensions ['ignore', 'ignore_ament_install']
[0.137s] Level 1:colcon.colcon_core.package_identification:_identify(src/mechelangelo_perception) by extension 'ignore'
[0.137s] Level 1:colcon.colcon_core.package_identification:_identify(src/mechelangelo_perception) by extension 'ignore_ament_install'
[0.137s] Level 1:colcon.colcon_core.package_identification:_identify(src/mechelangelo_perception) by extensions ['colcon_pkg']
[0.137s] Level 1:colcon.colcon_core.package_identification:_identify(src/mechelangelo_perception) by extension 'colcon_pkg'
[0.138s] Level 1:colcon.colcon_core.package_identification:_identify(src/mechelangelo_perception) by extensions ['colcon_meta']
[0.138s] Level 1:colcon.colcon_core.package_identification:_identify(src/mechelangelo_perception) by extension 'colcon_meta'
[0.138s] Level 1:colcon.colcon_core.package_identification:_identify(src/mechelangelo_perception) by extensions ['ros']
[0.138s] Level 1:colcon.colcon_core.package_identification:_identify(src/mechelangelo_perception) by extension 'ros'
[0.138s] DEBUG:colcon.colcon_core.package_identification:Package 'src/mechelangelo_perception' with type 'ros.ament_python' and name 'mechelangelo_perception'
[0.138s] Level 1:colcon.colcon_core.package_identification:_identify(src/mechelangelo_teleop) by extensions ['ignore', 'ignore_ament_install']
[0.138s] Level 1:colcon.colcon_core.package_identification:_identify(src/mechelangelo_teleop) by extension 'ignore'
[0.138s] Level 1:colcon.colcon_core.package_identification:_identify(src/mechelangelo_teleop) by extension 'ignore_ament_install'
[0.138s] Level 1:colcon.colcon_core.package_identification:_identify(src/mechelangelo_teleop) by extensions ['colcon_pkg']
[0.138s] Level 1:colcon.colcon_core.package_identification:_identify(src/mechelangelo_teleop) by extension 'colcon_pkg'
[0.138s] Level 1:colcon.colcon_core.package_identification:_identify(src/mechelangelo_teleop) by extensions ['colcon_meta']
[0.138s] Level 1:colcon.colcon_core.package_identification:_identify(src/mechelangelo_teleop) by extension 'colcon_meta'
[0.138s] Level 1:colcon.colcon_core.package_identification:_identify(src/mechelangelo_teleop) by extensions ['ros']
[0.138s] Level 1:colcon.colcon_core.package_identification:_identify(src/mechelangelo_teleop) by extension 'ros'
[0.138s] DEBUG:colcon.colcon_core.package_identification:Package 'src/mechelangelo_teleop' with type 'ros.ament_python' and name 'mechelangelo_teleop'
[0.138s] Level 1:colcon.colcon_core.package_discovery:discover_packages(recursive) using defaults
[0.138s] Level 1:colcon.colcon_core.package_discovery:discover_packages(ignore) discover
[0.138s] Level 1:colcon.colcon_core.package_discovery:discover_packages(ignore) using defaults
[0.138s] Level 1:colcon.colcon_core.package_discovery:discover_packages(path) discover
[0.138s] Level 1:colcon.colcon_core.package_discovery:discover_packages(path) using defaults
[0.152s] INFO:colcon.colcon_core.package_selection:Skipping not selected package 'mechelangelo_arm_control' in 'src/mechelangelo_arm_control'
[0.152s] INFO:colcon.colcon_core.package_selection:Skipping not selected package 'mechelangelo_base_hardware' in 'src/mechelangelo_base_hardware'
[0.152s] INFO:colcon.colcon_core.package_selection:Skipping not selected package 'mechelangelo_base_sim' in 'src/mechelangelo_base_sim'
[0.152s] INFO:colcon.colcon_core.package_selection:Skipping not selected package 'mechelangelo_behaviour' in 'src/mechelangelo_behaviour'
[0.152s] INFO:colcon.colcon_core.package_selection:Skipping not selected package 'mechelangelo_description' in 'src/mechelangelo_description'
[0.152s] INFO:colcon.colcon_core.package_selection:Skipping not selected package 'mechelangelo_navigation' in 'src/mechelangelo_navigation'
[0.152s] INFO:colcon.colcon_core.package_selection:Skipping not selected package 'mechelangelo_perception' in 'src/mechelangelo_perception'
[0.152s] INFO:colcon.colcon_core.package_selection:Skipping not selected package 'mechelangelo_teleop' in 'src/mechelangelo_teleop'
[0.152s] INFO:colcon.colcon_core.package_selection:Skipping not selected package 'mechelangelo_bringup' in 'src/mechelangelo_bringup'
[0.152s] Level 1:colcon.colcon_core.package_discovery:discover_packages(prefix_path) check parameters
[0.152s] Level 1:colcon.colcon_core.package_discovery:discover_packages(prefix_path) discover
[0.153s] DEBUG:colcon.colcon_installed_package_information.package_discovery:Found 10 installed packages in /home/andy/git/MECHelangelo/install
[0.153s] DEBUG:colcon.colcon_installed_package_information.package_discovery:Found 0 installed packages in /home/andy/Walls_are_alive_ws/install
[0.153s] DEBUG:colcon.colcon_installed_package_information.package_discovery:Found 368 installed packages in /opt/ros/humble
[0.154s] Level 1:colcon.colcon_core.package_discovery:discover_packages(prefix_path) using defaults
[0.171s] Level 5:colcon.colcon_core.verb:set package 'mechelangelo_gazebo' build argument 'cmake_args' from command line to 'None'
[0.171s] Level 5:colcon.colcon_core.verb:set package 'mechelangelo_gazebo' build argument 'cmake_target' from command line to 'None'
[0.171s] Level 5:colcon.colcon_core.verb:set package 'mechelangelo_gazebo' build argument 'cmake_target_skip_unavailable' from command line to 'False'
[0.171s] Level 5:colcon.colcon_core.verb:set package 'mechelangelo_gazebo' build argument 'cmake_clean_cache' from command line to 'False'
[0.171s] Level 5:colcon.colcon_core.verb:set package 'mechelangelo_gazebo' build argument 'cmake_clean_first' from command line to 'False'
[0.171s] Level 5:colcon.colcon_core.verb:set package 'mechelangelo_gazebo' build argument 'cmake_force_configure' from command line to 'False'
[0.171s] Level 5:colcon.colcon_core.verb:set package 'mechelangelo_gazebo' build argument 'ament_cmake_args' from command line to 'None'
[0.171s] Level 5:colcon.colcon_core.verb:set package 'mechelangelo_gazebo' build argument 'catkin_cmake_args' from command line to 'None'
[0.171s] Level 5:colcon.colcon_core.verb:set package 'mechelangelo_gazebo' build argument 'catkin_skip_building_tests' from command line to 'False'
[0.171s] DEBUG:colcon.colcon_core.verb:Building package 'mechelangelo_gazebo' with the following arguments: {'ament_cmake_args': None, 'build_base': '/home/andy/git/MECHelangelo/build/mechelangelo_gazebo', 'catkin_cmake_args': None, 'catkin_skip_building_tests': False, 'cmake_args': None, 'cmake_clean_cache': False, 'cmake_clean_first': False, 'cmake_force_configure': False, 'cmake_target': None, 'cmake_target_skip_unavailable': False, 'install_base': '/home/andy/git/MECHelangelo/install/mechelangelo_gazebo', 'merge_install': False, 'path': '/home/andy/git/MECHelangelo/src/mechelangelo_gazebo', 'symlink_install': True, 'test_result_base': None}
[0.171s] INFO:colcon.colcon_core.executor:Executing jobs using 'parallel' executor
[0.172s] DEBUG:colcon.colcon_parallel_executor.executor.parallel:run_until_complete
[0.172s] INFO:colcon.colcon_ros.task.ament_cmake.build:Building ROS package in '/home/andy/git/MECHelangelo/src/mechelangelo_gazebo' with build type 'ament_cmake'
[0.172s] INFO:colcon.colcon_cmake.task.cmake.build:Building CMake package in '/home/andy/git/MECHelangelo/src/mechelangelo_gazebo'
[0.173s] INFO:colcon.colcon_core.plugin_system:Skipping extension 'colcon_core.shell.bat': Not used on non-Windows systems
[0.173s] INFO:colcon.colcon_core.shell:Skip shell extension 'powershell' for command environment: Not usable outside of PowerShell
[0.173s] DEBUG:colcon.colcon_core.shell:Skip shell extension 'dsv' for command environment
[0.179s] DEBUG:colcon.colcon_core.event_handler.log_command:Invoking command in '/home/andy/git/MECHelangelo/build/mechelangelo_gazebo': CMAKE_PREFIX_PATH=${CMAKE_PREFIX_PATH}:/home/andy/git/MECHelangelo/install/mechelangelo_teleop:/home/andy/git/MECHelangelo/install/mechelangelo_perception:/home/andy/git/MECHelangelo/install/mechelangelo_arm_control:/opt/ros/humble /usr/bin/cmake --build /home/andy/git/MECHelangelo/build/mechelangelo_gazebo -- -j32 -l32
[0.202s] DEBUG:colcon.colcon_core.event_handler.log_command:Invoked command in '/home/andy/git/MECHelangelo/build/mechelangelo_gazebo' returned '0': CMAKE_PREFIX_PATH=${CMAKE_PREFIX_PATH}:/home/andy/git/MECHelangelo/install/mechelangelo_teleop:/home/andy/git/MECHelangelo/install/mechelangelo_perception:/home/andy/git/MECHelangelo/install/mechelangelo_arm_control:/opt/ros/humble /usr/bin/cmake --build /home/andy/git/MECHelangelo/build/mechelangelo_gazebo -- -j32 -l32
[0.210s] DEBUG:colcon.colcon_core.event_handler.log_command:Invoking command in '/home/andy/git/MECHelangelo/build/mechelangelo_gazebo': CMAKE_PREFIX_PATH=${CMAKE_PREFIX_PATH}:/home/andy/git/MECHelangelo/install/mechelangelo_teleop:/home/andy/git/MECHelangelo/install/mechelangelo_perception:/home/andy/git/MECHelangelo/install/mechelangelo_arm_control:/opt/ros/humble /usr/bin/cmake --install /home/andy/git/MECHelangelo/build/mechelangelo_gazebo
[0.381s] Level 1:colcon.colcon_core.environment:create_environment_scripts_only(mechelangelo_gazebo)
[0.382s] DEBUG:colcon.colcon_core.event_handler.log_command:Invoked command in '/home/andy/git/MECHelangelo/build/mechelangelo_gazebo' returned '0': CMAKE_PREFIX_PATH=${CMAKE_PREFIX_PATH}:/home/andy/git/MECHelangelo/install/mechelangelo_teleop:/home/andy/git/MECHelangelo/install/mechelangelo_perception:/home/andy/git/MECHelangelo/install/mechelangelo_arm_control:/opt/ros/humble /usr/bin/cmake --install /home/andy/git/MECHelangelo/build/mechelangelo_gazebo
[0.382s] Level 1:colcon.colcon_core.environment:checking '/home/andy/git/MECHelangelo/install/mechelangelo_gazebo' for CMake module files
[0.383s] Level 1:colcon.colcon_core.environment:checking '/home/andy/git/MECHelangelo/install/mechelangelo_gazebo' for CMake config files
[0.383s] Level 1:colcon.colcon_core.shell:create_environment_hook('mechelangelo_gazebo', 'cmake_prefix_path')
[0.383s] INFO:colcon.colcon_core.shell:Creating environment hook '/home/andy/git/MECHelangelo/install/mechelangelo_gazebo/share/mechelangelo_gazebo/hook/cmake_prefix_path.ps1'
[0.383s] INFO:colcon.colcon_core.shell:Creating environment descriptor '/home/andy/git/MECHelangelo/install/mechelangelo_gazebo/share/mechelangelo_gazebo/hook/cmake_prefix_path.dsv'
[0.383s] INFO:colcon.colcon_core.shell:Creating environment hook '/home/andy/git/MECHelangelo/install/mechelangelo_gazebo/share/mechelangelo_gazebo/hook/cmake_prefix_path.sh'
[0.384s] Level 1:colcon.colcon_core.environment:checking '/home/andy/git/MECHelangelo/install/mechelangelo_gazebo/bin'
[0.384s] Level 1:colcon.colcon_core.environment:checking '/home/andy/git/MECHelangelo/install/mechelangelo_gazebo/lib/pkgconfig/mechelangelo_gazebo.pc'
[0.384s] Level 1:colcon.colcon_core.environment:checking '/home/andy/git/MECHelangelo/install/mechelangelo_gazebo/lib/python3.10/site-packages'
[0.384s] Level 1:colcon.colcon_core.environment:checking '/home/andy/git/MECHelangelo/install/mechelangelo_gazebo/bin'
[0.384s] INFO:colcon.colcon_core.shell:Creating package script '/home/andy/git/MECHelangelo/install/mechelangelo_gazebo/share/mechelangelo_gazebo/package.ps1'
[0.384s] INFO:colcon.colcon_core.shell:Creating package descriptor '/home/andy/git/MECHelangelo/install/mechelangelo_gazebo/share/mechelangelo_gazebo/package.dsv'
[0.385s] INFO:colcon.colcon_core.shell:Creating package script '/home/andy/git/MECHelangelo/install/mechelangelo_gazebo/share/mechelangelo_gazebo/package.sh'
[0.385s] INFO:colcon.colcon_core.shell:Creating package script '/home/andy/git/MECHelangelo/install/mechelangelo_gazebo/share/mechelangelo_gazebo/package.bash'
[0.385s] INFO:colcon.colcon_core.shell:Creating package script '/home/andy/git/MECHelangelo/install/mechelangelo_gazebo/share/mechelangelo_gazebo/package.zsh'
[0.386s] Level 1:colcon.colcon_core.environment:create_file_with_runtime_dependencies(/home/andy/git/MECHelangelo/install/mechelangelo_gazebo/share/colcon-core/packages/mechelangelo_gazebo)
[0.386s] Level 1:colcon.colcon_core.environment:create_environment_scripts_only(mechelangelo_gazebo)
[0.386s] Level 1:colcon.colcon_core.environment:checking '/home/andy/git/MECHelangelo/install/mechelangelo_gazebo' for CMake module files
[0.386s] Level 1:colcon.colcon_core.environment:checking '/home/andy/git/MECHelangelo/install/mechelangelo_gazebo' for CMake config files
[0.386s] Level 1:colcon.colcon_core.shell:create_environment_hook('mechelangelo_gazebo', 'cmake_prefix_path')
[0.386s] INFO:colcon.colcon_core.shell:Creating environment hook '/home/andy/git/MECHelangelo/install/mechelangelo_gazebo/share/mechelangelo_gazebo/hook/cmake_prefix_path.ps1'
[0.386s] INFO:colcon.colcon_core.shell:Creating environment descriptor '/home/andy/git/MECHelangelo/install/mechelangelo_gazebo/share/mechelangelo_gazebo/hook/cmake_prefix_path.dsv'
[0.386s] INFO:colcon.colcon_core.shell:Creating environment hook '/home/andy/git/MECHelangelo/install/mechelangelo_gazebo/share/mechelangelo_gazebo/hook/cmake_prefix_path.sh'
[0.387s] Level 1:colcon.colcon_core.environment:checking '/home/andy/git/MECHelangelo/install/mechelangelo_gazebo/bin'
[0.387s] Level 1:colcon.colcon_core.environment:checking '/home/andy/git/MECHelangelo/install/mechelangelo_gazebo/lib/pkgconfig/mechelangelo_gazebo.pc'
[0.387s] Level 1:colcon.colcon_core.environment:checking '/home/andy/git/MECHelangelo/install/mechelangelo_gazebo/lib/python3.10/site-packages'
[0.387s] Level 1:colcon.colcon_core.environment:checking '/home/andy/git/MECHelangelo/install/mechelangelo_gazebo/bin'
[0.387s] INFO:colcon.colcon_core.shell:Creating package script '/home/andy/git/MECHelangelo/install/mechelangelo_gazebo/share/mechelangelo_gazebo/package.ps1'
[0.387s] INFO:colcon.colcon_core.shell:Creating package descriptor '/home/andy/git/MECHelangelo/install/mechelangelo_gazebo/share/mechelangelo_gazebo/package.dsv'
[0.387s] INFO:colcon.colcon_core.shell:Creating package script '/home/andy/git/MECHelangelo/install/mechelangelo_gazebo/share/mechelangelo_gazebo/package.sh'
[0.387s] INFO:colcon.colcon_core.shell:Creating package script '/home/andy/git/MECHelangelo/install/mechelangelo_gazebo/share/mechelangelo_gazebo/package.bash'
[0.388s] INFO:colcon.colcon_core.shell:Creating package script '/home/andy/git/MECHelangelo/install/mechelangelo_gazebo/share/mechelangelo_gazebo/package.zsh'
[0.388s] Level 1:colcon.colcon_core.environment:create_file_with_runtime_dependencies(/home/andy/git/MECHelangelo/install/mechelangelo_gazebo/share/colcon-core/packages/mechelangelo_gazebo)
[0.388s] DEBUG:colcon.colcon_parallel_executor.executor.parallel:closing loop
[0.388s] DEBUG:colcon.colcon_parallel_executor.executor.parallel:loop closed
[0.388s] DEBUG:colcon.colcon_parallel_executor.executor.parallel:run_until_complete finished with '0'
[0.388s] DEBUG:colcon.colcon_core.event_reactor:joining thread
[0.390s] INFO:colcon.colcon_core.plugin_system:Skipping extension 'colcon_notification.desktop_notification.terminal_notifier': Not used on non-Darwin systems
[0.390s] INFO:colcon.colcon_core.plugin_system:Skipping extension 'colcon_notification.desktop_notification.win32': Not used on non-Windows systems
[0.390s] INFO:colcon.colcon_notification.desktop_notification:Sending desktop notification using 'notify2'
[0.396s] DEBUG:colcon.colcon_core.event_reactor:joined thread
[0.396s] INFO:colcon.colcon_core.shell:Creating prefix script '/home/andy/git/MECHelangelo/install/local_setup.ps1'
[0.396s] INFO:colcon.colcon_core.shell:Creating prefix util module '/home/andy/git/MECHelangelo/install/_local_setup_util_ps1.py'
[0.397s] INFO:colcon.colcon_core.shell:Creating prefix chain script '/home/andy/git/MECHelangelo/install/setup.ps1'
[0.397s] INFO:colcon.colcon_core.shell:Creating prefix script '/home/andy/git/MECHelangelo/install/local_setup.sh'
[0.397s] INFO:colcon.colcon_core.shell:Creating prefix util module '/home/andy/git/MECHelangelo/install/_local_setup_util_sh.py'
[0.398s] INFO:colcon.colcon_core.shell:Creating prefix chain script '/home/andy/git/MECHelangelo/install/setup.sh'
[0.398s] INFO:colcon.colcon_core.shell:Creating prefix script '/home/andy/git/MECHelangelo/install/local_setup.bash'
[0.398s] INFO:colcon.colcon_core.shell:Creating prefix chain script '/home/andy/git/MECHelangelo/install/setup.bash'
[0.399s] INFO:colcon.colcon_core.shell:Creating prefix script '/home/andy/git/MECHelangelo/install/local_setup.zsh'
[0.400s] INFO:colcon.colcon_core.shell:Creating prefix chain script '/home/andy/git/MECHelangelo/install/setup.zsh'
