[0.117s] Invoking command in '/home/andy/git/MECHelangelo/build/mechelangelo_navigation2': CMAKE_PREFIX_PATH=${CMAKE_PREFIX_PATH}:/home/andy/git/MECHelangelo/install/mechelangelo_teleop:/home/andy/git/MECHelangelo/install/mechelangelo_perception:/home/andy/git/MECHelangelo/install/mechelangelo_arm_control:/opt/ros/humble /usr/bin/cmake /home/andy/git/MECHelangelo/src/mechelangelo_navigation2 -DCMAKE_INSTALL_PREFIX=/home/andy/git/MECHelangelo/install/mechelangelo_navigation2
[0.342s] -- The C compiler identification is GNU 11.4.0
[0.342s] -- The CXX compiler identification is GNU 11.4.0
[0.342s] -- Detecting C compiler ABI info
[0.342s] -- Detecting C compiler ABI info - done
[0.342s] -- Check for working C compiler: /usr/bin/cc - skipped
[0.342s] -- Detecting C compile features
[0.342s] -- Detecting C compile features - done
[0.342s] -- Detecting CXX compiler ABI info
[0.342s] -- Detecting CXX compiler ABI info - done
[0.343s] -- Check for working CXX compiler: /usr/bin/c++ - skipped
[0.343s] -- Detecting CXX compile features
[0.343s] -- Detecting CXX compile features - done
[0.343s] -- Found ament_cmake: 1.3.14 (/opt/ros/humble/share/ament_cmake/cmake)
[0.361s] -- Found Python3: /usr/bin/python3 (found version "3.10.12") found components: Interpreter 
[0.440s] -- Configuring done
[0.441s] -- Generating done
[0.442s] -- Build files have been written to: /home/andy/git/MECHelangelo/build/mechelangelo_navigation2
[0.445s] Invoked command in '/home/andy/git/MECHelangelo/build/mechelangelo_navigation2' returned '0': CMAKE_PREFIX_PATH=${CMAKE_PREFIX_PATH}:/home/andy/git/MECHelangelo/install/mechelangelo_teleop:/home/andy/git/MECHelangelo/install/mechelangelo_perception:/home/andy/git/MECHelangelo/install/mechelangelo_arm_control:/opt/ros/humble /usr/bin/cmake /home/andy/git/MECHelangelo/src/mechelangelo_navigation2 -DCMAKE_INSTALL_PREFIX=/home/andy/git/MECHelangelo/install/mechelangelo_navigation2
[0.446s] Invoking command in '/home/andy/git/MECHelangelo/build/mechelangelo_navigation2': CMAKE_PREFIX_PATH=${CMAKE_PREFIX_PATH}:/home/andy/git/MECHelangelo/install/mechelangelo_teleop:/home/andy/git/MECHelangelo/install/mechelangelo_perception:/home/andy/git/MECHelangelo/install/mechelangelo_arm_control:/opt/ros/humble /usr/bin/cmake --build /home/andy/git/MECHelangelo/build/mechelangelo_navigation2 -- -j32 -l32
[0.467s] Invoked command in '/home/andy/git/MECHelangelo/build/mechelangelo_navigation2' returned '0': CMAKE_PREFIX_PATH=${CMAKE_PREFIX_PATH}:/home/andy/git/MECHelangelo/install/mechelangelo_teleop:/home/andy/git/MECHelangelo/install/mechelangelo_perception:/home/andy/git/MECHelangelo/install/mechelangelo_arm_control:/opt/ros/humble /usr/bin/cmake --build /home/andy/git/MECHelangelo/build/mechelangelo_navigation2 -- -j32 -l32
[0.468s] Invoking command in '/home/andy/git/MECHelangelo/build/mechelangelo_navigation2': CMAKE_PREFIX_PATH=${CMAKE_PREFIX_PATH}:/home/andy/git/MECHelangelo/install/mechelangelo_teleop:/home/andy/git/MECHelangelo/install/mechelangelo_perception:/home/andy/git/MECHelangelo/install/mechelangelo_arm_control:/opt/ros/humble /usr/bin/cmake --install /home/andy/git/MECHelangelo/build/mechelangelo_navigation2
[0.472s] -- Install configuration: ""
[0.472s] -- Installing: /home/andy/git/MECHelangelo/install/mechelangelo_navigation2/share/mechelangelo_navigation2/launch
[0.472s] -- Installing: /home/andy/git/MECHelangelo/install/mechelangelo_navigation2/share/mechelangelo_navigation2/launch/navigation2.launch.py
[0.472s] -- Installing: /home/andy/git/MECHelangelo/install/mechelangelo_navigation2/share/mechelangelo_navigation2/map
[0.472s] -- Installing: /home/andy/git/MECHelangelo/install/mechelangelo_navigation2/share/mechelangelo_navigation2/map/map.pgm
[0.472s] -- Installing: /home/andy/git/MECHelangelo/install/mechelangelo_navigation2/share/mechelangelo_navigation2/map/map.yaml
[0.472s] -- Installing: /home/andy/git/MECHelangelo/install/mechelangelo_navigation2/share/mechelangelo_navigation2/param
[0.472s] -- Installing: /home/andy/git/MECHelangelo/install/mechelangelo_navigation2/share/mechelangelo_navigation2/param/humble
[0.472s] -- Installing: /home/andy/git/MECHelangelo/install/mechelangelo_navigation2/share/mechelangelo_navigation2/param/humble/mechelangelo.yaml
[0.472s] -- Installing: /home/andy/git/MECHelangelo/install/mechelangelo_navigation2/share/mechelangelo_navigation2/param/mechelangelo.yaml
[0.472s] -- Installing: /home/andy/git/MECHelangelo/install/mechelangelo_navigation2/share/mechelangelo_navigation2/rviz
[0.472s] -- Installing: /home/andy/git/MECHelangelo/install/mechelangelo_navigation2/share/mechelangelo_navigation2/rviz/mechelangelo_navigation2.rviz
[0.472s] -- Installing: /home/andy/git/MECHelangelo/install/mechelangelo_navigation2/share/ament_index/resource_index/package_run_dependencies/mechelangelo_navigation2
[0.472s] -- Installing: /home/andy/git/MECHelangelo/install/mechelangelo_navigation2/share/ament_index/resource_index/parent_prefix_path/mechelangelo_navigation2
[0.472s] -- Installing: /home/andy/git/MECHelangelo/install/mechelangelo_navigation2/share/mechelangelo_navigation2/environment/ament_prefix_path.sh
[0.472s] -- Installing: /home/andy/git/MECHelangelo/install/mechelangelo_navigation2/share/mechelangelo_navigation2/environment/ament_prefix_path.dsv
[0.472s] -- Installing: /home/andy/git/MECHelangelo/install/mechelangelo_navigation2/share/mechelangelo_navigation2/environment/path.sh
[0.472s] -- Installing: /home/andy/git/MECHelangelo/install/mechelangelo_navigation2/share/mechelangelo_navigation2/environment/path.dsv
[0.472s] -- Installing: /home/andy/git/MECHelangelo/install/mechelangelo_navigation2/share/mechelangelo_navigation2/local_setup.bash
[0.472s] -- Installing: /home/andy/git/MECHelangelo/install/mechelangelo_navigation2/share/mechelangelo_navigation2/local_setup.sh
[0.472s] -- Installing: /home/andy/git/MECHelangelo/install/mechelangelo_navigation2/share/mechelangelo_navigation2/local_setup.zsh
[0.472s] -- Installing: /home/andy/git/MECHelangelo/install/mechelangelo_navigation2/share/mechelangelo_navigation2/local_setup.dsv
[0.472s] -- Installing: /home/andy/git/MECHelangelo/install/mechelangelo_navigation2/share/mechelangelo_navigation2/package.dsv
[0.473s] -- Installing: /home/andy/git/MECHelangelo/install/mechelangelo_navigation2/share/ament_index/resource_index/packages/mechelangelo_navigation2
[0.473s] -- Installing: /home/andy/git/MECHelangelo/install/mechelangelo_navigation2/share/mechelangelo_navigation2/cmake/mechelangelo_navigation2Config.cmake
[0.473s] -- Installing: /home/andy/git/MECHelangelo/install/mechelangelo_navigation2/share/mechelangelo_navigation2/cmake/mechelangelo_navigation2Config-version.cmake
[0.473s] -- Installing: /home/andy/git/MECHelangelo/install/mechelangelo_navigation2/share/mechelangelo_navigation2/package.xml
[0.474s] Invoked command in '/home/andy/git/MECHelangelo/build/mechelangelo_navigation2' returned '0': CMAKE_PREFIX_PATH=${CMAKE_PREFIX_PATH}:/home/andy/git/MECHelangelo/install/mechelangelo_teleop:/home/andy/git/MECHelangelo/install/mechelangelo_perception:/home/andy/git/MECHelangelo/install/mechelangelo_arm_control:/opt/ros/humble /usr/bin/cmake --install /home/andy/git/MECHelangelo/build/mechelangelo_navigation2
