[0.020s] Invoking command in '/home/andy/git/MECHelangelo/build/mechelangelo_description': CMAKE_PREFIX_PATH=${CMAKE_PREFIX_PATH}:/home/andy/git/MECHelangelo/install/mechelangelo_teleop:/home/andy/git/MECHelangelo/install/mechelangelo_perception:/home/andy/git/MECHelangelo/install/mechelangelo_arm_control:/opt/ros/humble /usr/bin/cmake /home/andy/git/MECHelangelo/src/mechelangelo_description -DAMENT_CMAKE_SYMLINK_INSTALL=1 -DCMAKE_INSTALL_PREFIX=/home/andy/git/MECHelangelo/install/mechelangelo_description
[0.356s] -- The C compiler identification is GNU 11.4.0
[0.356s] -- The CXX compiler identification is GNU 11.4.0
[0.357s] -- Detecting C compiler ABI info
[0.357s] -- Detecting C compiler ABI info - done
[0.357s] -- Check for working C compiler: /usr/bin/cc - skipped
[0.357s] -- Detecting C compile features
[0.357s] -- Detecting C compile features - done
[0.357s] -- Detecting CXX compiler ABI info
[0.357s] -- Detecting CXX compiler ABI info - done
[0.357s] -- Check for working CXX compiler: /usr/bin/c++ - skipped
[0.357s] -- Detecting CXX compile features
[0.357s] -- Detecting CXX compile features - done
[0.357s] -- Found ament_cmake: 1.3.14 (/opt/ros/humble/share/ament_cmake/cmake)
[0.357s] -- Found Python3: /usr/bin/python3 (found version "3.10.12") found components: Interpreter 
[0.357s] -- Override CMake install command with custom implementation using symlinks instead of copying resources
[0.357s] -- Configuring done
[0.357s] -- Generating done
[0.357s] -- Build files have been written to: /home/andy/git/MECHelangelo/build/mechelangelo_description
[0.359s] Invoked command in '/home/andy/git/MECHelangelo/build/mechelangelo_description' returned '0': CMAKE_PREFIX_PATH=${CMAKE_PREFIX_PATH}:/home/andy/git/MECHelangelo/install/mechelangelo_teleop:/home/andy/git/MECHelangelo/install/mechelangelo_perception:/home/andy/git/MECHelangelo/install/mechelangelo_arm_control:/opt/ros/humble /usr/bin/cmake /home/andy/git/MECHelangelo/src/mechelangelo_description -DAMENT_CMAKE_SYMLINK_INSTALL=1 -DCMAKE_INSTALL_PREFIX=/home/andy/git/MECHelangelo/install/mechelangelo_description
[0.360s] Invoking command in '/home/andy/git/MECHelangelo/build/mechelangelo_description': CMAKE_PREFIX_PATH=${CMAKE_PREFIX_PATH}:/home/andy/git/MECHelangelo/install/mechelangelo_teleop:/home/andy/git/MECHelangelo/install/mechelangelo_perception:/home/andy/git/MECHelangelo/install/mechelangelo_arm_control:/opt/ros/humble /usr/bin/cmake --build /home/andy/git/MECHelangelo/build/mechelangelo_description -- -j32 -l32
[0.379s] Invoked command in '/home/andy/git/MECHelangelo/build/mechelangelo_description' returned '0': CMAKE_PREFIX_PATH=${CMAKE_PREFIX_PATH}:/home/andy/git/MECHelangelo/install/mechelangelo_teleop:/home/andy/git/MECHelangelo/install/mechelangelo_perception:/home/andy/git/MECHelangelo/install/mechelangelo_arm_control:/opt/ros/humble /usr/bin/cmake --build /home/andy/git/MECHelangelo/build/mechelangelo_description -- -j32 -l32
[0.384s] Invoking command in '/home/andy/git/MECHelangelo/build/mechelangelo_description': CMAKE_PREFIX_PATH=${CMAKE_PREFIX_PATH}:/home/andy/git/MECHelangelo/install/mechelangelo_teleop:/home/andy/git/MECHelangelo/install/mechelangelo_perception:/home/andy/git/MECHelangelo/install/mechelangelo_arm_control:/opt/ros/humble /usr/bin/cmake --install /home/andy/git/MECHelangelo/build/mechelangelo_description
[0.387s] -- Install configuration: ""
[0.387s] -- Execute custom install script
[0.387s] -- Symlinking: /home/andy/git/MECHelangelo/install/mechelangelo_description/share/mechelangelo_description/urdf/mechelangelo_base.urdf
[0.392s] -- Symlinking: /home/andy/git/MECHelangelo/install/mechelangelo_description/share/mechelangelo_description/meshes/base/HardwareBox_-_Finishes_-_Gunmetal_Grey_480x480.jpg
[0.396s] -- Symlinking: /home/andy/git/MECHelangelo/install/mechelangelo_description/share/mechelangelo_description/meshes/base/base.dae
[0.405s] -- Symlinking: /home/andy/git/MECHelangelo/install/mechelangelo_description/share/mechelangelo_description/meshes/sensors/astra.dae
[0.408s] -- Symlinking: /home/andy/git/MECHelangelo/install/mechelangelo_description/share/mechelangelo_description/meshes/sensors/astra.jpg
[0.413s] -- Symlinking: /home/andy/git/MECHelangelo/install/mechelangelo_description/share/mechelangelo_description/meshes/sensors/lds.stl
[0.416s] -- Symlinking: /home/andy/git/MECHelangelo/install/mechelangelo_description/share/mechelangelo_description/meshes/sensors/r200.dae
[0.420s] -- Symlinking: /home/andy/git/MECHelangelo/install/mechelangelo_description/share/mechelangelo_description/meshes/sensors/r200.jpg
[0.424s] -- Symlinking: /home/andy/git/MECHelangelo/install/mechelangelo_description/share/mechelangelo_description/meshes/wheels/TIREWHEEL.jpg
[0.428s] -- Symlinking: /home/andy/git/MECHelangelo/install/mechelangelo_description/share/mechelangelo_description/meshes/wheels/wheel.dae
[0.437s] -- Symlinking: /home/andy/git/MECHelangelo/install/mechelangelo_description/share/ament_index/resource_index/package_run_dependencies/mechelangelo_description
[0.441s] -- Symlinking: /home/andy/git/MECHelangelo/install/mechelangelo_description/share/ament_index/resource_index/parent_prefix_path/mechelangelo_description
[0.445s] -- Symlinking: /home/andy/git/MECHelangelo/install/mechelangelo_description/share/mechelangelo_description/environment/ament_prefix_path.sh
[0.448s] -- Symlinking: /home/andy/git/MECHelangelo/install/mechelangelo_description/share/mechelangelo_description/environment/ament_prefix_path.dsv
[0.452s] -- Symlinking: /home/andy/git/MECHelangelo/install/mechelangelo_description/share/mechelangelo_description/environment/path.sh
[0.456s] -- Symlinking: /home/andy/git/MECHelangelo/install/mechelangelo_description/share/mechelangelo_description/environment/path.dsv
[0.459s] -- Symlinking: /home/andy/git/MECHelangelo/install/mechelangelo_description/share/mechelangelo_description/local_setup.bash
[0.462s] -- Symlinking: /home/andy/git/MECHelangelo/install/mechelangelo_description/share/mechelangelo_description/local_setup.sh
[0.466s] -- Symlinking: /home/andy/git/MECHelangelo/install/mechelangelo_description/share/mechelangelo_description/local_setup.zsh
[0.470s] -- Symlinking: /home/andy/git/MECHelangelo/install/mechelangelo_description/share/mechelangelo_description/local_setup.dsv
[0.474s] -- Symlinking: /home/andy/git/MECHelangelo/install/mechelangelo_description/share/mechelangelo_description/package.dsv
[0.478s] -- Symlinking: /home/andy/git/MECHelangelo/install/mechelangelo_description/share/ament_index/resource_index/packages/mechelangelo_description
[0.481s] -- Symlinking: /home/andy/git/MECHelangelo/install/mechelangelo_description/share/mechelangelo_description/cmake/mechelangelo_descriptionConfig.cmake
[0.486s] -- Symlinking: /home/andy/git/MECHelangelo/install/mechelangelo_description/share/mechelangelo_description/cmake/mechelangelo_descriptionConfig-version.cmake
[0.491s] -- Symlinking: /home/andy/git/MECHelangelo/install/mechelangelo_description/share/mechelangelo_description/package.xml
[0.495s] Invoked command in '/home/andy/git/MECHelangelo/build/mechelangelo_description' returned '0': CMAKE_PREFIX_PATH=${CMAKE_PREFIX_PATH}:/home/andy/git/MECHelangelo/install/mechelangelo_teleop:/home/andy/git/MECHelangelo/install/mechelangelo_perception:/home/andy/git/MECHelangelo/install/mechelangelo_arm_control:/opt/ros/humble /usr/bin/cmake --install /home/andy/git/MECHelangelo/build/mechelangelo_description
