-- Found ament_cmake: 1.3.14 (/opt/ros/humble/share/ament_cmake/cmake)
-- Found Python3: /usr/bin/python3 (found version "3.10.12") found components: Interpreter 
-- Found ament_lint_auto: 0.12.15 (/opt/ros/humble/share/ament_lint_auto/cmake)
-- Added test 'lint_cmake' to check CMake code style
-- Added test 'xmllint' to check XML markup files
-- Configuring done
-- Generating done
-- Build files have been written to: /home/andy/git/MECHelangelo/build/mechelangelo_navigation
-- Install configuration: ""
-- Installing: /home/andy/git/MECHelangelo/install/mechelangelo_navigation/share/ament_index/resource_index/package_run_dependencies/mechelangelo_navigation
-- Installing: /home/andy/git/MECHelangelo/install/mechelangelo_navigation/share/ament_index/resource_index/parent_prefix_path/mechelangelo_navigation
-- Installing: /home/andy/git/MECHelangelo/install/mechelangelo_navigation/share/mechelangelo_navigation/environment/ament_prefix_path.sh
-- Installing: /home/andy/git/MECHelangelo/install/mechelangelo_navigation/share/mechelangelo_navigation/environment/ament_prefix_path.dsv
-- Installing: /home/andy/git/MECHelangelo/install/mechelangelo_navigation/share/mechelangelo_navigation/environment/path.sh
-- Installing: /home/andy/git/MECHelangelo/install/mechelangelo_navigation/share/mechelangelo_navigation/environment/path.dsv
-- Installing: /home/andy/git/MECHelangelo/install/mechelangelo_navigation/share/mechelangelo_navigation/local_setup.bash
-- Installing: /home/andy/git/MECHelangelo/install/mechelangelo_navigation/share/mechelangelo_navigation/local_setup.sh
-- Installing: /home/andy/git/MECHelangelo/install/mechelangelo_navigation/share/mechelangelo_navigation/local_setup.zsh
-- Installing: /home/andy/git/MECHelangelo/install/mechelangelo_navigation/share/mechelangelo_navigation/local_setup.dsv
-- Installing: /home/andy/git/MECHelangelo/install/mechelangelo_navigation/share/mechelangelo_navigation/package.dsv
-- Installing: /home/andy/git/MECHelangelo/install/mechelangelo_navigation/share/ament_index/resource_index/packages/mechelangelo_navigation
-- Installing: /home/andy/git/MECHelangelo/install/mechelangelo_navigation/share/mechelangelo_navigation/cmake/mechelangelo_navigationConfig.cmake
-- Installing: /home/andy/git/MECHelangelo/install/mechelangelo_navigation/share/mechelangelo_navigation/cmake/mechelangelo_navigationConfig-version.cmake
-- Installing: /home/andy/git/MECHelangelo/install/mechelangelo_navigation/share/mechelangelo_navigation/package.xml
