[0.106s] Invoking command in '/home/andy/git/MECHelangelo/build/mechelangelo_navigation': CMAKE_PREFIX_PATH=/opt/ros/humble /usr/bin/cmake /home/andy/git/MECHelangelo/src/mechelangelo_navigation -DCMAKE_INSTALL_PREFIX=/home/andy/git/MECHelangelo/install/mechelangelo_navigation
[0.223s] -- Found ament_cmake: 1.3.14 (/opt/ros/humble/share/ament_cmake/cmake)
[0.223s] -- Found Python3: /usr/bin/python3 (found version "3.10.12") found components: Interpreter 
[0.242s] -- Found ament_lint_auto: 0.12.15 (/opt/ros/humble/share/ament_lint_auto/cmake)
[0.364s] -- Added test 'lint_cmake' to check CMake code style
[0.365s] -- Added test 'xmllint' to check XML markup files
[0.365s] -- Configuring done
[0.367s] -- Generating done
[0.368s] -- Build files have been written to: /home/andy/git/MECHelangelo/build/mechelangelo_navigation
[0.372s] Invoked command in '/home/andy/git/MECHelangelo/build/mechelangelo_navigation' returned '0': CMAKE_PREFIX_PATH=/opt/ros/humble /usr/bin/cmake /home/andy/git/MECHelangelo/src/mechelangelo_navigation -DCMAKE_INSTALL_PREFIX=/home/andy/git/MECHelangelo/install/mechelangelo_navigation
[0.373s] Invoking command in '/home/andy/git/MECHelangelo/build/mechelangelo_navigation': CMAKE_PREFIX_PATH=/opt/ros/humble /usr/bin/cmake --build /home/andy/git/MECHelangelo/build/mechelangelo_navigation -- -j32 -l32
[0.392s] Invoked command in '/home/andy/git/MECHelangelo/build/mechelangelo_navigation' returned '0': CMAKE_PREFIX_PATH=/opt/ros/humble /usr/bin/cmake --build /home/andy/git/MECHelangelo/build/mechelangelo_navigation -- -j32 -l32
[0.393s] Invoking command in '/home/andy/git/MECHelangelo/build/mechelangelo_navigation': CMAKE_PREFIX_PATH=/opt/ros/humble /usr/bin/cmake --install /home/andy/git/MECHelangelo/build/mechelangelo_navigation
[0.395s] -- Install configuration: ""
[0.395s] -- Installing: /home/andy/git/MECHelangelo/install/mechelangelo_navigation/share/ament_index/resource_index/package_run_dependencies/mechelangelo_navigation
[0.396s] -- Installing: /home/andy/git/MECHelangelo/install/mechelangelo_navigation/share/ament_index/resource_index/parent_prefix_path/mechelangelo_navigation
[0.396s] -- Installing: /home/andy/git/MECHelangelo/install/mechelangelo_navigation/share/mechelangelo_navigation/environment/ament_prefix_path.sh
[0.396s] -- Installing: /home/andy/git/MECHelangelo/install/mechelangelo_navigation/share/mechelangelo_navigation/environment/ament_prefix_path.dsv
[0.396s] -- Installing: /home/andy/git/MECHelangelo/install/mechelangelo_navigation/share/mechelangelo_navigation/environment/path.sh
[0.396s] -- Installing: /home/andy/git/MECHelangelo/install/mechelangelo_navigation/share/mechelangelo_navigation/environment/path.dsv
[0.396s] -- Installing: /home/andy/git/MECHelangelo/install/mechelangelo_navigation/share/mechelangelo_navigation/local_setup.bash
[0.396s] -- Installing: /home/andy/git/MECHelangelo/install/mechelangelo_navigation/share/mechelangelo_navigation/local_setup.sh
[0.396s] -- Installing: /home/andy/git/MECHelangelo/install/mechelangelo_navigation/share/mechelangelo_navigation/local_setup.zsh
[0.396s] -- Installing: /home/andy/git/MECHelangelo/install/mechelangelo_navigation/share/mechelangelo_navigation/local_setup.dsv
[0.396s] -- Installing: /home/andy/git/MECHelangelo/install/mechelangelo_navigation/share/mechelangelo_navigation/package.dsv
[0.396s] -- Installing: /home/andy/git/MECHelangelo/install/mechelangelo_navigation/share/ament_index/resource_index/packages/mechelangelo_navigation
[0.396s] -- Installing: /home/andy/git/MECHelangelo/install/mechelangelo_navigation/share/mechelangelo_navigation/cmake/mechelangelo_navigationConfig.cmake
[0.396s] -- Installing: /home/andy/git/MECHelangelo/install/mechelangelo_navigation/share/mechelangelo_navigation/cmake/mechelangelo_navigationConfig-version.cmake
[0.396s] -- Installing: /home/andy/git/MECHelangelo/install/mechelangelo_navigation/share/mechelangelo_navigation/package.xml
[0.422s] Invoked command in '/home/andy/git/MECHelangelo/build/mechelangelo_navigation' returned '0': CMAKE_PREFIX_PATH=/opt/ros/humble /usr/bin/cmake --install /home/andy/git/MECHelangelo/build/mechelangelo_navigation
