[0.532s] Invoking command in '/home/andy/git/MECHelangelo/src/mechelangelo_perception': PYTHONPATH=/home/andy/git/MECHelangelo/build/mechelangelo_perception/prefix_override:/usr/lib/python3/dist-packages/colcon_core/task/python/colcon_distutils_commands:/home/andy/git/MECHelangelo/install/mechelangelo_perception/lib/python3.10/site-packages:${PYTHONPATH} /usr/bin/python3 -W ignore:setup.py install is deprecated -W ignore:easy_install command is deprecated setup.py egg_info --egg-base ../../build/mechelangelo_perception build --build-base /home/andy/git/MECHelangelo/build/mechelangelo_perception/build install --record /home/andy/git/MECHelangelo/build/mechelangelo_perception/install.log --single-version-externally-managed install_data
[0.643s] running egg_info
[0.644s] writing ../../build/mechelangelo_perception/mechelangelo_perception.egg-info/PKG-INFO
[0.644s] writing dependency_links to ../../build/mechelangelo_perception/mechelangelo_perception.egg-info/dependency_links.txt
[0.644s] writing entry points to ../../build/mechelangelo_perception/mechelangelo_perception.egg-info/entry_points.txt
[0.644s] writing requirements to ../../build/mechelangelo_perception/mechelangelo_perception.egg-info/requires.txt
[0.644s] writing top-level names to ../../build/mechelangelo_perception/mechelangelo_perception.egg-info/top_level.txt
[0.645s] reading manifest file '../../build/mechelangelo_perception/mechelangelo_perception.egg-info/SOURCES.txt'
[0.645s] writing manifest file '../../build/mechelangelo_perception/mechelangelo_perception.egg-info/SOURCES.txt'
[0.645s] running build
[0.645s] running build_py
[0.645s] running install
[0.645s] running install_lib
[0.646s] running install_data
[0.646s] running install_egg_info
[0.646s] removing '/home/andy/git/MECHelangelo/install/mechelangelo_perception/lib/python3.10/site-packages/mechelangelo_perception-0.0.0-py3.10.egg-info' (and everything under it)
[0.647s] Copying ../../build/mechelangelo_perception/mechelangelo_perception.egg-info to /home/andy/git/MECHelangelo/install/mechelangelo_perception/lib/python3.10/site-packages/mechelangelo_perception-0.0.0-py3.10.egg-info
[0.647s] running install_scripts
[0.656s] writing list of installed files to '/home/andy/git/MECHelangelo/build/mechelangelo_perception/install.log'
[0.672s] Invoked command in '/home/andy/git/MECHelangelo/src/mechelangelo_perception' returned '0': PYTHONPATH=/home/andy/git/MECHelangelo/build/mechelangelo_perception/prefix_override:/usr/lib/python3/dist-packages/colcon_core/task/python/colcon_distutils_commands:/home/andy/git/MECHelangelo/install/mechelangelo_perception/lib/python3.10/site-packages:${PYTHONPATH} /usr/bin/python3 -W ignore:setup.py install is deprecated -W ignore:easy_install command is deprecated setup.py egg_info --egg-base ../../build/mechelangelo_perception build --build-base /home/andy/git/MECHelangelo/build/mechelangelo_perception/build install --record /home/andy/git/MECHelangelo/build/mechelangelo_perception/install.log --single-version-externally-managed install_data
