[0.216s] Invoking command in '/home/andy/git/MECHelangelo/build/mechelangelo_navigation': CMAKE_PREFIX_PATH=${CMAKE_PREFIX_PATH}:/home/andy/git/MECHelangelo/install/mechelangelo_teleop:/home/andy/git/MECHelangelo/install/mechelangelo_perception:/home/andy/git/MECHelangelo/install/mechelangelo_arm_control:/opt/ros/humble /usr/bin/cmake /home/andy/git/MECHelangelo/src/mechelangelo_navigation -DAMENT_CMAKE_SYMLINK_INSTALL=1 -DCMAKE_INSTALL_PREFIX=/home/andy/git/MECHelangelo/install/mechelangelo_navigation
[0.605s] -- Found ament_cmake: 1.3.14 (/opt/ros/humble/share/ament_cmake/cmake)
[0.605s] -- Override CMake install command with custom implementation using symlinks instead of copying resources
[0.605s] -- Found ament_lint_auto: 0.12.15 (/opt/ros/humble/share/ament_lint_auto/cmake)
[0.605s] -- Added test 'lint_cmake' to check CMake code style
[0.605s] -- Added test 'xmllint' to check XML markup files
[0.605s] -- Configuring done
[0.605s] -- Generating done
[0.605s] -- Build files have been written to: /home/andy/git/MECHelangelo/build/mechelangelo_navigation
[0.618s] Invoked command in '/home/andy/git/MECHelangelo/build/mechelangelo_navigation' returned '0': CMAKE_PREFIX_PATH=${CMAKE_PREFIX_PATH}:/home/andy/git/MECHelangelo/install/mechelangelo_teleop:/home/andy/git/MECHelangelo/install/mechelangelo_perception:/home/andy/git/MECHelangelo/install/mechelangelo_arm_control:/opt/ros/humble /usr/bin/cmake /home/andy/git/MECHelangelo/src/mechelangelo_navigation -DAMENT_CMAKE_SYMLINK_INSTALL=1 -DCMAKE_INSTALL_PREFIX=/home/andy/git/MECHelangelo/install/mechelangelo_navigation
[0.618s] Invoking command in '/home/andy/git/MECHelangelo/build/mechelangelo_navigation': CMAKE_PREFIX_PATH=${CMAKE_PREFIX_PATH}:/home/andy/git/MECHelangelo/install/mechelangelo_teleop:/home/andy/git/MECHelangelo/install/mechelangelo_perception:/home/andy/git/MECHelangelo/install/mechelangelo_arm_control:/opt/ros/humble /usr/bin/cmake --build /home/andy/git/MECHelangelo/build/mechelangelo_navigation -- -j32 -l32
[0.662s] Invoked command in '/home/andy/git/MECHelangelo/build/mechelangelo_navigation' returned '0': CMAKE_PREFIX_PATH=${CMAKE_PREFIX_PATH}:/home/andy/git/MECHelangelo/install/mechelangelo_teleop:/home/andy/git/MECHelangelo/install/mechelangelo_perception:/home/andy/git/MECHelangelo/install/mechelangelo_arm_control:/opt/ros/humble /usr/bin/cmake --build /home/andy/git/MECHelangelo/build/mechelangelo_navigation -- -j32 -l32
[0.668s] Invoking command in '/home/andy/git/MECHelangelo/build/mechelangelo_navigation': CMAKE_PREFIX_PATH=${CMAKE_PREFIX_PATH}:/home/andy/git/MECHelangelo/install/mechelangelo_teleop:/home/andy/git/MECHelangelo/install/mechelangelo_perception:/home/andy/git/MECHelangelo/install/mechelangelo_arm_control:/opt/ros/humble /usr/bin/cmake --install /home/andy/git/MECHelangelo/build/mechelangelo_navigation
[0.670s] -- Install configuration: ""
[0.672s] -- Execute custom install script
[0.672s] -- Up-to-date symlink: /home/andy/git/MECHelangelo/install/mechelangelo_navigation/share/ament_index/resource_index/package_run_dependencies/mechelangelo_navigation
[0.672s] -- Up-to-date symlink: /home/andy/git/MECHelangelo/install/mechelangelo_navigation/share/ament_index/resource_index/parent_prefix_path/mechelangelo_navigation
[0.672s] -- Up-to-date symlink: /home/andy/git/MECHelangelo/install/mechelangelo_navigation/share/mechelangelo_navigation/environment/ament_prefix_path.sh
[0.672s] -- Up-to-date symlink: /home/andy/git/MECHelangelo/install/mechelangelo_navigation/share/mechelangelo_navigation/environment/ament_prefix_path.dsv
[0.672s] -- Up-to-date symlink: /home/andy/git/MECHelangelo/install/mechelangelo_navigation/share/mechelangelo_navigation/environment/path.sh
[0.672s] -- Up-to-date symlink: /home/andy/git/MECHelangelo/install/mechelangelo_navigation/share/mechelangelo_navigation/environment/path.dsv
[0.672s] -- Up-to-date symlink: /home/andy/git/MECHelangelo/install/mechelangelo_navigation/share/mechelangelo_navigation/local_setup.bash
[0.672s] -- Up-to-date symlink: /home/andy/git/MECHelangelo/install/mechelangelo_navigation/share/mechelangelo_navigation/local_setup.sh
[0.674s] -- Up-to-date symlink: /home/andy/git/MECHelangelo/install/mechelangelo_navigation/share/mechelangelo_navigation/local_setup.zsh
[0.674s] -- Up-to-date symlink: /home/andy/git/MECHelangelo/install/mechelangelo_navigation/share/mechelangelo_navigation/local_setup.dsv
[0.676s] -- Symlinking: /home/andy/git/MECHelangelo/install/mechelangelo_navigation/share/mechelangelo_navigation/package.dsv
[0.686s] -- Up-to-date symlink: /home/andy/git/MECHelangelo/install/mechelangelo_navigation/share/ament_index/resource_index/packages/mechelangelo_navigation
[0.687s] -- Up-to-date symlink: /home/andy/git/MECHelangelo/install/mechelangelo_navigation/share/mechelangelo_navigation/cmake/mechelangelo_navigationConfig.cmake
[0.687s] -- Up-to-date symlink: /home/andy/git/MECHelangelo/install/mechelangelo_navigation/share/mechelangelo_navigation/cmake/mechelangelo_navigationConfig-version.cmake
[0.687s] -- Up-to-date symlink: /home/andy/git/MECHelangelo/install/mechelangelo_navigation/share/mechelangelo_navigation/package.xml
[0.791s] Invoked command in '/home/andy/git/MECHelangelo/build/mechelangelo_navigation' returned '0': CMAKE_PREFIX_PATH=${CMAKE_PREFIX_PATH}:/home/andy/git/MECHelangelo/install/mechelangelo_teleop:/home/andy/git/MECHelangelo/install/mechelangelo_perception:/home/andy/git/MECHelangelo/install/mechelangelo_arm_control:/opt/ros/humble /usr/bin/cmake --install /home/andy/git/MECHelangelo/build/mechelangelo_navigation
