[0.065s] DEBUG:colcon:Command line arguments: ['/usr/bin/colcon', 'build']
[0.065s] DEBUG:colcon:Parsed command line arguments: Namespace(log_base=None, log_level=None, verb_name='build', build_base='build', install_base='install', merge_install=False, symlink_install=False, test_result_base=None, continue_on_error=False, executor='parallel', parallel_workers=32, event_handlers=None, ignore_user_meta=False, metas=['./colcon.meta'], base_paths=['.'], packages_ignore=None, packages_ignore_regex=None, paths=None, packages_up_to=None, packages_up_to_regex=None, packages_above=None, packages_above_and_dependencies=None, packages_above_depth=None, packages_select_by_dep=None, packages_skip_by_dep=None, packages_skip_up_to=None, packages_select_build_failed=False, packages_skip_build_finished=False, packages_select_test_failures=False, packages_skip_test_passed=False, packages_select=None, packages_skip=None, packages_select_regex=None, packages_skip_regex=None, packages_start=None, packages_end=None, allow_overriding=[], cmake_args=None, cmake_target=None, cmake_target_skip_unavailable=False, cmake_clean_cache=False, cmake_clean_first=False, cmake_force_configure=False, ament_cmake_args=None, catkin_cmake_args=None, catkin_skip_building_tests=False, mixin_files=None, mixin=None, verb_parser=<colcon_mixin.mixin.mixin_argument.MixinArgumentDecorator object at 0x7445fdbf59c0>, verb_extension=<colcon_core.verb.build.BuildVerb object at 0x7445fdbf4b20>, main=<bound method BuildVerb.main of <colcon_core.verb.build.BuildVerb object at 0x7445fdbf4b20>>, mixin_verb=('build',))
[0.139s] Level 1:colcon.colcon_core.package_discovery:discover_packages(colcon_meta) check parameters
[0.139s] Level 1:colcon.colcon_core.package_discovery:discover_packages(recursive) check parameters
[0.139s] Level 1:colcon.colcon_core.package_discovery:discover_packages(ignore) check parameters
[0.139s] Level 1:colcon.colcon_core.package_discovery:discover_packages(path) check parameters
[0.139s] Level 1:colcon.colcon_core.package_discovery:discover_packages(colcon_meta) discover
[0.139s] Level 1:colcon.colcon_core.package_discovery:discover_packages(recursive) discover
[0.139s] INFO:colcon.colcon_core.package_discovery:Crawling recursively for packages in '/home/andy/git/MECHelangelo'
[0.139s] Level 1:colcon.colcon_core.package_identification:_identify(.) by extensions ['ignore', 'ignore_ament_install']
[0.139s] Level 1:colcon.colcon_core.package_identification:_identify(.) by extension 'ignore'
[0.139s] Level 1:colcon.colcon_core.package_identification:_identify(.) by extension 'ignore_ament_install'
[0.139s] Level 1:colcon.colcon_core.package_identification:_identify(.) by extensions ['colcon_pkg']
[0.139s] Level 1:colcon.colcon_core.package_identification:_identify(.) by extension 'colcon_pkg'
[0.139s] Level 1:colcon.colcon_core.package_identification:_identify(.) by extensions ['colcon_meta']
[0.139s] Level 1:colcon.colcon_core.package_identification:_identify(.) by extension 'colcon_meta'
[0.139s] Level 1:colcon.colcon_core.package_identification:_identify(.) by extensions ['ros']
[0.139s] Level 1:colcon.colcon_core.package_identification:_identify(.) by extension 'ros'
[0.143s] Level 1:colcon.colcon_core.package_identification:_identify(.) by extensions ['cmake', 'python']
[0.143s] Level 1:colcon.colcon_core.package_identification:_identify(.) by extension 'cmake'
[0.143s] Level 1:colcon.colcon_core.package_identification:_identify(.) by extension 'python'
[0.143s] Level 1:colcon.colcon_core.package_identification:_identify(.) by extensions ['python_setup_py']
[0.143s] Level 1:colcon.colcon_core.package_identification:_identify(.) by extension 'python_setup_py'
[0.143s] Level 1:colcon.colcon_core.package_identification:_identify(build) by extensions ['ignore', 'ignore_ament_install']
[0.143s] Level 1:colcon.colcon_core.package_identification:_identify(build) by extension 'ignore'
[0.143s] Level 1:colcon.colcon_core.package_identification:_identify(build) ignored
[0.144s] Level 1:colcon.colcon_core.package_identification:_identify(install) by extensions ['ignore', 'ignore_ament_install']
[0.144s] Level 1:colcon.colcon_core.package_identification:_identify(install) by extension 'ignore'
[0.144s] Level 1:colcon.colcon_core.package_identification:_identify(install) ignored
[0.144s] Level 1:colcon.colcon_core.package_identification:_identify(log) by extensions ['ignore', 'ignore_ament_install']
[0.144s] Level 1:colcon.colcon_core.package_identification:_identify(log) by extension 'ignore'
[0.144s] Level 1:colcon.colcon_core.package_identification:_identify(log) ignored
[0.144s] Level 1:colcon.colcon_core.package_identification:_identify(src) by extensions ['ignore', 'ignore_ament_install']
[0.144s] Level 1:colcon.colcon_core.package_identification:_identify(src) by extension 'ignore'
[0.144s] Level 1:colcon.colcon_core.package_identification:_identify(src) by extension 'ignore_ament_install'
[0.144s] Level 1:colcon.colcon_core.package_identification:_identify(src) by extensions ['colcon_pkg']
[0.144s] Level 1:colcon.colcon_core.package_identification:_identify(src) by extension 'colcon_pkg'
[0.144s] Level 1:colcon.colcon_core.package_identification:_identify(src) by extensions ['colcon_meta']
[0.144s] Level 1:colcon.colcon_core.package_identification:_identify(src) by extension 'colcon_meta'
[0.144s] Level 1:colcon.colcon_core.package_identification:_identify(src) by extensions ['ros']
[0.144s] Level 1:colcon.colcon_core.package_identification:_identify(src) by extension 'ros'
[0.144s] Level 1:colcon.colcon_core.package_identification:_identify(src) by extensions ['cmake', 'python']
[0.144s] Level 1:colcon.colcon_core.package_identification:_identify(src) by extension 'cmake'
[0.144s] Level 1:colcon.colcon_core.package_identification:_identify(src) by extension 'python'
[0.144s] Level 1:colcon.colcon_core.package_identification:_identify(src) by extensions ['python_setup_py']
[0.144s] Level 1:colcon.colcon_core.package_identification:_identify(src) by extension 'python_setup_py'
[0.144s] Level 1:colcon.colcon_core.package_identification:_identify(src/mechelangelo_arm_control) by extensions ['ignore', 'ignore_ament_install']
[0.144s] Level 1:colcon.colcon_core.package_identification:_identify(src/mechelangelo_arm_control) by extension 'ignore'
[0.144s] Level 1:colcon.colcon_core.package_identification:_identify(src/mechelangelo_arm_control) by extension 'ignore_ament_install'
[0.144s] Level 1:colcon.colcon_core.package_identification:_identify(src/mechelangelo_arm_control) by extensions ['colcon_pkg']
[0.144s] Level 1:colcon.colcon_core.package_identification:_identify(src/mechelangelo_arm_control) by extension 'colcon_pkg'
[0.144s] Level 1:colcon.colcon_core.package_identification:_identify(src/mechelangelo_arm_control) by extensions ['colcon_meta']
[0.144s] Level 1:colcon.colcon_core.package_identification:_identify(src/mechelangelo_arm_control) by extension 'colcon_meta'
[0.144s] Level 1:colcon.colcon_core.package_identification:_identify(src/mechelangelo_arm_control) by extensions ['ros']
[0.144s] Level 1:colcon.colcon_core.package_identification:_identify(src/mechelangelo_arm_control) by extension 'ros'
[0.145s] DEBUG:colcon.colcon_core.package_identification:Package 'src/mechelangelo_arm_control' with type 'ros.ament_python' and name 'mechelangelo_arm_control'
[0.145s] Level 1:colcon.colcon_core.package_identification:_identify(src/mechelangelo_base_hardware) by extensions ['ignore', 'ignore_ament_install']
[0.145s] Level 1:colcon.colcon_core.package_identification:_identify(src/mechelangelo_base_hardware) by extension 'ignore'
[0.145s] Level 1:colcon.colcon_core.package_identification:_identify(src/mechelangelo_base_hardware) by extension 'ignore_ament_install'
[0.145s] Level 1:colcon.colcon_core.package_identification:_identify(src/mechelangelo_base_hardware) by extensions ['colcon_pkg']
[0.145s] Level 1:colcon.colcon_core.package_identification:_identify(src/mechelangelo_base_hardware) by extension 'colcon_pkg'
[0.145s] Level 1:colcon.colcon_core.package_identification:_identify(src/mechelangelo_base_hardware) by extensions ['colcon_meta']
[0.145s] Level 1:colcon.colcon_core.package_identification:_identify(src/mechelangelo_base_hardware) by extension 'colcon_meta'
[0.145s] Level 1:colcon.colcon_core.package_identification:_identify(src/mechelangelo_base_hardware) by extensions ['ros']
[0.145s] Level 1:colcon.colcon_core.package_identification:_identify(src/mechelangelo_base_hardware) by extension 'ros'
[0.145s] DEBUG:colcon.colcon_core.package_identification:Package 'src/mechelangelo_base_hardware' with type 'ros.ament_cmake' and name 'mechelangelo_base_hardware'
[0.145s] Level 1:colcon.colcon_core.package_identification:_identify(src/mechelangelo_behaviour) by extensions ['ignore', 'ignore_ament_install']
[0.146s] Level 1:colcon.colcon_core.package_identification:_identify(src/mechelangelo_behaviour) by extension 'ignore'
[0.146s] Level 1:colcon.colcon_core.package_identification:_identify(src/mechelangelo_behaviour) by extension 'ignore_ament_install'
[0.146s] Level 1:colcon.colcon_core.package_identification:_identify(src/mechelangelo_behaviour) by extensions ['colcon_pkg']
[0.146s] Level 1:colcon.colcon_core.package_identification:_identify(src/mechelangelo_behaviour) by extension 'colcon_pkg'
[0.146s] Level 1:colcon.colcon_core.package_identification:_identify(src/mechelangelo_behaviour) by extensions ['colcon_meta']
[0.146s] Level 1:colcon.colcon_core.package_identification:_identify(src/mechelangelo_behaviour) by extension 'colcon_meta'
[0.146s] Level 1:colcon.colcon_core.package_identification:_identify(src/mechelangelo_behaviour) by extensions ['ros']
[0.146s] Level 1:colcon.colcon_core.package_identification:_identify(src/mechelangelo_behaviour) by extension 'ros'
[0.146s] DEBUG:colcon.colcon_core.package_identification:Package 'src/mechelangelo_behaviour' with type 'ros.ament_cmake' and name 'mechelangelo_behaviour'
[0.146s] Level 1:colcon.colcon_core.package_identification:_identify(src/mechelangelo_bringup) by extensions ['ignore', 'ignore_ament_install']
[0.146s] Level 1:colcon.colcon_core.package_identification:_identify(src/mechelangelo_bringup) by extension 'ignore'
[0.146s] Level 1:colcon.colcon_core.package_identification:_identify(src/mechelangelo_bringup) by extension 'ignore_ament_install'
[0.146s] Level 1:colcon.colcon_core.package_identification:_identify(src/mechelangelo_bringup) by extensions ['colcon_pkg']
[0.146s] Level 1:colcon.colcon_core.package_identification:_identify(src/mechelangelo_bringup) by extension 'colcon_pkg'
[0.146s] Level 1:colcon.colcon_core.package_identification:_identify(src/mechelangelo_bringup) by extensions ['colcon_meta']
[0.146s] Level 1:colcon.colcon_core.package_identification:_identify(src/mechelangelo_bringup) by extension 'colcon_meta'
[0.146s] Level 1:colcon.colcon_core.package_identification:_identify(src/mechelangelo_bringup) by extensions ['ros']
[0.146s] Level 1:colcon.colcon_core.package_identification:_identify(src/mechelangelo_bringup) by extension 'ros'
[0.146s] DEBUG:colcon.colcon_core.package_identification:Package 'src/mechelangelo_bringup' with type 'ros.ament_cmake' and name 'mechelangelo_bringup'
[0.146s] Level 1:colcon.colcon_core.package_identification:_identify(src/mechelangelo_description) by extensions ['ignore', 'ignore_ament_install']
[0.146s] Level 1:colcon.colcon_core.package_identification:_identify(src/mechelangelo_description) by extension 'ignore'
[0.146s] Level 1:colcon.colcon_core.package_identification:_identify(src/mechelangelo_description) by extension 'ignore_ament_install'
[0.146s] Level 1:colcon.colcon_core.package_identification:_identify(src/mechelangelo_description) by extensions ['colcon_pkg']
[0.146s] Level 1:colcon.colcon_core.package_identification:_identify(src/mechelangelo_description) by extension 'colcon_pkg'
[0.146s] Level 1:colcon.colcon_core.package_identification:_identify(src/mechelangelo_description) by extensions ['colcon_meta']
[0.146s] Level 1:colcon.colcon_core.package_identification:_identify(src/mechelangelo_description) by extension 'colcon_meta'
[0.146s] Level 1:colcon.colcon_core.package_identification:_identify(src/mechelangelo_description) by extensions ['ros']
[0.146s] Level 1:colcon.colcon_core.package_identification:_identify(src/mechelangelo_description) by extension 'ros'
[0.146s] DEBUG:colcon.colcon_core.package_identification:Package 'src/mechelangelo_description' with type 'ros.ament_cmake' and name 'mechelangelo_description'
[0.146s] Level 1:colcon.colcon_core.package_identification:_identify(src/mechelangelo_navigation) by extensions ['ignore', 'ignore_ament_install']
[0.147s] Level 1:colcon.colcon_core.package_identification:_identify(src/mechelangelo_navigation) by extension 'ignore'
[0.147s] Level 1:colcon.colcon_core.package_identification:_identify(src/mechelangelo_navigation) by extension 'ignore_ament_install'
[0.147s] Level 1:colcon.colcon_core.package_identification:_identify(src/mechelangelo_navigation) by extensions ['colcon_pkg']
[0.147s] Level 1:colcon.colcon_core.package_identification:_identify(src/mechelangelo_navigation) by extension 'colcon_pkg'
[0.147s] Level 1:colcon.colcon_core.package_identification:_identify(src/mechelangelo_navigation) by extensions ['colcon_meta']
[0.147s] Level 1:colcon.colcon_core.package_identification:_identify(src/mechelangelo_navigation) by extension 'colcon_meta'
[0.147s] Level 1:colcon.colcon_core.package_identification:_identify(src/mechelangelo_navigation) by extensions ['ros']
[0.147s] Level 1:colcon.colcon_core.package_identification:_identify(src/mechelangelo_navigation) by extension 'ros'
[0.147s] DEBUG:colcon.colcon_core.package_identification:Package 'src/mechelangelo_navigation' with type 'ros.ament_cmake' and name 'mechelangelo_navigation'
[0.147s] Level 1:colcon.colcon_core.package_identification:_identify(src/mechelangelo_perception) by extensions ['ignore', 'ignore_ament_install']
[0.147s] Level 1:colcon.colcon_core.package_identification:_identify(src/mechelangelo_perception) by extension 'ignore'
[0.147s] Level 1:colcon.colcon_core.package_identification:_identify(src/mechelangelo_perception) by extension 'ignore_ament_install'
[0.147s] Level 1:colcon.colcon_core.package_identification:_identify(src/mechelangelo_perception) by extensions ['colcon_pkg']
[0.147s] Level 1:colcon.colcon_core.package_identification:_identify(src/mechelangelo_perception) by extension 'colcon_pkg'
[0.147s] Level 1:colcon.colcon_core.package_identification:_identify(src/mechelangelo_perception) by extensions ['colcon_meta']
[0.147s] Level 1:colcon.colcon_core.package_identification:_identify(src/mechelangelo_perception) by extension 'colcon_meta'
[0.147s] Level 1:colcon.colcon_core.package_identification:_identify(src/mechelangelo_perception) by extensions ['ros']
[0.147s] Level 1:colcon.colcon_core.package_identification:_identify(src/mechelangelo_perception) by extension 'ros'
[0.147s] DEBUG:colcon.colcon_core.package_identification:Package 'src/mechelangelo_perception' with type 'ros.ament_python' and name 'mechelangelo_perception'
[0.147s] Level 1:colcon.colcon_core.package_discovery:discover_packages(recursive) using defaults
[0.147s] Level 1:colcon.colcon_core.package_discovery:discover_packages(ignore) discover
[0.147s] Level 1:colcon.colcon_core.package_discovery:discover_packages(ignore) using defaults
[0.147s] Level 1:colcon.colcon_core.package_discovery:discover_packages(path) discover
[0.147s] Level 1:colcon.colcon_core.package_discovery:discover_packages(path) using defaults
[0.160s] Level 1:colcon.colcon_core.package_discovery:discover_packages(prefix_path) check parameters
[0.160s] Level 1:colcon.colcon_core.package_discovery:discover_packages(prefix_path) discover
[0.161s] DEBUG:colcon.colcon_installed_package_information.package_discovery:Found 2 installed packages in /home/andy/git/MECHelangelo/install
[0.161s] DEBUG:colcon.colcon_installed_package_information.package_discovery:Found 0 installed packages in /home/andy/Walls_are_alive_ws/install
[0.162s] DEBUG:colcon.colcon_installed_package_information.package_discovery:Found 366 installed packages in /opt/ros/humble
[0.162s] Level 1:colcon.colcon_core.package_discovery:discover_packages(prefix_path) using defaults
[0.179s] Level 5:colcon.colcon_core.verb:set package 'mechelangelo_arm_control' build argument 'cmake_args' from command line to 'None'
[0.179s] Level 5:colcon.colcon_core.verb:set package 'mechelangelo_arm_control' build argument 'cmake_target' from command line to 'None'
[0.179s] Level 5:colcon.colcon_core.verb:set package 'mechelangelo_arm_control' build argument 'cmake_target_skip_unavailable' from command line to 'False'
[0.179s] Level 5:colcon.colcon_core.verb:set package 'mechelangelo_arm_control' build argument 'cmake_clean_cache' from command line to 'False'
[0.179s] Level 5:colcon.colcon_core.verb:set package 'mechelangelo_arm_control' build argument 'cmake_clean_first' from command line to 'False'
[0.179s] Level 5:colcon.colcon_core.verb:set package 'mechelangelo_arm_control' build argument 'cmake_force_configure' from command line to 'False'
[0.179s] Level 5:colcon.colcon_core.verb:set package 'mechelangelo_arm_control' build argument 'ament_cmake_args' from command line to 'None'
[0.179s] Level 5:colcon.colcon_core.verb:set package 'mechelangelo_arm_control' build argument 'catkin_cmake_args' from command line to 'None'
[0.179s] Level 5:colcon.colcon_core.verb:set package 'mechelangelo_arm_control' build argument 'catkin_skip_building_tests' from command line to 'False'
[0.179s] DEBUG:colcon.colcon_core.verb:Building package 'mechelangelo_arm_control' with the following arguments: {'ament_cmake_args': None, 'build_base': '/home/andy/git/MECHelangelo/build/mechelangelo_arm_control', 'catkin_cmake_args': None, 'catkin_skip_building_tests': False, 'cmake_args': None, 'cmake_clean_cache': False, 'cmake_clean_first': False, 'cmake_force_configure': False, 'cmake_target': None, 'cmake_target_skip_unavailable': False, 'install_base': '/home/andy/git/MECHelangelo/install/mechelangelo_arm_control', 'merge_install': False, 'path': '/home/andy/git/MECHelangelo/src/mechelangelo_arm_control', 'symlink_install': False, 'test_result_base': None}
[0.179s] Level 5:colcon.colcon_core.verb:set package 'mechelangelo_base_hardware' build argument 'cmake_args' from command line to 'None'
[0.179s] Level 5:colcon.colcon_core.verb:set package 'mechelangelo_base_hardware' build argument 'cmake_target' from command line to 'None'
[0.179s] Level 5:colcon.colcon_core.verb:set package 'mechelangelo_base_hardware' build argument 'cmake_target_skip_unavailable' from command line to 'False'
[0.179s] Level 5:colcon.colcon_core.verb:set package 'mechelangelo_base_hardware' build argument 'cmake_clean_cache' from command line to 'False'
[0.179s] Level 5:colcon.colcon_core.verb:set package 'mechelangelo_base_hardware' build argument 'cmake_clean_first' from command line to 'False'
[0.179s] Level 5:colcon.colcon_core.verb:set package 'mechelangelo_base_hardware' build argument 'cmake_force_configure' from command line to 'False'
[0.179s] Level 5:colcon.colcon_core.verb:set package 'mechelangelo_base_hardware' build argument 'ament_cmake_args' from command line to 'None'
[0.179s] Level 5:colcon.colcon_core.verb:set package 'mechelangelo_base_hardware' build argument 'catkin_cmake_args' from command line to 'None'
[0.179s] Level 5:colcon.colcon_core.verb:set package 'mechelangelo_base_hardware' build argument 'catkin_skip_building_tests' from command line to 'False'
[0.179s] DEBUG:colcon.colcon_core.verb:Building package 'mechelangelo_base_hardware' with the following arguments: {'ament_cmake_args': None, 'build_base': '/home/andy/git/MECHelangelo/build/mechelangelo_base_hardware', 'catkin_cmake_args': None, 'catkin_skip_building_tests': False, 'cmake_args': None, 'cmake_clean_cache': False, 'cmake_clean_first': False, 'cmake_force_configure': False, 'cmake_target': None, 'cmake_target_skip_unavailable': False, 'install_base': '/home/andy/git/MECHelangelo/install/mechelangelo_base_hardware', 'merge_install': False, 'path': '/home/andy/git/MECHelangelo/src/mechelangelo_base_hardware', 'symlink_install': False, 'test_result_base': None}
[0.179s] Level 5:colcon.colcon_core.verb:set package 'mechelangelo_behaviour' build argument 'cmake_args' from command line to 'None'
[0.179s] Level 5:colcon.colcon_core.verb:set package 'mechelangelo_behaviour' build argument 'cmake_target' from command line to 'None'
[0.179s] Level 5:colcon.colcon_core.verb:set package 'mechelangelo_behaviour' build argument 'cmake_target_skip_unavailable' from command line to 'False'
[0.179s] Level 5:colcon.colcon_core.verb:set package 'mechelangelo_behaviour' build argument 'cmake_clean_cache' from command line to 'False'
[0.179s] Level 5:colcon.colcon_core.verb:set package 'mechelangelo_behaviour' build argument 'cmake_clean_first' from command line to 'False'
[0.179s] Level 5:colcon.colcon_core.verb:set package 'mechelangelo_behaviour' build argument 'cmake_force_configure' from command line to 'False'
[0.179s] Level 5:colcon.colcon_core.verb:set package 'mechelangelo_behaviour' build argument 'ament_cmake_args' from command line to 'None'
[0.179s] Level 5:colcon.colcon_core.verb:set package 'mechelangelo_behaviour' build argument 'catkin_cmake_args' from command line to 'None'
[0.179s] Level 5:colcon.colcon_core.verb:set package 'mechelangelo_behaviour' build argument 'catkin_skip_building_tests' from command line to 'False'
[0.179s] DEBUG:colcon.colcon_core.verb:Building package 'mechelangelo_behaviour' with the following arguments: {'ament_cmake_args': None, 'build_base': '/home/andy/git/MECHelangelo/build/mechelangelo_behaviour', 'catkin_cmake_args': None, 'catkin_skip_building_tests': False, 'cmake_args': None, 'cmake_clean_cache': False, 'cmake_clean_first': False, 'cmake_force_configure': False, 'cmake_target': None, 'cmake_target_skip_unavailable': False, 'install_base': '/home/andy/git/MECHelangelo/install/mechelangelo_behaviour', 'merge_install': False, 'path': '/home/andy/git/MECHelangelo/src/mechelangelo_behaviour', 'symlink_install': False, 'test_result_base': None}
[0.179s] Level 5:colcon.colcon_core.verb:set package 'mechelangelo_bringup' build argument 'cmake_args' from command line to 'None'
[0.179s] Level 5:colcon.colcon_core.verb:set package 'mechelangelo_bringup' build argument 'cmake_target' from command line to 'None'
[0.179s] Level 5:colcon.colcon_core.verb:set package 'mechelangelo_bringup' build argument 'cmake_target_skip_unavailable' from command line to 'False'
[0.179s] Level 5:colcon.colcon_core.verb:set package 'mechelangelo_bringup' build argument 'cmake_clean_cache' from command line to 'False'
[0.179s] Level 5:colcon.colcon_core.verb:set package 'mechelangelo_bringup' build argument 'cmake_clean_first' from command line to 'False'
[0.179s] Level 5:colcon.colcon_core.verb:set package 'mechelangelo_bringup' build argument 'cmake_force_configure' from command line to 'False'
[0.179s] Level 5:colcon.colcon_core.verb:set package 'mechelangelo_bringup' build argument 'ament_cmake_args' from command line to 'None'
[0.179s] Level 5:colcon.colcon_core.verb:set package 'mechelangelo_bringup' build argument 'catkin_cmake_args' from command line to 'None'
[0.179s] Level 5:colcon.colcon_core.verb:set package 'mechelangelo_bringup' build argument 'catkin_skip_building_tests' from command line to 'False'
[0.179s] DEBUG:colcon.colcon_core.verb:Building package 'mechelangelo_bringup' with the following arguments: {'ament_cmake_args': None, 'build_base': '/home/andy/git/MECHelangelo/build/mechelangelo_bringup', 'catkin_cmake_args': None, 'catkin_skip_building_tests': False, 'cmake_args': None, 'cmake_clean_cache': False, 'cmake_clean_first': False, 'cmake_force_configure': False, 'cmake_target': None, 'cmake_target_skip_unavailable': False, 'install_base': '/home/andy/git/MECHelangelo/install/mechelangelo_bringup', 'merge_install': False, 'path': '/home/andy/git/MECHelangelo/src/mechelangelo_bringup', 'symlink_install': False, 'test_result_base': None}
[0.180s] Level 5:colcon.colcon_core.verb:set package 'mechelangelo_description' build argument 'cmake_args' from command line to 'None'
[0.180s] Level 5:colcon.colcon_core.verb:set package 'mechelangelo_description' build argument 'cmake_target' from command line to 'None'
[0.180s] Level 5:colcon.colcon_core.verb:set package 'mechelangelo_description' build argument 'cmake_target_skip_unavailable' from command line to 'False'
[0.180s] Level 5:colcon.colcon_core.verb:set package 'mechelangelo_description' build argument 'cmake_clean_cache' from command line to 'False'
[0.180s] Level 5:colcon.colcon_core.verb:set package 'mechelangelo_description' build argument 'cmake_clean_first' from command line to 'False'
[0.180s] Level 5:colcon.colcon_core.verb:set package 'mechelangelo_description' build argument 'cmake_force_configure' from command line to 'False'
[0.180s] Level 5:colcon.colcon_core.verb:set package 'mechelangelo_description' build argument 'ament_cmake_args' from command line to 'None'
[0.180s] Level 5:colcon.colcon_core.verb:set package 'mechelangelo_description' build argument 'catkin_cmake_args' from command line to 'None'
[0.180s] Level 5:colcon.colcon_core.verb:set package 'mechelangelo_description' build argument 'catkin_skip_building_tests' from command line to 'False'
[0.180s] DEBUG:colcon.colcon_core.verb:Building package 'mechelangelo_description' with the following arguments: {'ament_cmake_args': None, 'build_base': '/home/andy/git/MECHelangelo/build/mechelangelo_description', 'catkin_cmake_args': None, 'catkin_skip_building_tests': False, 'cmake_args': None, 'cmake_clean_cache': False, 'cmake_clean_first': False, 'cmake_force_configure': False, 'cmake_target': None, 'cmake_target_skip_unavailable': False, 'install_base': '/home/andy/git/MECHelangelo/install/mechelangelo_description', 'merge_install': False, 'path': '/home/andy/git/MECHelangelo/src/mechelangelo_description', 'symlink_install': False, 'test_result_base': None}
[0.180s] Level 5:colcon.colcon_core.verb:set package 'mechelangelo_navigation' build argument 'cmake_args' from command line to 'None'
[0.180s] Level 5:colcon.colcon_core.verb:set package 'mechelangelo_navigation' build argument 'cmake_target' from command line to 'None'
[0.180s] Level 5:colcon.colcon_core.verb:set package 'mechelangelo_navigation' build argument 'cmake_target_skip_unavailable' from command line to 'False'
[0.180s] Level 5:colcon.colcon_core.verb:set package 'mechelangelo_navigation' build argument 'cmake_clean_cache' from command line to 'False'
[0.180s] Level 5:colcon.colcon_core.verb:set package 'mechelangelo_navigation' build argument 'cmake_clean_first' from command line to 'False'
[0.180s] Level 5:colcon.colcon_core.verb:set package 'mechelangelo_navigation' build argument 'cmake_force_configure' from command line to 'False'
[0.180s] Level 5:colcon.colcon_core.verb:set package 'mechelangelo_navigation' build argument 'ament_cmake_args' from command line to 'None'
[0.180s] Level 5:colcon.colcon_core.verb:set package 'mechelangelo_navigation' build argument 'catkin_cmake_args' from command line to 'None'
[0.180s] Level 5:colcon.colcon_core.verb:set package 'mechelangelo_navigation' build argument 'catkin_skip_building_tests' from command line to 'False'
[0.180s] DEBUG:colcon.colcon_core.verb:Building package 'mechelangelo_navigation' with the following arguments: {'ament_cmake_args': None, 'build_base': '/home/andy/git/MECHelangelo/build/mechelangelo_navigation', 'catkin_cmake_args': None, 'catkin_skip_building_tests': False, 'cmake_args': None, 'cmake_clean_cache': False, 'cmake_clean_first': False, 'cmake_force_configure': False, 'cmake_target': None, 'cmake_target_skip_unavailable': False, 'install_base': '/home/andy/git/MECHelangelo/install/mechelangelo_navigation', 'merge_install': False, 'path': '/home/andy/git/MECHelangelo/src/mechelangelo_navigation', 'symlink_install': False, 'test_result_base': None}
[0.180s] Level 5:colcon.colcon_core.verb:set package 'mechelangelo_perception' build argument 'cmake_args' from command line to 'None'
[0.180s] Level 5:colcon.colcon_core.verb:set package 'mechelangelo_perception' build argument 'cmake_target' from command line to 'None'
[0.180s] Level 5:colcon.colcon_core.verb:set package 'mechelangelo_perception' build argument 'cmake_target_skip_unavailable' from command line to 'False'
[0.180s] Level 5:colcon.colcon_core.verb:set package 'mechelangelo_perception' build argument 'cmake_clean_cache' from command line to 'False'
[0.180s] Level 5:colcon.colcon_core.verb:set package 'mechelangelo_perception' build argument 'cmake_clean_first' from command line to 'False'
[0.180s] Level 5:colcon.colcon_core.verb:set package 'mechelangelo_perception' build argument 'cmake_force_configure' from command line to 'False'
[0.180s] Level 5:colcon.colcon_core.verb:set package 'mechelangelo_perception' build argument 'ament_cmake_args' from command line to 'None'
[0.180s] Level 5:colcon.colcon_core.verb:set package 'mechelangelo_perception' build argument 'catkin_cmake_args' from command line to 'None'
[0.180s] Level 5:colcon.colcon_core.verb:set package 'mechelangelo_perception' build argument 'catkin_skip_building_tests' from command line to 'False'
[0.180s] DEBUG:colcon.colcon_core.verb:Building package 'mechelangelo_perception' with the following arguments: {'ament_cmake_args': None, 'build_base': '/home/andy/git/MECHelangelo/build/mechelangelo_perception', 'catkin_cmake_args': None, 'catkin_skip_building_tests': False, 'cmake_args': None, 'cmake_clean_cache': False, 'cmake_clean_first': False, 'cmake_force_configure': False, 'cmake_target': None, 'cmake_target_skip_unavailable': False, 'install_base': '/home/andy/git/MECHelangelo/install/mechelangelo_perception', 'merge_install': False, 'path': '/home/andy/git/MECHelangelo/src/mechelangelo_perception', 'symlink_install': False, 'test_result_base': None}
[0.180s] INFO:colcon.colcon_core.executor:Executing jobs using 'parallel' executor
[0.181s] DEBUG:colcon.colcon_parallel_executor.executor.parallel:run_until_complete
[0.181s] INFO:colcon.colcon_ros.task.ament_python.build:Building ROS package in '/home/andy/git/MECHelangelo/src/mechelangelo_arm_control' with build type 'ament_python'
[0.182s] Level 1:colcon.colcon_core.shell:create_environment_hook('mechelangelo_arm_control', 'ament_prefix_path')
[0.183s] INFO:colcon.colcon_core.plugin_system:Skipping extension 'colcon_core.shell.bat': Not used on non-Windows systems
[0.183s] INFO:colcon.colcon_core.shell:Creating environment hook '/home/andy/git/MECHelangelo/install/mechelangelo_arm_control/share/mechelangelo_arm_control/hook/ament_prefix_path.ps1'
[0.183s] INFO:colcon.colcon_core.shell:Creating environment descriptor '/home/andy/git/MECHelangelo/install/mechelangelo_arm_control/share/mechelangelo_arm_control/hook/ament_prefix_path.dsv'
[0.183s] INFO:colcon.colcon_core.shell:Creating environment hook '/home/andy/git/MECHelangelo/install/mechelangelo_arm_control/share/mechelangelo_arm_control/hook/ament_prefix_path.sh'
[0.183s] INFO:colcon.colcon_core.shell:Skip shell extension 'powershell' for command environment: Not usable outside of PowerShell
[0.183s] DEBUG:colcon.colcon_core.shell:Skip shell extension 'dsv' for command environment
[0.185s] INFO:colcon.colcon_ros.task.ament_cmake.build:Building ROS package in '/home/andy/git/MECHelangelo/src/mechelangelo_base_hardware' with build type 'ament_cmake'
[0.185s] INFO:colcon.colcon_cmake.task.cmake.build:Building CMake package in '/home/andy/git/MECHelangelo/src/mechelangelo_base_hardware'
[0.185s] INFO:colcon.colcon_core.shell:Skip shell extension 'powershell' for command environment: Not usable outside of PowerShell
[0.185s] DEBUG:colcon.colcon_core.shell:Skip shell extension 'dsv' for command environment
[0.187s] INFO:colcon.colcon_ros.task.ament_cmake.build:Building ROS package in '/home/andy/git/MECHelangelo/src/mechelangelo_behaviour' with build type 'ament_cmake'
[0.187s] INFO:colcon.colcon_cmake.task.cmake.build:Building CMake package in '/home/andy/git/MECHelangelo/src/mechelangelo_behaviour'
[0.187s] INFO:colcon.colcon_core.shell:Skip shell extension 'powershell' for command environment: Not usable outside of PowerShell
[0.187s] DEBUG:colcon.colcon_core.shell:Skip shell extension 'dsv' for command environment
[0.188s] INFO:colcon.colcon_ros.task.ament_cmake.build:Building ROS package in '/home/andy/git/MECHelangelo/src/mechelangelo_bringup' with build type 'ament_cmake'
[0.188s] INFO:colcon.colcon_cmake.task.cmake.build:Building CMake package in '/home/andy/git/MECHelangelo/src/mechelangelo_bringup'
[0.188s] INFO:colcon.colcon_core.shell:Skip shell extension 'powershell' for command environment: Not usable outside of PowerShell
[0.188s] DEBUG:colcon.colcon_core.shell:Skip shell extension 'dsv' for command environment
[0.189s] INFO:colcon.colcon_ros.task.ament_cmake.build:Building ROS package in '/home/andy/git/MECHelangelo/src/mechelangelo_description' with build type 'ament_cmake'
[0.189s] INFO:colcon.colcon_cmake.task.cmake.build:Building CMake package in '/home/andy/git/MECHelangelo/src/mechelangelo_description'
[0.190s] INFO:colcon.colcon_core.shell:Skip shell extension 'powershell' for command environment: Not usable outside of PowerShell
[0.190s] DEBUG:colcon.colcon_core.shell:Skip shell extension 'dsv' for command environment
[0.191s] INFO:colcon.colcon_ros.task.ament_cmake.build:Building ROS package in '/home/andy/git/MECHelangelo/src/mechelangelo_navigation' with build type 'ament_cmake'
[0.191s] INFO:colcon.colcon_cmake.task.cmake.build:Building CMake package in '/home/andy/git/MECHelangelo/src/mechelangelo_navigation'
[0.191s] INFO:colcon.colcon_core.shell:Skip shell extension 'powershell' for command environment: Not usable outside of PowerShell
[0.191s] DEBUG:colcon.colcon_core.shell:Skip shell extension 'dsv' for command environment
[0.192s] INFO:colcon.colcon_ros.task.ament_python.build:Building ROS package in '/home/andy/git/MECHelangelo/src/mechelangelo_perception' with build type 'ament_python'
[0.192s] Level 1:colcon.colcon_core.shell:create_environment_hook('mechelangelo_perception', 'ament_prefix_path')
[0.192s] INFO:colcon.colcon_core.shell:Creating environment hook '/home/andy/git/MECHelangelo/install/mechelangelo_perception/share/mechelangelo_perception/hook/ament_prefix_path.ps1'
[0.193s] INFO:colcon.colcon_core.shell:Creating environment descriptor '/home/andy/git/MECHelangelo/install/mechelangelo_perception/share/mechelangelo_perception/hook/ament_prefix_path.dsv'
[0.193s] INFO:colcon.colcon_core.shell:Creating environment hook '/home/andy/git/MECHelangelo/install/mechelangelo_perception/share/mechelangelo_perception/hook/ament_prefix_path.sh'
[0.193s] INFO:colcon.colcon_core.shell:Skip shell extension 'powershell' for command environment: Not usable outside of PowerShell
[0.193s] DEBUG:colcon.colcon_core.shell:Skip shell extension 'dsv' for command environment
[0.289s] INFO:colcon.colcon_core.task.python.build:Building Python package in '/home/andy/git/MECHelangelo/src/mechelangelo_arm_control'
[0.289s] INFO:colcon.colcon_core.shell:Skip shell extension 'powershell' for command environment: Not usable outside of PowerShell
[0.289s] DEBUG:colcon.colcon_core.shell:Skip shell extension 'dsv' for command environment
[0.294s] DEBUG:colcon.colcon_core.event_handler.log_command:Invoking command in '/home/andy/git/MECHelangelo/build/mechelangelo_base_hardware': CMAKE_PREFIX_PATH=/opt/ros/humble /usr/bin/cmake /home/andy/git/MECHelangelo/src/mechelangelo_base_hardware -DCMAKE_INSTALL_PREFIX=/home/andy/git/MECHelangelo/install/mechelangelo_base_hardware
[0.295s] DEBUG:colcon.colcon_core.event_handler.log_command:Invoking command in '/home/andy/git/MECHelangelo/build/mechelangelo_behaviour': CMAKE_PREFIX_PATH=/opt/ros/humble /usr/bin/cmake /home/andy/git/MECHelangelo/src/mechelangelo_behaviour -DCMAKE_INSTALL_PREFIX=/home/andy/git/MECHelangelo/install/mechelangelo_behaviour
[0.296s] DEBUG:colcon.colcon_core.event_handler.log_command:Invoking command in '/home/andy/git/MECHelangelo/build/mechelangelo_bringup': CMAKE_PREFIX_PATH=/opt/ros/humble /usr/bin/cmake /home/andy/git/MECHelangelo/src/mechelangelo_bringup -DCMAKE_INSTALL_PREFIX=/home/andy/git/MECHelangelo/install/mechelangelo_bringup
[0.297s] DEBUG:colcon.colcon_core.event_handler.log_command:Invoking command in '/home/andy/git/MECHelangelo/build/mechelangelo_description': CMAKE_PREFIX_PATH=/opt/ros/humble /usr/bin/cmake /home/andy/git/MECHelangelo/src/mechelangelo_description -DCMAKE_INSTALL_PREFIX=/home/andy/git/MECHelangelo/install/mechelangelo_description
[0.297s] DEBUG:colcon.colcon_core.event_handler.log_command:Invoking command in '/home/andy/git/MECHelangelo/build/mechelangelo_navigation': CMAKE_PREFIX_PATH=/opt/ros/humble /usr/bin/cmake /home/andy/git/MECHelangelo/src/mechelangelo_navigation -DCMAKE_INSTALL_PREFIX=/home/andy/git/MECHelangelo/install/mechelangelo_navigation
[0.410s] INFO:colcon.colcon_core.task.python.build:Building Python package in '/home/andy/git/MECHelangelo/src/mechelangelo_perception'
[0.410s] INFO:colcon.colcon_core.shell:Skip shell extension 'powershell' for command environment: Not usable outside of PowerShell
[0.410s] DEBUG:colcon.colcon_core.shell:Skip shell extension 'dsv' for command environment
[0.553s] DEBUG:colcon.colcon_core.event_handler.log_command:Invoked command in '/home/andy/git/MECHelangelo/build/mechelangelo_description' returned '0': CMAKE_PREFIX_PATH=/opt/ros/humble /usr/bin/cmake /home/andy/git/MECHelangelo/src/mechelangelo_description -DCMAKE_INSTALL_PREFIX=/home/andy/git/MECHelangelo/install/mechelangelo_description
[0.554s] DEBUG:colcon.colcon_core.event_handler.log_command:Invoking command in '/home/andy/git/MECHelangelo/build/mechelangelo_description': CMAKE_PREFIX_PATH=/opt/ros/humble /usr/bin/cmake --build /home/andy/git/MECHelangelo/build/mechelangelo_description -- -j32 -l32
[0.560s] DEBUG:colcon.colcon_core.event_handler.log_command:Invoking command in '/home/andy/git/MECHelangelo/src/mechelangelo_arm_control': PYTHONPATH=/home/andy/git/MECHelangelo/build/mechelangelo_arm_control/prefix_override:/usr/lib/python3/dist-packages/colcon_core/task/python/colcon_distutils_commands:/home/andy/git/MECHelangelo/install/mechelangelo_arm_control/lib/python3.10/site-packages:${PYTHONPATH} /usr/bin/python3 -W ignore:setup.py install is deprecated -W ignore:easy_install command is deprecated setup.py egg_info --egg-base ../../build/mechelangelo_arm_control build --build-base /home/andy/git/MECHelangelo/build/mechelangelo_arm_control/build install --record /home/andy/git/MECHelangelo/build/mechelangelo_arm_control/install.log --single-version-externally-managed install_data
[0.561s] DEBUG:colcon.colcon_core.event_handler.log_command:Invoked command in '/home/andy/git/MECHelangelo/build/mechelangelo_base_hardware' returned '0': CMAKE_PREFIX_PATH=/opt/ros/humble /usr/bin/cmake /home/andy/git/MECHelangelo/src/mechelangelo_base_hardware -DCMAKE_INSTALL_PREFIX=/home/andy/git/MECHelangelo/install/mechelangelo_base_hardware
[0.561s] DEBUG:colcon.colcon_core.event_handler.log_command:Invoking command in '/home/andy/git/MECHelangelo/build/mechelangelo_base_hardware': CMAKE_PREFIX_PATH=/opt/ros/humble /usr/bin/cmake --build /home/andy/git/MECHelangelo/build/mechelangelo_base_hardware -- -j32 -l32
[0.562s] DEBUG:colcon.colcon_core.event_handler.log_command:Invoked command in '/home/andy/git/MECHelangelo/build/mechelangelo_bringup' returned '0': CMAKE_PREFIX_PATH=/opt/ros/humble /usr/bin/cmake /home/andy/git/MECHelangelo/src/mechelangelo_bringup -DCMAKE_INSTALL_PREFIX=/home/andy/git/MECHelangelo/install/mechelangelo_bringup
[0.562s] DEBUG:colcon.colcon_core.event_handler.log_command:Invoking command in '/home/andy/git/MECHelangelo/build/mechelangelo_bringup': CMAKE_PREFIX_PATH=/opt/ros/humble /usr/bin/cmake --build /home/andy/git/MECHelangelo/build/mechelangelo_bringup -- -j32 -l32
[0.562s] DEBUG:colcon.colcon_core.event_handler.log_command:Invoked command in '/home/andy/git/MECHelangelo/build/mechelangelo_behaviour' returned '0': CMAKE_PREFIX_PATH=/opt/ros/humble /usr/bin/cmake /home/andy/git/MECHelangelo/src/mechelangelo_behaviour -DCMAKE_INSTALL_PREFIX=/home/andy/git/MECHelangelo/install/mechelangelo_behaviour
[0.563s] DEBUG:colcon.colcon_core.event_handler.log_command:Invoking command in '/home/andy/git/MECHelangelo/build/mechelangelo_behaviour': CMAKE_PREFIX_PATH=/opt/ros/humble /usr/bin/cmake --build /home/andy/git/MECHelangelo/build/mechelangelo_behaviour -- -j32 -l32
[0.563s] DEBUG:colcon.colcon_core.event_handler.log_command:Invoked command in '/home/andy/git/MECHelangelo/build/mechelangelo_navigation' returned '0': CMAKE_PREFIX_PATH=/opt/ros/humble /usr/bin/cmake /home/andy/git/MECHelangelo/src/mechelangelo_navigation -DCMAKE_INSTALL_PREFIX=/home/andy/git/MECHelangelo/install/mechelangelo_navigation
[0.564s] DEBUG:colcon.colcon_core.event_handler.log_command:Invoking command in '/home/andy/git/MECHelangelo/build/mechelangelo_navigation': CMAKE_PREFIX_PATH=/opt/ros/humble /usr/bin/cmake --build /home/andy/git/MECHelangelo/build/mechelangelo_navigation -- -j32 -l32
[0.566s] DEBUG:colcon.colcon_core.event_handler.log_command:Invoking command in '/home/andy/git/MECHelangelo/src/mechelangelo_perception': PYTHONPATH=/home/andy/git/MECHelangelo/build/mechelangelo_perception/prefix_override:/usr/lib/python3/dist-packages/colcon_core/task/python/colcon_distutils_commands:/home/andy/git/MECHelangelo/install/mechelangelo_perception/lib/python3.10/site-packages:${PYTHONPATH} /usr/bin/python3 -W ignore:setup.py install is deprecated -W ignore:easy_install command is deprecated setup.py egg_info --egg-base ../../build/mechelangelo_perception build --build-base /home/andy/git/MECHelangelo/build/mechelangelo_perception/build install --record /home/andy/git/MECHelangelo/build/mechelangelo_perception/install.log --single-version-externally-managed install_data
[0.571s] DEBUG:colcon.colcon_core.event_handler.log_command:Invoked command in '/home/andy/git/MECHelangelo/build/mechelangelo_description' returned '0': CMAKE_PREFIX_PATH=/opt/ros/humble /usr/bin/cmake --build /home/andy/git/MECHelangelo/build/mechelangelo_description -- -j32 -l32
[0.576s] DEBUG:colcon.colcon_core.event_handler.log_command:Invoking command in '/home/andy/git/MECHelangelo/build/mechelangelo_description': CMAKE_PREFIX_PATH=/opt/ros/humble /usr/bin/cmake --install /home/andy/git/MECHelangelo/build/mechelangelo_description
[0.579s] DEBUG:colcon.colcon_core.event_handler.log_command:Invoked command in '/home/andy/git/MECHelangelo/build/mechelangelo_base_hardware' returned '0': CMAKE_PREFIX_PATH=/opt/ros/humble /usr/bin/cmake --build /home/andy/git/MECHelangelo/build/mechelangelo_base_hardware -- -j32 -l32
[0.579s] DEBUG:colcon.colcon_core.event_handler.log_command:Invoking command in '/home/andy/git/MECHelangelo/build/mechelangelo_base_hardware': CMAKE_PREFIX_PATH=/opt/ros/humble /usr/bin/cmake --install /home/andy/git/MECHelangelo/build/mechelangelo_base_hardware
[0.581s] DEBUG:colcon.colcon_core.event_handler.log_command:Invoked command in '/home/andy/git/MECHelangelo/build/mechelangelo_bringup' returned '0': CMAKE_PREFIX_PATH=/opt/ros/humble /usr/bin/cmake --build /home/andy/git/MECHelangelo/build/mechelangelo_bringup -- -j32 -l32
[0.581s] DEBUG:colcon.colcon_core.event_handler.log_command:Invoking command in '/home/andy/git/MECHelangelo/build/mechelangelo_bringup': CMAKE_PREFIX_PATH=/opt/ros/humble /usr/bin/cmake --install /home/andy/git/MECHelangelo/build/mechelangelo_bringup
[0.581s] DEBUG:colcon.colcon_core.event_handler.log_command:Invoked command in '/home/andy/git/MECHelangelo/build/mechelangelo_behaviour' returned '0': CMAKE_PREFIX_PATH=/opt/ros/humble /usr/bin/cmake --build /home/andy/git/MECHelangelo/build/mechelangelo_behaviour -- -j32 -l32
[0.582s] DEBUG:colcon.colcon_core.event_handler.log_command:Invoking command in '/home/andy/git/MECHelangelo/build/mechelangelo_behaviour': CMAKE_PREFIX_PATH=/opt/ros/humble /usr/bin/cmake --install /home/andy/git/MECHelangelo/build/mechelangelo_behaviour
[0.583s] DEBUG:colcon.colcon_core.event_handler.log_command:Invoked command in '/home/andy/git/MECHelangelo/build/mechelangelo_navigation' returned '0': CMAKE_PREFIX_PATH=/opt/ros/humble /usr/bin/cmake --build /home/andy/git/MECHelangelo/build/mechelangelo_navigation -- -j32 -l32
[0.584s] Level 1:colcon.colcon_core.environment:create_environment_scripts_only(mechelangelo_base_hardware)
[0.584s] DEBUG:colcon.colcon_core.event_handler.log_command:Invoking command in '/home/andy/git/MECHelangelo/build/mechelangelo_navigation': CMAKE_PREFIX_PATH=/opt/ros/humble /usr/bin/cmake --install /home/andy/git/MECHelangelo/build/mechelangelo_navigation
[0.585s] DEBUG:colcon.colcon_core.event_handler.log_command:Invoked command in '/home/andy/git/MECHelangelo/build/mechelangelo_base_hardware' returned '0': CMAKE_PREFIX_PATH=/opt/ros/humble /usr/bin/cmake --install /home/andy/git/MECHelangelo/build/mechelangelo_base_hardware
[0.586s] Level 1:colcon.colcon_core.environment:checking '/home/andy/git/MECHelangelo/install/mechelangelo_base_hardware' for CMake module files
[0.587s] Level 1:colcon.colcon_core.environment:checking '/home/andy/git/MECHelangelo/install/mechelangelo_base_hardware' for CMake config files
[0.587s] Level 1:colcon.colcon_core.shell:create_environment_hook('mechelangelo_base_hardware', 'cmake_prefix_path')
[0.587s] INFO:colcon.colcon_core.shell:Creating environment hook '/home/andy/git/MECHelangelo/install/mechelangelo_base_hardware/share/mechelangelo_base_hardware/hook/cmake_prefix_path.ps1'
[0.588s] INFO:colcon.colcon_core.shell:Creating environment descriptor '/home/andy/git/MECHelangelo/install/mechelangelo_base_hardware/share/mechelangelo_base_hardware/hook/cmake_prefix_path.dsv'
[0.588s] INFO:colcon.colcon_core.shell:Creating environment hook '/home/andy/git/MECHelangelo/install/mechelangelo_base_hardware/share/mechelangelo_base_hardware/hook/cmake_prefix_path.sh'
[0.588s] Level 1:colcon.colcon_core.environment:checking '/home/andy/git/MECHelangelo/install/mechelangelo_base_hardware/bin'
[0.588s] Level 1:colcon.colcon_core.environment:checking '/home/andy/git/MECHelangelo/install/mechelangelo_base_hardware/lib/pkgconfig/mechelangelo_base_hardware.pc'
[0.588s] Level 1:colcon.colcon_core.environment:checking '/home/andy/git/MECHelangelo/install/mechelangelo_base_hardware/lib/python3.10/site-packages'
[0.588s] Level 1:colcon.colcon_core.environment:checking '/home/andy/git/MECHelangelo/install/mechelangelo_base_hardware/bin'
[0.589s] INFO:colcon.colcon_core.shell:Creating package script '/home/andy/git/MECHelangelo/install/mechelangelo_base_hardware/share/mechelangelo_base_hardware/package.ps1'
[0.589s] INFO:colcon.colcon_core.shell:Creating package descriptor '/home/andy/git/MECHelangelo/install/mechelangelo_base_hardware/share/mechelangelo_base_hardware/package.dsv'
[0.589s] INFO:colcon.colcon_core.shell:Creating package script '/home/andy/git/MECHelangelo/install/mechelangelo_base_hardware/share/mechelangelo_base_hardware/package.sh'
[0.589s] INFO:colcon.colcon_core.shell:Creating package script '/home/andy/git/MECHelangelo/install/mechelangelo_base_hardware/share/mechelangelo_base_hardware/package.bash'
[0.590s] INFO:colcon.colcon_core.shell:Creating package script '/home/andy/git/MECHelangelo/install/mechelangelo_base_hardware/share/mechelangelo_base_hardware/package.zsh'
[0.590s] Level 1:colcon.colcon_core.environment:create_file_with_runtime_dependencies(/home/andy/git/MECHelangelo/install/mechelangelo_base_hardware/share/colcon-core/packages/mechelangelo_base_hardware)
[0.590s] Level 1:colcon.colcon_core.environment:create_environment_scripts_only(mechelangelo_base_hardware)
[0.590s] Level 1:colcon.colcon_core.environment:checking '/home/andy/git/MECHelangelo/install/mechelangelo_base_hardware' for CMake module files
[0.591s] Level 1:colcon.colcon_core.environment:checking '/home/andy/git/MECHelangelo/install/mechelangelo_base_hardware' for CMake config files
[0.591s] Level 1:colcon.colcon_core.shell:create_environment_hook('mechelangelo_base_hardware', 'cmake_prefix_path')
[0.591s] INFO:colcon.colcon_core.shell:Creating environment hook '/home/andy/git/MECHelangelo/install/mechelangelo_base_hardware/share/mechelangelo_base_hardware/hook/cmake_prefix_path.ps1'
[0.591s] INFO:colcon.colcon_core.shell:Creating environment descriptor '/home/andy/git/MECHelangelo/install/mechelangelo_base_hardware/share/mechelangelo_base_hardware/hook/cmake_prefix_path.dsv'
[0.591s] INFO:colcon.colcon_core.shell:Creating environment hook '/home/andy/git/MECHelangelo/install/mechelangelo_base_hardware/share/mechelangelo_base_hardware/hook/cmake_prefix_path.sh'
[0.591s] Level 1:colcon.colcon_core.environment:checking '/home/andy/git/MECHelangelo/install/mechelangelo_base_hardware/bin'
[0.591s] Level 1:colcon.colcon_core.environment:checking '/home/andy/git/MECHelangelo/install/mechelangelo_base_hardware/lib/pkgconfig/mechelangelo_base_hardware.pc'
[0.591s] Level 1:colcon.colcon_core.environment:checking '/home/andy/git/MECHelangelo/install/mechelangelo_base_hardware/lib/python3.10/site-packages'
[0.592s] Level 1:colcon.colcon_core.environment:checking '/home/andy/git/MECHelangelo/install/mechelangelo_base_hardware/bin'
[0.592s] INFO:colcon.colcon_core.shell:Creating package script '/home/andy/git/MECHelangelo/install/mechelangelo_base_hardware/share/mechelangelo_base_hardware/package.ps1'
[0.592s] INFO:colcon.colcon_core.shell:Creating package descriptor '/home/andy/git/MECHelangelo/install/mechelangelo_base_hardware/share/mechelangelo_base_hardware/package.dsv'
[0.605s] INFO:colcon.colcon_core.shell:Creating package script '/home/andy/git/MECHelangelo/install/mechelangelo_base_hardware/share/mechelangelo_base_hardware/package.sh'
[0.605s] INFO:colcon.colcon_core.shell:Creating package script '/home/andy/git/MECHelangelo/install/mechelangelo_base_hardware/share/mechelangelo_base_hardware/package.bash'
[0.605s] INFO:colcon.colcon_core.shell:Creating package script '/home/andy/git/MECHelangelo/install/mechelangelo_base_hardware/share/mechelangelo_base_hardware/package.zsh'
[0.605s] Level 1:colcon.colcon_core.environment:create_file_with_runtime_dependencies(/home/andy/git/MECHelangelo/install/mechelangelo_base_hardware/share/colcon-core/packages/mechelangelo_base_hardware)
[0.606s] Level 1:colcon.colcon_core.environment:create_environment_scripts_only(mechelangelo_bringup)
[0.606s] Level 1:colcon.colcon_core.environment:checking '/home/andy/git/MECHelangelo/install/mechelangelo_bringup' for CMake module files
[0.607s] DEBUG:colcon.colcon_core.event_handler.log_command:Invoked command in '/home/andy/git/MECHelangelo/build/mechelangelo_bringup' returned '0': CMAKE_PREFIX_PATH=/opt/ros/humble /usr/bin/cmake --install /home/andy/git/MECHelangelo/build/mechelangelo_bringup
[0.607s] Level 1:colcon.colcon_core.environment:checking '/home/andy/git/MECHelangelo/install/mechelangelo_bringup' for CMake config files
[0.607s] Level 1:colcon.colcon_core.shell:create_environment_hook('mechelangelo_bringup', 'cmake_prefix_path')
[0.607s] INFO:colcon.colcon_core.shell:Creating environment hook '/home/andy/git/MECHelangelo/install/mechelangelo_bringup/share/mechelangelo_bringup/hook/cmake_prefix_path.ps1'
[0.607s] INFO:colcon.colcon_core.shell:Creating environment descriptor '/home/andy/git/MECHelangelo/install/mechelangelo_bringup/share/mechelangelo_bringup/hook/cmake_prefix_path.dsv'
[0.607s] INFO:colcon.colcon_core.shell:Creating environment hook '/home/andy/git/MECHelangelo/install/mechelangelo_bringup/share/mechelangelo_bringup/hook/cmake_prefix_path.sh'
[0.608s] Level 1:colcon.colcon_core.environment:checking '/home/andy/git/MECHelangelo/install/mechelangelo_bringup/bin'
[0.608s] Level 1:colcon.colcon_core.environment:checking '/home/andy/git/MECHelangelo/install/mechelangelo_bringup/lib/pkgconfig/mechelangelo_bringup.pc'
[0.608s] Level 1:colcon.colcon_core.environment:checking '/home/andy/git/MECHelangelo/install/mechelangelo_bringup/lib/python3.10/site-packages'
[0.608s] Level 1:colcon.colcon_core.environment:checking '/home/andy/git/MECHelangelo/install/mechelangelo_bringup/bin'
[0.608s] INFO:colcon.colcon_core.shell:Creating package script '/home/andy/git/MECHelangelo/install/mechelangelo_bringup/share/mechelangelo_bringup/package.ps1'
[0.608s] INFO:colcon.colcon_core.shell:Creating package descriptor '/home/andy/git/MECHelangelo/install/mechelangelo_bringup/share/mechelangelo_bringup/package.dsv'
[0.609s] INFO:colcon.colcon_core.shell:Creating package script '/home/andy/git/MECHelangelo/install/mechelangelo_bringup/share/mechelangelo_bringup/package.sh'
[0.609s] INFO:colcon.colcon_core.shell:Creating package script '/home/andy/git/MECHelangelo/install/mechelangelo_bringup/share/mechelangelo_bringup/package.bash'
[0.609s] INFO:colcon.colcon_core.shell:Creating package script '/home/andy/git/MECHelangelo/install/mechelangelo_bringup/share/mechelangelo_bringup/package.zsh'
[0.609s] Level 1:colcon.colcon_core.environment:create_file_with_runtime_dependencies(/home/andy/git/MECHelangelo/install/mechelangelo_bringup/share/colcon-core/packages/mechelangelo_bringup)
[0.609s] Level 1:colcon.colcon_core.environment:create_environment_scripts_only(mechelangelo_bringup)
[0.609s] Level 1:colcon.colcon_core.environment:checking '/home/andy/git/MECHelangelo/install/mechelangelo_bringup' for CMake module files
[0.610s] Level 1:colcon.colcon_core.environment:checking '/home/andy/git/MECHelangelo/install/mechelangelo_bringup' for CMake config files
[0.610s] Level 1:colcon.colcon_core.shell:create_environment_hook('mechelangelo_bringup', 'cmake_prefix_path')
[0.610s] INFO:colcon.colcon_core.shell:Creating environment hook '/home/andy/git/MECHelangelo/install/mechelangelo_bringup/share/mechelangelo_bringup/hook/cmake_prefix_path.ps1'
[0.610s] INFO:colcon.colcon_core.shell:Creating environment descriptor '/home/andy/git/MECHelangelo/install/mechelangelo_bringup/share/mechelangelo_bringup/hook/cmake_prefix_path.dsv'
[0.610s] INFO:colcon.colcon_core.shell:Creating environment hook '/home/andy/git/MECHelangelo/install/mechelangelo_bringup/share/mechelangelo_bringup/hook/cmake_prefix_path.sh'
[0.611s] Level 1:colcon.colcon_core.environment:checking '/home/andy/git/MECHelangelo/install/mechelangelo_bringup/bin'
[0.611s] Level 1:colcon.colcon_core.environment:checking '/home/andy/git/MECHelangelo/install/mechelangelo_bringup/lib/pkgconfig/mechelangelo_bringup.pc'
[0.611s] Level 1:colcon.colcon_core.environment:checking '/home/andy/git/MECHelangelo/install/mechelangelo_bringup/lib/python3.10/site-packages'
[0.611s] Level 1:colcon.colcon_core.environment:checking '/home/andy/git/MECHelangelo/install/mechelangelo_bringup/bin'
[0.611s] INFO:colcon.colcon_core.shell:Creating package script '/home/andy/git/MECHelangelo/install/mechelangelo_bringup/share/mechelangelo_bringup/package.ps1'
[0.611s] INFO:colcon.colcon_core.shell:Creating package descriptor '/home/andy/git/MECHelangelo/install/mechelangelo_bringup/share/mechelangelo_bringup/package.dsv'
[0.611s] INFO:colcon.colcon_core.shell:Creating package script '/home/andy/git/MECHelangelo/install/mechelangelo_bringup/share/mechelangelo_bringup/package.sh'
[0.612s] INFO:colcon.colcon_core.shell:Creating package script '/home/andy/git/MECHelangelo/install/mechelangelo_bringup/share/mechelangelo_bringup/package.bash'
[0.612s] INFO:colcon.colcon_core.shell:Creating package script '/home/andy/git/MECHelangelo/install/mechelangelo_bringup/share/mechelangelo_bringup/package.zsh'
[0.612s] Level 1:colcon.colcon_core.environment:create_file_with_runtime_dependencies(/home/andy/git/MECHelangelo/install/mechelangelo_bringup/share/colcon-core/packages/mechelangelo_bringup)
[0.612s] Level 1:colcon.colcon_core.environment:create_environment_scripts_only(mechelangelo_navigation)
[0.612s] Level 1:colcon.colcon_core.environment:checking '/home/andy/git/MECHelangelo/install/mechelangelo_navigation' for CMake module files
[0.613s] DEBUG:colcon.colcon_core.event_handler.log_command:Invoked command in '/home/andy/git/MECHelangelo/build/mechelangelo_navigation' returned '0': CMAKE_PREFIX_PATH=/opt/ros/humble /usr/bin/cmake --install /home/andy/git/MECHelangelo/build/mechelangelo_navigation
[0.613s] Level 1:colcon.colcon_core.environment:checking '/home/andy/git/MECHelangelo/install/mechelangelo_navigation' for CMake config files
[0.613s] Level 1:colcon.colcon_core.shell:create_environment_hook('mechelangelo_navigation', 'cmake_prefix_path')
[0.613s] INFO:colcon.colcon_core.shell:Creating environment hook '/home/andy/git/MECHelangelo/install/mechelangelo_navigation/share/mechelangelo_navigation/hook/cmake_prefix_path.ps1'
[0.613s] INFO:colcon.colcon_core.shell:Creating environment descriptor '/home/andy/git/MECHelangelo/install/mechelangelo_navigation/share/mechelangelo_navigation/hook/cmake_prefix_path.dsv'
[0.613s] INFO:colcon.colcon_core.shell:Creating environment hook '/home/andy/git/MECHelangelo/install/mechelangelo_navigation/share/mechelangelo_navigation/hook/cmake_prefix_path.sh'
[0.614s] Level 1:colcon.colcon_core.environment:checking '/home/andy/git/MECHelangelo/install/mechelangelo_navigation/bin'
[0.614s] Level 1:colcon.colcon_core.environment:checking '/home/andy/git/MECHelangelo/install/mechelangelo_navigation/lib/pkgconfig/mechelangelo_navigation.pc'
[0.614s] Level 1:colcon.colcon_core.environment:checking '/home/andy/git/MECHelangelo/install/mechelangelo_navigation/lib/python3.10/site-packages'
[0.614s] Level 1:colcon.colcon_core.environment:checking '/home/andy/git/MECHelangelo/install/mechelangelo_navigation/bin'
[0.614s] INFO:colcon.colcon_core.shell:Creating package script '/home/andy/git/MECHelangelo/install/mechelangelo_navigation/share/mechelangelo_navigation/package.ps1'
[0.614s] INFO:colcon.colcon_core.shell:Creating package descriptor '/home/andy/git/MECHelangelo/install/mechelangelo_navigation/share/mechelangelo_navigation/package.dsv'
[0.614s] INFO:colcon.colcon_core.shell:Creating package script '/home/andy/git/MECHelangelo/install/mechelangelo_navigation/share/mechelangelo_navigation/package.sh'
[0.614s] INFO:colcon.colcon_core.shell:Creating package script '/home/andy/git/MECHelangelo/install/mechelangelo_navigation/share/mechelangelo_navigation/package.bash'
[0.615s] INFO:colcon.colcon_core.shell:Creating package script '/home/andy/git/MECHelangelo/install/mechelangelo_navigation/share/mechelangelo_navigation/package.zsh'
[0.615s] Level 1:colcon.colcon_core.environment:create_file_with_runtime_dependencies(/home/andy/git/MECHelangelo/install/mechelangelo_navigation/share/colcon-core/packages/mechelangelo_navigation)
[0.615s] Level 1:colcon.colcon_core.environment:create_environment_scripts_only(mechelangelo_navigation)
[0.615s] Level 1:colcon.colcon_core.environment:checking '/home/andy/git/MECHelangelo/install/mechelangelo_navigation' for CMake module files
[0.615s] Level 1:colcon.colcon_core.environment:checking '/home/andy/git/MECHelangelo/install/mechelangelo_navigation' for CMake config files
[0.615s] Level 1:colcon.colcon_core.shell:create_environment_hook('mechelangelo_navigation', 'cmake_prefix_path')
[0.615s] INFO:colcon.colcon_core.shell:Creating environment hook '/home/andy/git/MECHelangelo/install/mechelangelo_navigation/share/mechelangelo_navigation/hook/cmake_prefix_path.ps1'
[0.615s] INFO:colcon.colcon_core.shell:Creating environment descriptor '/home/andy/git/MECHelangelo/install/mechelangelo_navigation/share/mechelangelo_navigation/hook/cmake_prefix_path.dsv'
[0.616s] INFO:colcon.colcon_core.shell:Creating environment hook '/home/andy/git/MECHelangelo/install/mechelangelo_navigation/share/mechelangelo_navigation/hook/cmake_prefix_path.sh'
[0.616s] Level 1:colcon.colcon_core.environment:checking '/home/andy/git/MECHelangelo/install/mechelangelo_navigation/bin'
[0.616s] Level 1:colcon.colcon_core.environment:checking '/home/andy/git/MECHelangelo/install/mechelangelo_navigation/lib/pkgconfig/mechelangelo_navigation.pc'
[0.616s] Level 1:colcon.colcon_core.environment:checking '/home/andy/git/MECHelangelo/install/mechelangelo_navigation/lib/python3.10/site-packages'
[0.616s] Level 1:colcon.colcon_core.environment:checking '/home/andy/git/MECHelangelo/install/mechelangelo_navigation/bin'
[0.616s] INFO:colcon.colcon_core.shell:Creating package script '/home/andy/git/MECHelangelo/install/mechelangelo_navigation/share/mechelangelo_navigation/package.ps1'
[0.616s] INFO:colcon.colcon_core.shell:Creating package descriptor '/home/andy/git/MECHelangelo/install/mechelangelo_navigation/share/mechelangelo_navigation/package.dsv'
[0.616s] INFO:colcon.colcon_core.shell:Creating package script '/home/andy/git/MECHelangelo/install/mechelangelo_navigation/share/mechelangelo_navigation/package.sh'
[0.617s] INFO:colcon.colcon_core.shell:Creating package script '/home/andy/git/MECHelangelo/install/mechelangelo_navigation/share/mechelangelo_navigation/package.bash'
[0.617s] INFO:colcon.colcon_core.shell:Creating package script '/home/andy/git/MECHelangelo/install/mechelangelo_navigation/share/mechelangelo_navigation/package.zsh'
[0.617s] Level 1:colcon.colcon_core.environment:create_file_with_runtime_dependencies(/home/andy/git/MECHelangelo/install/mechelangelo_navigation/share/colcon-core/packages/mechelangelo_navigation)
[0.617s] Level 1:colcon.colcon_core.environment:create_environment_scripts_only(mechelangelo_description)
[0.617s] Level 1:colcon.colcon_core.environment:checking '/home/andy/git/MECHelangelo/install/mechelangelo_description' for CMake module files
[0.618s] DEBUG:colcon.colcon_core.event_handler.log_command:Invoked command in '/home/andy/git/MECHelangelo/build/mechelangelo_description' returned '0': CMAKE_PREFIX_PATH=/opt/ros/humble /usr/bin/cmake --install /home/andy/git/MECHelangelo/build/mechelangelo_description
[0.618s] Level 1:colcon.colcon_core.environment:checking '/home/andy/git/MECHelangelo/install/mechelangelo_description' for CMake config files
[0.618s] Level 1:colcon.colcon_core.shell:create_environment_hook('mechelangelo_description', 'cmake_prefix_path')
[0.618s] INFO:colcon.colcon_core.shell:Creating environment hook '/home/andy/git/MECHelangelo/install/mechelangelo_description/share/mechelangelo_description/hook/cmake_prefix_path.ps1'
[0.618s] INFO:colcon.colcon_core.shell:Creating environment descriptor '/home/andy/git/MECHelangelo/install/mechelangelo_description/share/mechelangelo_description/hook/cmake_prefix_path.dsv'
[0.618s] INFO:colcon.colcon_core.shell:Creating environment hook '/home/andy/git/MECHelangelo/install/mechelangelo_description/share/mechelangelo_description/hook/cmake_prefix_path.sh'
[0.618s] Level 1:colcon.colcon_core.environment:checking '/home/andy/git/MECHelangelo/install/mechelangelo_description/bin'
[0.618s] Level 1:colcon.colcon_core.environment:checking '/home/andy/git/MECHelangelo/install/mechelangelo_description/lib/pkgconfig/mechelangelo_description.pc'
[0.618s] Level 1:colcon.colcon_core.environment:checking '/home/andy/git/MECHelangelo/install/mechelangelo_description/lib/python3.10/site-packages'
[0.618s] Level 1:colcon.colcon_core.environment:checking '/home/andy/git/MECHelangelo/install/mechelangelo_description/bin'
[0.619s] INFO:colcon.colcon_core.shell:Creating package script '/home/andy/git/MECHelangelo/install/mechelangelo_description/share/mechelangelo_description/package.ps1'
[0.619s] INFO:colcon.colcon_core.shell:Creating package descriptor '/home/andy/git/MECHelangelo/install/mechelangelo_description/share/mechelangelo_description/package.dsv'
[0.619s] INFO:colcon.colcon_core.shell:Creating package script '/home/andy/git/MECHelangelo/install/mechelangelo_description/share/mechelangelo_description/package.sh'
[0.619s] INFO:colcon.colcon_core.shell:Creating package script '/home/andy/git/MECHelangelo/install/mechelangelo_description/share/mechelangelo_description/package.bash'
[0.619s] INFO:colcon.colcon_core.shell:Creating package script '/home/andy/git/MECHelangelo/install/mechelangelo_description/share/mechelangelo_description/package.zsh'
[0.619s] Level 1:colcon.colcon_core.environment:create_file_with_runtime_dependencies(/home/andy/git/MECHelangelo/install/mechelangelo_description/share/colcon-core/packages/mechelangelo_description)
[0.620s] Level 1:colcon.colcon_core.environment:create_environment_scripts_only(mechelangelo_description)
[0.620s] Level 1:colcon.colcon_core.environment:checking '/home/andy/git/MECHelangelo/install/mechelangelo_description' for CMake module files
[0.620s] Level 1:colcon.colcon_core.environment:checking '/home/andy/git/MECHelangelo/install/mechelangelo_description' for CMake config files
[0.620s] Level 1:colcon.colcon_core.shell:create_environment_hook('mechelangelo_description', 'cmake_prefix_path')
[0.620s] INFO:colcon.colcon_core.shell:Creating environment hook '/home/andy/git/MECHelangelo/install/mechelangelo_description/share/mechelangelo_description/hook/cmake_prefix_path.ps1'
[0.620s] INFO:colcon.colcon_core.shell:Creating environment descriptor '/home/andy/git/MECHelangelo/install/mechelangelo_description/share/mechelangelo_description/hook/cmake_prefix_path.dsv'
[0.620s] INFO:colcon.colcon_core.shell:Creating environment hook '/home/andy/git/MECHelangelo/install/mechelangelo_description/share/mechelangelo_description/hook/cmake_prefix_path.sh'
[0.621s] Level 1:colcon.colcon_core.environment:checking '/home/andy/git/MECHelangelo/install/mechelangelo_description/bin'
[0.621s] Level 1:colcon.colcon_core.environment:checking '/home/andy/git/MECHelangelo/install/mechelangelo_description/lib/pkgconfig/mechelangelo_description.pc'
[0.621s] Level 1:colcon.colcon_core.environment:checking '/home/andy/git/MECHelangelo/install/mechelangelo_description/lib/python3.10/site-packages'
[0.621s] Level 1:colcon.colcon_core.environment:checking '/home/andy/git/MECHelangelo/install/mechelangelo_description/bin'
[0.621s] INFO:colcon.colcon_core.shell:Creating package script '/home/andy/git/MECHelangelo/install/mechelangelo_description/share/mechelangelo_description/package.ps1'
[0.621s] INFO:colcon.colcon_core.shell:Creating package descriptor '/home/andy/git/MECHelangelo/install/mechelangelo_description/share/mechelangelo_description/package.dsv'
[0.621s] INFO:colcon.colcon_core.shell:Creating package script '/home/andy/git/MECHelangelo/install/mechelangelo_description/share/mechelangelo_description/package.sh'
[0.622s] INFO:colcon.colcon_core.shell:Creating package script '/home/andy/git/MECHelangelo/install/mechelangelo_description/share/mechelangelo_description/package.bash'
[0.622s] INFO:colcon.colcon_core.shell:Creating package script '/home/andy/git/MECHelangelo/install/mechelangelo_description/share/mechelangelo_description/package.zsh'
[0.622s] Level 1:colcon.colcon_core.environment:create_file_with_runtime_dependencies(/home/andy/git/MECHelangelo/install/mechelangelo_description/share/colcon-core/packages/mechelangelo_description)
[0.622s] Level 1:colcon.colcon_core.environment:create_environment_scripts_only(mechelangelo_behaviour)
[0.622s] Level 1:colcon.colcon_core.environment:checking '/home/andy/git/MECHelangelo/install/mechelangelo_behaviour' for CMake module files
[0.623s] DEBUG:colcon.colcon_core.event_handler.log_command:Invoked command in '/home/andy/git/MECHelangelo/build/mechelangelo_behaviour' returned '0': CMAKE_PREFIX_PATH=/opt/ros/humble /usr/bin/cmake --install /home/andy/git/MECHelangelo/build/mechelangelo_behaviour
[0.623s] Level 1:colcon.colcon_core.environment:checking '/home/andy/git/MECHelangelo/install/mechelangelo_behaviour' for CMake config files
[0.623s] Level 1:colcon.colcon_core.shell:create_environment_hook('mechelangelo_behaviour', 'cmake_prefix_path')
[0.623s] INFO:colcon.colcon_core.shell:Creating environment hook '/home/andy/git/MECHelangelo/install/mechelangelo_behaviour/share/mechelangelo_behaviour/hook/cmake_prefix_path.ps1'
[0.623s] INFO:colcon.colcon_core.shell:Creating environment descriptor '/home/andy/git/MECHelangelo/install/mechelangelo_behaviour/share/mechelangelo_behaviour/hook/cmake_prefix_path.dsv'
[0.623s] INFO:colcon.colcon_core.shell:Creating environment hook '/home/andy/git/MECHelangelo/install/mechelangelo_behaviour/share/mechelangelo_behaviour/hook/cmake_prefix_path.sh'
[0.623s] Level 1:colcon.colcon_core.environment:checking '/home/andy/git/MECHelangelo/install/mechelangelo_behaviour/bin'
[0.623s] Level 1:colcon.colcon_core.environment:checking '/home/andy/git/MECHelangelo/install/mechelangelo_behaviour/lib/pkgconfig/mechelangelo_behaviour.pc'
[0.623s] Level 1:colcon.colcon_core.environment:checking '/home/andy/git/MECHelangelo/install/mechelangelo_behaviour/lib/python3.10/site-packages'
[0.624s] Level 1:colcon.colcon_core.environment:checking '/home/andy/git/MECHelangelo/install/mechelangelo_behaviour/bin'
[0.624s] INFO:colcon.colcon_core.shell:Creating package script '/home/andy/git/MECHelangelo/install/mechelangelo_behaviour/share/mechelangelo_behaviour/package.ps1'
[0.624s] INFO:colcon.colcon_core.shell:Creating package descriptor '/home/andy/git/MECHelangelo/install/mechelangelo_behaviour/share/mechelangelo_behaviour/package.dsv'
[0.624s] INFO:colcon.colcon_core.shell:Creating package script '/home/andy/git/MECHelangelo/install/mechelangelo_behaviour/share/mechelangelo_behaviour/package.sh'
[0.624s] INFO:colcon.colcon_core.shell:Creating package script '/home/andy/git/MECHelangelo/install/mechelangelo_behaviour/share/mechelangelo_behaviour/package.bash'
[0.624s] INFO:colcon.colcon_core.shell:Creating package script '/home/andy/git/MECHelangelo/install/mechelangelo_behaviour/share/mechelangelo_behaviour/package.zsh'
[0.624s] Level 1:colcon.colcon_core.environment:create_file_with_runtime_dependencies(/home/andy/git/MECHelangelo/install/mechelangelo_behaviour/share/colcon-core/packages/mechelangelo_behaviour)
[0.625s] Level 1:colcon.colcon_core.environment:create_environment_scripts_only(mechelangelo_behaviour)
[0.625s] Level 1:colcon.colcon_core.environment:checking '/home/andy/git/MECHelangelo/install/mechelangelo_behaviour' for CMake module files
[0.625s] Level 1:colcon.colcon_core.environment:checking '/home/andy/git/MECHelangelo/install/mechelangelo_behaviour' for CMake config files
[0.625s] Level 1:colcon.colcon_core.shell:create_environment_hook('mechelangelo_behaviour', 'cmake_prefix_path')
[0.625s] INFO:colcon.colcon_core.shell:Creating environment hook '/home/andy/git/MECHelangelo/install/mechelangelo_behaviour/share/mechelangelo_behaviour/hook/cmake_prefix_path.ps1'
[0.625s] INFO:colcon.colcon_core.shell:Creating environment descriptor '/home/andy/git/MECHelangelo/install/mechelangelo_behaviour/share/mechelangelo_behaviour/hook/cmake_prefix_path.dsv'
[0.625s] INFO:colcon.colcon_core.shell:Creating environment hook '/home/andy/git/MECHelangelo/install/mechelangelo_behaviour/share/mechelangelo_behaviour/hook/cmake_prefix_path.sh'
[0.626s] Level 1:colcon.colcon_core.environment:checking '/home/andy/git/MECHelangelo/install/mechelangelo_behaviour/bin'
[0.626s] Level 1:colcon.colcon_core.environment:checking '/home/andy/git/MECHelangelo/install/mechelangelo_behaviour/lib/pkgconfig/mechelangelo_behaviour.pc'
[0.626s] Level 1:colcon.colcon_core.environment:checking '/home/andy/git/MECHelangelo/install/mechelangelo_behaviour/lib/python3.10/site-packages'
[0.626s] Level 1:colcon.colcon_core.environment:checking '/home/andy/git/MECHelangelo/install/mechelangelo_behaviour/bin'
[0.626s] INFO:colcon.colcon_core.shell:Creating package script '/home/andy/git/MECHelangelo/install/mechelangelo_behaviour/share/mechelangelo_behaviour/package.ps1'
[0.626s] INFO:colcon.colcon_core.shell:Creating package descriptor '/home/andy/git/MECHelangelo/install/mechelangelo_behaviour/share/mechelangelo_behaviour/package.dsv'
[0.626s] INFO:colcon.colcon_core.shell:Creating package script '/home/andy/git/MECHelangelo/install/mechelangelo_behaviour/share/mechelangelo_behaviour/package.sh'
[0.626s] INFO:colcon.colcon_core.shell:Creating package script '/home/andy/git/MECHelangelo/install/mechelangelo_behaviour/share/mechelangelo_behaviour/package.bash'
[0.627s] INFO:colcon.colcon_core.shell:Creating package script '/home/andy/git/MECHelangelo/install/mechelangelo_behaviour/share/mechelangelo_behaviour/package.zsh'
[0.627s] Level 1:colcon.colcon_core.environment:create_file_with_runtime_dependencies(/home/andy/git/MECHelangelo/install/mechelangelo_behaviour/share/colcon-core/packages/mechelangelo_behaviour)
[0.690s] Level 1:colcon.colcon_core.environment:checking '/home/andy/git/MECHelangelo/install/mechelangelo_arm_control' for CMake module files
[0.690s] DEBUG:colcon.colcon_core.event_handler.log_command:Invoked command in '/home/andy/git/MECHelangelo/src/mechelangelo_arm_control' returned '0': PYTHONPATH=/home/andy/git/MECHelangelo/build/mechelangelo_arm_control/prefix_override:/usr/lib/python3/dist-packages/colcon_core/task/python/colcon_distutils_commands:/home/andy/git/MECHelangelo/install/mechelangelo_arm_control/lib/python3.10/site-packages:${PYTHONPATH} /usr/bin/python3 -W ignore:setup.py install is deprecated -W ignore:easy_install command is deprecated setup.py egg_info --egg-base ../../build/mechelangelo_arm_control build --build-base /home/andy/git/MECHelangelo/build/mechelangelo_arm_control/build install --record /home/andy/git/MECHelangelo/build/mechelangelo_arm_control/install.log --single-version-externally-managed install_data
[0.690s] Level 1:colcon.colcon_core.environment:checking '/home/andy/git/MECHelangelo/install/mechelangelo_arm_control' for CMake config files
[0.691s] Level 1:colcon.colcon_core.environment:checking '/home/andy/git/MECHelangelo/install/mechelangelo_arm_control/lib'
[0.691s] Level 1:colcon.colcon_core.environment:checking '/home/andy/git/MECHelangelo/install/mechelangelo_arm_control/bin'
[0.692s] Level 1:colcon.colcon_core.environment:checking '/home/andy/git/MECHelangelo/install/mechelangelo_arm_control/lib/pkgconfig/mechelangelo_arm_control.pc'
[0.692s] Level 1:colcon.colcon_core.environment:checking '/home/andy/git/MECHelangelo/install/mechelangelo_arm_control/lib/python3.10/site-packages'
[0.692s] Level 1:colcon.colcon_core.shell:create_environment_hook('mechelangelo_arm_control', 'pythonpath')
[0.692s] INFO:colcon.colcon_core.shell:Creating environment hook '/home/andy/git/MECHelangelo/install/mechelangelo_arm_control/share/mechelangelo_arm_control/hook/pythonpath.ps1'
[0.692s] INFO:colcon.colcon_core.shell:Creating environment descriptor '/home/andy/git/MECHelangelo/install/mechelangelo_arm_control/share/mechelangelo_arm_control/hook/pythonpath.dsv'
[0.692s] INFO:colcon.colcon_core.shell:Creating environment hook '/home/andy/git/MECHelangelo/install/mechelangelo_arm_control/share/mechelangelo_arm_control/hook/pythonpath.sh'
[0.692s] Level 1:colcon.colcon_core.environment:checking '/home/andy/git/MECHelangelo/install/mechelangelo_arm_control/bin'
[0.692s] Level 1:colcon.colcon_core.environment:create_environment_scripts_only(mechelangelo_arm_control)
[0.693s] INFO:colcon.colcon_core.shell:Creating package script '/home/andy/git/MECHelangelo/install/mechelangelo_arm_control/share/mechelangelo_arm_control/package.ps1'
[0.693s] INFO:colcon.colcon_core.shell:Creating package descriptor '/home/andy/git/MECHelangelo/install/mechelangelo_arm_control/share/mechelangelo_arm_control/package.dsv'
[0.693s] INFO:colcon.colcon_core.shell:Creating package script '/home/andy/git/MECHelangelo/install/mechelangelo_arm_control/share/mechelangelo_arm_control/package.sh'
[0.693s] INFO:colcon.colcon_core.shell:Creating package script '/home/andy/git/MECHelangelo/install/mechelangelo_arm_control/share/mechelangelo_arm_control/package.bash'
[0.693s] INFO:colcon.colcon_core.shell:Creating package script '/home/andy/git/MECHelangelo/install/mechelangelo_arm_control/share/mechelangelo_arm_control/package.zsh'
[0.693s] Level 1:colcon.colcon_core.environment:create_file_with_runtime_dependencies(/home/andy/git/MECHelangelo/install/mechelangelo_arm_control/share/colcon-core/packages/mechelangelo_arm_control)
[0.695s] Level 1:colcon.colcon_core.environment:checking '/home/andy/git/MECHelangelo/install/mechelangelo_perception' for CMake module files
[0.696s] DEBUG:colcon.colcon_core.event_handler.log_command:Invoked command in '/home/andy/git/MECHelangelo/src/mechelangelo_perception' returned '0': PYTHONPATH=/home/andy/git/MECHelangelo/build/mechelangelo_perception/prefix_override:/usr/lib/python3/dist-packages/colcon_core/task/python/colcon_distutils_commands:/home/andy/git/MECHelangelo/install/mechelangelo_perception/lib/python3.10/site-packages:${PYTHONPATH} /usr/bin/python3 -W ignore:setup.py install is deprecated -W ignore:easy_install command is deprecated setup.py egg_info --egg-base ../../build/mechelangelo_perception build --build-base /home/andy/git/MECHelangelo/build/mechelangelo_perception/build install --record /home/andy/git/MECHelangelo/build/mechelangelo_perception/install.log --single-version-externally-managed install_data
[0.696s] Level 1:colcon.colcon_core.environment:checking '/home/andy/git/MECHelangelo/install/mechelangelo_perception' for CMake config files
[0.696s] Level 1:colcon.colcon_core.environment:checking '/home/andy/git/MECHelangelo/install/mechelangelo_perception/lib'
[0.696s] Level 1:colcon.colcon_core.environment:checking '/home/andy/git/MECHelangelo/install/mechelangelo_perception/bin'
[0.696s] Level 1:colcon.colcon_core.environment:checking '/home/andy/git/MECHelangelo/install/mechelangelo_perception/lib/pkgconfig/mechelangelo_perception.pc'
[0.696s] Level 1:colcon.colcon_core.environment:checking '/home/andy/git/MECHelangelo/install/mechelangelo_perception/lib/python3.10/site-packages'
[0.696s] Level 1:colcon.colcon_core.shell:create_environment_hook('mechelangelo_perception', 'pythonpath')
[0.696s] INFO:colcon.colcon_core.shell:Creating environment hook '/home/andy/git/MECHelangelo/install/mechelangelo_perception/share/mechelangelo_perception/hook/pythonpath.ps1'
[0.697s] INFO:colcon.colcon_core.shell:Creating environment descriptor '/home/andy/git/MECHelangelo/install/mechelangelo_perception/share/mechelangelo_perception/hook/pythonpath.dsv'
[0.697s] INFO:colcon.colcon_core.shell:Creating environment hook '/home/andy/git/MECHelangelo/install/mechelangelo_perception/share/mechelangelo_perception/hook/pythonpath.sh'
[0.697s] Level 1:colcon.colcon_core.environment:checking '/home/andy/git/MECHelangelo/install/mechelangelo_perception/bin'
[0.697s] Level 1:colcon.colcon_core.environment:create_environment_scripts_only(mechelangelo_perception)
[0.697s] INFO:colcon.colcon_core.shell:Creating package script '/home/andy/git/MECHelangelo/install/mechelangelo_perception/share/mechelangelo_perception/package.ps1'
[0.698s] INFO:colcon.colcon_core.shell:Creating package descriptor '/home/andy/git/MECHelangelo/install/mechelangelo_perception/share/mechelangelo_perception/package.dsv'
[0.698s] INFO:colcon.colcon_core.shell:Creating package script '/home/andy/git/MECHelangelo/install/mechelangelo_perception/share/mechelangelo_perception/package.sh'
[0.698s] INFO:colcon.colcon_core.shell:Creating package script '/home/andy/git/MECHelangelo/install/mechelangelo_perception/share/mechelangelo_perception/package.bash'
[0.698s] INFO:colcon.colcon_core.shell:Creating package script '/home/andy/git/MECHelangelo/install/mechelangelo_perception/share/mechelangelo_perception/package.zsh'
[0.698s] Level 1:colcon.colcon_core.environment:create_file_with_runtime_dependencies(/home/andy/git/MECHelangelo/install/mechelangelo_perception/share/colcon-core/packages/mechelangelo_perception)
[0.698s] DEBUG:colcon.colcon_parallel_executor.executor.parallel:closing loop
[0.698s] DEBUG:colcon.colcon_parallel_executor.executor.parallel:loop closed
[0.698s] DEBUG:colcon.colcon_parallel_executor.executor.parallel:run_until_complete finished with '0'
[0.698s] DEBUG:colcon.colcon_core.event_reactor:joining thread
[0.701s] INFO:colcon.colcon_core.plugin_system:Skipping extension 'colcon_notification.desktop_notification.terminal_notifier': Not used on non-Darwin systems
[0.701s] INFO:colcon.colcon_core.plugin_system:Skipping extension 'colcon_notification.desktop_notification.win32': Not used on non-Windows systems
[0.701s] INFO:colcon.colcon_notification.desktop_notification:Sending desktop notification using 'notify2'
[0.707s] DEBUG:colcon.colcon_core.event_reactor:joined thread
[0.707s] INFO:colcon.colcon_core.shell:Creating prefix script '/home/andy/git/MECHelangelo/install/local_setup.ps1'
[0.708s] INFO:colcon.colcon_core.shell:Creating prefix util module '/home/andy/git/MECHelangelo/install/_local_setup_util_ps1.py'
[0.708s] INFO:colcon.colcon_core.shell:Creating prefix chain script '/home/andy/git/MECHelangelo/install/setup.ps1'
[0.708s] INFO:colcon.colcon_core.shell:Creating prefix script '/home/andy/git/MECHelangelo/install/local_setup.sh'
[0.709s] INFO:colcon.colcon_core.shell:Creating prefix util module '/home/andy/git/MECHelangelo/install/_local_setup_util_sh.py'
[0.709s] INFO:colcon.colcon_core.shell:Creating prefix chain script '/home/andy/git/MECHelangelo/install/setup.sh'
[0.709s] INFO:colcon.colcon_core.shell:Creating prefix script '/home/andy/git/MECHelangelo/install/local_setup.bash'
[0.709s] INFO:colcon.colcon_core.shell:Creating prefix chain script '/home/andy/git/MECHelangelo/install/setup.bash'
[0.710s] INFO:colcon.colcon_core.shell:Creating prefix script '/home/andy/git/MECHelangelo/install/local_setup.zsh'
[0.710s] INFO:colcon.colcon_core.shell:Creating prefix chain script '/home/andy/git/MECHelangelo/install/setup.zsh'
