[0.121s] Invoking command in '/home/andy/git/MECHelangelo/build/mechelangelo_base_sim': CMAKE_PREFIX_PATH=${CMAKE_PREFIX_PATH}:/home/andy/git/MECHelangelo/install/mechelangelo_teleop:/home/andy/git/MECHelangelo/install/mechelangelo_perception:/home/andy/git/MECHelangelo/install/mechelangelo_arm_control:/opt/ros/humble /usr/bin/cmake /home/andy/git/MECHelangelo/src/mechelangelo_base_sim -DCMAKE_INSTALL_PREFIX=/home/andy/git/MECHelangelo/install/mechelangelo_base_sim
[0.347s] -- The C compiler identification is GNU 11.4.0
[0.347s] -- The CXX compiler identification is GNU 11.4.0
[0.347s] -- Detecting C compiler ABI info
[0.347s] -- Detecting C compiler ABI info - done
[0.347s] -- Check for working C compiler: /usr/bin/cc - skipped
[0.347s] -- Detecting C compile features
[0.347s] -- Detecting C compile features - done
[0.347s] -- Detecting CXX compiler ABI info
[0.347s] -- Detecting CXX compiler ABI info - done
[0.347s] -- Check for working CXX compiler: /usr/bin/c++ - skipped
[0.347s] -- Detecting CXX compile features
[0.347s] -- Detecting CXX compile features - done
[0.347s] -- Found ament_cmake: 1.3.14 (/opt/ros/humble/share/ament_cmake/cmake)
[0.366s] -- Found Python3: /usr/bin/python3 (found version "3.10.12") found components: Interpreter 
[0.414s] -- Found ament_lint_auto: 0.12.15 (/opt/ros/humble/share/ament_lint_auto/cmake)
[0.463s] -- Added test 'lint_cmake' to check CMake code style
[0.464s] -- Added test 'xmllint' to check XML markup files
[0.465s] -- Configuring done
[0.466s] -- Generating done
[0.467s] -- Build files have been written to: /home/andy/git/MECHelangelo/build/mechelangelo_base_sim
[0.472s] Invoked command in '/home/andy/git/MECHelangelo/build/mechelangelo_base_sim' returned '0': CMAKE_PREFIX_PATH=${CMAKE_PREFIX_PATH}:/home/andy/git/MECHelangelo/install/mechelangelo_teleop:/home/andy/git/MECHelangelo/install/mechelangelo_perception:/home/andy/git/MECHelangelo/install/mechelangelo_arm_control:/opt/ros/humble /usr/bin/cmake /home/andy/git/MECHelangelo/src/mechelangelo_base_sim -DCMAKE_INSTALL_PREFIX=/home/andy/git/MECHelangelo/install/mechelangelo_base_sim
[0.473s] Invoking command in '/home/andy/git/MECHelangelo/build/mechelangelo_base_sim': CMAKE_PREFIX_PATH=${CMAKE_PREFIX_PATH}:/home/andy/git/MECHelangelo/install/mechelangelo_teleop:/home/andy/git/MECHelangelo/install/mechelangelo_perception:/home/andy/git/MECHelangelo/install/mechelangelo_arm_control:/opt/ros/humble /usr/bin/cmake --build /home/andy/git/MECHelangelo/build/mechelangelo_base_sim -- -j32 -l32
[0.494s] Invoked command in '/home/andy/git/MECHelangelo/build/mechelangelo_base_sim' returned '0': CMAKE_PREFIX_PATH=${CMAKE_PREFIX_PATH}:/home/andy/git/MECHelangelo/install/mechelangelo_teleop:/home/andy/git/MECHelangelo/install/mechelangelo_perception:/home/andy/git/MECHelangelo/install/mechelangelo_arm_control:/opt/ros/humble /usr/bin/cmake --build /home/andy/git/MECHelangelo/build/mechelangelo_base_sim -- -j32 -l32
[0.495s] Invoking command in '/home/andy/git/MECHelangelo/build/mechelangelo_base_sim': CMAKE_PREFIX_PATH=${CMAKE_PREFIX_PATH}:/home/andy/git/MECHelangelo/install/mechelangelo_teleop:/home/andy/git/MECHelangelo/install/mechelangelo_perception:/home/andy/git/MECHelangelo/install/mechelangelo_arm_control:/opt/ros/humble /usr/bin/cmake --install /home/andy/git/MECHelangelo/build/mechelangelo_base_sim
[0.499s] -- Install configuration: ""
[0.499s] -- Installing: /home/andy/git/MECHelangelo/install/mechelangelo_base_sim/share/ament_index/resource_index/package_run_dependencies/mechelangelo_base_sim
[0.499s] -- Installing: /home/andy/git/MECHelangelo/install/mechelangelo_base_sim/share/ament_index/resource_index/parent_prefix_path/mechelangelo_base_sim
[0.499s] -- Installing: /home/andy/git/MECHelangelo/install/mechelangelo_base_sim/share/mechelangelo_base_sim/environment/ament_prefix_path.sh
[0.499s] -- Installing: /home/andy/git/MECHelangelo/install/mechelangelo_base_sim/share/mechelangelo_base_sim/environment/ament_prefix_path.dsv
[0.499s] -- Installing: /home/andy/git/MECHelangelo/install/mechelangelo_base_sim/share/mechelangelo_base_sim/environment/path.sh
[0.499s] -- Installing: /home/andy/git/MECHelangelo/install/mechelangelo_base_sim/share/mechelangelo_base_sim/environment/path.dsv
[0.499s] -- Installing: /home/andy/git/MECHelangelo/install/mechelangelo_base_sim/share/mechelangelo_base_sim/local_setup.bash
[0.499s] -- Installing: /home/andy/git/MECHelangelo/install/mechelangelo_base_sim/share/mechelangelo_base_sim/local_setup.sh
[0.499s] -- Installing: /home/andy/git/MECHelangelo/install/mechelangelo_base_sim/share/mechelangelo_base_sim/local_setup.zsh
[0.499s] -- Installing: /home/andy/git/MECHelangelo/install/mechelangelo_base_sim/share/mechelangelo_base_sim/local_setup.dsv
[0.499s] -- Installing: /home/andy/git/MECHelangelo/install/mechelangelo_base_sim/share/mechelangelo_base_sim/package.dsv
[0.499s] -- Installing: /home/andy/git/MECHelangelo/install/mechelangelo_base_sim/share/ament_index/resource_index/packages/mechelangelo_base_sim
[0.499s] -- Installing: /home/andy/git/MECHelangelo/install/mechelangelo_base_sim/share/mechelangelo_base_sim/cmake/mechelangelo_base_simConfig.cmake
[0.499s] -- Installing: /home/andy/git/MECHelangelo/install/mechelangelo_base_sim/share/mechelangelo_base_sim/cmake/mechelangelo_base_simConfig-version.cmake
[0.499s] -- Installing: /home/andy/git/MECHelangelo/install/mechelangelo_base_sim/share/mechelangelo_base_sim/package.xml
[0.501s] Invoked command in '/home/andy/git/MECHelangelo/build/mechelangelo_base_sim' returned '0': CMAKE_PREFIX_PATH=${CMAKE_PREFIX_PATH}:/home/andy/git/MECHelangelo/install/mechelangelo_teleop:/home/andy/git/MECHelangelo/install/mechelangelo_perception:/home/andy/git/MECHelangelo/install/mechelangelo_arm_control:/opt/ros/humble /usr/bin/cmake --install /home/andy/git/MECHelangelo/build/mechelangelo_base_sim
