[0.108s] Invoking command in '/home/andy/git/MECHelangelo/build/mechelangelo_bringup': CMAKE_PREFIX_PATH=/opt/ros/humble /usr/bin/cmake /home/andy/git/MECHelangelo/src/mechelangelo_bringup -DCMAKE_INSTALL_PREFIX=/home/andy/git/MECHelangelo/install/mechelangelo_bringup
[0.226s] -- Found ament_cmake: 1.3.14 (/opt/ros/humble/share/ament_cmake/cmake)
[0.226s] -- Found Python3: /usr/bin/python3 (found version "3.10.12") found components: Interpreter 
[0.245s] -- Found ament_lint_auto: 0.12.15 (/opt/ros/humble/share/ament_lint_auto/cmake)
[0.367s] -- Added test 'lint_cmake' to check CMake code style
[0.367s] -- Added test 'xmllint' to check XML markup files
[0.368s] -- Configuring done
[0.369s] -- Generating done
[0.370s] -- Build files have been written to: /home/andy/git/MECHelangelo/build/mechelangelo_bringup
[0.374s] Invoked command in '/home/andy/git/MECHelangelo/build/mechelangelo_bringup' returned '0': CMAKE_PREFIX_PATH=/opt/ros/humble /usr/bin/cmake /home/andy/git/MECHelangelo/src/mechelangelo_bringup -DCMAKE_INSTALL_PREFIX=/home/andy/git/MECHelangelo/install/mechelangelo_bringup
[0.374s] Invoking command in '/home/andy/git/MECHelangelo/build/mechelangelo_bringup': CMAKE_PREFIX_PATH=/opt/ros/humble /usr/bin/cmake --build /home/andy/git/MECHelangelo/build/mechelangelo_bringup -- -j32 -l32
[0.392s] Invoked command in '/home/andy/git/MECHelangelo/build/mechelangelo_bringup' returned '0': CMAKE_PREFIX_PATH=/opt/ros/humble /usr/bin/cmake --build /home/andy/git/MECHelangelo/build/mechelangelo_bringup -- -j32 -l32
[0.393s] Invoking command in '/home/andy/git/MECHelangelo/build/mechelangelo_bringup': CMAKE_PREFIX_PATH=/opt/ros/humble /usr/bin/cmake --install /home/andy/git/MECHelangelo/build/mechelangelo_bringup
[0.397s] -- Install configuration: ""
[0.397s] -- Installing: /home/andy/git/MECHelangelo/install/mechelangelo_bringup/share/ament_index/resource_index/package_run_dependencies/mechelangelo_bringup
[0.397s] -- Installing: /home/andy/git/MECHelangelo/install/mechelangelo_bringup/share/ament_index/resource_index/parent_prefix_path/mechelangelo_bringup
[0.397s] -- Installing: /home/andy/git/MECHelangelo/install/mechelangelo_bringup/share/mechelangelo_bringup/environment/ament_prefix_path.sh
[0.397s] -- Installing: /home/andy/git/MECHelangelo/install/mechelangelo_bringup/share/mechelangelo_bringup/environment/ament_prefix_path.dsv
[0.397s] -- Installing: /home/andy/git/MECHelangelo/install/mechelangelo_bringup/share/mechelangelo_bringup/environment/path.sh
[0.397s] -- Installing: /home/andy/git/MECHelangelo/install/mechelangelo_bringup/share/mechelangelo_bringup/environment/path.dsv
[0.397s] -- Installing: /home/andy/git/MECHelangelo/install/mechelangelo_bringup/share/mechelangelo_bringup/local_setup.bash
[0.397s] -- Installing: /home/andy/git/MECHelangelo/install/mechelangelo_bringup/share/mechelangelo_bringup/local_setup.sh
[0.397s] -- Installing: /home/andy/git/MECHelangelo/install/mechelangelo_bringup/share/mechelangelo_bringup/local_setup.zsh
[0.397s] -- Installing: /home/andy/git/MECHelangelo/install/mechelangelo_bringup/share/mechelangelo_bringup/local_setup.dsv
[0.397s] -- Installing: /home/andy/git/MECHelangelo/install/mechelangelo_bringup/share/mechelangelo_bringup/package.dsv
[0.397s] -- Installing: /home/andy/git/MECHelangelo/install/mechelangelo_bringup/share/ament_index/resource_index/packages/mechelangelo_bringup
[0.397s] -- Installing: /home/andy/git/MECHelangelo/install/mechelangelo_bringup/share/mechelangelo_bringup/cmake/mechelangelo_bringupConfig.cmake
[0.397s] -- Installing: /home/andy/git/MECHelangelo/install/mechelangelo_bringup/share/mechelangelo_bringup/cmake/mechelangelo_bringupConfig-version.cmake
[0.397s] -- Installing: /home/andy/git/MECHelangelo/install/mechelangelo_bringup/share/mechelangelo_bringup/package.xml
[0.419s] Invoked command in '/home/andy/git/MECHelangelo/build/mechelangelo_bringup' returned '0': CMAKE_PREFIX_PATH=/opt/ros/humble /usr/bin/cmake --install /home/andy/git/MECHelangelo/build/mechelangelo_bringup
