[0.542s] Invoking command in '/home/andy/git/MECHelangelo/build/mechelangelo_arm_control': PYTHONPATH=/home/andy/git/MECHelangelo/build/mechelangelo_arm_control/prefix_override:/usr/lib/python3/dist-packages/colcon_core/task/python/colcon_distutils_commands:/home/andy/git/MECHelangelo/install/mechelangelo_arm_control/lib/python3.10/site-packages:${PYTHONPATH} /usr/bin/python3 -W ignore:setup.py install is deprecated -W ignore:easy_install command is deprecated setup.py develop --editable --build-directory /home/andy/git/MECHelangelo/build/mechelangelo_arm_control/build --no-deps symlink_data
[0.659s] running develop
[0.713s] running egg_info
[0.713s] creating mechelangelo_arm_control.egg-info
[0.713s] writing mechelangelo_arm_control.egg-info/PKG-INFO
[0.713s] writing dependency_links to mechelangelo_arm_control.egg-info/dependency_links.txt
[0.713s] writing entry points to mechelangelo_arm_control.egg-info/entry_points.txt
[0.714s] writing requirements to mechelangelo_arm_control.egg-info/requires.txt
[0.714s] writing top-level names to mechelangelo_arm_control.egg-info/top_level.txt
[0.714s] writing manifest file 'mechelangelo_arm_control.egg-info/SOURCES.txt'
[0.714s] reading manifest file 'mechelangelo_arm_control.egg-info/SOURCES.txt'
[0.715s] writing manifest file 'mechelangelo_arm_control.egg-info/SOURCES.txt'
[0.715s] running build_ext
[0.715s] Creating /home/andy/git/MECHelangelo/install/mechelangelo_arm_control/lib/python3.10/site-packages/mechelangelo-arm-control.egg-link (link to .)
[0.716s] 
[0.716s] Installed /home/andy/git/MECHelangelo/build/mechelangelo_arm_control
[0.716s] running symlink_data
[0.716s] creating /home/andy/git/MECHelangelo/install/mechelangelo_arm_control/share/ament_index
[0.716s] creating /home/andy/git/MECHelangelo/install/mechelangelo_arm_control/share/ament_index/resource_index
[0.716s] creating /home/andy/git/MECHelangelo/install/mechelangelo_arm_control/share/ament_index/resource_index/packages
[0.716s] symbolically linking /home/andy/git/MECHelangelo/build/mechelangelo_arm_control/resource/mechelangelo_arm_control -> /home/andy/git/MECHelangelo/install/mechelangelo_arm_control/share/ament_index/resource_index/packages
[0.716s] symbolically linking /home/andy/git/MECHelangelo/build/mechelangelo_arm_control/package.xml -> /home/andy/git/MECHelangelo/install/mechelangelo_arm_control/share/mechelangelo_arm_control
[0.742s] Invoked command in '/home/andy/git/MECHelangelo/build/mechelangelo_arm_control' returned '0': PYTHONPATH=/home/andy/git/MECHelangelo/build/mechelangelo_arm_control/prefix_override:/usr/lib/python3/dist-packages/colcon_core/task/python/colcon_distutils_commands:/home/andy/git/MECHelangelo/install/mechelangelo_arm_control/lib/python3.10/site-packages:${PYTHONPATH} /usr/bin/python3 -W ignore:setup.py install is deprecated -W ignore:easy_install command is deprecated setup.py develop --editable --build-directory /home/andy/git/MECHelangelo/build/mechelangelo_arm_control/build --no-deps symlink_data
