[0.125s] Invoking command in '/home/andy/git/MECHelangelo/build/mechelangelo_base_hardware': /usr/bin/cmake /home/andy/git/MECHelangelo/src/mechelangelo_base_hardware -DCMAKE_INSTALL_PREFIX=/home/andy/git/MECHelangelo/install/mechelangelo_base_hardware
[0.211s] -- The C compiler identification is GNU 11.4.0
[0.264s] -- The CXX compiler identification is GNU 11.4.0
[0.270s] -- Detecting C compiler ABI info
[0.310s] -- Detecting C compiler ABI info - done
[0.316s] -- Check for working C compiler: /usr/bin/cc - skipped
[0.316s] -- Detecting C compile features
[0.316s] -- Detecting C compile features - done
[0.318s] -- Detecting CXX compiler ABI info
[0.368s] -- Detecting CXX compiler ABI info - done
[0.373s] -- Check for working CXX compiler: /usr/bin/c++ - skipped
[0.373s] -- Detecting CXX compile features
[0.374s] -- Detecting CXX compile features - done
[0.379s] -- Configuring incomplete, errors occurred!
[0.379s] See also "/home/andy/git/MECHelangelo/build/mechelangelo_base_hardware/CMakeFiles/CMakeOutput.log".
[0.379s] [31mCMake Error at CMakeLists.txt:9 (find_package):
[0.379s]   By not providing "Findament_cmake.cmake" in CMAKE_MODULE_PATH this project
[0.379s]   has asked CMake to find a package configuration file provided by
[0.379s]   "ament_cmake", but CMake did not find one.
[0.379s] 
[0.379s]   Could not find a package configuration file provided by "ament_cmake" with
[0.379s]   any of the following names:
[0.379s] 
[0.379s]     ament_cmakeConfig.cmake
[0.380s]     ament_cmake-config.cmake
[0.380s] 
[0.380s]   Add the installation prefix of "ament_cmake" to CMAKE_PREFIX_PATH or set
[0.380s]   "ament_cmake_DIR" to a directory containing one of the above files.  If
[0.380s]   "ament_cmake" provides a separate development package or SDK, be sure it
[0.380s]   has been installed.
[0.380s] 
[0.380s] [0m
[0.383s] Invoked command in '/home/andy/git/MECHelangelo/build/mechelangelo_base_hardware' returned '1': /usr/bin/cmake /home/andy/git/MECHelangelo/src/mechelangelo_base_hardware -DCMAKE_INSTALL_PREFIX=/home/andy/git/MECHelangelo/install/mechelangelo_base_hardware
