[0.161s] Invoking command in '/home/andy/git/MECHelangelo/build/mechelangelo_cartographer': CMAKE_PREFIX_PATH=${CMAKE_PREFIX_PATH}:/home/andy/git/MECHelangelo/install/mechelangelo_teleop:/home/andy/git/MECHelangelo/install/mechelangelo_perception:/home/andy/git/MECHelangelo/install/mechelangelo_arm_control:/opt/ros/humble /usr/bin/cmake --build /home/andy/git/MECHelangelo/build/mechelangelo_cartographer -- -j32 -l32
[0.395s] Invoked command in '/home/andy/git/MECHelangelo/build/mechelangelo_cartographer' returned '0': CMAKE_PREFIX_PATH=${CMAKE_PREFIX_PATH}:/home/andy/git/MECHelangelo/install/mechelangelo_teleop:/home/andy/git/MECHelangelo/install/mechelangelo_perception:/home/andy/git/MECHelangelo/install/mechelangelo_arm_control:/opt/ros/humble /usr/bin/cmake --build /home/andy/git/MECHelangelo/build/mechelangelo_cartographer -- -j32 -l32
[0.396s] Invoking command in '/home/andy/git/MECHelangelo/build/mechelangelo_cartographer': CMAKE_PREFIX_PATH=${CMAKE_PREFIX_PATH}:/home/andy/git/MECHelangelo/install/mechelangelo_teleop:/home/andy/git/MECHelangelo/install/mechelangelo_perception:/home/andy/git/MECHelangelo/install/mechelangelo_arm_control:/opt/ros/humble /usr/bin/cmake --install /home/andy/git/MECHelangelo/build/mechelangelo_cartographer
[0.405s] -- Install configuration: ""
[0.405s] -- Up-to-date: /home/andy/git/MECHelangelo/install/mechelangelo_cartographer/share/mechelangelo_cartographer/config
[0.405s] -- Installing: /home/andy/git/MECHelangelo/install/mechelangelo_cartographer/share/mechelangelo_cartographer/config/mechelangelo_lds_2d.lua
[0.405s] -- Up-to-date: /home/andy/git/MECHelangelo/install/mechelangelo_cartographer/share/mechelangelo_cartographer/launch
[0.405s] -- Up-to-date: /home/andy/git/MECHelangelo/install/mechelangelo_cartographer/share/mechelangelo_cartographer/launch/occupancy_grid.launch.py
[0.405s] -- Up-to-date: /home/andy/git/MECHelangelo/install/mechelangelo_cartographer/share/mechelangelo_cartographer/launch/cartographer.launch.py
[0.405s] -- Up-to-date: /home/andy/git/MECHelangelo/install/mechelangelo_cartographer/share/mechelangelo_cartographer/rviz
[0.405s] -- Installing: /home/andy/git/MECHelangelo/install/mechelangelo_cartographer/share/mechelangelo_cartographer/rviz/mechelangelo_cartographer.rviz
[0.405s] -- Up-to-date: /home/andy/git/MECHelangelo/install/mechelangelo_cartographer/share/ament_index/resource_index/package_run_dependencies/mechelangelo_cartographer
[0.405s] -- Up-to-date: /home/andy/git/MECHelangelo/install/mechelangelo_cartographer/share/ament_index/resource_index/parent_prefix_path/mechelangelo_cartographer
[0.405s] -- Up-to-date: /home/andy/git/MECHelangelo/install/mechelangelo_cartographer/share/mechelangelo_cartographer/environment/ament_prefix_path.sh
[0.405s] -- Up-to-date: /home/andy/git/MECHelangelo/install/mechelangelo_cartographer/share/mechelangelo_cartographer/environment/ament_prefix_path.dsv
[0.405s] -- Up-to-date: /home/andy/git/MECHelangelo/install/mechelangelo_cartographer/share/mechelangelo_cartographer/environment/path.sh
[0.405s] -- Up-to-date: /home/andy/git/MECHelangelo/install/mechelangelo_cartographer/share/mechelangelo_cartographer/environment/path.dsv
[0.405s] -- Up-to-date: /home/andy/git/MECHelangelo/install/mechelangelo_cartographer/share/mechelangelo_cartographer/local_setup.bash
[0.405s] -- Up-to-date: /home/andy/git/MECHelangelo/install/mechelangelo_cartographer/share/mechelangelo_cartographer/local_setup.sh
[0.405s] -- Up-to-date: /home/andy/git/MECHelangelo/install/mechelangelo_cartographer/share/mechelangelo_cartographer/local_setup.zsh
[0.405s] -- Up-to-date: /home/andy/git/MECHelangelo/install/mechelangelo_cartographer/share/mechelangelo_cartographer/local_setup.dsv
[0.406s] -- Up-to-date: /home/andy/git/MECHelangelo/install/mechelangelo_cartographer/share/mechelangelo_cartographer/package.dsv
[0.406s] -- Up-to-date: /home/andy/git/MECHelangelo/install/mechelangelo_cartographer/share/ament_index/resource_index/packages/mechelangelo_cartographer
[0.406s] -- Up-to-date: /home/andy/git/MECHelangelo/install/mechelangelo_cartographer/share/mechelangelo_cartographer/cmake/mechelangelo_cartographerConfig.cmake
[0.406s] -- Up-to-date: /home/andy/git/MECHelangelo/install/mechelangelo_cartographer/share/mechelangelo_cartographer/cmake/mechelangelo_cartographerConfig-version.cmake
[0.406s] -- Up-to-date: /home/andy/git/MECHelangelo/install/mechelangelo_cartographer/share/mechelangelo_cartographer/package.xml
[0.431s] Invoked command in '/home/andy/git/MECHelangelo/build/mechelangelo_cartographer' returned '0': CMAKE_PREFIX_PATH=${CMAKE_PREFIX_PATH}:/home/andy/git/MECHelangelo/install/mechelangelo_teleop:/home/andy/git/MECHelangelo/install/mechelangelo_perception:/home/andy/git/MECHelangelo/install/mechelangelo_arm_control:/opt/ros/humble /usr/bin/cmake --install /home/andy/git/MECHelangelo/build/mechelangelo_cartographer
