running egg_info
writing ../../build/mechelangelo_perception/mechelangelo_perception.egg-info/PKG-INFO
writing dependency_links to ../../build/mechelangelo_perception/mechelangelo_perception.egg-info/dependency_links.txt
writing entry points to ../../build/mechelangelo_perception/mechelangelo_perception.egg-info/entry_points.txt
writing requirements to ../../build/mechelangelo_perception/mechelangelo_perception.egg-info/requires.txt
writing top-level names to ../../build/mechelangelo_perception/mechelangelo_perception.egg-info/top_level.txt
reading manifest file '../../build/mechelangelo_perception/mechelangelo_perception.egg-info/SOURCES.txt'
writing manifest file '../../build/mechelangelo_perception/mechelangelo_perception.egg-info/SOURCES.txt'
running build
running build_py
copying mechelangelo_perception/mqtt_bridge.py -> /home/andy/git/MECHelangelo/build/mechelangelo_perception/build/lib/mechelangelo_perception
copying mechelangelo_perception/pose_debug.py -> /home/andy/git/MECHelangelo/build/mechelangelo_perception/build/lib/mechelangelo_perception
running install
running install_lib
copying /home/andy/git/MECHelangelo/build/mechelangelo_perception/build/lib/mechelangelo_perception/mqtt_bridge.py -> /home/andy/git/MECHelangelo/install/mechelangelo_perception/lib/python3.10/site-packages/mechelangelo_perception
copying /home/andy/git/MECHelangelo/build/mechelangelo_perception/build/lib/mechelangelo_perception/pose_debug.py -> /home/andy/git/MECHelangelo/install/mechelangelo_perception/lib/python3.10/site-packages/mechelangelo_perception
byte-compiling /home/andy/git/MECHelangelo/install/mechelangelo_perception/lib/python3.10/site-packages/mechelangelo_perception/mqtt_bridge.py to mqtt_bridge.cpython-310.pyc
byte-compiling /home/andy/git/MECHelangelo/install/mechelangelo_perception/lib/python3.10/site-packages/mechelangelo_perception/pose_debug.py to pose_debug.cpython-310.pyc
running install_data
running install_egg_info
removing '/home/andy/git/MECHelangelo/install/mechelangelo_perception/lib/python3.10/site-packages/mechelangelo_perception-0.0.0-py3.10.egg-info' (and everything under it)
Copying ../../build/mechelangelo_perception/mechelangelo_perception.egg-info to /home/andy/git/MECHelangelo/install/mechelangelo_perception/lib/python3.10/site-packages/mechelangelo_perception-0.0.0-py3.10.egg-info
running install_scripts
writing list of installed files to '/home/andy/git/MECHelangelo/build/mechelangelo_perception/install.log'
