[0.549s] Invoking command in '/home/andy/git/MECHelangelo/build/mechelangelo_arm_control': PYTHONPATH=/home/andy/git/MECHelangelo/build/mechelangelo_arm_control/prefix_override:/usr/lib/python3/dist-packages/colcon_core/task/python/colcon_distutils_commands:/home/andy/git/MECHelangelo/install/mechelangelo_arm_control/lib/python3.10/site-packages:${PYTHONPATH} /usr/bin/python3 -W ignore:setup.py install is deprecated -W ignore:easy_install command is deprecated setup.py develop --uninstall --editable --build-directory /home/andy/git/MECHelangelo/build/mechelangelo_arm_control/build
[0.667s] running develop
[0.723s] Removing /home/andy/git/MECHelangelo/install/mechelangelo_arm_control/lib/python3.10/site-packages/mechelangelo-arm-control.egg-link (link to .)
[0.744s] Invoked command in '/home/andy/git/MECHelangelo/build/mechelangelo_arm_control' returned '0': PYTHONPATH=/home/andy/git/MECHelangelo/build/mechelangelo_arm_control/prefix_override:/usr/lib/python3/dist-packages/colcon_core/task/python/colcon_distutils_commands:/home/andy/git/MECHelangelo/install/mechelangelo_arm_control/lib/python3.10/site-packages:${PYTHONPATH} /usr/bin/python3 -W ignore:setup.py install is deprecated -W ignore:easy_install command is deprecated setup.py develop --uninstall --editable --build-directory /home/andy/git/MECHelangelo/build/mechelangelo_arm_control/build
[0.746s] Invoking command in '/home/andy/git/MECHelangelo/src/mechelangelo_arm_control': PYTHONPATH=/home/andy/git/MECHelangelo/build/mechelangelo_arm_control/prefix_override:/usr/lib/python3/dist-packages/colcon_core/task/python/colcon_distutils_commands:/home/andy/git/MECHelangelo/install/mechelangelo_arm_control/lib/python3.10/site-packages:${PYTHONPATH} /usr/bin/python3 -W ignore:setup.py install is deprecated -W ignore:easy_install command is deprecated setup.py egg_info --egg-base ../../build/mechelangelo_arm_control build --build-base /home/andy/git/MECHelangelo/build/mechelangelo_arm_control/build install --record /home/andy/git/MECHelangelo/build/mechelangelo_arm_control/install.log --single-version-externally-managed install_data --force
[0.839s] running egg_info
[0.839s] writing ../../build/mechelangelo_arm_control/mechelangelo_arm_control.egg-info/PKG-INFO
[0.839s] writing dependency_links to ../../build/mechelangelo_arm_control/mechelangelo_arm_control.egg-info/dependency_links.txt
[0.839s] writing entry points to ../../build/mechelangelo_arm_control/mechelangelo_arm_control.egg-info/entry_points.txt
[0.840s] writing requirements to ../../build/mechelangelo_arm_control/mechelangelo_arm_control.egg-info/requires.txt
[0.840s] writing top-level names to ../../build/mechelangelo_arm_control/mechelangelo_arm_control.egg-info/top_level.txt
[0.840s] reading manifest file '../../build/mechelangelo_arm_control/mechelangelo_arm_control.egg-info/SOURCES.txt'
[0.841s] writing manifest file '../../build/mechelangelo_arm_control/mechelangelo_arm_control.egg-info/SOURCES.txt'
[0.841s] running build
[0.841s] running build_py
[0.841s] running install
[0.841s] running install_lib
[0.841s] creating /home/andy/git/MECHelangelo/install/mechelangelo_arm_control/lib/python3.10/site-packages/mechelangelo_arm_control
[0.841s] copying /home/andy/git/MECHelangelo/build/mechelangelo_arm_control/build/lib/mechelangelo_arm_control/__init__.py -> /home/andy/git/MECHelangelo/install/mechelangelo_arm_control/lib/python3.10/site-packages/mechelangelo_arm_control
[0.841s] byte-compiling /home/andy/git/MECHelangelo/install/mechelangelo_arm_control/lib/python3.10/site-packages/mechelangelo_arm_control/__init__.py to __init__.cpython-310.pyc
[0.842s] running install_data
[0.842s] copying resource/mechelangelo_arm_control -> /home/andy/git/MECHelangelo/install/mechelangelo_arm_control/share/ament_index/resource_index/packages
[0.842s] copying package.xml -> /home/andy/git/MECHelangelo/install/mechelangelo_arm_control/share/mechelangelo_arm_control
[0.842s] running install_egg_info
[0.842s] Copying ../../build/mechelangelo_arm_control/mechelangelo_arm_control.egg-info to /home/andy/git/MECHelangelo/install/mechelangelo_arm_control/lib/python3.10/site-packages/mechelangelo_arm_control-0.0.0-py3.10.egg-info
[0.843s] running install_scripts
[0.852s] writing list of installed files to '/home/andy/git/MECHelangelo/build/mechelangelo_arm_control/install.log'
[0.868s] Invoked command in '/home/andy/git/MECHelangelo/src/mechelangelo_arm_control' returned '0': PYTHONPATH=/home/andy/git/MECHelangelo/build/mechelangelo_arm_control/prefix_override:/usr/lib/python3/dist-packages/colcon_core/task/python/colcon_distutils_commands:/home/andy/git/MECHelangelo/install/mechelangelo_arm_control/lib/python3.10/site-packages:${PYTHONPATH} /usr/bin/python3 -W ignore:setup.py install is deprecated -W ignore:easy_install command is deprecated setup.py egg_info --egg-base ../../build/mechelangelo_arm_control build --build-base /home/andy/git/MECHelangelo/build/mechelangelo_arm_control/build install --record /home/andy/git/MECHelangelo/build/mechelangelo_arm_control/install.log --single-version-externally-managed install_data --force
