[0.108s] Invoking command in '/home/andy/git/MECHelangelo/build/mechelangelo_behaviour': CMAKE_PREFIX_PATH=/opt/ros/humble /usr/bin/cmake /home/andy/git/MECHelangelo/src/mechelangelo_behaviour -DCMAKE_INSTALL_PREFIX=/home/andy/git/MECHelangelo/install/mechelangelo_behaviour
[0.227s] -- Found ament_cmake: 1.3.14 (/opt/ros/humble/share/ament_cmake/cmake)
[0.227s] -- Found Python3: /usr/bin/python3 (found version "3.10.12") found components: Interpreter 
[0.246s] -- Found ament_lint_auto: 0.12.15 (/opt/ros/humble/share/ament_lint_auto/cmake)
[0.368s] -- Added test 'lint_cmake' to check CMake code style
[0.369s] -- Added test 'xmllint' to check XML markup files
[0.369s] -- Configuring done
[0.371s] -- Generating done
[0.371s] -- Build files have been written to: /home/andy/git/MECHelangelo/build/mechelangelo_behaviour
[0.375s] Invoked command in '/home/andy/git/MECHelangelo/build/mechelangelo_behaviour' returned '0': CMAKE_PREFIX_PATH=/opt/ros/humble /usr/bin/cmake /home/andy/git/MECHelangelo/src/mechelangelo_behaviour -DCMAKE_INSTALL_PREFIX=/home/andy/git/MECHelangelo/install/mechelangelo_behaviour
[0.376s] Invoking command in '/home/andy/git/MECHelangelo/build/mechelangelo_behaviour': CMAKE_PREFIX_PATH=/opt/ros/humble /usr/bin/cmake --build /home/andy/git/MECHelangelo/build/mechelangelo_behaviour -- -j32 -l32
[0.395s] Invoked command in '/home/andy/git/MECHelangelo/build/mechelangelo_behaviour' returned '0': CMAKE_PREFIX_PATH=/opt/ros/humble /usr/bin/cmake --build /home/andy/git/MECHelangelo/build/mechelangelo_behaviour -- -j32 -l32
[0.395s] Invoking command in '/home/andy/git/MECHelangelo/build/mechelangelo_behaviour': CMAKE_PREFIX_PATH=/opt/ros/humble /usr/bin/cmake --install /home/andy/git/MECHelangelo/build/mechelangelo_behaviour
[0.398s] -- Install configuration: ""
[0.398s] -- Installing: /home/andy/git/MECHelangelo/install/mechelangelo_behaviour/share/ament_index/resource_index/package_run_dependencies/mechelangelo_behaviour
[0.398s] -- Installing: /home/andy/git/MECHelangelo/install/mechelangelo_behaviour/share/ament_index/resource_index/parent_prefix_path/mechelangelo_behaviour
[0.398s] -- Installing: /home/andy/git/MECHelangelo/install/mechelangelo_behaviour/share/mechelangelo_behaviour/environment/ament_prefix_path.sh
[0.399s] -- Installing: /home/andy/git/MECHelangelo/install/mechelangelo_behaviour/share/mechelangelo_behaviour/environment/ament_prefix_path.dsv
[0.399s] -- Installing: /home/andy/git/MECHelangelo/install/mechelangelo_behaviour/share/mechelangelo_behaviour/environment/path.sh
[0.399s] -- Installing: /home/andy/git/MECHelangelo/install/mechelangelo_behaviour/share/mechelangelo_behaviour/environment/path.dsv
[0.399s] -- Installing: /home/andy/git/MECHelangelo/install/mechelangelo_behaviour/share/mechelangelo_behaviour/local_setup.bash
[0.399s] -- Installing: /home/andy/git/MECHelangelo/install/mechelangelo_behaviour/share/mechelangelo_behaviour/local_setup.sh
[0.399s] -- Installing: /home/andy/git/MECHelangelo/install/mechelangelo_behaviour/share/mechelangelo_behaviour/local_setup.zsh
[0.399s] -- Installing: /home/andy/git/MECHelangelo/install/mechelangelo_behaviour/share/mechelangelo_behaviour/local_setup.dsv
[0.399s] -- Installing: /home/andy/git/MECHelangelo/install/mechelangelo_behaviour/share/mechelangelo_behaviour/package.dsv
[0.399s] -- Installing: /home/andy/git/MECHelangelo/install/mechelangelo_behaviour/share/ament_index/resource_index/packages/mechelangelo_behaviour
[0.399s] -- Installing: /home/andy/git/MECHelangelo/install/mechelangelo_behaviour/share/mechelangelo_behaviour/cmake/mechelangelo_behaviourConfig.cmake
[0.399s] -- Installing: /home/andy/git/MECHelangelo/install/mechelangelo_behaviour/share/mechelangelo_behaviour/cmake/mechelangelo_behaviourConfig-version.cmake
[0.399s] -- Installing: /home/andy/git/MECHelangelo/install/mechelangelo_behaviour/share/mechelangelo_behaviour/package.xml
[0.436s] Invoked command in '/home/andy/git/MECHelangelo/build/mechelangelo_behaviour' returned '0': CMAKE_PREFIX_PATH=/opt/ros/humble /usr/bin/cmake --install /home/andy/git/MECHelangelo/build/mechelangelo_behaviour
