[0.032s] Invoking command in '/home/andy/git/MECHelangelo/build/mechelangelo_description': CMAKE_PREFIX_PATH=${CMAKE_PREFIX_PATH}:/home/andy/git/MECHelangelo/install/mechelangelo_teleop:/home/andy/git/MECHelangelo/install/mechelangelo_perception:/home/andy/git/MECHelangelo/install/mechelangelo_arm_control:/opt/ros/humble /usr/bin/cmake /home/andy/git/MECHelangelo/src/mechelangelo_description -DAMENT_CMAKE_SYMLINK_INSTALL=1 -DCMAKE_INSTALL_PREFIX=/home/andy/git/MECHelangelo/install/mechelangelo_description
[0.563s] -- The C compiler identification is GNU 11.4.0
[0.563s] -- The CXX compiler identification is GNU 11.4.0
[0.563s] -- Detecting C compiler ABI info
[0.563s] -- Detecting C compiler ABI info - done
[0.564s] -- Check for working C compiler: /usr/bin/cc - skipped
[0.564s] -- Detecting C compile features
[0.564s] -- Detecting C compile features - done
[0.564s] -- Detecting CXX compiler ABI info
[0.564s] -- Detecting CXX compiler ABI info - done
[0.564s] -- Check for working CXX compiler: /usr/bin/c++ - skipped
[0.564s] -- Detecting CXX compile features
[0.564s] -- Detecting CXX compile features - done
[0.564s] -- Found ament_cmake: 1.3.14 (/opt/ros/humble/share/ament_cmake/cmake)
[0.564s] -- Found Python3: /usr/bin/python3 (found version "3.10.12") found components: Interpreter 
[0.564s] -- Override CMake install command with custom implementation using symlinks instead of copying resources
[0.564s] -- Configuring done
[0.564s] -- Generating done
[0.564s] -- Build files have been written to: /home/andy/git/MECHelangelo/build/mechelangelo_description
[0.571s] Invoked command in '/home/andy/git/MECHelangelo/build/mechelangelo_description' returned '0': CMAKE_PREFIX_PATH=${CMAKE_PREFIX_PATH}:/home/andy/git/MECHelangelo/install/mechelangelo_teleop:/home/andy/git/MECHelangelo/install/mechelangelo_perception:/home/andy/git/MECHelangelo/install/mechelangelo_arm_control:/opt/ros/humble /usr/bin/cmake /home/andy/git/MECHelangelo/src/mechelangelo_description -DAMENT_CMAKE_SYMLINK_INSTALL=1 -DCMAKE_INSTALL_PREFIX=/home/andy/git/MECHelangelo/install/mechelangelo_description
[0.572s] Invoking command in '/home/andy/git/MECHelangelo/build/mechelangelo_description': CMAKE_PREFIX_PATH=${CMAKE_PREFIX_PATH}:/home/andy/git/MECHelangelo/install/mechelangelo_teleop:/home/andy/git/MECHelangelo/install/mechelangelo_perception:/home/andy/git/MECHelangelo/install/mechelangelo_arm_control:/opt/ros/humble /usr/bin/cmake --build /home/andy/git/MECHelangelo/build/mechelangelo_description -- -j32 -l32
[0.608s] Invoked command in '/home/andy/git/MECHelangelo/build/mechelangelo_description' returned '0': CMAKE_PREFIX_PATH=${CMAKE_PREFIX_PATH}:/home/andy/git/MECHelangelo/install/mechelangelo_teleop:/home/andy/git/MECHelangelo/install/mechelangelo_perception:/home/andy/git/MECHelangelo/install/mechelangelo_arm_control:/opt/ros/humble /usr/bin/cmake --build /home/andy/git/MECHelangelo/build/mechelangelo_description -- -j32 -l32
[0.618s] Invoking command in '/home/andy/git/MECHelangelo/build/mechelangelo_description': CMAKE_PREFIX_PATH=${CMAKE_PREFIX_PATH}:/home/andy/git/MECHelangelo/install/mechelangelo_teleop:/home/andy/git/MECHelangelo/install/mechelangelo_perception:/home/andy/git/MECHelangelo/install/mechelangelo_arm_control:/opt/ros/humble /usr/bin/cmake --install /home/andy/git/MECHelangelo/build/mechelangelo_description
[0.623s] -- Install configuration: ""
[0.623s] -- Execute custom install script
[0.626s] -- Symlinking: /home/andy/git/MECHelangelo/install/mechelangelo_description/share/mechelangelo_description/urdf/mechelangelo_base.urdf
[0.637s] -- Symlinking: /home/andy/git/MECHelangelo/install/mechelangelo_description/share/mechelangelo_description/meshes/base/HardwareBox_-_Finishes_-_Gunmetal_Grey_480x480.jpg
[0.645s] -- Symlinking: /home/andy/git/MECHelangelo/install/mechelangelo_description/share/mechelangelo_description/meshes/base/base.STL
[0.652s] -- Symlinking: /home/andy/git/MECHelangelo/install/mechelangelo_description/share/mechelangelo_description/meshes/base/base.dae
[0.662s] -- Symlinking: /home/andy/git/MECHelangelo/install/mechelangelo_description/share/mechelangelo_description/meshes/sensors/astra.dae
[0.669s] -- Symlinking: /home/andy/git/MECHelangelo/install/mechelangelo_description/share/mechelangelo_description/meshes/sensors/astra.jpg
[0.676s] -- Symlinking: /home/andy/git/MECHelangelo/install/mechelangelo_description/share/mechelangelo_description/meshes/sensors/lds.stl
[0.685s] -- Symlinking: /home/andy/git/MECHelangelo/install/mechelangelo_description/share/mechelangelo_description/meshes/sensors/r200.dae
[0.691s] -- Symlinking: /home/andy/git/MECHelangelo/install/mechelangelo_description/share/mechelangelo_description/meshes/sensors/r200.jpg
[0.699s] -- Symlinking: /home/andy/git/MECHelangelo/install/mechelangelo_description/share/mechelangelo_description/meshes/wheels/TIREWHEEL.jpg
[0.709s] -- Symlinking: /home/andy/git/MECHelangelo/install/mechelangelo_description/share/mechelangelo_description/meshes/wheels/wheel.STL
[0.714s] -- Symlinking: /home/andy/git/MECHelangelo/install/mechelangelo_description/share/mechelangelo_description/meshes/wheels/wheel.dae
[0.722s] -- Symlinking: /home/andy/git/MECHelangelo/install/mechelangelo_description/share/ament_index/resource_index/package_run_dependencies/mechelangelo_description
[0.729s] -- Symlinking: /home/andy/git/MECHelangelo/install/mechelangelo_description/share/ament_index/resource_index/parent_prefix_path/mechelangelo_description
[0.736s] -- Symlinking: /home/andy/git/MECHelangelo/install/mechelangelo_description/share/mechelangelo_description/environment/ament_prefix_path.sh
[0.742s] -- Symlinking: /home/andy/git/MECHelangelo/install/mechelangelo_description/share/mechelangelo_description/environment/ament_prefix_path.dsv
[0.751s] -- Symlinking: /home/andy/git/MECHelangelo/install/mechelangelo_description/share/mechelangelo_description/environment/path.sh
[0.756s] -- Symlinking: /home/andy/git/MECHelangelo/install/mechelangelo_description/share/mechelangelo_description/environment/path.dsv
[0.764s] -- Symlinking: /home/andy/git/MECHelangelo/install/mechelangelo_description/share/mechelangelo_description/local_setup.bash
[0.770s] -- Symlinking: /home/andy/git/MECHelangelo/install/mechelangelo_description/share/mechelangelo_description/local_setup.sh
[0.777s] -- Symlinking: /home/andy/git/MECHelangelo/install/mechelangelo_description/share/mechelangelo_description/local_setup.zsh
[0.784s] -- Symlinking: /home/andy/git/MECHelangelo/install/mechelangelo_description/share/mechelangelo_description/local_setup.dsv
[0.792s] -- Symlinking: /home/andy/git/MECHelangelo/install/mechelangelo_description/share/mechelangelo_description/package.dsv
[0.799s] -- Symlinking: /home/andy/git/MECHelangelo/install/mechelangelo_description/share/ament_index/resource_index/packages/mechelangelo_description
[0.805s] -- Symlinking: /home/andy/git/MECHelangelo/install/mechelangelo_description/share/mechelangelo_description/cmake/mechelangelo_descriptionConfig.cmake
[0.815s] -- Symlinking: /home/andy/git/MECHelangelo/install/mechelangelo_description/share/mechelangelo_description/cmake/mechelangelo_descriptionConfig-version.cmake
[0.820s] -- Symlinking: /home/andy/git/MECHelangelo/install/mechelangelo_description/share/mechelangelo_description/package.xml
[0.827s] Invoked command in '/home/andy/git/MECHelangelo/build/mechelangelo_description' returned '0': CMAKE_PREFIX_PATH=${CMAKE_PREFIX_PATH}:/home/andy/git/MECHelangelo/install/mechelangelo_teleop:/home/andy/git/MECHelangelo/install/mechelangelo_perception:/home/andy/git/MECHelangelo/install/mechelangelo_arm_control:/opt/ros/humble /usr/bin/cmake --install /home/andy/git/MECHelangelo/build/mechelangelo_description
