[0.845s] Invoking command in '/home/andy/git/MECHelangelo/build/mechelangelo_teleop': PYTHONPATH=/home/andy/git/MECHelangelo/build/mechelangelo_teleop/prefix_override:/usr/lib/python3/dist-packages/colcon_core/task/python/colcon_distutils_commands:/home/andy/git/MECHelangelo/install/mechelangelo_teleop/lib/python3.10/site-packages:${PYTHONPATH} /usr/bin/python3 -W ignore:setup.py install is deprecated -W ignore:easy_install command is deprecated setup.py develop --editable --build-directory /home/andy/git/MECHelangelo/build/mechelangelo_teleop/build --no-deps symlink_data
[1.018s] running develop
[1.105s] running egg_info
[1.106s] creating mechelangelo_teleop.egg-info
[1.106s] writing mechelangelo_teleop.egg-info/PKG-INFO
[1.106s] writing dependency_links to mechelangelo_teleop.egg-info/dependency_links.txt
[1.106s] writing entry points to mechelangelo_teleop.egg-info/entry_points.txt
[1.106s] writing requirements to mechelangelo_teleop.egg-info/requires.txt
[1.106s] writing top-level names to mechelangelo_teleop.egg-info/top_level.txt
[1.106s] writing manifest file 'mechelangelo_teleop.egg-info/SOURCES.txt'
[1.108s] reading manifest file 'mechelangelo_teleop.egg-info/SOURCES.txt'
[1.108s] writing manifest file 'mechelangelo_teleop.egg-info/SOURCES.txt'
[1.109s] running build_ext
[1.109s] Creating /home/andy/git/MECHelangelo/install/mechelangelo_teleop/lib/python3.10/site-packages/mechelangelo-teleop.egg-link (link to .)
[1.109s] Installing teleop_keyboard script to /home/andy/git/MECHelangelo/install/mechelangelo_teleop/lib/mechelangelo_teleop
[1.109s] 
[1.109s] Installed /home/andy/git/MECHelangelo/build/mechelangelo_teleop
[1.109s] running symlink_data
[1.109s] creating /home/andy/git/MECHelangelo/install/mechelangelo_teleop/share/ament_index
[1.109s] creating /home/andy/git/MECHelangelo/install/mechelangelo_teleop/share/ament_index/resource_index
[1.109s] creating /home/andy/git/MECHelangelo/install/mechelangelo_teleop/share/ament_index/resource_index/packages
[1.110s] symbolically linking /home/andy/git/MECHelangelo/build/mechelangelo_teleop/resource/mechelangelo_teleop -> /home/andy/git/MECHelangelo/install/mechelangelo_teleop/share/ament_index/resource_index/packages
[1.110s] symbolically linking /home/andy/git/MECHelangelo/build/mechelangelo_teleop/package.xml -> /home/andy/git/MECHelangelo/install/mechelangelo_teleop/share/mechelangelo_teleop
[1.144s] Invoked command in '/home/andy/git/MECHelangelo/build/mechelangelo_teleop' returned '0': PYTHONPATH=/home/andy/git/MECHelangelo/build/mechelangelo_teleop/prefix_override:/usr/lib/python3/dist-packages/colcon_core/task/python/colcon_distutils_commands:/home/andy/git/MECHelangelo/install/mechelangelo_teleop/lib/python3.10/site-packages:${PYTHONPATH} /usr/bin/python3 -W ignore:setup.py install is deprecated -W ignore:easy_install command is deprecated setup.py develop --editable --build-directory /home/andy/git/MECHelangelo/build/mechelangelo_teleop/build --no-deps symlink_data
