[0.142s] Invoking command in '/home/andy/git/MECHelangelo/build/mechelangelo_base_sim': CMAKE_PREFIX_PATH=${CMAKE_PREFIX_PATH}:/home/andy/git/MECHelangelo/install/mechelangelo_teleop:/home/andy/git/MECHelangelo/install/mechelangelo_perception:/home/andy/git/MECHelangelo/install/mechelangelo_arm_control:/opt/ros/humble /usr/bin/cmake --build /home/andy/git/MECHelangelo/build/mechelangelo_base_sim -- -j32 -l32
[0.385s] Invoked command in '/home/andy/git/MECHelangelo/build/mechelangelo_base_sim' returned '0': CMAKE_PREFIX_PATH=${CMAKE_PREFIX_PATH}:/home/andy/git/MECHelangelo/install/mechelangelo_teleop:/home/andy/git/MECHelangelo/install/mechelangelo_perception:/home/andy/git/MECHelangelo/install/mechelangelo_arm_control:/opt/ros/humble /usr/bin/cmake --build /home/andy/git/MECHelangelo/build/mechelangelo_base_sim -- -j32 -l32
[0.386s] Invoking command in '/home/andy/git/MECHelangelo/build/mechelangelo_base_sim': CMAKE_PREFIX_PATH=${CMAKE_PREFIX_PATH}:/home/andy/git/MECHelangelo/install/mechelangelo_teleop:/home/andy/git/MECHelangelo/install/mechelangelo_perception:/home/andy/git/MECHelangelo/install/mechelangelo_arm_control:/opt/ros/humble /usr/bin/cmake --install /home/andy/git/MECHelangelo/build/mechelangelo_base_sim
[0.396s] -- Install configuration: ""
[0.396s] -- Up-to-date: /home/andy/git/MECHelangelo/install/mechelangelo_base_sim/share/ament_index/resource_index/package_run_dependencies/mechelangelo_base_sim
[0.396s] -- Up-to-date: /home/andy/git/MECHelangelo/install/mechelangelo_base_sim/share/ament_index/resource_index/parent_prefix_path/mechelangelo_base_sim
[0.397s] -- Up-to-date: /home/andy/git/MECHelangelo/install/mechelangelo_base_sim/share/mechelangelo_base_sim/environment/ament_prefix_path.sh
[0.397s] -- Up-to-date: /home/andy/git/MECHelangelo/install/mechelangelo_base_sim/share/mechelangelo_base_sim/environment/ament_prefix_path.dsv
[0.397s] -- Up-to-date: /home/andy/git/MECHelangelo/install/mechelangelo_base_sim/share/mechelangelo_base_sim/environment/path.sh
[0.397s] -- Up-to-date: /home/andy/git/MECHelangelo/install/mechelangelo_base_sim/share/mechelangelo_base_sim/environment/path.dsv
[0.397s] -- Up-to-date: /home/andy/git/MECHelangelo/install/mechelangelo_base_sim/share/mechelangelo_base_sim/local_setup.bash
[0.397s] -- Up-to-date: /home/andy/git/MECHelangelo/install/mechelangelo_base_sim/share/mechelangelo_base_sim/local_setup.sh
[0.397s] -- Up-to-date: /home/andy/git/MECHelangelo/install/mechelangelo_base_sim/share/mechelangelo_base_sim/local_setup.zsh
[0.397s] -- Up-to-date: /home/andy/git/MECHelangelo/install/mechelangelo_base_sim/share/mechelangelo_base_sim/local_setup.dsv
[0.397s] -- Installing: /home/andy/git/MECHelangelo/install/mechelangelo_base_sim/share/mechelangelo_base_sim/package.dsv
[0.397s] -- Up-to-date: /home/andy/git/MECHelangelo/install/mechelangelo_base_sim/share/ament_index/resource_index/packages/mechelangelo_base_sim
[0.397s] -- Up-to-date: /home/andy/git/MECHelangelo/install/mechelangelo_base_sim/share/mechelangelo_base_sim/cmake/mechelangelo_base_simConfig.cmake
[0.397s] -- Up-to-date: /home/andy/git/MECHelangelo/install/mechelangelo_base_sim/share/mechelangelo_base_sim/cmake/mechelangelo_base_simConfig-version.cmake
[0.397s] -- Up-to-date: /home/andy/git/MECHelangelo/install/mechelangelo_base_sim/share/mechelangelo_base_sim/package.xml
[0.421s] Invoked command in '/home/andy/git/MECHelangelo/build/mechelangelo_base_sim' returned '0': CMAKE_PREFIX_PATH=${CMAKE_PREFIX_PATH}:/home/andy/git/MECHelangelo/install/mechelangelo_teleop:/home/andy/git/MECHelangelo/install/mechelangelo_perception:/home/andy/git/MECHelangelo/install/mechelangelo_arm_control:/opt/ros/humble /usr/bin/cmake --install /home/andy/git/MECHelangelo/build/mechelangelo_base_sim
