running develop
Removing /home/andy/git/MECHelangelo/install/mechelangelo_arm_control/lib/python3.10/site-packages/mechelangelo-arm-control.egg-link (link to .)
running egg_info
writing ../../build/mechelangelo_arm_control/mechelangelo_arm_control.egg-info/PKG-INFO
writing dependency_links to ../../build/mechelangelo_arm_control/mechelangelo_arm_control.egg-info/dependency_links.txt
writing entry points to ../../build/mechelangelo_arm_control/mechelangelo_arm_control.egg-info/entry_points.txt
writing requirements to ../../build/mechelangelo_arm_control/mechelangelo_arm_control.egg-info/requires.txt
writing top-level names to ../../build/mechelangelo_arm_control/mechelangelo_arm_control.egg-info/top_level.txt
reading manifest file '../../build/mechelangelo_arm_control/mechelangelo_arm_control.egg-info/SOURCES.txt'
writing manifest file '../../build/mechelangelo_arm_control/mechelangelo_arm_control.egg-info/SOURCES.txt'
running build
running build_py
creating /home/andy/git/MECHelangelo/build/mechelangelo_arm_control/build
creating /home/andy/git/MECHelangelo/build/mechelangelo_arm_control/build/lib
creating /home/andy/git/MECHelangelo/build/mechelangelo_arm_control/build/lib/mechelangelo_arm_control
copying mechelangelo_arm_control/__init__.py -> /home/andy/git/MECHelangelo/build/mechelangelo_arm_control/build/lib/mechelangelo_arm_control
running install
running install_lib
creating /home/andy/git/MECHelangelo/install/mechelangelo_arm_control/lib/python3.10/site-packages/mechelangelo_arm_control
copying /home/andy/git/MECHelangelo/build/mechelangelo_arm_control/build/lib/mechelangelo_arm_control/__init__.py -> /home/andy/git/MECHelangelo/install/mechelangelo_arm_control/lib/python3.10/site-packages/mechelangelo_arm_control
byte-compiling /home/andy/git/MECHelangelo/install/mechelangelo_arm_control/lib/python3.10/site-packages/mechelangelo_arm_control/__init__.py to __init__.cpython-310.pyc
running install_data
copying resource/mechelangelo_arm_control -> /home/andy/git/MECHelangelo/install/mechelangelo_arm_control/share/ament_index/resource_index/packages
copying package.xml -> /home/andy/git/MECHelangelo/install/mechelangelo_arm_control/share/mechelangelo_arm_control
running install_egg_info
Copying ../../build/mechelangelo_arm_control/mechelangelo_arm_control.egg-info to /home/andy/git/MECHelangelo/install/mechelangelo_arm_control/lib/python3.10/site-packages/mechelangelo_arm_control-0.0.0-py3.10.egg-info
running install_scripts
writing list of installed files to '/home/andy/git/MECHelangelo/build/mechelangelo_arm_control/install.log'
