-- Install configuration: ""
-- Up-to-date: /home/andy/git/MECHelangelo/install/mechelangelo_navigation2/share/mechelangelo_navigation2/launch
-- Up-to-date: /home/andy/git/MECHelangelo/install/mechelangelo_navigation2/share/mechelangelo_navigation2/launch/navigation2.launch.py
-- Up-to-date: /home/andy/git/MECHelangelo/install/mechelangelo_navigation2/share/mechelangelo_navigation2/map
-- Up-to-date: /home/andy/git/MECHelangelo/install/mechelangelo_navigation2/share/mechelangelo_navigation2/map/map.pgm
-- Up-to-date: /home/andy/git/MECHelangelo/install/mechelangelo_navigation2/share/mechelangelo_navigation2/map/map.yaml
-- Up-to-date: /home/andy/git/MECHelangelo/install/mechelangelo_navigation2/share/mechelangelo_navigation2/param
-- Up-to-date: /home/andy/git/MECHelangelo/install/mechelangelo_navigation2/share/mechelangelo_navigation2/param/humble
-- Up-to-date: /home/andy/git/MECHelangelo/install/mechelangelo_navigation2/share/mechelangelo_navigation2/param/humble/mechelangelo.yaml
-- Up-to-date: /home/andy/git/MECHelangelo/install/mechelangelo_navigation2/share/mechelangelo_navigation2/param/mechelangelo.yaml
-- Up-to-date: /home/andy/git/MECHelangelo/install/mechelangelo_navigation2/share/mechelangelo_navigation2/rviz
-- Up-to-date: /home/andy/git/MECHelangelo/install/mechelangelo_navigation2/share/mechelangelo_navigation2/rviz/mechelangelo_navigation2.rviz
-- Up-to-date: /home/andy/git/MECHelangelo/install/mechelangelo_navigation2/share/ament_index/resource_index/package_run_dependencies/mechelangelo_navigation2
-- Up-to-date: /home/andy/git/MECHelangelo/install/mechelangelo_navigation2/share/ament_index/resource_index/parent_prefix_path/mechelangelo_navigation2
-- Up-to-date: /home/andy/git/MECHelangelo/install/mechelangelo_navigation2/share/mechelangelo_navigation2/environment/ament_prefix_path.sh
-- Up-to-date: /home/andy/git/MECHelangelo/install/mechelangelo_navigation2/share/mechelangelo_navigation2/environment/ament_prefix_path.dsv
-- Up-to-date: /home/andy/git/MECHelangelo/install/mechelangelo_navigation2/share/mechelangelo_navigation2/environment/path.sh
-- Up-to-date: /home/andy/git/MECHelangelo/install/mechelangelo_navigation2/share/mechelangelo_navigation2/environment/path.dsv
-- Up-to-date: /home/andy/git/MECHelangelo/install/mechelangelo_navigation2/share/mechelangelo_navigation2/local_setup.bash
-- Up-to-date: /home/andy/git/MECHelangelo/install/mechelangelo_navigation2/share/mechelangelo_navigation2/local_setup.sh
-- Up-to-date: /home/andy/git/MECHelangelo/install/mechelangelo_navigation2/share/mechelangelo_navigation2/local_setup.zsh
-- Up-to-date: /home/andy/git/MECHelangelo/install/mechelangelo_navigation2/share/mechelangelo_navigation2/local_setup.dsv
-- Up-to-date: /home/andy/git/MECHelangelo/install/mechelangelo_navigation2/share/mechelangelo_navigation2/package.dsv
-- Up-to-date: /home/andy/git/MECHelangelo/install/mechelangelo_navigation2/share/ament_index/resource_index/packages/mechelangelo_navigation2
-- Up-to-date: /home/andy/git/MECHelangelo/install/mechelangelo_navigation2/share/mechelangelo_navigation2/cmake/mechelangelo_navigation2Config.cmake
-- Up-to-date: /home/andy/git/MECHelangelo/install/mechelangelo_navigation2/share/mechelangelo_navigation2/cmake/mechelangelo_navigation2Config-version.cmake
-- Up-to-date: /home/andy/git/MECHelangelo/install/mechelangelo_navigation2/share/mechelangelo_navigation2/package.xml
