[0.136s] Invoking command in '/home/andy/git/MECHelangelo/build/mechelangelo_navigation2': CMAKE_PREFIX_PATH=${CMAKE_PREFIX_PATH}:/home/andy/git/MECHelangelo/install/mechelangelo_teleop:/home/andy/git/MECHelangelo/install/mechelangelo_perception:/home/andy/git/MECHelangelo/install/mechelangelo_arm_control:/opt/ros/humble /usr/bin/cmake --build /home/andy/git/MECHelangelo/build/mechelangelo_navigation2 -- -j32 -l32
[0.370s] Invoked command in '/home/andy/git/MECHelangelo/build/mechelangelo_navigation2' returned '0': CMAKE_PREFIX_PATH=${CMAKE_PREFIX_PATH}:/home/andy/git/MECHelangelo/install/mechelangelo_teleop:/home/andy/git/MECHelangelo/install/mechelangelo_perception:/home/andy/git/MECHelangelo/install/mechelangelo_arm_control:/opt/ros/humble /usr/bin/cmake --build /home/andy/git/MECHelangelo/build/mechelangelo_navigation2 -- -j32 -l32
[0.371s] Invoking command in '/home/andy/git/MECHelangelo/build/mechelangelo_navigation2': CMAKE_PREFIX_PATH=${CMAKE_PREFIX_PATH}:/home/andy/git/MECHelangelo/install/mechelangelo_teleop:/home/andy/git/MECHelangelo/install/mechelangelo_perception:/home/andy/git/MECHelangelo/install/mechelangelo_arm_control:/opt/ros/humble /usr/bin/cmake --install /home/andy/git/MECHelangelo/build/mechelangelo_navigation2
[0.382s] -- Install configuration: ""
[0.382s] -- Up-to-date: /home/andy/git/MECHelangelo/install/mechelangelo_navigation2/share/mechelangelo_navigation2/launch
[0.382s] -- Up-to-date: /home/andy/git/MECHelangelo/install/mechelangelo_navigation2/share/mechelangelo_navigation2/launch/navigation2.launch.py
[0.382s] -- Up-to-date: /home/andy/git/MECHelangelo/install/mechelangelo_navigation2/share/mechelangelo_navigation2/map
[0.382s] -- Up-to-date: /home/andy/git/MECHelangelo/install/mechelangelo_navigation2/share/mechelangelo_navigation2/map/map.pgm
[0.382s] -- Up-to-date: /home/andy/git/MECHelangelo/install/mechelangelo_navigation2/share/mechelangelo_navigation2/map/map.yaml
[0.382s] -- Up-to-date: /home/andy/git/MECHelangelo/install/mechelangelo_navigation2/share/mechelangelo_navigation2/param
[0.382s] -- Up-to-date: /home/andy/git/MECHelangelo/install/mechelangelo_navigation2/share/mechelangelo_navigation2/param/humble
[0.382s] -- Up-to-date: /home/andy/git/MECHelangelo/install/mechelangelo_navigation2/share/mechelangelo_navigation2/param/humble/mechelangelo.yaml
[0.382s] -- Up-to-date: /home/andy/git/MECHelangelo/install/mechelangelo_navigation2/share/mechelangelo_navigation2/param/mechelangelo.yaml
[0.382s] -- Up-to-date: /home/andy/git/MECHelangelo/install/mechelangelo_navigation2/share/mechelangelo_navigation2/rviz
[0.382s] -- Up-to-date: /home/andy/git/MECHelangelo/install/mechelangelo_navigation2/share/mechelangelo_navigation2/rviz/mechelangelo_navigation2.rviz
[0.382s] -- Up-to-date: /home/andy/git/MECHelangelo/install/mechelangelo_navigation2/share/ament_index/resource_index/package_run_dependencies/mechelangelo_navigation2
[0.382s] -- Up-to-date: /home/andy/git/MECHelangelo/install/mechelangelo_navigation2/share/ament_index/resource_index/parent_prefix_path/mechelangelo_navigation2
[0.382s] -- Up-to-date: /home/andy/git/MECHelangelo/install/mechelangelo_navigation2/share/mechelangelo_navigation2/environment/ament_prefix_path.sh
[0.382s] -- Up-to-date: /home/andy/git/MECHelangelo/install/mechelangelo_navigation2/share/mechelangelo_navigation2/environment/ament_prefix_path.dsv
[0.382s] -- Up-to-date: /home/andy/git/MECHelangelo/install/mechelangelo_navigation2/share/mechelangelo_navigation2/environment/path.sh
[0.382s] -- Up-to-date: /home/andy/git/MECHelangelo/install/mechelangelo_navigation2/share/mechelangelo_navigation2/environment/path.dsv
[0.382s] -- Up-to-date: /home/andy/git/MECHelangelo/install/mechelangelo_navigation2/share/mechelangelo_navigation2/local_setup.bash
[0.382s] -- Up-to-date: /home/andy/git/MECHelangelo/install/mechelangelo_navigation2/share/mechelangelo_navigation2/local_setup.sh
[0.382s] -- Up-to-date: /home/andy/git/MECHelangelo/install/mechelangelo_navigation2/share/mechelangelo_navigation2/local_setup.zsh
[0.382s] -- Up-to-date: /home/andy/git/MECHelangelo/install/mechelangelo_navigation2/share/mechelangelo_navigation2/local_setup.dsv
[0.382s] -- Up-to-date: /home/andy/git/MECHelangelo/install/mechelangelo_navigation2/share/mechelangelo_navigation2/package.dsv
[0.382s] -- Up-to-date: /home/andy/git/MECHelangelo/install/mechelangelo_navigation2/share/ament_index/resource_index/packages/mechelangelo_navigation2
[0.382s] -- Up-to-date: /home/andy/git/MECHelangelo/install/mechelangelo_navigation2/share/mechelangelo_navigation2/cmake/mechelangelo_navigation2Config.cmake
[0.382s] -- Up-to-date: /home/andy/git/MECHelangelo/install/mechelangelo_navigation2/share/mechelangelo_navigation2/cmake/mechelangelo_navigation2Config-version.cmake
[0.382s] -- Up-to-date: /home/andy/git/MECHelangelo/install/mechelangelo_navigation2/share/mechelangelo_navigation2/package.xml
[0.429s] Invoked command in '/home/andy/git/MECHelangelo/build/mechelangelo_navigation2' returned '0': CMAKE_PREFIX_PATH=${CMAKE_PREFIX_PATH}:/home/andy/git/MECHelangelo/install/mechelangelo_teleop:/home/andy/git/MECHelangelo/install/mechelangelo_perception:/home/andy/git/MECHelangelo/install/mechelangelo_arm_control:/opt/ros/humble /usr/bin/cmake --install /home/andy/git/MECHelangelo/build/mechelangelo_navigation2
