[0.895s] Invoking command in '/home/andy/git/MECHelangelo/build/mechelangelo_teleop': PYTHONPATH=/home/andy/git/MECHelangelo/build/mechelangelo_teleop/prefix_override:/usr/lib/python3/dist-packages/colcon_core/task/python/colcon_distutils_commands:/home/andy/git/MECHelangelo/install/mechelangelo_teleop/lib/python3.10/site-packages:${PYTHONPATH} /usr/bin/python3 -W ignore:setup.py install is deprecated -W ignore:easy_install command is deprecated setup.py develop --uninstall --editable --build-directory /home/andy/git/MECHelangelo/build/mechelangelo_teleop/build
[1.065s] running develop
[1.159s] Removing /home/andy/git/MECHelangelo/install/mechelangelo_teleop/lib/python3.10/site-packages/mechelangelo-teleop.egg-link (link to .)
[1.197s] Invoked command in '/home/andy/git/MECHelangelo/build/mechelangelo_teleop' returned '0': PYTHONPATH=/home/andy/git/MECHelangelo/build/mechelangelo_teleop/prefix_override:/usr/lib/python3/dist-packages/colcon_core/task/python/colcon_distutils_commands:/home/andy/git/MECHelangelo/install/mechelangelo_teleop/lib/python3.10/site-packages:${PYTHONPATH} /usr/bin/python3 -W ignore:setup.py install is deprecated -W ignore:easy_install command is deprecated setup.py develop --uninstall --editable --build-directory /home/andy/git/MECHelangelo/build/mechelangelo_teleop/build
[1.199s] Invoking command in '/home/andy/git/MECHelangelo/src/mechelangelo_teleop': PYTHONPATH=/home/andy/git/MECHelangelo/build/mechelangelo_teleop/prefix_override:/usr/lib/python3/dist-packages/colcon_core/task/python/colcon_distutils_commands:/home/andy/git/MECHelangelo/install/mechelangelo_teleop/lib/python3.10/site-packages:${PYTHONPATH} /usr/bin/python3 -W ignore:setup.py install is deprecated -W ignore:easy_install command is deprecated setup.py egg_info --egg-base ../../build/mechelangelo_teleop build --build-base /home/andy/git/MECHelangelo/build/mechelangelo_teleop/build install --record /home/andy/git/MECHelangelo/build/mechelangelo_teleop/install.log --single-version-externally-managed install_data --force
[1.361s] running egg_info
[1.361s] writing ../../build/mechelangelo_teleop/mechelangelo_teleop.egg-info/PKG-INFO
[1.362s] writing dependency_links to ../../build/mechelangelo_teleop/mechelangelo_teleop.egg-info/dependency_links.txt
[1.362s] writing entry points to ../../build/mechelangelo_teleop/mechelangelo_teleop.egg-info/entry_points.txt
[1.362s] writing requirements to ../../build/mechelangelo_teleop/mechelangelo_teleop.egg-info/requires.txt
[1.362s] writing top-level names to ../../build/mechelangelo_teleop/mechelangelo_teleop.egg-info/top_level.txt
[1.363s] reading manifest file '../../build/mechelangelo_teleop/mechelangelo_teleop.egg-info/SOURCES.txt'
[1.363s] writing manifest file '../../build/mechelangelo_teleop/mechelangelo_teleop.egg-info/SOURCES.txt'
[1.363s] running build
[1.363s] running build_py
[1.363s] creating /home/andy/git/MECHelangelo/build/mechelangelo_teleop/build
[1.364s] creating /home/andy/git/MECHelangelo/build/mechelangelo_teleop/build/lib
[1.364s] creating /home/andy/git/MECHelangelo/build/mechelangelo_teleop/build/lib/mechelangelo_teleop
[1.364s] copying mechelangelo_teleop/__init__.py -> /home/andy/git/MECHelangelo/build/mechelangelo_teleop/build/lib/mechelangelo_teleop
[1.364s] copying mechelangelo_teleop/teleop_keyboard.py -> /home/andy/git/MECHelangelo/build/mechelangelo_teleop/build/lib/mechelangelo_teleop
[1.368s] running install
[1.368s] running install_lib
[1.368s] creating /home/andy/git/MECHelangelo/install/mechelangelo_teleop/lib/python3.10/site-packages/mechelangelo_teleop
[1.368s] copying /home/andy/git/MECHelangelo/build/mechelangelo_teleop/build/lib/mechelangelo_teleop/__init__.py -> /home/andy/git/MECHelangelo/install/mechelangelo_teleop/lib/python3.10/site-packages/mechelangelo_teleop
[1.368s] copying /home/andy/git/MECHelangelo/build/mechelangelo_teleop/build/lib/mechelangelo_teleop/teleop_keyboard.py -> /home/andy/git/MECHelangelo/install/mechelangelo_teleop/lib/python3.10/site-packages/mechelangelo_teleop
[1.368s] byte-compiling /home/andy/git/MECHelangelo/install/mechelangelo_teleop/lib/python3.10/site-packages/mechelangelo_teleop/__init__.py to __init__.cpython-310.pyc
[1.368s] byte-compiling /home/andy/git/MECHelangelo/install/mechelangelo_teleop/lib/python3.10/site-packages/mechelangelo_teleop/teleop_keyboard.py to teleop_keyboard.cpython-310.pyc
[1.368s] running install_data
[1.368s] copying resource/mechelangelo_teleop -> /home/andy/git/MECHelangelo/install/mechelangelo_teleop/share/ament_index/resource_index/packages
[1.368s] copying package.xml -> /home/andy/git/MECHelangelo/install/mechelangelo_teleop/share/mechelangelo_teleop
[1.368s] running install_egg_info
[1.369s] Copying ../../build/mechelangelo_teleop/mechelangelo_teleop.egg-info to /home/andy/git/MECHelangelo/install/mechelangelo_teleop/lib/python3.10/site-packages/mechelangelo_teleop-0.0.0-py3.10.egg-info
[1.369s] running install_scripts
[1.384s] Installing teleop_keyboard script to /home/andy/git/MECHelangelo/install/mechelangelo_teleop/lib/mechelangelo_teleop
[1.384s] writing list of installed files to '/home/andy/git/MECHelangelo/build/mechelangelo_teleop/install.log'
[1.418s] Invoked command in '/home/andy/git/MECHelangelo/src/mechelangelo_teleop' returned '0': PYTHONPATH=/home/andy/git/MECHelangelo/build/mechelangelo_teleop/prefix_override:/usr/lib/python3/dist-packages/colcon_core/task/python/colcon_distutils_commands:/home/andy/git/MECHelangelo/install/mechelangelo_teleop/lib/python3.10/site-packages:${PYTHONPATH} /usr/bin/python3 -W ignore:setup.py install is deprecated -W ignore:easy_install command is deprecated setup.py egg_info --egg-base ../../build/mechelangelo_teleop build --build-base /home/andy/git/MECHelangelo/build/mechelangelo_teleop/build install --record /home/andy/git/MECHelangelo/build/mechelangelo_teleop/install.log --single-version-externally-managed install_data --force
