-- Found ament_cmake: 1.3.14 (/opt/ros/humble/share/ament_cmake/cmake)
-- Found Python3: /usr/bin/python3 (found version "3.10.12") found components: Interpreter 
-- Found ament_lint_auto: 0.12.15 (/opt/ros/humble/share/ament_lint_auto/cmake)
-- Added test 'lint_cmake' to check CMake code style
-- Added test 'xmllint' to check XML markup files
-- Configuring done
-- Generating done
-- Build files have been written to: /home/andy/git/MECHelangelo/build/mechelangelo_base_hardware
-- Install configuration: ""
-- Installing: /home/andy/git/MECHelangelo/install/mechelangelo_base_hardware/share/ament_index/resource_index/package_run_dependencies/mechelangelo_base_hardware
-- Installing: /home/andy/git/MECHelangelo/install/mechelangelo_base_hardware/share/ament_index/resource_index/parent_prefix_path/mechelangelo_base_hardware
-- Installing: /home/andy/git/MECHelangelo/install/mechelangelo_base_hardware/share/mechelangelo_base_hardware/environment/ament_prefix_path.sh
-- Installing: /home/andy/git/MECHelangelo/install/mechelangelo_base_hardware/share/mechelangelo_base_hardware/environment/ament_prefix_path.dsv
-- Installing: /home/andy/git/MECHelangelo/install/mechelangelo_base_hardware/share/mechelangelo_base_hardware/environment/path.sh
-- Installing: /home/andy/git/MECHelangelo/install/mechelangelo_base_hardware/share/mechelangelo_base_hardware/environment/path.dsv
-- Installing: /home/andy/git/MECHelangelo/install/mechelangelo_base_hardware/share/mechelangelo_base_hardware/local_setup.bash
-- Installing: /home/andy/git/MECHelangelo/install/mechelangelo_base_hardware/share/mechelangelo_base_hardware/local_setup.sh
-- Installing: /home/andy/git/MECHelangelo/install/mechelangelo_base_hardware/share/mechelangelo_base_hardware/local_setup.zsh
-- Installing: /home/andy/git/MECHelangelo/install/mechelangelo_base_hardware/share/mechelangelo_base_hardware/local_setup.dsv
-- Installing: /home/andy/git/MECHelangelo/install/mechelangelo_base_hardware/share/mechelangelo_base_hardware/package.dsv
-- Installing: /home/andy/git/MECHelangelo/install/mechelangelo_base_hardware/share/ament_index/resource_index/packages/mechelangelo_base_hardware
-- Installing: /home/andy/git/MECHelangelo/install/mechelangelo_base_hardware/share/mechelangelo_base_hardware/cmake/mechelangelo_base_hardwareConfig.cmake
-- Installing: /home/andy/git/MECHelangelo/install/mechelangelo_base_hardware/share/mechelangelo_base_hardware/cmake/mechelangelo_base_hardwareConfig-version.cmake
-- Installing: /home/andy/git/MECHelangelo/install/mechelangelo_base_hardware/share/mechelangelo_base_hardware/package.xml
