[0.108s] Invoking command in '/home/andy/git/MECHelangelo/build/mechelangelo_base_hardware': CMAKE_PREFIX_PATH=/opt/ros/humble /usr/bin/cmake /home/andy/git/MECHelangelo/src/mechelangelo_base_hardware -DCMAKE_INSTALL_PREFIX=/home/andy/git/MECHelangelo/install/mechelangelo_base_hardware
[0.228s] -- Found ament_cmake: 1.3.14 (/opt/ros/humble/share/ament_cmake/cmake)
[0.228s] -- Found Python3: /usr/bin/python3 (found version "3.10.12") found components: Interpreter 
[0.248s] -- Found ament_lint_auto: 0.12.15 (/opt/ros/humble/share/ament_lint_auto/cmake)
[0.370s] -- Added test 'lint_cmake' to check CMake code style
[0.370s] -- Added test 'xmllint' to check XML markup files
[0.371s] -- Configuring done
[0.372s] -- Generating done
[0.373s] -- Build files have been written to: /home/andy/git/MECHelangelo/build/mechelangelo_base_hardware
[0.375s] Invoked command in '/home/andy/git/MECHelangelo/build/mechelangelo_base_hardware' returned '0': CMAKE_PREFIX_PATH=/opt/ros/humble /usr/bin/cmake /home/andy/git/MECHelangelo/src/mechelangelo_base_hardware -DCMAKE_INSTALL_PREFIX=/home/andy/git/MECHelangelo/install/mechelangelo_base_hardware
[0.376s] Invoking command in '/home/andy/git/MECHelangelo/build/mechelangelo_base_hardware': CMAKE_PREFIX_PATH=/opt/ros/humble /usr/bin/cmake --build /home/andy/git/MECHelangelo/build/mechelangelo_base_hardware -- -j32 -l32
[0.393s] Invoked command in '/home/andy/git/MECHelangelo/build/mechelangelo_base_hardware' returned '0': CMAKE_PREFIX_PATH=/opt/ros/humble /usr/bin/cmake --build /home/andy/git/MECHelangelo/build/mechelangelo_base_hardware -- -j32 -l32
[0.394s] Invoking command in '/home/andy/git/MECHelangelo/build/mechelangelo_base_hardware': CMAKE_PREFIX_PATH=/opt/ros/humble /usr/bin/cmake --install /home/andy/git/MECHelangelo/build/mechelangelo_base_hardware
[0.397s] -- Install configuration: ""
[0.397s] -- Installing: /home/andy/git/MECHelangelo/install/mechelangelo_base_hardware/share/ament_index/resource_index/package_run_dependencies/mechelangelo_base_hardware
[0.398s] -- Installing: /home/andy/git/MECHelangelo/install/mechelangelo_base_hardware/share/ament_index/resource_index/parent_prefix_path/mechelangelo_base_hardware
[0.398s] -- Installing: /home/andy/git/MECHelangelo/install/mechelangelo_base_hardware/share/mechelangelo_base_hardware/environment/ament_prefix_path.sh
[0.398s] -- Installing: /home/andy/git/MECHelangelo/install/mechelangelo_base_hardware/share/mechelangelo_base_hardware/environment/ament_prefix_path.dsv
[0.398s] -- Installing: /home/andy/git/MECHelangelo/install/mechelangelo_base_hardware/share/mechelangelo_base_hardware/environment/path.sh
[0.398s] -- Installing: /home/andy/git/MECHelangelo/install/mechelangelo_base_hardware/share/mechelangelo_base_hardware/environment/path.dsv
[0.398s] -- Installing: /home/andy/git/MECHelangelo/install/mechelangelo_base_hardware/share/mechelangelo_base_hardware/local_setup.bash
[0.398s] -- Installing: /home/andy/git/MECHelangelo/install/mechelangelo_base_hardware/share/mechelangelo_base_hardware/local_setup.sh
[0.398s] -- Installing: /home/andy/git/MECHelangelo/install/mechelangelo_base_hardware/share/mechelangelo_base_hardware/local_setup.zsh
[0.398s] -- Installing: /home/andy/git/MECHelangelo/install/mechelangelo_base_hardware/share/mechelangelo_base_hardware/local_setup.dsv
[0.398s] -- Installing: /home/andy/git/MECHelangelo/install/mechelangelo_base_hardware/share/mechelangelo_base_hardware/package.dsv
[0.398s] -- Installing: /home/andy/git/MECHelangelo/install/mechelangelo_base_hardware/share/ament_index/resource_index/packages/mechelangelo_base_hardware
[0.399s] -- Installing: /home/andy/git/MECHelangelo/install/mechelangelo_base_hardware/share/mechelangelo_base_hardware/cmake/mechelangelo_base_hardwareConfig.cmake
[0.399s] -- Installing: /home/andy/git/MECHelangelo/install/mechelangelo_base_hardware/share/mechelangelo_base_hardware/cmake/mechelangelo_base_hardwareConfig-version.cmake
[0.399s] -- Installing: /home/andy/git/MECHelangelo/install/mechelangelo_base_hardware/share/mechelangelo_base_hardware/package.xml
[0.399s] Invoked command in '/home/andy/git/MECHelangelo/build/mechelangelo_base_hardware' returned '0': CMAKE_PREFIX_PATH=/opt/ros/humble /usr/bin/cmake --install /home/andy/git/MECHelangelo/build/mechelangelo_base_hardware
