[0.021s] Invoking command in '/home/andy/git/MECHelangelo/build/mechelangelo_description': CMAKE_PREFIX_PATH=${CMAKE_PREFIX_PATH}:/home/andy/git/MECHelangelo/install/mechelangelo_teleop:/home/andy/git/MECHelangelo/install/mechelangelo_perception:/home/andy/git/MECHelangelo/install/mechelangelo_arm_control:/opt/ros/humble /usr/bin/cmake /home/andy/git/MECHelangelo/src/mechelangelo_description -DCMAKE_INSTALL_PREFIX=/home/andy/git/MECHelangelo/install/mechelangelo_description
[0.352s] -- The C compiler identification is GNU 11.4.0
[0.352s] -- The CXX compiler identification is GNU 11.4.0
[0.352s] -- Detecting C compiler ABI info
[0.352s] -- Detecting C compiler ABI info - done
[0.352s] -- Check for working C compiler: /usr/bin/cc - skipped
[0.352s] -- Detecting C compile features
[0.352s] -- Detecting C compile features - done
[0.353s] -- Detecting CXX compiler ABI info
[0.353s] -- Detecting CXX compiler ABI info - done
[0.353s] -- Check for working CXX compiler: /usr/bin/c++ - skipped
[0.353s] -- Detecting CXX compile features
[0.353s] -- Detecting CXX compile features - done
[0.353s] -- Found ament_cmake: 1.3.14 (/opt/ros/humble/share/ament_cmake/cmake)
[0.353s] -- Found Python3: /usr/bin/python3 (found version "3.10.12") found components: Interpreter 
[0.353s] -- Configuring done
[0.354s] -- Generating done
[0.355s] -- Build files have been written to: /home/andy/git/MECHelangelo/build/mechelangelo_description
[0.359s] Invoked command in '/home/andy/git/MECHelangelo/build/mechelangelo_description' returned '0': CMAKE_PREFIX_PATH=${CMAKE_PREFIX_PATH}:/home/andy/git/MECHelangelo/install/mechelangelo_teleop:/home/andy/git/MECHelangelo/install/mechelangelo_perception:/home/andy/git/MECHelangelo/install/mechelangelo_arm_control:/opt/ros/humble /usr/bin/cmake /home/andy/git/MECHelangelo/src/mechelangelo_description -DCMAKE_INSTALL_PREFIX=/home/andy/git/MECHelangelo/install/mechelangelo_description
[0.360s] Invoking command in '/home/andy/git/MECHelangelo/build/mechelangelo_description': CMAKE_PREFIX_PATH=${CMAKE_PREFIX_PATH}:/home/andy/git/MECHelangelo/install/mechelangelo_teleop:/home/andy/git/MECHelangelo/install/mechelangelo_perception:/home/andy/git/MECHelangelo/install/mechelangelo_arm_control:/opt/ros/humble /usr/bin/cmake --build /home/andy/git/MECHelangelo/build/mechelangelo_description -- -j32 -l32
[0.379s] Invoked command in '/home/andy/git/MECHelangelo/build/mechelangelo_description' returned '0': CMAKE_PREFIX_PATH=${CMAKE_PREFIX_PATH}:/home/andy/git/MECHelangelo/install/mechelangelo_teleop:/home/andy/git/MECHelangelo/install/mechelangelo_perception:/home/andy/git/MECHelangelo/install/mechelangelo_arm_control:/opt/ros/humble /usr/bin/cmake --build /home/andy/git/MECHelangelo/build/mechelangelo_description -- -j32 -l32
[0.385s] Invoking command in '/home/andy/git/MECHelangelo/build/mechelangelo_description': CMAKE_PREFIX_PATH=${CMAKE_PREFIX_PATH}:/home/andy/git/MECHelangelo/install/mechelangelo_teleop:/home/andy/git/MECHelangelo/install/mechelangelo_perception:/home/andy/git/MECHelangelo/install/mechelangelo_arm_control:/opt/ros/humble /usr/bin/cmake --install /home/andy/git/MECHelangelo/build/mechelangelo_description
[0.388s] -- Install configuration: ""
[0.388s] -- Installing: /home/andy/git/MECHelangelo/install/mechelangelo_description/share/mechelangelo_description/urdf
[0.388s] -- Installing: /home/andy/git/MECHelangelo/install/mechelangelo_description/share/mechelangelo_description/urdf/mechelangelo_base.urdf
[0.463s] -- Installing: /home/andy/git/MECHelangelo/install/mechelangelo_description/share/mechelangelo_description/meshes
[0.463s] -- Installing: /home/andy/git/MECHelangelo/install/mechelangelo_description/share/mechelangelo_description/meshes/base
[0.463s] -- Installing: /home/andy/git/MECHelangelo/install/mechelangelo_description/share/mechelangelo_description/meshes/base/base.STL
[0.479s] -- Installing: /home/andy/git/MECHelangelo/install/mechelangelo_description/share/mechelangelo_description/meshes/base/base.dae
[0.542s] -- Installing: /home/andy/git/MECHelangelo/install/mechelangelo_description/share/mechelangelo_description/meshes/base/HardwareBox_-_Finishes_-_Gunmetal_Grey_480x480.jpg
[0.544s] -- Installing: /home/andy/git/MECHelangelo/install/mechelangelo_description/share/mechelangelo_description/meshes/wheels
[0.544s] -- Installing: /home/andy/git/MECHelangelo/install/mechelangelo_description/share/mechelangelo_description/meshes/wheels/wheel.STL
[0.544s] -- Installing: /home/andy/git/MECHelangelo/install/mechelangelo_description/share/mechelangelo_description/meshes/wheels/TIREWHEEL.jpg
[0.544s] -- Installing: /home/andy/git/MECHelangelo/install/mechelangelo_description/share/mechelangelo_description/meshes/wheels/wheel.dae
[0.547s] -- Installing: /home/andy/git/MECHelangelo/install/mechelangelo_description/share/mechelangelo_description/meshes/sensors
[0.547s] -- Installing: /home/andy/git/MECHelangelo/install/mechelangelo_description/share/mechelangelo_description/meshes/sensors/lds.stl
[0.548s] -- Installing: /home/andy/git/MECHelangelo/install/mechelangelo_description/share/mechelangelo_description/meshes/sensors/astra.jpg
[0.549s] -- Installing: /home/andy/git/MECHelangelo/install/mechelangelo_description/share/mechelangelo_description/meshes/sensors/r200.dae
[0.550s] -- Installing: /home/andy/git/MECHelangelo/install/mechelangelo_description/share/mechelangelo_description/meshes/sensors/r200.jpg
[0.550s] -- Installing: /home/andy/git/MECHelangelo/install/mechelangelo_description/share/mechelangelo_description/meshes/sensors/astra.dae
[0.568s] -- Installing: /home/andy/git/MECHelangelo/install/mechelangelo_description/share/mechelangelo_description/rviz
[0.568s] -- Installing: /home/andy/git/MECHelangelo/install/mechelangelo_description/share/ament_index/resource_index/package_run_dependencies/mechelangelo_description
[0.568s] -- Installing: /home/andy/git/MECHelangelo/install/mechelangelo_description/share/ament_index/resource_index/parent_prefix_path/mechelangelo_description
[0.568s] -- Installing: /home/andy/git/MECHelangelo/install/mechelangelo_description/share/mechelangelo_description/environment/ament_prefix_path.sh
[0.568s] -- Installing: /home/andy/git/MECHelangelo/install/mechelangelo_description/share/mechelangelo_description/environment/ament_prefix_path.dsv
[0.568s] -- Installing: /home/andy/git/MECHelangelo/install/mechelangelo_description/share/mechelangelo_description/environment/path.sh
[0.568s] -- Installing: /home/andy/git/MECHelangelo/install/mechelangelo_description/share/mechelangelo_description/environment/path.dsv
[0.568s] -- Installing: /home/andy/git/MECHelangelo/install/mechelangelo_description/share/mechelangelo_description/local_setup.bash
[0.568s] -- Installing: /home/andy/git/MECHelangelo/install/mechelangelo_description/share/mechelangelo_description/local_setup.sh
[0.568s] -- Installing: /home/andy/git/MECHelangelo/install/mechelangelo_description/share/mechelangelo_description/local_setup.zsh
[0.568s] -- Installing: /home/andy/git/MECHelangelo/install/mechelangelo_description/share/mechelangelo_description/local_setup.dsv
[0.568s] -- Installing: /home/andy/git/MECHelangelo/install/mechelangelo_description/share/mechelangelo_description/package.dsv
[0.568s] -- Installing: /home/andy/git/MECHelangelo/install/mechelangelo_description/share/ament_index/resource_index/packages/mechelangelo_description
[0.568s] -- Installing: /home/andy/git/MECHelangelo/install/mechelangelo_description/share/mechelangelo_description/cmake/mechelangelo_descriptionConfig.cmake
[0.568s] -- Installing: /home/andy/git/MECHelangelo/install/mechelangelo_description/share/mechelangelo_description/cmake/mechelangelo_descriptionConfig-version.cmake
[0.568s] -- Installing: /home/andy/git/MECHelangelo/install/mechelangelo_description/share/mechelangelo_description/package.xml
[0.571s] Invoked command in '/home/andy/git/MECHelangelo/build/mechelangelo_description' returned '0': CMAKE_PREFIX_PATH=${CMAKE_PREFIX_PATH}:/home/andy/git/MECHelangelo/install/mechelangelo_teleop:/home/andy/git/MECHelangelo/install/mechelangelo_perception:/home/andy/git/MECHelangelo/install/mechelangelo_arm_control:/opt/ros/humble /usr/bin/cmake --install /home/andy/git/MECHelangelo/build/mechelangelo_description
