-- Install configuration: ""
-- Execute custom install script
-- Up-to-date symlink: /home/andy/git/MECHelangelo/install/mechelangelo_gazebo/share/mechelangelo_gazebo/launch/Gallery_Test2.launch.py
-- Up-to-date symlink: /home/andy/git/MECHelangelo/install/mechelangelo_gazebo/share/mechelangelo_gazebo/launch/gallery.launch.py
-- Up-to-date symlink: /home/andy/git/MECHelangelo/install/mechelangelo_gazebo/share/mechelangelo_gazebo/launch/sim.launch.py
-- Up-to-date symlink: /home/andy/git/MECHelangelo/install/mechelangelo_gazebo/share/mechelangelo_gazebo/launch/spawn_mechelangelo.launch.py
-- Up-to-date symlink: /home/andy/git/MECHelangelo/install/mechelangelo_gazebo/share/mechelangelo_gazebo/models/mechelangelo/meshes/base/base.STL
-- Up-to-date symlink: /home/andy/git/MECHelangelo/install/mechelangelo_gazebo/share/mechelangelo_gazebo/models/mechelangelo/meshes/sensors/astra.dae
-- Up-to-date symlink: /home/andy/git/MECHelangelo/install/mechelangelo_gazebo/share/mechelangelo_gazebo/models/mechelangelo/meshes/sensors/astra.jpg
-- Up-to-date symlink: /home/andy/git/MECHelangelo/install/mechelangelo_gazebo/share/mechelangelo_gazebo/models/mechelangelo/meshes/sensors/lds.stl
-- Up-to-date symlink: /home/andy/git/MECHelangelo/install/mechelangelo_gazebo/share/mechelangelo_gazebo/models/mechelangelo/meshes/sensors/r200.dae
-- Up-to-date symlink: /home/andy/git/MECHelangelo/install/mechelangelo_gazebo/share/mechelangelo_gazebo/models/mechelangelo/meshes/sensors/r200.jpg
-- Up-to-date symlink: /home/andy/git/MECHelangelo/install/mechelangelo_gazebo/share/mechelangelo_gazebo/models/mechelangelo/meshes/wheels/TIREWHEEL.jpg
-- Up-to-date symlink: /home/andy/git/MECHelangelo/install/mechelangelo_gazebo/share/mechelangelo_gazebo/models/mechelangelo/meshes/wheels/wheel.STL
-- Up-to-date symlink: /home/andy/git/MECHelangelo/install/mechelangelo_gazebo/share/mechelangelo_gazebo/models/mechelangelo/meshes/wheels/wheel.dae
-- Up-to-date symlink: /home/andy/git/MECHelangelo/install/mechelangelo_gazebo/share/mechelangelo_gazebo/models/mechelangelo/model.config
-- Up-to-date symlink: /home/andy/git/MECHelangelo/install/mechelangelo_gazebo/share/mechelangelo_gazebo/models/mechelangelo/model.sdf
-- Up-to-date symlink: /home/andy/git/MECHelangelo/install/mechelangelo_gazebo/share/mechelangelo_gazebo/worlds/Gallery_Test2.world
-- Up-to-date symlink: /home/andy/git/MECHelangelo/install/mechelangelo_gazebo/share/ament_index/resource_index/package_run_dependencies/mechelangelo_gazebo
-- Up-to-date symlink: /home/andy/git/MECHelangelo/install/mechelangelo_gazebo/share/ament_index/resource_index/parent_prefix_path/mechelangelo_gazebo
-- Up-to-date symlink: /home/andy/git/MECHelangelo/install/mechelangelo_gazebo/share/mechelangelo_gazebo/environment/ament_prefix_path.sh
-- Up-to-date symlink: /home/andy/git/MECHelangelo/install/mechelangelo_gazebo/share/mechelangelo_gazebo/environment/ament_prefix_path.dsv
-- Up-to-date symlink: /home/andy/git/MECHelangelo/install/mechelangelo_gazebo/share/mechelangelo_gazebo/environment/path.sh
-- Up-to-date symlink: /home/andy/git/MECHelangelo/install/mechelangelo_gazebo/share/mechelangelo_gazebo/environment/path.dsv
-- Up-to-date symlink: /home/andy/git/MECHelangelo/install/mechelangelo_gazebo/share/mechelangelo_gazebo/local_setup.bash
-- Up-to-date symlink: /home/andy/git/MECHelangelo/install/mechelangelo_gazebo/share/mechelangelo_gazebo/local_setup.sh
-- Up-to-date symlink: /home/andy/git/MECHelangelo/install/mechelangelo_gazebo/share/mechelangelo_gazebo/local_setup.zsh
-- Up-to-date symlink: /home/andy/git/MECHelangelo/install/mechelangelo_gazebo/share/mechelangelo_gazebo/local_setup.dsv
-- Symlinking: /home/andy/git/MECHelangelo/install/mechelangelo_gazebo/share/mechelangelo_gazebo/package.dsv
-- Up-to-date symlink: /home/andy/git/MECHelangelo/install/mechelangelo_gazebo/share/ament_index/resource_index/packages/mechelangelo_gazebo
-- Up-to-date symlink: /home/andy/git/MECHelangelo/install/mechelangelo_gazebo/share/mechelangelo_gazebo/cmake/mechelangelo_gazeboConfig.cmake
-- Up-to-date symlink: /home/andy/git/MECHelangelo/install/mechelangelo_gazebo/share/mechelangelo_gazebo/cmake/mechelangelo_gazeboConfig-version.cmake
-- Up-to-date symlink: /home/andy/git/MECHelangelo/install/mechelangelo_gazebo/share/mechelangelo_gazebo/package.xml
