[0.120s] Invoking command in '/home/andy/git/MECHelangelo/build/mechelangelo_navigation': CMAKE_PREFIX_PATH=${CMAKE_PREFIX_PATH}:/home/andy/git/MECHelangelo/install/mechelangelo_teleop:/home/andy/git/MECHelangelo/install/mechelangelo_perception:/home/andy/git/MECHelangelo/install/mechelangelo_arm_control:/opt/ros/humble /usr/bin/cmake --build /home/andy/git/MECHelangelo/build/mechelangelo_navigation -- -j32 -l32
[0.337s] Invoked command in '/home/andy/git/MECHelangelo/build/mechelangelo_navigation' returned '0': CMAKE_PREFIX_PATH=${CMAKE_PREFIX_PATH}:/home/andy/git/MECHelangelo/install/mechelangelo_teleop:/home/andy/git/MECHelangelo/install/mechelangelo_perception:/home/andy/git/MECHelangelo/install/mechelangelo_arm_control:/opt/ros/humble /usr/bin/cmake --build /home/andy/git/MECHelangelo/build/mechelangelo_navigation -- -j32 -l32
[0.338s] Invoking command in '/home/andy/git/MECHelangelo/build/mechelangelo_navigation': CMAKE_PREFIX_PATH=${CMAKE_PREFIX_PATH}:/home/andy/git/MECHelangelo/install/mechelangelo_teleop:/home/andy/git/MECHelangelo/install/mechelangelo_perception:/home/andy/git/MECHelangelo/install/mechelangelo_arm_control:/opt/ros/humble /usr/bin/cmake --install /home/andy/git/MECHelangelo/build/mechelangelo_navigation
[0.343s] -- Install configuration: ""
[0.343s] -- Execute custom install script
[0.343s] -- Up-to-date symlink: /home/andy/git/MECHelangelo/install/mechelangelo_navigation/share/ament_index/resource_index/package_run_dependencies/mechelangelo_navigation
[0.343s] -- Up-to-date symlink: /home/andy/git/MECHelangelo/install/mechelangelo_navigation/share/ament_index/resource_index/parent_prefix_path/mechelangelo_navigation
[0.343s] -- Up-to-date symlink: /home/andy/git/MECHelangelo/install/mechelangelo_navigation/share/mechelangelo_navigation/environment/ament_prefix_path.sh
[0.343s] -- Up-to-date symlink: /home/andy/git/MECHelangelo/install/mechelangelo_navigation/share/mechelangelo_navigation/environment/ament_prefix_path.dsv
[0.344s] -- Up-to-date symlink: /home/andy/git/MECHelangelo/install/mechelangelo_navigation/share/mechelangelo_navigation/environment/path.sh
[0.344s] -- Up-to-date symlink: /home/andy/git/MECHelangelo/install/mechelangelo_navigation/share/mechelangelo_navigation/environment/path.dsv
[0.344s] -- Up-to-date symlink: /home/andy/git/MECHelangelo/install/mechelangelo_navigation/share/mechelangelo_navigation/local_setup.bash
[0.344s] -- Up-to-date symlink: /home/andy/git/MECHelangelo/install/mechelangelo_navigation/share/mechelangelo_navigation/local_setup.sh
[0.344s] -- Up-to-date symlink: /home/andy/git/MECHelangelo/install/mechelangelo_navigation/share/mechelangelo_navigation/local_setup.zsh
[0.345s] -- Up-to-date symlink: /home/andy/git/MECHelangelo/install/mechelangelo_navigation/share/mechelangelo_navigation/local_setup.dsv
[0.345s] -- Symlinking: /home/andy/git/MECHelangelo/install/mechelangelo_navigation/share/mechelangelo_navigation/package.dsv
[0.347s] -- Up-to-date symlink: /home/andy/git/MECHelangelo/install/mechelangelo_navigation/share/ament_index/resource_index/packages/mechelangelo_navigation
[0.347s] -- Up-to-date symlink: /home/andy/git/MECHelangelo/install/mechelangelo_navigation/share/mechelangelo_navigation/cmake/mechelangelo_navigationConfig.cmake
[0.347s] -- Up-to-date symlink: /home/andy/git/MECHelangelo/install/mechelangelo_navigation/share/mechelangelo_navigation/cmake/mechelangelo_navigationConfig-version.cmake
[0.347s] -- Up-to-date symlink: /home/andy/git/MECHelangelo/install/mechelangelo_navigation/share/mechelangelo_navigation/package.xml
[0.368s] Invoked command in '/home/andy/git/MECHelangelo/build/mechelangelo_navigation' returned '0': CMAKE_PREFIX_PATH=${CMAKE_PREFIX_PATH}:/home/andy/git/MECHelangelo/install/mechelangelo_teleop:/home/andy/git/MECHelangelo/install/mechelangelo_perception:/home/andy/git/MECHelangelo/install/mechelangelo_arm_control:/opt/ros/humble /usr/bin/cmake --install /home/andy/git/MECHelangelo/build/mechelangelo_navigation
