-- Found ament_cmake: 1.3.14 (/opt/ros/humble/share/ament_cmake/cmake)
-- Override CMake install command with custom implementation using symlinks instead of copying resources
-- Found ament_lint_auto: 0.12.15 (/opt/ros/humble/share/ament_lint_auto/cmake)
-- Added test 'lint_cmake' to check CMake code style
-- Added test 'xmllint' to check XML markup files
-- Configuring done
-- Generating done
-- Build files have been written to: /home/andy/git/MECHelangelo/build/mechelangelo_navigation
-- Install configuration: ""
-- Execute custom install script
-- Up-to-date symlink: /home/andy/git/MECHelangelo/install/mechelangelo_navigation/share/ament_index/resource_index/package_run_dependencies/mechelangelo_navigation
-- Up-to-date symlink: /home/andy/git/MECHelangelo/install/mechelangelo_navigation/share/ament_index/resource_index/parent_prefix_path/mechelangelo_navigation
-- Up-to-date symlink: /home/andy/git/MECHelangelo/install/mechelangelo_navigation/share/mechelangelo_navigation/environment/ament_prefix_path.sh
-- Up-to-date symlink: /home/andy/git/MECHelangelo/install/mechelangelo_navigation/share/mechelangelo_navigation/environment/ament_prefix_path.dsv
-- Up-to-date symlink: /home/andy/git/MECHelangelo/install/mechelangelo_navigation/share/mechelangelo_navigation/environment/path.sh
-- Up-to-date symlink: /home/andy/git/MECHelangelo/install/mechelangelo_navigation/share/mechelangelo_navigation/environment/path.dsv
-- Up-to-date symlink: /home/andy/git/MECHelangelo/install/mechelangelo_navigation/share/mechelangelo_navigation/local_setup.bash
-- Up-to-date symlink: /home/andy/git/MECHelangelo/install/mechelangelo_navigation/share/mechelangelo_navigation/local_setup.sh
-- Up-to-date symlink: /home/andy/git/MECHelangelo/install/mechelangelo_navigation/share/mechelangelo_navigation/local_setup.zsh
-- Up-to-date symlink: /home/andy/git/MECHelangelo/install/mechelangelo_navigation/share/mechelangelo_navigation/local_setup.dsv
-- Symlinking: /home/andy/git/MECHelangelo/install/mechelangelo_navigation/share/mechelangelo_navigation/package.dsv
-- Up-to-date symlink: /home/andy/git/MECHelangelo/install/mechelangelo_navigation/share/ament_index/resource_index/packages/mechelangelo_navigation
-- Up-to-date symlink: /home/andy/git/MECHelangelo/install/mechelangelo_navigation/share/mechelangelo_navigation/cmake/mechelangelo_navigationConfig.cmake
-- Up-to-date symlink: /home/andy/git/MECHelangelo/install/mechelangelo_navigation/share/mechelangelo_navigation/cmake/mechelangelo_navigationConfig-version.cmake
-- Up-to-date symlink: /home/andy/git/MECHelangelo/install/mechelangelo_navigation/share/mechelangelo_navigation/package.xml
