[0.131s] Invoking command in '/home/andy/git/MECHelangelo/build/mechelangelo_behaviour': CMAKE_PREFIX_PATH=${CMAKE_PREFIX_PATH}:/home/andy/git/MECHelangelo/install/mechelangelo_teleop:/home/andy/git/MECHelangelo/install/mechelangelo_perception:/home/andy/git/MECHelangelo/install/mechelangelo_arm_control:/opt/ros/humble /usr/bin/cmake /home/andy/git/MECHelangelo/src/mechelangelo_behaviour -DCMAKE_INSTALL_PREFIX=/home/andy/git/MECHelangelo/install/mechelangelo_behaviour
[0.352s] -- Found ament_cmake: 1.3.14 (/opt/ros/humble/share/ament_cmake/cmake)
[0.352s] -- Override CMake install command with custom implementation using symlinks instead of copying resources
[0.352s] -- Found ament_lint_auto: 0.12.15 (/opt/ros/humble/share/ament_lint_auto/cmake)
[0.352s] -- Added test 'lint_cmake' to check CMake code style
[0.352s] -- Added test 'xmllint' to check XML markup files
[0.352s] -- Configuring done
[0.352s] -- Generating done
[0.352s] -- Build files have been written to: /home/andy/git/MECHelangelo/build/mechelangelo_behaviour
[0.355s] Invoked command in '/home/andy/git/MECHelangelo/build/mechelangelo_behaviour' returned '0': CMAKE_PREFIX_PATH=${CMAKE_PREFIX_PATH}:/home/andy/git/MECHelangelo/install/mechelangelo_teleop:/home/andy/git/MECHelangelo/install/mechelangelo_perception:/home/andy/git/MECHelangelo/install/mechelangelo_arm_control:/opt/ros/humble /usr/bin/cmake /home/andy/git/MECHelangelo/src/mechelangelo_behaviour -DCMAKE_INSTALL_PREFIX=/home/andy/git/MECHelangelo/install/mechelangelo_behaviour
[0.356s] Invoking command in '/home/andy/git/MECHelangelo/build/mechelangelo_behaviour': CMAKE_PREFIX_PATH=${CMAKE_PREFIX_PATH}:/home/andy/git/MECHelangelo/install/mechelangelo_teleop:/home/andy/git/MECHelangelo/install/mechelangelo_perception:/home/andy/git/MECHelangelo/install/mechelangelo_arm_control:/opt/ros/humble /usr/bin/cmake --build /home/andy/git/MECHelangelo/build/mechelangelo_behaviour -- -j32 -l32
[0.372s] Invoked command in '/home/andy/git/MECHelangelo/build/mechelangelo_behaviour' returned '0': CMAKE_PREFIX_PATH=${CMAKE_PREFIX_PATH}:/home/andy/git/MECHelangelo/install/mechelangelo_teleop:/home/andy/git/MECHelangelo/install/mechelangelo_perception:/home/andy/git/MECHelangelo/install/mechelangelo_arm_control:/opt/ros/humble /usr/bin/cmake --build /home/andy/git/MECHelangelo/build/mechelangelo_behaviour -- -j32 -l32
[0.376s] Invoking command in '/home/andy/git/MECHelangelo/build/mechelangelo_behaviour': CMAKE_PREFIX_PATH=${CMAKE_PREFIX_PATH}:/home/andy/git/MECHelangelo/install/mechelangelo_teleop:/home/andy/git/MECHelangelo/install/mechelangelo_perception:/home/andy/git/MECHelangelo/install/mechelangelo_arm_control:/opt/ros/humble /usr/bin/cmake --install /home/andy/git/MECHelangelo/build/mechelangelo_behaviour
[0.379s] -- Install configuration: ""
[0.380s] -- Execute custom install script
[0.380s] -- Up-to-date symlink: /home/andy/git/MECHelangelo/install/mechelangelo_behaviour/share/ament_index/resource_index/package_run_dependencies/mechelangelo_behaviour
[0.380s] -- Up-to-date symlink: /home/andy/git/MECHelangelo/install/mechelangelo_behaviour/share/ament_index/resource_index/parent_prefix_path/mechelangelo_behaviour
[0.380s] -- Up-to-date symlink: /home/andy/git/MECHelangelo/install/mechelangelo_behaviour/share/mechelangelo_behaviour/environment/ament_prefix_path.sh
[0.380s] -- Up-to-date symlink: /home/andy/git/MECHelangelo/install/mechelangelo_behaviour/share/mechelangelo_behaviour/environment/ament_prefix_path.dsv
[0.380s] -- Up-to-date symlink: /home/andy/git/MECHelangelo/install/mechelangelo_behaviour/share/mechelangelo_behaviour/environment/path.sh
[0.380s] -- Up-to-date symlink: /home/andy/git/MECHelangelo/install/mechelangelo_behaviour/share/mechelangelo_behaviour/environment/path.dsv
[0.380s] -- Up-to-date symlink: /home/andy/git/MECHelangelo/install/mechelangelo_behaviour/share/mechelangelo_behaviour/local_setup.bash
[0.380s] -- Up-to-date symlink: /home/andy/git/MECHelangelo/install/mechelangelo_behaviour/share/mechelangelo_behaviour/local_setup.sh
[0.380s] -- Up-to-date symlink: /home/andy/git/MECHelangelo/install/mechelangelo_behaviour/share/mechelangelo_behaviour/local_setup.zsh
[0.381s] -- Up-to-date symlink: /home/andy/git/MECHelangelo/install/mechelangelo_behaviour/share/mechelangelo_behaviour/local_setup.dsv
[0.381s] -- Symlinking: /home/andy/git/MECHelangelo/install/mechelangelo_behaviour/share/mechelangelo_behaviour/package.dsv
[0.384s] -- Up-to-date symlink: /home/andy/git/MECHelangelo/install/mechelangelo_behaviour/share/ament_index/resource_index/packages/mechelangelo_behaviour
[0.384s] -- Up-to-date symlink: /home/andy/git/MECHelangelo/install/mechelangelo_behaviour/share/mechelangelo_behaviour/cmake/mechelangelo_behaviourConfig.cmake
[0.384s] -- Up-to-date symlink: /home/andy/git/MECHelangelo/install/mechelangelo_behaviour/share/mechelangelo_behaviour/cmake/mechelangelo_behaviourConfig-version.cmake
[0.385s] -- Up-to-date symlink: /home/andy/git/MECHelangelo/install/mechelangelo_behaviour/share/mechelangelo_behaviour/package.xml
[0.386s] Invoked command in '/home/andy/git/MECHelangelo/build/mechelangelo_behaviour' returned '0': CMAKE_PREFIX_PATH=${CMAKE_PREFIX_PATH}:/home/andy/git/MECHelangelo/install/mechelangelo_teleop:/home/andy/git/MECHelangelo/install/mechelangelo_perception:/home/andy/git/MECHelangelo/install/mechelangelo_arm_control:/opt/ros/humble /usr/bin/cmake --install /home/andy/git/MECHelangelo/build/mechelangelo_behaviour
