[0.519s] Invoking command in '/home/andy/git/MECHelangelo/src/mechelangelo_perception': PYTHONPATH=/home/andy/git/MECHelangelo/build/mechelangelo_perception/prefix_override:/usr/lib/python3/dist-packages/colcon_core/task/python/colcon_distutils_commands:/home/andy/git/MECHelangelo/install/mechelangelo_perception/lib/python3.10/site-packages:${PYTHONPATH} /usr/bin/python3 -W ignore:setup.py install is deprecated -W ignore:easy_install command is deprecated setup.py egg_info --egg-base ../../build/mechelangelo_perception build --build-base /home/andy/git/MECHelangelo/build/mechelangelo_perception/build install --record /home/andy/git/MECHelangelo/build/mechelangelo_perception/install.log --single-version-externally-managed install_data
[0.620s] running egg_info
[0.621s] creating ../../build/mechelangelo_perception/mechelangelo_perception.egg-info
[0.621s] writing ../../build/mechelangelo_perception/mechelangelo_perception.egg-info/PKG-INFO
[0.621s] writing dependency_links to ../../build/mechelangelo_perception/mechelangelo_perception.egg-info/dependency_links.txt
[0.621s] writing entry points to ../../build/mechelangelo_perception/mechelangelo_perception.egg-info/entry_points.txt
[0.621s] writing requirements to ../../build/mechelangelo_perception/mechelangelo_perception.egg-info/requires.txt
[0.621s] writing top-level names to ../../build/mechelangelo_perception/mechelangelo_perception.egg-info/top_level.txt
[0.621s] writing manifest file '../../build/mechelangelo_perception/mechelangelo_perception.egg-info/SOURCES.txt'
[0.622s] reading manifest file '../../build/mechelangelo_perception/mechelangelo_perception.egg-info/SOURCES.txt'
[0.622s] writing manifest file '../../build/mechelangelo_perception/mechelangelo_perception.egg-info/SOURCES.txt'
[0.622s] running build
[0.622s] running build_py
[0.622s] creating /home/andy/git/MECHelangelo/build/mechelangelo_perception/build
[0.622s] creating /home/andy/git/MECHelangelo/build/mechelangelo_perception/build/lib
[0.622s] creating /home/andy/git/MECHelangelo/build/mechelangelo_perception/build/lib/mechelangelo_perception
[0.622s] copying mechelangelo_perception/__init__.py -> /home/andy/git/MECHelangelo/build/mechelangelo_perception/build/lib/mechelangelo_perception
[0.622s] running install
[0.622s] running install_lib
[0.623s] creating /home/andy/git/MECHelangelo/install/mechelangelo_perception/lib/python3.10/site-packages/mechelangelo_perception
[0.623s] copying /home/andy/git/MECHelangelo/build/mechelangelo_perception/build/lib/mechelangelo_perception/__init__.py -> /home/andy/git/MECHelangelo/install/mechelangelo_perception/lib/python3.10/site-packages/mechelangelo_perception
[0.623s] byte-compiling /home/andy/git/MECHelangelo/install/mechelangelo_perception/lib/python3.10/site-packages/mechelangelo_perception/__init__.py to __init__.cpython-310.pyc
[0.623s] running install_data
[0.623s] creating /home/andy/git/MECHelangelo/install/mechelangelo_perception/share/ament_index
[0.623s] creating /home/andy/git/MECHelangelo/install/mechelangelo_perception/share/ament_index/resource_index
[0.623s] creating /home/andy/git/MECHelangelo/install/mechelangelo_perception/share/ament_index/resource_index/packages
[0.623s] copying resource/mechelangelo_perception -> /home/andy/git/MECHelangelo/install/mechelangelo_perception/share/ament_index/resource_index/packages
[0.623s] copying package.xml -> /home/andy/git/MECHelangelo/install/mechelangelo_perception/share/mechelangelo_perception
[0.623s] running install_egg_info
[0.626s] Copying ../../build/mechelangelo_perception/mechelangelo_perception.egg-info to /home/andy/git/MECHelangelo/install/mechelangelo_perception/lib/python3.10/site-packages/mechelangelo_perception-0.0.0-py3.10.egg-info
[0.626s] running install_scripts
[0.636s] writing list of installed files to '/home/andy/git/MECHelangelo/build/mechelangelo_perception/install.log'
[0.651s] Invoked command in '/home/andy/git/MECHelangelo/src/mechelangelo_perception' returned '0': PYTHONPATH=/home/andy/git/MECHelangelo/build/mechelangelo_perception/prefix_override:/usr/lib/python3/dist-packages/colcon_core/task/python/colcon_distutils_commands:/home/andy/git/MECHelangelo/install/mechelangelo_perception/lib/python3.10/site-packages:${PYTHONPATH} /usr/bin/python3 -W ignore:setup.py install is deprecated -W ignore:easy_install command is deprecated setup.py egg_info --egg-base ../../build/mechelangelo_perception build --build-base /home/andy/git/MECHelangelo/build/mechelangelo_perception/build install --record /home/andy/git/MECHelangelo/build/mechelangelo_perception/install.log --single-version-externally-managed install_data
