[0.892s] Invoking command in '/home/andy/git/MECHelangelo/build/mechelangelo_perception': PYTHONPATH=/home/andy/git/MECHelangelo/build/mechelangelo_perception/prefix_override:/usr/lib/python3/dist-packages/colcon_core/task/python/colcon_distutils_commands:/home/andy/git/MECHelangelo/install/mechelangelo_perception/lib/python3.10/site-packages:${PYTHONPATH} /usr/bin/python3 -W ignore:setup.py install is deprecated -W ignore:easy_install command is deprecated setup.py develop --uninstall --editable --build-directory /home/andy/git/MECHelangelo/build/mechelangelo_perception/build
[1.069s] running develop
[1.163s] Removing /home/andy/git/MECHelangelo/install/mechelangelo_perception/lib/python3.10/site-packages/mechelangelo-perception.egg-link (link to .)
[1.204s] Invoked command in '/home/andy/git/MECHelangelo/build/mechelangelo_perception' returned '0': PYTHONPATH=/home/andy/git/MECHelangelo/build/mechelangelo_perception/prefix_override:/usr/lib/python3/dist-packages/colcon_core/task/python/colcon_distutils_commands:/home/andy/git/MECHelangelo/install/mechelangelo_perception/lib/python3.10/site-packages:${PYTHONPATH} /usr/bin/python3 -W ignore:setup.py install is deprecated -W ignore:easy_install command is deprecated setup.py develop --uninstall --editable --build-directory /home/andy/git/MECHelangelo/build/mechelangelo_perception/build
[1.205s] Invoking command in '/home/andy/git/MECHelangelo/src/mechelangelo_perception': PYTHONPATH=/home/andy/git/MECHelangelo/build/mechelangelo_perception/prefix_override:/usr/lib/python3/dist-packages/colcon_core/task/python/colcon_distutils_commands:/home/andy/git/MECHelangelo/install/mechelangelo_perception/lib/python3.10/site-packages:${PYTHONPATH} /usr/bin/python3 -W ignore:setup.py install is deprecated -W ignore:easy_install command is deprecated setup.py egg_info --egg-base ../../build/mechelangelo_perception build --build-base /home/andy/git/MECHelangelo/build/mechelangelo_perception/build install --record /home/andy/git/MECHelangelo/build/mechelangelo_perception/install.log --single-version-externally-managed install_data --force
[1.364s] running egg_info
[1.364s] writing ../../build/mechelangelo_perception/mechelangelo_perception.egg-info/PKG-INFO
[1.365s] writing dependency_links to ../../build/mechelangelo_perception/mechelangelo_perception.egg-info/dependency_links.txt
[1.365s] writing entry points to ../../build/mechelangelo_perception/mechelangelo_perception.egg-info/entry_points.txt
[1.365s] writing requirements to ../../build/mechelangelo_perception/mechelangelo_perception.egg-info/requires.txt
[1.365s] writing top-level names to ../../build/mechelangelo_perception/mechelangelo_perception.egg-info/top_level.txt
[1.366s] reading manifest file '../../build/mechelangelo_perception/mechelangelo_perception.egg-info/SOURCES.txt'
[1.367s] writing manifest file '../../build/mechelangelo_perception/mechelangelo_perception.egg-info/SOURCES.txt'
[1.367s] running build
[1.367s] running build_py
[1.367s] creating /home/andy/git/MECHelangelo/build/mechelangelo_perception/build
[1.367s] creating /home/andy/git/MECHelangelo/build/mechelangelo_perception/build/lib
[1.367s] creating /home/andy/git/MECHelangelo/build/mechelangelo_perception/build/lib/mechelangelo_perception
[1.367s] copying mechelangelo_perception/__init__.py -> /home/andy/git/MECHelangelo/build/mechelangelo_perception/build/lib/mechelangelo_perception
[1.367s] running install
[1.367s] running install_lib
[1.371s] creating /home/andy/git/MECHelangelo/install/mechelangelo_perception/lib/python3.10/site-packages/mechelangelo_perception
[1.371s] copying /home/andy/git/MECHelangelo/build/mechelangelo_perception/build/lib/mechelangelo_perception/__init__.py -> /home/andy/git/MECHelangelo/install/mechelangelo_perception/lib/python3.10/site-packages/mechelangelo_perception
[1.371s] byte-compiling /home/andy/git/MECHelangelo/install/mechelangelo_perception/lib/python3.10/site-packages/mechelangelo_perception/__init__.py to __init__.cpython-310.pyc
[1.371s] running install_data
[1.371s] copying resource/mechelangelo_perception -> /home/andy/git/MECHelangelo/install/mechelangelo_perception/share/ament_index/resource_index/packages
[1.372s] copying package.xml -> /home/andy/git/MECHelangelo/install/mechelangelo_perception/share/mechelangelo_perception
[1.372s] running install_egg_info
[1.372s] Copying ../../build/mechelangelo_perception/mechelangelo_perception.egg-info to /home/andy/git/MECHelangelo/install/mechelangelo_perception/lib/python3.10/site-packages/mechelangelo_perception-0.0.0-py3.10.egg-info
[1.372s] running install_scripts
[1.387s] writing list of installed files to '/home/andy/git/MECHelangelo/build/mechelangelo_perception/install.log'
[1.419s] Invoked command in '/home/andy/git/MECHelangelo/src/mechelangelo_perception' returned '0': PYTHONPATH=/home/andy/git/MECHelangelo/build/mechelangelo_perception/prefix_override:/usr/lib/python3/dist-packages/colcon_core/task/python/colcon_distutils_commands:/home/andy/git/MECHelangelo/install/mechelangelo_perception/lib/python3.10/site-packages:${PYTHONPATH} /usr/bin/python3 -W ignore:setup.py install is deprecated -W ignore:easy_install command is deprecated setup.py egg_info --egg-base ../../build/mechelangelo_perception build --build-base /home/andy/git/MECHelangelo/build/mechelangelo_perception/build install --record /home/andy/git/MECHelangelo/build/mechelangelo_perception/install.log --single-version-externally-managed install_data --force
