[0.195s] Invoking command in '/home/andy/git/MECHelangelo/build/mechelangelo_base_sim': CMAKE_PREFIX_PATH=${CMAKE_PREFIX_PATH}:/home/andy/git/MECHelangelo/install/mechelangelo_teleop:/home/andy/git/MECHelangelo/install/mechelangelo_perception:/home/andy/git/MECHelangelo/install/mechelangelo_arm_control:/opt/ros/humble /usr/bin/cmake /home/andy/git/MECHelangelo/src/mechelangelo_base_sim -DAMENT_CMAKE_SYMLINK_INSTALL=1 -DCMAKE_INSTALL_PREFIX=/home/andy/git/MECHelangelo/install/mechelangelo_base_sim
[0.554s] -- The C compiler identification is GNU 11.4.0
[0.554s] -- The CXX compiler identification is GNU 11.4.0
[0.554s] -- Detecting C compiler ABI info
[0.554s] -- Detecting C compiler ABI info - done
[0.554s] -- Check for working C compiler: /usr/bin/cc - skipped
[0.554s] -- Detecting C compile features
[0.554s] -- Detecting C compile features - done
[0.554s] -- Detecting CXX compiler ABI info
[0.555s] -- Detecting CXX compiler ABI info - done
[0.555s] -- Check for working CXX compiler: /usr/bin/c++ - skipped
[0.555s] -- Detecting CXX compile features
[0.555s] -- Detecting CXX compile features - done
[0.555s] -- Found ament_cmake: 1.3.14 (/opt/ros/humble/share/ament_cmake/cmake)
[0.568s] -- Found Python3: /usr/bin/python3 (found version "3.10.12") found components: Interpreter 
[0.623s] -- Override CMake install command with custom implementation using symlinks instead of copying resources
[0.651s] -- Found ament_lint_auto: 0.12.15 (/opt/ros/humble/share/ament_lint_auto/cmake)
[0.717s] -- Added test 'lint_cmake' to check CMake code style
[0.718s] -- Added test 'xmllint' to check XML markup files
[0.718s] -- Configuring done
[0.724s] -- Generating done
[0.725s] -- Build files have been written to: /home/andy/git/MECHelangelo/build/mechelangelo_base_sim
[0.730s] Invoked command in '/home/andy/git/MECHelangelo/build/mechelangelo_base_sim' returned '0': CMAKE_PREFIX_PATH=${CMAKE_PREFIX_PATH}:/home/andy/git/MECHelangelo/install/mechelangelo_teleop:/home/andy/git/MECHelangelo/install/mechelangelo_perception:/home/andy/git/MECHelangelo/install/mechelangelo_arm_control:/opt/ros/humble /usr/bin/cmake /home/andy/git/MECHelangelo/src/mechelangelo_base_sim -DAMENT_CMAKE_SYMLINK_INSTALL=1 -DCMAKE_INSTALL_PREFIX=/home/andy/git/MECHelangelo/install/mechelangelo_base_sim
[0.731s] Invoking command in '/home/andy/git/MECHelangelo/build/mechelangelo_base_sim': CMAKE_PREFIX_PATH=${CMAKE_PREFIX_PATH}:/home/andy/git/MECHelangelo/install/mechelangelo_teleop:/home/andy/git/MECHelangelo/install/mechelangelo_perception:/home/andy/git/MECHelangelo/install/mechelangelo_arm_control:/opt/ros/humble /usr/bin/cmake --build /home/andy/git/MECHelangelo/build/mechelangelo_base_sim -- -j32 -l32
[0.756s] Invoked command in '/home/andy/git/MECHelangelo/build/mechelangelo_base_sim' returned '0': CMAKE_PREFIX_PATH=${CMAKE_PREFIX_PATH}:/home/andy/git/MECHelangelo/install/mechelangelo_teleop:/home/andy/git/MECHelangelo/install/mechelangelo_perception:/home/andy/git/MECHelangelo/install/mechelangelo_arm_control:/opt/ros/humble /usr/bin/cmake --build /home/andy/git/MECHelangelo/build/mechelangelo_base_sim -- -j32 -l32
[0.757s] Invoking command in '/home/andy/git/MECHelangelo/build/mechelangelo_base_sim': CMAKE_PREFIX_PATH=${CMAKE_PREFIX_PATH}:/home/andy/git/MECHelangelo/install/mechelangelo_teleop:/home/andy/git/MECHelangelo/install/mechelangelo_perception:/home/andy/git/MECHelangelo/install/mechelangelo_arm_control:/opt/ros/humble /usr/bin/cmake --install /home/andy/git/MECHelangelo/build/mechelangelo_base_sim
[0.768s] -- Install configuration: ""
[0.768s] -- Execute custom install script
[0.768s] -- Symlinking: /home/andy/git/MECHelangelo/install/mechelangelo_base_sim/share/ament_index/resource_index/package_run_dependencies/mechelangelo_base_sim
[0.773s] -- Symlinking: /home/andy/git/MECHelangelo/install/mechelangelo_base_sim/share/ament_index/resource_index/parent_prefix_path/mechelangelo_base_sim
[0.782s] -- Symlinking: /home/andy/git/MECHelangelo/install/mechelangelo_base_sim/share/mechelangelo_base_sim/environment/ament_prefix_path.sh
[0.790s] -- Symlinking: /home/andy/git/MECHelangelo/install/mechelangelo_base_sim/share/mechelangelo_base_sim/environment/ament_prefix_path.dsv
[0.794s] -- Symlinking: /home/andy/git/MECHelangelo/install/mechelangelo_base_sim/share/mechelangelo_base_sim/environment/path.sh
[0.804s] -- Symlinking: /home/andy/git/MECHelangelo/install/mechelangelo_base_sim/share/mechelangelo_base_sim/environment/path.dsv
[0.810s] -- Symlinking: /home/andy/git/MECHelangelo/install/mechelangelo_base_sim/share/mechelangelo_base_sim/local_setup.bash
[0.815s] -- Symlinking: /home/andy/git/MECHelangelo/install/mechelangelo_base_sim/share/mechelangelo_base_sim/local_setup.sh
[0.821s] -- Symlinking: /home/andy/git/MECHelangelo/install/mechelangelo_base_sim/share/mechelangelo_base_sim/local_setup.zsh
[0.835s] -- Symlinking: /home/andy/git/MECHelangelo/install/mechelangelo_base_sim/share/mechelangelo_base_sim/local_setup.dsv
[0.842s] -- Symlinking: /home/andy/git/MECHelangelo/install/mechelangelo_base_sim/share/mechelangelo_base_sim/package.dsv
[0.842s] -- Symlinking: /home/andy/git/MECHelangelo/install/mechelangelo_base_sim/share/ament_index/resource_index/packages/mechelangelo_base_sim
[0.853s] -- Symlinking: /home/andy/git/MECHelangelo/install/mechelangelo_base_sim/share/mechelangelo_base_sim/cmake/mechelangelo_base_simConfig.cmake
[0.866s] -- Symlinking: /home/andy/git/MECHelangelo/install/mechelangelo_base_sim/share/mechelangelo_base_sim/cmake/mechelangelo_base_simConfig-version.cmake
[0.867s] -- Symlinking: /home/andy/git/MECHelangelo/install/mechelangelo_base_sim/share/mechelangelo_base_sim/package.xml
[0.894s] Invoked command in '/home/andy/git/MECHelangelo/build/mechelangelo_base_sim' returned '0': CMAKE_PREFIX_PATH=${CMAKE_PREFIX_PATH}:/home/andy/git/MECHelangelo/install/mechelangelo_teleop:/home/andy/git/MECHelangelo/install/mechelangelo_perception:/home/andy/git/MECHelangelo/install/mechelangelo_arm_control:/opt/ros/humble /usr/bin/cmake --install /home/andy/git/MECHelangelo/build/mechelangelo_base_sim
