[0.101s] DEBUG:colcon:Command line arguments: ['/usr/bin/colcon', 'build']
[0.101s] DEBUG:colcon:Parsed command line arguments: Namespace(log_base=None, log_level=None, verb_name='build', build_base='build', install_base='install', merge_install=False, symlink_install=False, test_result_base=None, continue_on_error=False, executor='parallel', parallel_workers=32, event_handlers=None, ignore_user_meta=False, metas=['./colcon.meta'], base_paths=['.'], packages_ignore=None, packages_ignore_regex=None, paths=None, packages_up_to=None, packages_up_to_regex=None, packages_above=None, packages_above_and_dependencies=None, packages_above_depth=None, packages_select_by_dep=None, packages_skip_by_dep=None, packages_skip_up_to=None, packages_select_build_failed=False, packages_skip_build_finished=False, packages_select_test_failures=False, packages_skip_test_passed=False, packages_select=None, packages_skip=None, packages_select_regex=None, packages_skip_regex=None, packages_start=None, packages_end=None, allow_overriding=[], cmake_args=None, cmake_target=None, cmake_target_skip_unavailable=False, cmake_clean_cache=False, cmake_clean_first=False, cmake_force_configure=False, ament_cmake_args=None, catkin_cmake_args=None, catkin_skip_building_tests=False, mixin_files=None, mixin=None, verb_parser=<colcon_mixin.mixin.mixin_argument.MixinArgumentDecorator object at 0x7220d8f308b0>, verb_extension=<colcon_core.verb.build.BuildVerb object at 0x7220d8f301c0>, main=<bound method BuildVerb.main of <colcon_core.verb.build.BuildVerb object at 0x7220d8f301c0>>, mixin_verb=('build',))
[0.183s] Level 1:colcon.colcon_core.package_discovery:discover_packages(colcon_meta) check parameters
[0.183s] Level 1:colcon.colcon_core.package_discovery:discover_packages(recursive) check parameters
[0.183s] Level 1:colcon.colcon_core.package_discovery:discover_packages(ignore) check parameters
[0.183s] Level 1:colcon.colcon_core.package_discovery:discover_packages(path) check parameters
[0.183s] Level 1:colcon.colcon_core.package_discovery:discover_packages(colcon_meta) discover
[0.183s] Level 1:colcon.colcon_core.package_discovery:discover_packages(recursive) discover
[0.183s] INFO:colcon.colcon_core.package_discovery:Crawling recursively for packages in '/home/andy/git/MECHelangelo'
[0.183s] Level 1:colcon.colcon_core.package_identification:_identify(.) by extensions ['ignore', 'ignore_ament_install']
[0.183s] Level 1:colcon.colcon_core.package_identification:_identify(.) by extension 'ignore'
[0.183s] Level 1:colcon.colcon_core.package_identification:_identify(.) by extension 'ignore_ament_install'
[0.183s] Level 1:colcon.colcon_core.package_identification:_identify(.) by extensions ['colcon_pkg']
[0.183s] Level 1:colcon.colcon_core.package_identification:_identify(.) by extension 'colcon_pkg'
[0.183s] Level 1:colcon.colcon_core.package_identification:_identify(.) by extensions ['colcon_meta']
[0.183s] Level 1:colcon.colcon_core.package_identification:_identify(.) by extension 'colcon_meta'
[0.183s] Level 1:colcon.colcon_core.package_identification:_identify(.) by extensions ['ros']
[0.183s] Level 1:colcon.colcon_core.package_identification:_identify(.) by extension 'ros'
[0.189s] Level 1:colcon.colcon_core.package_identification:_identify(.) by extensions ['cmake', 'python']
[0.189s] Level 1:colcon.colcon_core.package_identification:_identify(.) by extension 'cmake'
[0.189s] Level 1:colcon.colcon_core.package_identification:_identify(.) by extension 'python'
[0.189s] Level 1:colcon.colcon_core.package_identification:_identify(.) by extensions ['python_setup_py']
[0.189s] Level 1:colcon.colcon_core.package_identification:_identify(.) by extension 'python_setup_py'
[0.189s] Level 1:colcon.colcon_core.package_identification:_identify(build) by extensions ['ignore', 'ignore_ament_install']
[0.189s] Level 1:colcon.colcon_core.package_identification:_identify(build) by extension 'ignore'
[0.189s] Level 1:colcon.colcon_core.package_identification:_identify(build) ignored
[0.189s] Level 1:colcon.colcon_core.package_identification:_identify(install) by extensions ['ignore', 'ignore_ament_install']
[0.189s] Level 1:colcon.colcon_core.package_identification:_identify(install) by extension 'ignore'
[0.189s] Level 1:colcon.colcon_core.package_identification:_identify(install) ignored
[0.189s] Level 1:colcon.colcon_core.package_identification:_identify(log) by extensions ['ignore', 'ignore_ament_install']
[0.189s] Level 1:colcon.colcon_core.package_identification:_identify(log) by extension 'ignore'
[0.189s] Level 1:colcon.colcon_core.package_identification:_identify(log) ignored
[0.189s] Level 1:colcon.colcon_core.package_identification:_identify(src) by extensions ['ignore', 'ignore_ament_install']
[0.189s] Level 1:colcon.colcon_core.package_identification:_identify(src) by extension 'ignore'
[0.189s] Level 1:colcon.colcon_core.package_identification:_identify(src) by extension 'ignore_ament_install'
[0.189s] Level 1:colcon.colcon_core.package_identification:_identify(src) by extensions ['colcon_pkg']
[0.189s] Level 1:colcon.colcon_core.package_identification:_identify(src) by extension 'colcon_pkg'
[0.189s] Level 1:colcon.colcon_core.package_identification:_identify(src) by extensions ['colcon_meta']
[0.189s] Level 1:colcon.colcon_core.package_identification:_identify(src) by extension 'colcon_meta'
[0.189s] Level 1:colcon.colcon_core.package_identification:_identify(src) by extensions ['ros']
[0.189s] Level 1:colcon.colcon_core.package_identification:_identify(src) by extension 'ros'
[0.189s] Level 1:colcon.colcon_core.package_identification:_identify(src) by extensions ['cmake', 'python']
[0.189s] Level 1:colcon.colcon_core.package_identification:_identify(src) by extension 'cmake'
[0.189s] Level 1:colcon.colcon_core.package_identification:_identify(src) by extension 'python'
[0.189s] Level 1:colcon.colcon_core.package_identification:_identify(src) by extensions ['python_setup_py']
[0.190s] Level 1:colcon.colcon_core.package_identification:_identify(src) by extension 'python_setup_py'
[0.190s] Level 1:colcon.colcon_core.package_identification:_identify(src/mechelangelo_arm_control) by extensions ['ignore', 'ignore_ament_install']
[0.190s] Level 1:colcon.colcon_core.package_identification:_identify(src/mechelangelo_arm_control) by extension 'ignore'
[0.190s] Level 1:colcon.colcon_core.package_identification:_identify(src/mechelangelo_arm_control) by extension 'ignore_ament_install'
[0.190s] Level 1:colcon.colcon_core.package_identification:_identify(src/mechelangelo_arm_control) by extensions ['colcon_pkg']
[0.190s] Level 1:colcon.colcon_core.package_identification:_identify(src/mechelangelo_arm_control) by extension 'colcon_pkg'
[0.190s] Level 1:colcon.colcon_core.package_identification:_identify(src/mechelangelo_arm_control) by extensions ['colcon_meta']
[0.190s] Level 1:colcon.colcon_core.package_identification:_identify(src/mechelangelo_arm_control) by extension 'colcon_meta'
[0.190s] Level 1:colcon.colcon_core.package_identification:_identify(src/mechelangelo_arm_control) by extensions ['ros']
[0.190s] Level 1:colcon.colcon_core.package_identification:_identify(src/mechelangelo_arm_control) by extension 'ros'
[0.192s] DEBUG:colcon.colcon_core.package_identification:Package 'src/mechelangelo_arm_control' with type 'ros.ament_python' and name 'mechelangelo_arm_control'
[0.192s] Level 1:colcon.colcon_core.package_identification:_identify(src/mechelangelo_base_hardware) by extensions ['ignore', 'ignore_ament_install']
[0.192s] Level 1:colcon.colcon_core.package_identification:_identify(src/mechelangelo_base_hardware) by extension 'ignore'
[0.192s] Level 1:colcon.colcon_core.package_identification:_identify(src/mechelangelo_base_hardware) by extension 'ignore_ament_install'
[0.192s] Level 1:colcon.colcon_core.package_identification:_identify(src/mechelangelo_base_hardware) by extensions ['colcon_pkg']
[0.192s] Level 1:colcon.colcon_core.package_identification:_identify(src/mechelangelo_base_hardware) by extension 'colcon_pkg'
[0.192s] Level 1:colcon.colcon_core.package_identification:_identify(src/mechelangelo_base_hardware) by extensions ['colcon_meta']
[0.192s] Level 1:colcon.colcon_core.package_identification:_identify(src/mechelangelo_base_hardware) by extension 'colcon_meta'
[0.192s] Level 1:colcon.colcon_core.package_identification:_identify(src/mechelangelo_base_hardware) by extensions ['ros']
[0.192s] Level 1:colcon.colcon_core.package_identification:_identify(src/mechelangelo_base_hardware) by extension 'ros'
[0.192s] DEBUG:colcon.colcon_core.package_identification:Package 'src/mechelangelo_base_hardware' with type 'ros.ament_cmake' and name 'mechelangelo_base_hardware'
[0.192s] Level 1:colcon.colcon_core.package_identification:_identify(src/mechelangelo_behaviour) by extensions ['ignore', 'ignore_ament_install']
[0.192s] Level 1:colcon.colcon_core.package_identification:_identify(src/mechelangelo_behaviour) by extension 'ignore'
[0.192s] Level 1:colcon.colcon_core.package_identification:_identify(src/mechelangelo_behaviour) by extension 'ignore_ament_install'
[0.192s] Level 1:colcon.colcon_core.package_identification:_identify(src/mechelangelo_behaviour) by extensions ['colcon_pkg']
[0.192s] Level 1:colcon.colcon_core.package_identification:_identify(src/mechelangelo_behaviour) by extension 'colcon_pkg'
[0.192s] Level 1:colcon.colcon_core.package_identification:_identify(src/mechelangelo_behaviour) by extensions ['colcon_meta']
[0.192s] Level 1:colcon.colcon_core.package_identification:_identify(src/mechelangelo_behaviour) by extension 'colcon_meta'
[0.192s] Level 1:colcon.colcon_core.package_identification:_identify(src/mechelangelo_behaviour) by extensions ['ros']
[0.192s] Level 1:colcon.colcon_core.package_identification:_identify(src/mechelangelo_behaviour) by extension 'ros'
[0.193s] DEBUG:colcon.colcon_core.package_identification:Package 'src/mechelangelo_behaviour' with type 'ros.ament_cmake' and name 'mechelangelo_behaviour'
[0.193s] Level 1:colcon.colcon_core.package_identification:_identify(src/mechelangelo_bringup) by extensions ['ignore', 'ignore_ament_install']
[0.193s] Level 1:colcon.colcon_core.package_identification:_identify(src/mechelangelo_bringup) by extension 'ignore'
[0.193s] Level 1:colcon.colcon_core.package_identification:_identify(src/mechelangelo_bringup) by extension 'ignore_ament_install'
[0.193s] Level 1:colcon.colcon_core.package_identification:_identify(src/mechelangelo_bringup) by extensions ['colcon_pkg']
[0.193s] Level 1:colcon.colcon_core.package_identification:_identify(src/mechelangelo_bringup) by extension 'colcon_pkg'
[0.193s] Level 1:colcon.colcon_core.package_identification:_identify(src/mechelangelo_bringup) by extensions ['colcon_meta']
[0.193s] Level 1:colcon.colcon_core.package_identification:_identify(src/mechelangelo_bringup) by extension 'colcon_meta'
[0.193s] Level 1:colcon.colcon_core.package_identification:_identify(src/mechelangelo_bringup) by extensions ['ros']
[0.193s] Level 1:colcon.colcon_core.package_identification:_identify(src/mechelangelo_bringup) by extension 'ros'
[0.193s] DEBUG:colcon.colcon_core.package_identification:Package 'src/mechelangelo_bringup' with type 'ros.ament_cmake' and name 'mechelangelo_bringup'
[0.193s] Level 1:colcon.colcon_core.package_identification:_identify(src/mechelangelo_description) by extensions ['ignore', 'ignore_ament_install']
[0.193s] Level 1:colcon.colcon_core.package_identification:_identify(src/mechelangelo_description) by extension 'ignore'
[0.193s] Level 1:colcon.colcon_core.package_identification:_identify(src/mechelangelo_description) by extension 'ignore_ament_install'
[0.193s] Level 1:colcon.colcon_core.package_identification:_identify(src/mechelangelo_description) by extensions ['colcon_pkg']
[0.193s] Level 1:colcon.colcon_core.package_identification:_identify(src/mechelangelo_description) by extension 'colcon_pkg'
[0.193s] Level 1:colcon.colcon_core.package_identification:_identify(src/mechelangelo_description) by extensions ['colcon_meta']
[0.193s] Level 1:colcon.colcon_core.package_identification:_identify(src/mechelangelo_description) by extension 'colcon_meta'
[0.193s] Level 1:colcon.colcon_core.package_identification:_identify(src/mechelangelo_description) by extensions ['ros']
[0.193s] Level 1:colcon.colcon_core.package_identification:_identify(src/mechelangelo_description) by extension 'ros'
[0.193s] DEBUG:colcon.colcon_core.package_identification:Package 'src/mechelangelo_description' with type 'ros.ament_cmake' and name 'mechelangelo_description'
[0.193s] Level 1:colcon.colcon_core.package_identification:_identify(src/mechelangelo_navigation) by extensions ['ignore', 'ignore_ament_install']
[0.193s] Level 1:colcon.colcon_core.package_identification:_identify(src/mechelangelo_navigation) by extension 'ignore'
[0.193s] Level 1:colcon.colcon_core.package_identification:_identify(src/mechelangelo_navigation) by extension 'ignore_ament_install'
[0.193s] Level 1:colcon.colcon_core.package_identification:_identify(src/mechelangelo_navigation) by extensions ['colcon_pkg']
[0.193s] Level 1:colcon.colcon_core.package_identification:_identify(src/mechelangelo_navigation) by extension 'colcon_pkg'
[0.193s] Level 1:colcon.colcon_core.package_identification:_identify(src/mechelangelo_navigation) by extensions ['colcon_meta']
[0.193s] Level 1:colcon.colcon_core.package_identification:_identify(src/mechelangelo_navigation) by extension 'colcon_meta'
[0.193s] Level 1:colcon.colcon_core.package_identification:_identify(src/mechelangelo_navigation) by extensions ['ros']
[0.193s] Level 1:colcon.colcon_core.package_identification:_identify(src/mechelangelo_navigation) by extension 'ros'
[0.194s] DEBUG:colcon.colcon_core.package_identification:Package 'src/mechelangelo_navigation' with type 'ros.ament_cmake' and name 'mechelangelo_navigation'
[0.194s] Level 1:colcon.colcon_core.package_identification:_identify(src/mechelangelo_perception) by extensions ['ignore', 'ignore_ament_install']
[0.194s] Level 1:colcon.colcon_core.package_identification:_identify(src/mechelangelo_perception) by extension 'ignore'
[0.194s] Level 1:colcon.colcon_core.package_identification:_identify(src/mechelangelo_perception) by extension 'ignore_ament_install'
[0.194s] Level 1:colcon.colcon_core.package_identification:_identify(src/mechelangelo_perception) by extensions ['colcon_pkg']
[0.194s] Level 1:colcon.colcon_core.package_identification:_identify(src/mechelangelo_perception) by extension 'colcon_pkg'
[0.194s] Level 1:colcon.colcon_core.package_identification:_identify(src/mechelangelo_perception) by extensions ['colcon_meta']
[0.194s] Level 1:colcon.colcon_core.package_identification:_identify(src/mechelangelo_perception) by extension 'colcon_meta'
[0.194s] Level 1:colcon.colcon_core.package_identification:_identify(src/mechelangelo_perception) by extensions ['ros']
[0.194s] Level 1:colcon.colcon_core.package_identification:_identify(src/mechelangelo_perception) by extension 'ros'
[0.194s] DEBUG:colcon.colcon_core.package_identification:Package 'src/mechelangelo_perception' with type 'ros.ament_python' and name 'mechelangelo_perception'
[0.194s] Level 1:colcon.colcon_core.package_discovery:discover_packages(recursive) using defaults
[0.194s] Level 1:colcon.colcon_core.package_discovery:discover_packages(ignore) discover
[0.194s] Level 1:colcon.colcon_core.package_discovery:discover_packages(ignore) using defaults
[0.194s] Level 1:colcon.colcon_core.package_discovery:discover_packages(path) discover
[0.194s] Level 1:colcon.colcon_core.package_discovery:discover_packages(path) using defaults
[0.209s] Level 1:colcon.colcon_core.package_discovery:discover_packages(prefix_path) check parameters
[0.209s] Level 1:colcon.colcon_core.package_discovery:discover_packages(prefix_path) discover
[0.210s] DEBUG:colcon.colcon_installed_package_information.package_discovery:Found 0 installed packages in /home/andy/git/MECHelangelo/install
[0.210s] DEBUG:colcon.colcon_installed_package_information.package_discovery:Found 0 installed packages in /home/andy/Walls_are_alive_ws/install
[0.210s] Level 1:colcon.colcon_core.package_discovery:discover_packages(prefix_path) using defaults
[0.211s] Level 5:colcon.colcon_core.verb:set package 'mechelangelo_arm_control' build argument 'cmake_args' from command line to 'None'
[0.211s] Level 5:colcon.colcon_core.verb:set package 'mechelangelo_arm_control' build argument 'cmake_target' from command line to 'None'
[0.211s] Level 5:colcon.colcon_core.verb:set package 'mechelangelo_arm_control' build argument 'cmake_target_skip_unavailable' from command line to 'False'
[0.211s] Level 5:colcon.colcon_core.verb:set package 'mechelangelo_arm_control' build argument 'cmake_clean_cache' from command line to 'False'
[0.211s] Level 5:colcon.colcon_core.verb:set package 'mechelangelo_arm_control' build argument 'cmake_clean_first' from command line to 'False'
[0.211s] Level 5:colcon.colcon_core.verb:set package 'mechelangelo_arm_control' build argument 'cmake_force_configure' from command line to 'False'
[0.211s] Level 5:colcon.colcon_core.verb:set package 'mechelangelo_arm_control' build argument 'ament_cmake_args' from command line to 'None'
[0.211s] Level 5:colcon.colcon_core.verb:set package 'mechelangelo_arm_control' build argument 'catkin_cmake_args' from command line to 'None'
[0.211s] Level 5:colcon.colcon_core.verb:set package 'mechelangelo_arm_control' build argument 'catkin_skip_building_tests' from command line to 'False'
[0.211s] DEBUG:colcon.colcon_core.verb:Building package 'mechelangelo_arm_control' with the following arguments: {'ament_cmake_args': None, 'build_base': '/home/andy/git/MECHelangelo/build/mechelangelo_arm_control', 'catkin_cmake_args': None, 'catkin_skip_building_tests': False, 'cmake_args': None, 'cmake_clean_cache': False, 'cmake_clean_first': False, 'cmake_force_configure': False, 'cmake_target': None, 'cmake_target_skip_unavailable': False, 'install_base': '/home/andy/git/MECHelangelo/install/mechelangelo_arm_control', 'merge_install': False, 'path': '/home/andy/git/MECHelangelo/src/mechelangelo_arm_control', 'symlink_install': False, 'test_result_base': None}
[0.211s] Level 5:colcon.colcon_core.verb:set package 'mechelangelo_base_hardware' build argument 'cmake_args' from command line to 'None'
[0.211s] Level 5:colcon.colcon_core.verb:set package 'mechelangelo_base_hardware' build argument 'cmake_target' from command line to 'None'
[0.211s] Level 5:colcon.colcon_core.verb:set package 'mechelangelo_base_hardware' build argument 'cmake_target_skip_unavailable' from command line to 'False'
[0.211s] Level 5:colcon.colcon_core.verb:set package 'mechelangelo_base_hardware' build argument 'cmake_clean_cache' from command line to 'False'
[0.211s] Level 5:colcon.colcon_core.verb:set package 'mechelangelo_base_hardware' build argument 'cmake_clean_first' from command line to 'False'
[0.211s] Level 5:colcon.colcon_core.verb:set package 'mechelangelo_base_hardware' build argument 'cmake_force_configure' from command line to 'False'
[0.211s] Level 5:colcon.colcon_core.verb:set package 'mechelangelo_base_hardware' build argument 'ament_cmake_args' from command line to 'None'
[0.211s] Level 5:colcon.colcon_core.verb:set package 'mechelangelo_base_hardware' build argument 'catkin_cmake_args' from command line to 'None'
[0.211s] Level 5:colcon.colcon_core.verb:set package 'mechelangelo_base_hardware' build argument 'catkin_skip_building_tests' from command line to 'False'
[0.211s] DEBUG:colcon.colcon_core.verb:Building package 'mechelangelo_base_hardware' with the following arguments: {'ament_cmake_args': None, 'build_base': '/home/andy/git/MECHelangelo/build/mechelangelo_base_hardware', 'catkin_cmake_args': None, 'catkin_skip_building_tests': False, 'cmake_args': None, 'cmake_clean_cache': False, 'cmake_clean_first': False, 'cmake_force_configure': False, 'cmake_target': None, 'cmake_target_skip_unavailable': False, 'install_base': '/home/andy/git/MECHelangelo/install/mechelangelo_base_hardware', 'merge_install': False, 'path': '/home/andy/git/MECHelangelo/src/mechelangelo_base_hardware', 'symlink_install': False, 'test_result_base': None}
[0.211s] Level 5:colcon.colcon_core.verb:set package 'mechelangelo_behaviour' build argument 'cmake_args' from command line to 'None'
[0.211s] Level 5:colcon.colcon_core.verb:set package 'mechelangelo_behaviour' build argument 'cmake_target' from command line to 'None'
[0.211s] Level 5:colcon.colcon_core.verb:set package 'mechelangelo_behaviour' build argument 'cmake_target_skip_unavailable' from command line to 'False'
[0.211s] Level 5:colcon.colcon_core.verb:set package 'mechelangelo_behaviour' build argument 'cmake_clean_cache' from command line to 'False'
[0.211s] Level 5:colcon.colcon_core.verb:set package 'mechelangelo_behaviour' build argument 'cmake_clean_first' from command line to 'False'
[0.211s] Level 5:colcon.colcon_core.verb:set package 'mechelangelo_behaviour' build argument 'cmake_force_configure' from command line to 'False'
[0.211s] Level 5:colcon.colcon_core.verb:set package 'mechelangelo_behaviour' build argument 'ament_cmake_args' from command line to 'None'
[0.211s] Level 5:colcon.colcon_core.verb:set package 'mechelangelo_behaviour' build argument 'catkin_cmake_args' from command line to 'None'
[0.212s] Level 5:colcon.colcon_core.verb:set package 'mechelangelo_behaviour' build argument 'catkin_skip_building_tests' from command line to 'False'
[0.212s] DEBUG:colcon.colcon_core.verb:Building package 'mechelangelo_behaviour' with the following arguments: {'ament_cmake_args': None, 'build_base': '/home/andy/git/MECHelangelo/build/mechelangelo_behaviour', 'catkin_cmake_args': None, 'catkin_skip_building_tests': False, 'cmake_args': None, 'cmake_clean_cache': False, 'cmake_clean_first': False, 'cmake_force_configure': False, 'cmake_target': None, 'cmake_target_skip_unavailable': False, 'install_base': '/home/andy/git/MECHelangelo/install/mechelangelo_behaviour', 'merge_install': False, 'path': '/home/andy/git/MECHelangelo/src/mechelangelo_behaviour', 'symlink_install': False, 'test_result_base': None}
[0.212s] Level 5:colcon.colcon_core.verb:set package 'mechelangelo_bringup' build argument 'cmake_args' from command line to 'None'
[0.212s] Level 5:colcon.colcon_core.verb:set package 'mechelangelo_bringup' build argument 'cmake_target' from command line to 'None'
[0.212s] Level 5:colcon.colcon_core.verb:set package 'mechelangelo_bringup' build argument 'cmake_target_skip_unavailable' from command line to 'False'
[0.212s] Level 5:colcon.colcon_core.verb:set package 'mechelangelo_bringup' build argument 'cmake_clean_cache' from command line to 'False'
[0.212s] Level 5:colcon.colcon_core.verb:set package 'mechelangelo_bringup' build argument 'cmake_clean_first' from command line to 'False'
[0.212s] Level 5:colcon.colcon_core.verb:set package 'mechelangelo_bringup' build argument 'cmake_force_configure' from command line to 'False'
[0.212s] Level 5:colcon.colcon_core.verb:set package 'mechelangelo_bringup' build argument 'ament_cmake_args' from command line to 'None'
[0.212s] Level 5:colcon.colcon_core.verb:set package 'mechelangelo_bringup' build argument 'catkin_cmake_args' from command line to 'None'
[0.212s] Level 5:colcon.colcon_core.verb:set package 'mechelangelo_bringup' build argument 'catkin_skip_building_tests' from command line to 'False'
[0.212s] DEBUG:colcon.colcon_core.verb:Building package 'mechelangelo_bringup' with the following arguments: {'ament_cmake_args': None, 'build_base': '/home/andy/git/MECHelangelo/build/mechelangelo_bringup', 'catkin_cmake_args': None, 'catkin_skip_building_tests': False, 'cmake_args': None, 'cmake_clean_cache': False, 'cmake_clean_first': False, 'cmake_force_configure': False, 'cmake_target': None, 'cmake_target_skip_unavailable': False, 'install_base': '/home/andy/git/MECHelangelo/install/mechelangelo_bringup', 'merge_install': False, 'path': '/home/andy/git/MECHelangelo/src/mechelangelo_bringup', 'symlink_install': False, 'test_result_base': None}
[0.212s] Level 5:colcon.colcon_core.verb:set package 'mechelangelo_description' build argument 'cmake_args' from command line to 'None'
[0.212s] Level 5:colcon.colcon_core.verb:set package 'mechelangelo_description' build argument 'cmake_target' from command line to 'None'
[0.212s] Level 5:colcon.colcon_core.verb:set package 'mechelangelo_description' build argument 'cmake_target_skip_unavailable' from command line to 'False'
[0.212s] Level 5:colcon.colcon_core.verb:set package 'mechelangelo_description' build argument 'cmake_clean_cache' from command line to 'False'
[0.212s] Level 5:colcon.colcon_core.verb:set package 'mechelangelo_description' build argument 'cmake_clean_first' from command line to 'False'
[0.212s] Level 5:colcon.colcon_core.verb:set package 'mechelangelo_description' build argument 'cmake_force_configure' from command line to 'False'
[0.212s] Level 5:colcon.colcon_core.verb:set package 'mechelangelo_description' build argument 'ament_cmake_args' from command line to 'None'
[0.212s] Level 5:colcon.colcon_core.verb:set package 'mechelangelo_description' build argument 'catkin_cmake_args' from command line to 'None'
[0.212s] Level 5:colcon.colcon_core.verb:set package 'mechelangelo_description' build argument 'catkin_skip_building_tests' from command line to 'False'
[0.212s] DEBUG:colcon.colcon_core.verb:Building package 'mechelangelo_description' with the following arguments: {'ament_cmake_args': None, 'build_base': '/home/andy/git/MECHelangelo/build/mechelangelo_description', 'catkin_cmake_args': None, 'catkin_skip_building_tests': False, 'cmake_args': None, 'cmake_clean_cache': False, 'cmake_clean_first': False, 'cmake_force_configure': False, 'cmake_target': None, 'cmake_target_skip_unavailable': False, 'install_base': '/home/andy/git/MECHelangelo/install/mechelangelo_description', 'merge_install': False, 'path': '/home/andy/git/MECHelangelo/src/mechelangelo_description', 'symlink_install': False, 'test_result_base': None}
[0.212s] Level 5:colcon.colcon_core.verb:set package 'mechelangelo_navigation' build argument 'cmake_args' from command line to 'None'
[0.212s] Level 5:colcon.colcon_core.verb:set package 'mechelangelo_navigation' build argument 'cmake_target' from command line to 'None'
[0.212s] Level 5:colcon.colcon_core.verb:set package 'mechelangelo_navigation' build argument 'cmake_target_skip_unavailable' from command line to 'False'
[0.212s] Level 5:colcon.colcon_core.verb:set package 'mechelangelo_navigation' build argument 'cmake_clean_cache' from command line to 'False'
[0.212s] Level 5:colcon.colcon_core.verb:set package 'mechelangelo_navigation' build argument 'cmake_clean_first' from command line to 'False'
[0.212s] Level 5:colcon.colcon_core.verb:set package 'mechelangelo_navigation' build argument 'cmake_force_configure' from command line to 'False'
[0.212s] Level 5:colcon.colcon_core.verb:set package 'mechelangelo_navigation' build argument 'ament_cmake_args' from command line to 'None'
[0.212s] Level 5:colcon.colcon_core.verb:set package 'mechelangelo_navigation' build argument 'catkin_cmake_args' from command line to 'None'
[0.212s] Level 5:colcon.colcon_core.verb:set package 'mechelangelo_navigation' build argument 'catkin_skip_building_tests' from command line to 'False'
[0.212s] DEBUG:colcon.colcon_core.verb:Building package 'mechelangelo_navigation' with the following arguments: {'ament_cmake_args': None, 'build_base': '/home/andy/git/MECHelangelo/build/mechelangelo_navigation', 'catkin_cmake_args': None, 'catkin_skip_building_tests': False, 'cmake_args': None, 'cmake_clean_cache': False, 'cmake_clean_first': False, 'cmake_force_configure': False, 'cmake_target': None, 'cmake_target_skip_unavailable': False, 'install_base': '/home/andy/git/MECHelangelo/install/mechelangelo_navigation', 'merge_install': False, 'path': '/home/andy/git/MECHelangelo/src/mechelangelo_navigation', 'symlink_install': False, 'test_result_base': None}
[0.212s] Level 5:colcon.colcon_core.verb:set package 'mechelangelo_perception' build argument 'cmake_args' from command line to 'None'
[0.212s] Level 5:colcon.colcon_core.verb:set package 'mechelangelo_perception' build argument 'cmake_target' from command line to 'None'
[0.212s] Level 5:colcon.colcon_core.verb:set package 'mechelangelo_perception' build argument 'cmake_target_skip_unavailable' from command line to 'False'
[0.212s] Level 5:colcon.colcon_core.verb:set package 'mechelangelo_perception' build argument 'cmake_clean_cache' from command line to 'False'
[0.212s] Level 5:colcon.colcon_core.verb:set package 'mechelangelo_perception' build argument 'cmake_clean_first' from command line to 'False'
[0.212s] Level 5:colcon.colcon_core.verb:set package 'mechelangelo_perception' build argument 'cmake_force_configure' from command line to 'False'
[0.212s] Level 5:colcon.colcon_core.verb:set package 'mechelangelo_perception' build argument 'ament_cmake_args' from command line to 'None'
[0.212s] Level 5:colcon.colcon_core.verb:set package 'mechelangelo_perception' build argument 'catkin_cmake_args' from command line to 'None'
[0.212s] Level 5:colcon.colcon_core.verb:set package 'mechelangelo_perception' build argument 'catkin_skip_building_tests' from command line to 'False'
[0.212s] DEBUG:colcon.colcon_core.verb:Building package 'mechelangelo_perception' with the following arguments: {'ament_cmake_args': None, 'build_base': '/home/andy/git/MECHelangelo/build/mechelangelo_perception', 'catkin_cmake_args': None, 'catkin_skip_building_tests': False, 'cmake_args': None, 'cmake_clean_cache': False, 'cmake_clean_first': False, 'cmake_force_configure': False, 'cmake_target': None, 'cmake_target_skip_unavailable': False, 'install_base': '/home/andy/git/MECHelangelo/install/mechelangelo_perception', 'merge_install': False, 'path': '/home/andy/git/MECHelangelo/src/mechelangelo_perception', 'symlink_install': False, 'test_result_base': None}
[0.212s] INFO:colcon.colcon_core.executor:Executing jobs using 'parallel' executor
[0.213s] DEBUG:colcon.colcon_parallel_executor.executor.parallel:run_until_complete
[0.213s] INFO:colcon.colcon_ros.task.ament_python.build:Building ROS package in '/home/andy/git/MECHelangelo/src/mechelangelo_arm_control' with build type 'ament_python'
[0.213s] Level 1:colcon.colcon_core.shell:create_environment_hook('mechelangelo_arm_control', 'ament_prefix_path')
[0.216s] INFO:colcon.colcon_core.plugin_system:Skipping extension 'colcon_core.shell.bat': Not used on non-Windows systems
[0.216s] INFO:colcon.colcon_core.shell:Creating environment hook '/home/andy/git/MECHelangelo/install/mechelangelo_arm_control/share/mechelangelo_arm_control/hook/ament_prefix_path.ps1'
[0.216s] INFO:colcon.colcon_core.shell:Creating environment descriptor '/home/andy/git/MECHelangelo/install/mechelangelo_arm_control/share/mechelangelo_arm_control/hook/ament_prefix_path.dsv'
[0.216s] INFO:colcon.colcon_core.shell:Creating environment hook '/home/andy/git/MECHelangelo/install/mechelangelo_arm_control/share/mechelangelo_arm_control/hook/ament_prefix_path.sh'
[0.217s] INFO:colcon.colcon_core.shell:Skip shell extension 'powershell' for command environment: Not usable outside of PowerShell
[0.217s] DEBUG:colcon.colcon_core.shell:Skip shell extension 'dsv' for command environment
[0.218s] INFO:colcon.colcon_ros.task.ament_cmake.build:Building ROS package in '/home/andy/git/MECHelangelo/src/mechelangelo_base_hardware' with build type 'ament_cmake'
[0.218s] INFO:colcon.colcon_cmake.task.cmake.build:Building CMake package in '/home/andy/git/MECHelangelo/src/mechelangelo_base_hardware'
[0.218s] INFO:colcon.colcon_core.shell:Skip shell extension 'powershell' for command environment: Not usable outside of PowerShell
[0.218s] DEBUG:colcon.colcon_core.shell:Skip shell extension 'dsv' for command environment
[0.219s] INFO:colcon.colcon_ros.task.ament_cmake.build:Building ROS package in '/home/andy/git/MECHelangelo/src/mechelangelo_behaviour' with build type 'ament_cmake'
[0.219s] INFO:colcon.colcon_cmake.task.cmake.build:Building CMake package in '/home/andy/git/MECHelangelo/src/mechelangelo_behaviour'
[0.219s] INFO:colcon.colcon_core.shell:Skip shell extension 'powershell' for command environment: Not usable outside of PowerShell
[0.219s] DEBUG:colcon.colcon_core.shell:Skip shell extension 'dsv' for command environment
[0.220s] INFO:colcon.colcon_ros.task.ament_cmake.build:Building ROS package in '/home/andy/git/MECHelangelo/src/mechelangelo_bringup' with build type 'ament_cmake'
[0.220s] INFO:colcon.colcon_cmake.task.cmake.build:Building CMake package in '/home/andy/git/MECHelangelo/src/mechelangelo_bringup'
[0.220s] INFO:colcon.colcon_core.shell:Skip shell extension 'powershell' for command environment: Not usable outside of PowerShell
[0.220s] DEBUG:colcon.colcon_core.shell:Skip shell extension 'dsv' for command environment
[0.221s] INFO:colcon.colcon_ros.task.ament_cmake.build:Building ROS package in '/home/andy/git/MECHelangelo/src/mechelangelo_description' with build type 'ament_cmake'
[0.221s] INFO:colcon.colcon_cmake.task.cmake.build:Building CMake package in '/home/andy/git/MECHelangelo/src/mechelangelo_description'
[0.221s] INFO:colcon.colcon_core.shell:Skip shell extension 'powershell' for command environment: Not usable outside of PowerShell
[0.221s] DEBUG:colcon.colcon_core.shell:Skip shell extension 'dsv' for command environment
[0.221s] INFO:colcon.colcon_ros.task.ament_cmake.build:Building ROS package in '/home/andy/git/MECHelangelo/src/mechelangelo_navigation' with build type 'ament_cmake'
[0.222s] INFO:colcon.colcon_cmake.task.cmake.build:Building CMake package in '/home/andy/git/MECHelangelo/src/mechelangelo_navigation'
[0.222s] INFO:colcon.colcon_core.shell:Skip shell extension 'powershell' for command environment: Not usable outside of PowerShell
[0.222s] DEBUG:colcon.colcon_core.shell:Skip shell extension 'dsv' for command environment
[0.222s] INFO:colcon.colcon_ros.task.ament_python.build:Building ROS package in '/home/andy/git/MECHelangelo/src/mechelangelo_perception' with build type 'ament_python'
[0.222s] Level 1:colcon.colcon_core.shell:create_environment_hook('mechelangelo_perception', 'ament_prefix_path')
[0.222s] INFO:colcon.colcon_core.shell:Creating environment hook '/home/andy/git/MECHelangelo/install/mechelangelo_perception/share/mechelangelo_perception/hook/ament_prefix_path.ps1'
[0.223s] INFO:colcon.colcon_core.shell:Creating environment descriptor '/home/andy/git/MECHelangelo/install/mechelangelo_perception/share/mechelangelo_perception/hook/ament_prefix_path.dsv'
[0.223s] INFO:colcon.colcon_core.shell:Creating environment hook '/home/andy/git/MECHelangelo/install/mechelangelo_perception/share/mechelangelo_perception/hook/ament_prefix_path.sh'
[0.223s] INFO:colcon.colcon_core.shell:Skip shell extension 'powershell' for command environment: Not usable outside of PowerShell
[0.223s] DEBUG:colcon.colcon_core.shell:Skip shell extension 'dsv' for command environment
[0.340s] INFO:colcon.colcon_core.task.python.build:Building Python package in '/home/andy/git/MECHelangelo/src/mechelangelo_arm_control'
[0.340s] INFO:colcon.colcon_core.shell:Skip shell extension 'powershell' for command environment: Not usable outside of PowerShell
[0.340s] DEBUG:colcon.colcon_core.shell:Skip shell extension 'dsv' for command environment
[0.343s] DEBUG:colcon.colcon_core.event_handler.log_command:Invoking command in '/home/andy/git/MECHelangelo/build/mechelangelo_base_hardware': /usr/bin/cmake /home/andy/git/MECHelangelo/src/mechelangelo_base_hardware -DCMAKE_INSTALL_PREFIX=/home/andy/git/MECHelangelo/install/mechelangelo_base_hardware
[0.346s] DEBUG:colcon.colcon_core.event_handler.log_command:Invoking command in '/home/andy/git/MECHelangelo/build/mechelangelo_behaviour': /usr/bin/cmake /home/andy/git/MECHelangelo/src/mechelangelo_behaviour -DCMAKE_INSTALL_PREFIX=/home/andy/git/MECHelangelo/install/mechelangelo_behaviour
[0.347s] DEBUG:colcon.colcon_core.event_handler.log_command:Invoking command in '/home/andy/git/MECHelangelo/build/mechelangelo_bringup': /usr/bin/cmake /home/andy/git/MECHelangelo/src/mechelangelo_bringup -DCMAKE_INSTALL_PREFIX=/home/andy/git/MECHelangelo/install/mechelangelo_bringup
[0.348s] DEBUG:colcon.colcon_core.event_handler.log_command:Invoking command in '/home/andy/git/MECHelangelo/build/mechelangelo_description': /usr/bin/cmake /home/andy/git/MECHelangelo/src/mechelangelo_description -DCMAKE_INSTALL_PREFIX=/home/andy/git/MECHelangelo/install/mechelangelo_description
[0.350s] DEBUG:colcon.colcon_core.event_handler.log_command:Invoking command in '/home/andy/git/MECHelangelo/build/mechelangelo_navigation': /usr/bin/cmake /home/andy/git/MECHelangelo/src/mechelangelo_navigation -DCMAKE_INSTALL_PREFIX=/home/andy/git/MECHelangelo/install/mechelangelo_navigation
[0.453s] INFO:colcon.colcon_core.task.python.build:Building Python package in '/home/andy/git/MECHelangelo/src/mechelangelo_perception'
[0.453s] INFO:colcon.colcon_core.shell:Skip shell extension 'powershell' for command environment: Not usable outside of PowerShell
[0.453s] DEBUG:colcon.colcon_core.shell:Skip shell extension 'dsv' for command environment
[0.599s] DEBUG:colcon.colcon_core.event_handler.log_command:Invoked command in '/home/andy/git/MECHelangelo/build/mechelangelo_bringup' returned '1': /usr/bin/cmake /home/andy/git/MECHelangelo/src/mechelangelo_bringup -DCMAKE_INSTALL_PREFIX=/home/andy/git/MECHelangelo/install/mechelangelo_bringup
[0.599s] DEBUG:colcon.colcon_core.event_handler.log_command:Invoked command in '/home/andy/git/MECHelangelo/build/mechelangelo_behaviour' returned '1': /usr/bin/cmake /home/andy/git/MECHelangelo/src/mechelangelo_behaviour -DCMAKE_INSTALL_PREFIX=/home/andy/git/MECHelangelo/install/mechelangelo_behaviour
[0.600s] DEBUG:colcon.colcon_core.event_handler.log_command:Invoked command in '/home/andy/git/MECHelangelo/build/mechelangelo_description' returned '1': /usr/bin/cmake /home/andy/git/MECHelangelo/src/mechelangelo_description -DCMAKE_INSTALL_PREFIX=/home/andy/git/MECHelangelo/install/mechelangelo_description
[0.601s] DEBUG:colcon.colcon_core.event_handler.log_command:Invoked command in '/home/andy/git/MECHelangelo/build/mechelangelo_navigation' returned '1': /usr/bin/cmake /home/andy/git/MECHelangelo/src/mechelangelo_navigation -DCMAKE_INSTALL_PREFIX=/home/andy/git/MECHelangelo/install/mechelangelo_navigation
[0.601s] DEBUG:colcon.colcon_core.event_handler.log_command:Invoked command in '/home/andy/git/MECHelangelo/build/mechelangelo_base_hardware' returned '1': /usr/bin/cmake /home/andy/git/MECHelangelo/src/mechelangelo_base_hardware -DCMAKE_INSTALL_PREFIX=/home/andy/git/MECHelangelo/install/mechelangelo_base_hardware
[0.604s] Level 1:colcon.colcon_core.environment:create_environment_scripts_only(mechelangelo_behaviour)
[0.608s] Level 1:colcon.colcon_core.environment:checking '/home/andy/git/MECHelangelo/install/mechelangelo_behaviour' for CMake module files
[0.608s] Level 1:colcon.colcon_core.environment:checking '/home/andy/git/MECHelangelo/install/mechelangelo_behaviour' for CMake config files
[0.608s] Level 1:colcon.colcon_core.environment:checking '/home/andy/git/MECHelangelo/install/mechelangelo_behaviour/bin'
[0.608s] Level 1:colcon.colcon_core.environment:checking '/home/andy/git/MECHelangelo/install/mechelangelo_behaviour/lib/pkgconfig/mechelangelo_behaviour.pc'
[0.608s] Level 1:colcon.colcon_core.environment:checking '/home/andy/git/MECHelangelo/install/mechelangelo_behaviour/lib/python3.10/site-packages'
[0.608s] Level 1:colcon.colcon_core.environment:checking '/home/andy/git/MECHelangelo/install/mechelangelo_behaviour/bin'
[0.608s] INFO:colcon.colcon_core.shell:Creating package script '/home/andy/git/MECHelangelo/install/mechelangelo_behaviour/share/mechelangelo_behaviour/package.ps1'
[0.609s] INFO:colcon.colcon_core.shell:Creating package descriptor '/home/andy/git/MECHelangelo/install/mechelangelo_behaviour/share/mechelangelo_behaviour/package.dsv'
[0.609s] INFO:colcon.colcon_core.shell:Creating package script '/home/andy/git/MECHelangelo/install/mechelangelo_behaviour/share/mechelangelo_behaviour/package.sh'
[0.610s] INFO:colcon.colcon_core.shell:Creating package script '/home/andy/git/MECHelangelo/install/mechelangelo_behaviour/share/mechelangelo_behaviour/package.bash'
[0.610s] INFO:colcon.colcon_core.shell:Creating package script '/home/andy/git/MECHelangelo/install/mechelangelo_behaviour/share/mechelangelo_behaviour/package.zsh'
[0.611s] Level 1:colcon.colcon_core.environment:create_file_with_runtime_dependencies(/home/andy/git/MECHelangelo/install/mechelangelo_behaviour/share/colcon-core/packages/mechelangelo_behaviour)
[0.611s] Level 1:colcon.colcon_core.environment:create_environment_scripts_only(mechelangelo_bringup)
[0.611s] Level 1:colcon.colcon_core.environment:checking '/home/andy/git/MECHelangelo/install/mechelangelo_bringup' for CMake module files
[0.611s] Level 1:colcon.colcon_core.environment:checking '/home/andy/git/MECHelangelo/install/mechelangelo_bringup' for CMake config files
[0.611s] Level 1:colcon.colcon_core.environment:checking '/home/andy/git/MECHelangelo/install/mechelangelo_bringup/bin'
[0.611s] Level 1:colcon.colcon_core.environment:checking '/home/andy/git/MECHelangelo/install/mechelangelo_bringup/lib/pkgconfig/mechelangelo_bringup.pc'
[0.611s] Level 1:colcon.colcon_core.environment:checking '/home/andy/git/MECHelangelo/install/mechelangelo_bringup/lib/python3.10/site-packages'
[0.611s] Level 1:colcon.colcon_core.environment:checking '/home/andy/git/MECHelangelo/install/mechelangelo_bringup/bin'
[0.611s] INFO:colcon.colcon_core.shell:Creating package script '/home/andy/git/MECHelangelo/install/mechelangelo_bringup/share/mechelangelo_bringup/package.ps1'
[0.612s] INFO:colcon.colcon_core.shell:Creating package descriptor '/home/andy/git/MECHelangelo/install/mechelangelo_bringup/share/mechelangelo_bringup/package.dsv'
[0.612s] INFO:colcon.colcon_core.shell:Creating package script '/home/andy/git/MECHelangelo/install/mechelangelo_bringup/share/mechelangelo_bringup/package.sh'
[0.612s] INFO:colcon.colcon_core.shell:Creating package script '/home/andy/git/MECHelangelo/install/mechelangelo_bringup/share/mechelangelo_bringup/package.bash'
[0.612s] INFO:colcon.colcon_core.shell:Creating package script '/home/andy/git/MECHelangelo/install/mechelangelo_bringup/share/mechelangelo_bringup/package.zsh'
[0.612s] Level 1:colcon.colcon_core.environment:create_file_with_runtime_dependencies(/home/andy/git/MECHelangelo/install/mechelangelo_bringup/share/colcon-core/packages/mechelangelo_bringup)
[0.682s] DEBUG:colcon.colcon_parallel_executor.executor.parallel:closing loop
[0.682s] DEBUG:colcon.colcon_parallel_executor.executor.parallel:loop closed
[0.682s] DEBUG:colcon.colcon_parallel_executor.executor.parallel:run_until_complete finished with '1'
[0.682s] DEBUG:colcon.colcon_core.event_reactor:joining thread
[0.766s] INFO:colcon.colcon_core.plugin_system:Skipping extension 'colcon_notification.desktop_notification.terminal_notifier': Not used on non-Darwin systems
[0.767s] INFO:colcon.colcon_core.plugin_system:Skipping extension 'colcon_notification.desktop_notification.win32': Not used on non-Windows systems
[0.767s] INFO:colcon.colcon_notification.desktop_notification:Sending desktop notification using 'notify2'
[0.780s] DEBUG:colcon.colcon_core.event_reactor:joined thread
[0.780s] INFO:colcon.colcon_core.shell:Creating prefix script '/home/andy/git/MECHelangelo/install/local_setup.ps1'
[0.781s] INFO:colcon.colcon_core.shell:Creating prefix util module '/home/andy/git/MECHelangelo/install/_local_setup_util_ps1.py'
[0.782s] INFO:colcon.colcon_core.shell:Creating prefix chain script '/home/andy/git/MECHelangelo/install/setup.ps1'
[0.783s] INFO:colcon.colcon_core.shell:Creating prefix script '/home/andy/git/MECHelangelo/install/local_setup.sh'
[0.784s] INFO:colcon.colcon_core.shell:Creating prefix util module '/home/andy/git/MECHelangelo/install/_local_setup_util_sh.py'
[0.784s] INFO:colcon.colcon_core.shell:Creating prefix chain script '/home/andy/git/MECHelangelo/install/setup.sh'
[0.784s] INFO:colcon.colcon_core.shell:Creating prefix script '/home/andy/git/MECHelangelo/install/local_setup.bash'
[0.785s] INFO:colcon.colcon_core.shell:Creating prefix chain script '/home/andy/git/MECHelangelo/install/setup.bash'
[0.786s] INFO:colcon.colcon_core.shell:Creating prefix script '/home/andy/git/MECHelangelo/install/local_setup.zsh'
[0.786s] INFO:colcon.colcon_core.shell:Creating prefix chain script '/home/andy/git/MECHelangelo/install/setup.zsh'
