[0.611s] Invoking command in '/home/andy/git/MECHelangelo/src/mechelangelo_arm_control': PYTHONPATH=/home/andy/git/MECHelangelo/build/mechelangelo_arm_control/prefix_override:/usr/lib/python3/dist-packages/colcon_core/task/python/colcon_distutils_commands:/home/andy/git/MECHelangelo/install/mechelangelo_arm_control/lib/python3.10/site-packages:${PYTHONPATH} /usr/bin/python3 -W ignore:setup.py install is deprecated -W ignore:easy_install command is deprecated setup.py egg_info --egg-base ../../build/mechelangelo_arm_control build --build-base /home/andy/git/MECHelangelo/build/mechelangelo_arm_control/build install --record /home/andy/git/MECHelangelo/build/mechelangelo_arm_control/install.log --single-version-externally-managed install_data
[0.717s] running egg_info
[0.718s] writing ../../build/mechelangelo_arm_control/mechelangelo_arm_control.egg-info/PKG-INFO
[0.718s] writing dependency_links to ../../build/mechelangelo_arm_control/mechelangelo_arm_control.egg-info/dependency_links.txt
[0.718s] writing entry points to ../../build/mechelangelo_arm_control/mechelangelo_arm_control.egg-info/entry_points.txt
[0.718s] writing requirements to ../../build/mechelangelo_arm_control/mechelangelo_arm_control.egg-info/requires.txt
[0.718s] writing top-level names to ../../build/mechelangelo_arm_control/mechelangelo_arm_control.egg-info/top_level.txt
[0.719s] reading manifest file '../../build/mechelangelo_arm_control/mechelangelo_arm_control.egg-info/SOURCES.txt'
[0.720s] writing manifest file '../../build/mechelangelo_arm_control/mechelangelo_arm_control.egg-info/SOURCES.txt'
[0.720s] running build
[0.720s] running build_py
[0.720s] running install
[0.720s] running install_lib
[0.720s] running install_data
[0.720s] running install_egg_info
[0.722s] removing '/home/andy/git/MECHelangelo/install/mechelangelo_arm_control/lib/python3.10/site-packages/mechelangelo_arm_control-0.0.0-py3.10.egg-info' (and everything under it)
[0.722s] Copying ../../build/mechelangelo_arm_control/mechelangelo_arm_control.egg-info to /home/andy/git/MECHelangelo/install/mechelangelo_arm_control/lib/python3.10/site-packages/mechelangelo_arm_control-0.0.0-py3.10.egg-info
[0.722s] running install_scripts
[0.735s] writing list of installed files to '/home/andy/git/MECHelangelo/build/mechelangelo_arm_control/install.log'
[0.759s] Invoked command in '/home/andy/git/MECHelangelo/src/mechelangelo_arm_control' returned '0': PYTHONPATH=/home/andy/git/MECHelangelo/build/mechelangelo_arm_control/prefix_override:/usr/lib/python3/dist-packages/colcon_core/task/python/colcon_distutils_commands:/home/andy/git/MECHelangelo/install/mechelangelo_arm_control/lib/python3.10/site-packages:${PYTHONPATH} /usr/bin/python3 -W ignore:setup.py install is deprecated -W ignore:easy_install command is deprecated setup.py egg_info --egg-base ../../build/mechelangelo_arm_control build --build-base /home/andy/git/MECHelangelo/build/mechelangelo_arm_control/build install --record /home/andy/git/MECHelangelo/build/mechelangelo_arm_control/install.log --single-version-externally-managed install_data
