running develop
running egg_info
creating mechelangelo_perception.egg-info
writing mechelangelo_perception.egg-info/PKG-INFO
writing dependency_links to mechelangelo_perception.egg-info/dependency_links.txt
writing entry points to mechelangelo_perception.egg-info/entry_points.txt
writing requirements to mechelangelo_perception.egg-info/requires.txt
writing top-level names to mechelangelo_perception.egg-info/top_level.txt
writing manifest file 'mechelangelo_perception.egg-info/SOURCES.txt'
reading manifest file 'mechelangelo_perception.egg-info/SOURCES.txt'
writing manifest file 'mechelangelo_perception.egg-info/SOURCES.txt'
running build_ext
Creating /home/andy/git/MECHelangelo/install/mechelangelo_perception/lib/python3.10/site-packages/mechelangelo-perception.egg-link (link to .)

Installed /home/andy/git/MECHelangelo/build/mechelangelo_perception
running symlink_data
creating /home/andy/git/MECHelangelo/install/mechelangelo_perception/share/ament_index
creating /home/andy/git/MECHelangelo/install/mechelangelo_perception/share/ament_index/resource_index
creating /home/andy/git/MECHelangelo/install/mechelangelo_perception/share/ament_index/resource_index/packages
symbolically linking /home/andy/git/MECHelangelo/build/mechelangelo_perception/resource/mechelangelo_perception -> /home/andy/git/MECHelangelo/install/mechelangelo_perception/share/ament_index/resource_index/packages
symbolically linking /home/andy/git/MECHelangelo/build/mechelangelo_perception/package.xml -> /home/andy/git/MECHelangelo/install/mechelangelo_perception/share/mechelangelo_perception
