[0.169s] DEBUG:colcon:Command line arguments: ['/usr/bin/colcon', 'list', '-p', '--base-paths', '/home/scribblaboy/DMMS_WS/MECHelangelo']
[0.169s] DEBUG:colcon:Parsed command line arguments: Namespace(log_base=None, log_level=None, verb_name='list', build_base='build', ignore_user_meta=False, metas=['./colcon.meta'], base_paths=['/home/scribblaboy/DMMS_WS/MECHelangelo'], packages_ignore=None, packages_ignore_regex=None, paths=None, packages_up_to=None, packages_up_to_regex=None, packages_above=None, packages_above_and_dependencies=None, packages_above_depth=None, packages_select_by_dep=None, packages_skip_by_dep=None, packages_skip_up_to=None, packages_select_build_failed=False, packages_skip_build_finished=False, packages_select_test_failures=False, packages_skip_test_passed=False, packages_select=None, packages_skip=None, packages_select_regex=None, packages_skip_regex=None, packages_start=None, packages_end=None, allow_overriding=[], topological_order=False, names_only=False, paths_only=True, topological_graph=False, topological_graph_dot=False, topological_graph_density=False, topological_graph_legend=False, topological_graph_dot_cluster=False, topological_graph_dot_include_skipped=False, mixin_files=None, mixin=None, verb_parser=<colcon_mixin.mixin.mixin_argument.MixinArgumentDecorator object at 0x7a434ed90d90>, verb_extension=<colcon_package_information.verb.list.ListVerb object at 0x7a434eea92d0>, main=<bound method ListVerb.main of <colcon_package_information.verb.list.ListVerb object at 0x7a434eea92d0>>, mixin_verb=('list',))
[0.444s] Level 1:colcon.colcon_core.package_discovery:discover_packages(colcon_meta) check parameters
[0.444s] Level 1:colcon.colcon_core.package_discovery:discover_packages(recursive) check parameters
[0.444s] Level 1:colcon.colcon_core.package_discovery:discover_packages(ignore) check parameters
[0.444s] Level 1:colcon.colcon_core.package_discovery:discover_packages(path) check parameters
[0.444s] Level 1:colcon.colcon_core.package_discovery:discover_packages(recursive) discover
[0.444s] INFO:colcon.colcon_core.package_discovery:Crawling recursively for packages in '/home/scribblaboy/DMMS_WS/MECHelangelo'
[0.444s] Level 1:colcon.colcon_core.package_identification:_identify(/home/scribblaboy/DMMS_WS/MECHelangelo) by extensions ['ignore', 'ignore_ament_install']
[0.445s] Level 1:colcon.colcon_core.package_identification:_identify(/home/scribblaboy/DMMS_WS/MECHelangelo) by extension 'ignore'
[0.445s] Level 1:colcon.colcon_core.package_identification:_identify(/home/scribblaboy/DMMS_WS/MECHelangelo) by extension 'ignore_ament_install'
[0.445s] Level 1:colcon.colcon_core.package_identification:_identify(/home/scribblaboy/DMMS_WS/MECHelangelo) by extensions ['colcon_pkg']
[0.445s] Level 1:colcon.colcon_core.package_identification:_identify(/home/scribblaboy/DMMS_WS/MECHelangelo) by extension 'colcon_pkg'
[0.445s] Level 1:colcon.colcon_core.package_identification:_identify(/home/scribblaboy/DMMS_WS/MECHelangelo) by extensions ['colcon_meta']
[0.445s] Level 1:colcon.colcon_core.package_identification:_identify(/home/scribblaboy/DMMS_WS/MECHelangelo) by extension 'colcon_meta'
[0.445s] Level 1:colcon.colcon_core.package_identification:_identify(/home/scribblaboy/DMMS_WS/MECHelangelo) by extensions ['ros']
[0.445s] Level 1:colcon.colcon_core.package_identification:_identify(/home/scribblaboy/DMMS_WS/MECHelangelo) by extension 'ros'
[0.465s] Level 1:colcon.colcon_core.package_identification:_identify(/home/scribblaboy/DMMS_WS/MECHelangelo) by extensions ['cmake', 'python']
[0.465s] Level 1:colcon.colcon_core.package_identification:_identify(/home/scribblaboy/DMMS_WS/MECHelangelo) by extension 'cmake'
[0.465s] Level 1:colcon.colcon_core.package_identification:_identify(/home/scribblaboy/DMMS_WS/MECHelangelo) by extension 'python'
[0.465s] Level 1:colcon.colcon_core.package_identification:_identify(/home/scribblaboy/DMMS_WS/MECHelangelo) by extensions ['python_setup_py']
[0.466s] Level 1:colcon.colcon_core.package_identification:_identify(/home/scribblaboy/DMMS_WS/MECHelangelo) by extension 'python_setup_py'
[0.466s] Level 1:colcon.colcon_core.package_identification:_identify(/home/scribblaboy/DMMS_WS/MECHelangelo/build) by extensions ['ignore', 'ignore_ament_install']
[0.466s] Level 1:colcon.colcon_core.package_identification:_identify(/home/scribblaboy/DMMS_WS/MECHelangelo/build) by extension 'ignore'
[0.466s] Level 1:colcon.colcon_core.package_identification:_identify(/home/scribblaboy/DMMS_WS/MECHelangelo/build) ignored
[0.466s] Level 1:colcon.colcon_core.package_identification:_identify(/home/scribblaboy/DMMS_WS/MECHelangelo/install) by extensions ['ignore', 'ignore_ament_install']
[0.467s] Level 1:colcon.colcon_core.package_identification:_identify(/home/scribblaboy/DMMS_WS/MECHelangelo/install) by extension 'ignore'
[0.467s] Level 1:colcon.colcon_core.package_identification:_identify(/home/scribblaboy/DMMS_WS/MECHelangelo/install) ignored
[0.467s] Level 1:colcon.colcon_core.package_identification:_identify(/home/scribblaboy/DMMS_WS/MECHelangelo/log) by extensions ['ignore', 'ignore_ament_install']
[0.467s] Level 1:colcon.colcon_core.package_identification:_identify(/home/scribblaboy/DMMS_WS/MECHelangelo/log) by extension 'ignore'
[0.467s] Level 1:colcon.colcon_core.package_identification:_identify(/home/scribblaboy/DMMS_WS/MECHelangelo/log) ignored
[0.467s] Level 1:colcon.colcon_core.package_identification:_identify(/home/scribblaboy/DMMS_WS/MECHelangelo/src) by extensions ['ignore', 'ignore_ament_install']
[0.468s] Level 1:colcon.colcon_core.package_identification:_identify(/home/scribblaboy/DMMS_WS/MECHelangelo/src) by extension 'ignore'
[0.468s] Level 1:colcon.colcon_core.package_identification:_identify(/home/scribblaboy/DMMS_WS/MECHelangelo/src) by extension 'ignore_ament_install'
[0.468s] Level 1:colcon.colcon_core.package_identification:_identify(/home/scribblaboy/DMMS_WS/MECHelangelo/src) by extensions ['colcon_pkg']
[0.468s] Level 1:colcon.colcon_core.package_identification:_identify(/home/scribblaboy/DMMS_WS/MECHelangelo/src) by extension 'colcon_pkg'
[0.468s] Level 1:colcon.colcon_core.package_identification:_identify(/home/scribblaboy/DMMS_WS/MECHelangelo/src) by extensions ['colcon_meta']
[0.468s] Level 1:colcon.colcon_core.package_identification:_identify(/home/scribblaboy/DMMS_WS/MECHelangelo/src) by extension 'colcon_meta'
[0.468s] Level 1:colcon.colcon_core.package_identification:_identify(/home/scribblaboy/DMMS_WS/MECHelangelo/src) by extensions ['ros']
[0.468s] Level 1:colcon.colcon_core.package_identification:_identify(/home/scribblaboy/DMMS_WS/MECHelangelo/src) by extension 'ros'
[0.468s] Level 1:colcon.colcon_core.package_identification:_identify(/home/scribblaboy/DMMS_WS/MECHelangelo/src) by extensions ['cmake', 'python']
[0.468s] Level 1:colcon.colcon_core.package_identification:_identify(/home/scribblaboy/DMMS_WS/MECHelangelo/src) by extension 'cmake'
[0.468s] Level 1:colcon.colcon_core.package_identification:_identify(/home/scribblaboy/DMMS_WS/MECHelangelo/src) by extension 'python'
[0.468s] Level 1:colcon.colcon_core.package_identification:_identify(/home/scribblaboy/DMMS_WS/MECHelangelo/src) by extensions ['python_setup_py']
[0.468s] Level 1:colcon.colcon_core.package_identification:_identify(/home/scribblaboy/DMMS_WS/MECHelangelo/src) by extension 'python_setup_py'
[0.468s] Level 1:colcon.colcon_core.package_identification:_identify(/home/scribblaboy/DMMS_WS/MECHelangelo/src/mechelangelo_arm_control) by extensions ['ignore', 'ignore_ament_install']
[0.469s] Level 1:colcon.colcon_core.package_identification:_identify(/home/scribblaboy/DMMS_WS/MECHelangelo/src/mechelangelo_arm_control) by extension 'ignore'
[0.469s] Level 1:colcon.colcon_core.package_identification:_identify(/home/scribblaboy/DMMS_WS/MECHelangelo/src/mechelangelo_arm_control) by extension 'ignore_ament_install'
[0.469s] Level 1:colcon.colcon_core.package_identification:_identify(/home/scribblaboy/DMMS_WS/MECHelangelo/src/mechelangelo_arm_control) by extensions ['colcon_pkg']
[0.469s] Level 1:colcon.colcon_core.package_identification:_identify(/home/scribblaboy/DMMS_WS/MECHelangelo/src/mechelangelo_arm_control) by extension 'colcon_pkg'
[0.469s] Level 1:colcon.colcon_core.package_identification:_identify(/home/scribblaboy/DMMS_WS/MECHelangelo/src/mechelangelo_arm_control) by extensions ['colcon_meta']
[0.469s] Level 1:colcon.colcon_core.package_identification:_identify(/home/scribblaboy/DMMS_WS/MECHelangelo/src/mechelangelo_arm_control) by extension 'colcon_meta'
[0.469s] Level 1:colcon.colcon_core.package_identification:_identify(/home/scribblaboy/DMMS_WS/MECHelangelo/src/mechelangelo_arm_control) by extensions ['ros']
[0.469s] Level 1:colcon.colcon_core.package_identification:_identify(/home/scribblaboy/DMMS_WS/MECHelangelo/src/mechelangelo_arm_control) by extension 'ros'
[0.475s] DEBUG:colcon.colcon_core.package_identification:Package '/home/scribblaboy/DMMS_WS/MECHelangelo/src/mechelangelo_arm_control' with type 'ros.ament_python' and name 'mechelangelo_arm_control'
[0.475s] Level 1:colcon.colcon_core.package_identification:_identify(/home/scribblaboy/DMMS_WS/MECHelangelo/src/mechelangelo_base_hardware) by extensions ['ignore', 'ignore_ament_install']
[0.475s] Level 1:colcon.colcon_core.package_identification:_identify(/home/scribblaboy/DMMS_WS/MECHelangelo/src/mechelangelo_base_hardware) by extension 'ignore'
[0.476s] Level 1:colcon.colcon_core.package_identification:_identify(/home/scribblaboy/DMMS_WS/MECHelangelo/src/mechelangelo_base_hardware) by extension 'ignore_ament_install'
[0.476s] Level 1:colcon.colcon_core.package_identification:_identify(/home/scribblaboy/DMMS_WS/MECHelangelo/src/mechelangelo_base_hardware) by extensions ['colcon_pkg']
[0.476s] Level 1:colcon.colcon_core.package_identification:_identify(/home/scribblaboy/DMMS_WS/MECHelangelo/src/mechelangelo_base_hardware) by extension 'colcon_pkg'
[0.476s] Level 1:colcon.colcon_core.package_identification:_identify(/home/scribblaboy/DMMS_WS/MECHelangelo/src/mechelangelo_base_hardware) by extensions ['colcon_meta']
[0.476s] Level 1:colcon.colcon_core.package_identification:_identify(/home/scribblaboy/DMMS_WS/MECHelangelo/src/mechelangelo_base_hardware) by extension 'colcon_meta'
[0.476s] Level 1:colcon.colcon_core.package_identification:_identify(/home/scribblaboy/DMMS_WS/MECHelangelo/src/mechelangelo_base_hardware) by extensions ['ros']
[0.476s] Level 1:colcon.colcon_core.package_identification:_identify(/home/scribblaboy/DMMS_WS/MECHelangelo/src/mechelangelo_base_hardware) by extension 'ros'
[0.477s] DEBUG:colcon.colcon_core.package_identification:Package '/home/scribblaboy/DMMS_WS/MECHelangelo/src/mechelangelo_base_hardware' with type 'ros.ament_cmake' and name 'mechelangelo_base_hardware'
[0.478s] Level 1:colcon.colcon_core.package_identification:_identify(/home/scribblaboy/DMMS_WS/MECHelangelo/src/mechelangelo_base_sim) by extensions ['ignore', 'ignore_ament_install']
[0.478s] Level 1:colcon.colcon_core.package_identification:_identify(/home/scribblaboy/DMMS_WS/MECHelangelo/src/mechelangelo_base_sim) by extension 'ignore'
[0.478s] Level 1:colcon.colcon_core.package_identification:_identify(/home/scribblaboy/DMMS_WS/MECHelangelo/src/mechelangelo_base_sim) by extension 'ignore_ament_install'
[0.478s] Level 1:colcon.colcon_core.package_identification:_identify(/home/scribblaboy/DMMS_WS/MECHelangelo/src/mechelangelo_base_sim) by extensions ['colcon_pkg']
[0.478s] Level 1:colcon.colcon_core.package_identification:_identify(/home/scribblaboy/DMMS_WS/MECHelangelo/src/mechelangelo_base_sim) by extension 'colcon_pkg'
[0.479s] Level 1:colcon.colcon_core.package_identification:_identify(/home/scribblaboy/DMMS_WS/MECHelangelo/src/mechelangelo_base_sim) by extensions ['colcon_meta']
[0.479s] Level 1:colcon.colcon_core.package_identification:_identify(/home/scribblaboy/DMMS_WS/MECHelangelo/src/mechelangelo_base_sim) by extension 'colcon_meta'
[0.479s] Level 1:colcon.colcon_core.package_identification:_identify(/home/scribblaboy/DMMS_WS/MECHelangelo/src/mechelangelo_base_sim) by extensions ['ros']
[0.479s] Level 1:colcon.colcon_core.package_identification:_identify(/home/scribblaboy/DMMS_WS/MECHelangelo/src/mechelangelo_base_sim) by extension 'ros'
[0.481s] DEBUG:colcon.colcon_core.package_identification:Package '/home/scribblaboy/DMMS_WS/MECHelangelo/src/mechelangelo_base_sim' with type 'ros.ament_cmake' and name 'mechelangelo_base_sim'
[0.481s] Level 1:colcon.colcon_core.package_identification:_identify(/home/scribblaboy/DMMS_WS/MECHelangelo/src/mechelangelo_behaviour) by extensions ['ignore', 'ignore_ament_install']
[0.482s] Level 1:colcon.colcon_core.package_identification:_identify(/home/scribblaboy/DMMS_WS/MECHelangelo/src/mechelangelo_behaviour) by extension 'ignore'
[0.482s] Level 1:colcon.colcon_core.package_identification:_identify(/home/scribblaboy/DMMS_WS/MECHelangelo/src/mechelangelo_behaviour) by extension 'ignore_ament_install'
[0.482s] Level 1:colcon.colcon_core.package_identification:_identify(/home/scribblaboy/DMMS_WS/MECHelangelo/src/mechelangelo_behaviour) by extensions ['colcon_pkg']
[0.482s] Level 1:colcon.colcon_core.package_identification:_identify(/home/scribblaboy/DMMS_WS/MECHelangelo/src/mechelangelo_behaviour) by extension 'colcon_pkg'
[0.482s] Level 1:colcon.colcon_core.package_identification:_identify(/home/scribblaboy/DMMS_WS/MECHelangelo/src/mechelangelo_behaviour) by extensions ['colcon_meta']
[0.482s] Level 1:colcon.colcon_core.package_identification:_identify(/home/scribblaboy/DMMS_WS/MECHelangelo/src/mechelangelo_behaviour) by extension 'colcon_meta'
[0.482s] Level 1:colcon.colcon_core.package_identification:_identify(/home/scribblaboy/DMMS_WS/MECHelangelo/src/mechelangelo_behaviour) by extensions ['ros']
[0.482s] Level 1:colcon.colcon_core.package_identification:_identify(/home/scribblaboy/DMMS_WS/MECHelangelo/src/mechelangelo_behaviour) by extension 'ros'
[0.484s] DEBUG:colcon.colcon_core.package_identification:Package '/home/scribblaboy/DMMS_WS/MECHelangelo/src/mechelangelo_behaviour' with type 'ros.ament_cmake' and name 'mechelangelo_behaviour'
[0.484s] Level 1:colcon.colcon_core.package_identification:_identify(/home/scribblaboy/DMMS_WS/MECHelangelo/src/mechelangelo_bringup) by extensions ['ignore', 'ignore_ament_install']
[0.485s] Level 1:colcon.colcon_core.package_identification:_identify(/home/scribblaboy/DMMS_WS/MECHelangelo/src/mechelangelo_bringup) by extension 'ignore'
[0.485s] Level 1:colcon.colcon_core.package_identification:_identify(/home/scribblaboy/DMMS_WS/MECHelangelo/src/mechelangelo_bringup) by extension 'ignore_ament_install'
[0.485s] Level 1:colcon.colcon_core.package_identification:_identify(/home/scribblaboy/DMMS_WS/MECHelangelo/src/mechelangelo_bringup) by extensions ['colcon_pkg']
[0.485s] Level 1:colcon.colcon_core.package_identification:_identify(/home/scribblaboy/DMMS_WS/MECHelangelo/src/mechelangelo_bringup) by extension 'colcon_pkg'
[0.485s] Level 1:colcon.colcon_core.package_identification:_identify(/home/scribblaboy/DMMS_WS/MECHelangelo/src/mechelangelo_bringup) by extensions ['colcon_meta']
[0.485s] Level 1:colcon.colcon_core.package_identification:_identify(/home/scribblaboy/DMMS_WS/MECHelangelo/src/mechelangelo_bringup) by extension 'colcon_meta'
[0.485s] Level 1:colcon.colcon_core.package_identification:_identify(/home/scribblaboy/DMMS_WS/MECHelangelo/src/mechelangelo_bringup) by extensions ['ros']
[0.485s] Level 1:colcon.colcon_core.package_identification:_identify(/home/scribblaboy/DMMS_WS/MECHelangelo/src/mechelangelo_bringup) by extension 'ros'
[0.487s] DEBUG:colcon.colcon_core.package_identification:Package '/home/scribblaboy/DMMS_WS/MECHelangelo/src/mechelangelo_bringup' with type 'ros.ament_cmake' and name 'mechelangelo_bringup'
[0.487s] Level 1:colcon.colcon_core.package_identification:_identify(/home/scribblaboy/DMMS_WS/MECHelangelo/src/mechelangelo_cartographer) by extensions ['ignore', 'ignore_ament_install']
[0.487s] Level 1:colcon.colcon_core.package_identification:_identify(/home/scribblaboy/DMMS_WS/MECHelangelo/src/mechelangelo_cartographer) by extension 'ignore'
[0.488s] Level 1:colcon.colcon_core.package_identification:_identify(/home/scribblaboy/DMMS_WS/MECHelangelo/src/mechelangelo_cartographer) by extension 'ignore_ament_install'
[0.488s] Level 1:colcon.colcon_core.package_identification:_identify(/home/scribblaboy/DMMS_WS/MECHelangelo/src/mechelangelo_cartographer) by extensions ['colcon_pkg']
[0.488s] Level 1:colcon.colcon_core.package_identification:_identify(/home/scribblaboy/DMMS_WS/MECHelangelo/src/mechelangelo_cartographer) by extension 'colcon_pkg'
[0.488s] Level 1:colcon.colcon_core.package_identification:_identify(/home/scribblaboy/DMMS_WS/MECHelangelo/src/mechelangelo_cartographer) by extensions ['colcon_meta']
[0.488s] Level 1:colcon.colcon_core.package_identification:_identify(/home/scribblaboy/DMMS_WS/MECHelangelo/src/mechelangelo_cartographer) by extension 'colcon_meta'
[0.488s] Level 1:colcon.colcon_core.package_identification:_identify(/home/scribblaboy/DMMS_WS/MECHelangelo/src/mechelangelo_cartographer) by extensions ['ros']
[0.488s] Level 1:colcon.colcon_core.package_identification:_identify(/home/scribblaboy/DMMS_WS/MECHelangelo/src/mechelangelo_cartographer) by extension 'ros'
[0.489s] DEBUG:colcon.colcon_core.package_identification:Package '/home/scribblaboy/DMMS_WS/MECHelangelo/src/mechelangelo_cartographer' with type 'ros.ament_cmake' and name 'mechelangelo_cartographer'
[0.490s] Level 1:colcon.colcon_core.package_identification:_identify(/home/scribblaboy/DMMS_WS/MECHelangelo/src/mechelangelo_description) by extensions ['ignore', 'ignore_ament_install']
[0.490s] Level 1:colcon.colcon_core.package_identification:_identify(/home/scribblaboy/DMMS_WS/MECHelangelo/src/mechelangelo_description) by extension 'ignore'
[0.490s] Level 1:colcon.colcon_core.package_identification:_identify(/home/scribblaboy/DMMS_WS/MECHelangelo/src/mechelangelo_description) by extension 'ignore_ament_install'
[0.490s] Level 1:colcon.colcon_core.package_identification:_identify(/home/scribblaboy/DMMS_WS/MECHelangelo/src/mechelangelo_description) by extensions ['colcon_pkg']
[0.490s] Level 1:colcon.colcon_core.package_identification:_identify(/home/scribblaboy/DMMS_WS/MECHelangelo/src/mechelangelo_description) by extension 'colcon_pkg'
[0.490s] Level 1:colcon.colcon_core.package_identification:_identify(/home/scribblaboy/DMMS_WS/MECHelangelo/src/mechelangelo_description) by extensions ['colcon_meta']
[0.490s] Level 1:colcon.colcon_core.package_identification:_identify(/home/scribblaboy/DMMS_WS/MECHelangelo/src/mechelangelo_description) by extension 'colcon_meta'
[0.491s] Level 1:colcon.colcon_core.package_identification:_identify(/home/scribblaboy/DMMS_WS/MECHelangelo/src/mechelangelo_description) by extensions ['ros']
[0.491s] Level 1:colcon.colcon_core.package_identification:_identify(/home/scribblaboy/DMMS_WS/MECHelangelo/src/mechelangelo_description) by extension 'ros'
[0.492s] DEBUG:colcon.colcon_core.package_identification:Package '/home/scribblaboy/DMMS_WS/MECHelangelo/src/mechelangelo_description' with type 'ros.ament_cmake' and name 'mechelangelo_description'
[0.492s] Level 1:colcon.colcon_core.package_identification:_identify(/home/scribblaboy/DMMS_WS/MECHelangelo/src/mechelangelo_gazebo) by extensions ['ignore', 'ignore_ament_install']
[0.492s] Level 1:colcon.colcon_core.package_identification:_identify(/home/scribblaboy/DMMS_WS/MECHelangelo/src/mechelangelo_gazebo) by extension 'ignore'
[0.493s] Level 1:colcon.colcon_core.package_identification:_identify(/home/scribblaboy/DMMS_WS/MECHelangelo/src/mechelangelo_gazebo) by extension 'ignore_ament_install'
[0.493s] Level 1:colcon.colcon_core.package_identification:_identify(/home/scribblaboy/DMMS_WS/MECHelangelo/src/mechelangelo_gazebo) by extensions ['colcon_pkg']
[0.493s] Level 1:colcon.colcon_core.package_identification:_identify(/home/scribblaboy/DMMS_WS/MECHelangelo/src/mechelangelo_gazebo) by extension 'colcon_pkg'
[0.493s] Level 1:colcon.colcon_core.package_identification:_identify(/home/scribblaboy/DMMS_WS/MECHelangelo/src/mechelangelo_gazebo) by extensions ['colcon_meta']
[0.493s] Level 1:colcon.colcon_core.package_identification:_identify(/home/scribblaboy/DMMS_WS/MECHelangelo/src/mechelangelo_gazebo) by extension 'colcon_meta'
[0.493s] Level 1:colcon.colcon_core.package_identification:_identify(/home/scribblaboy/DMMS_WS/MECHelangelo/src/mechelangelo_gazebo) by extensions ['ros']
[0.493s] Level 1:colcon.colcon_core.package_identification:_identify(/home/scribblaboy/DMMS_WS/MECHelangelo/src/mechelangelo_gazebo) by extension 'ros'
[0.494s] DEBUG:colcon.colcon_core.package_identification:Package '/home/scribblaboy/DMMS_WS/MECHelangelo/src/mechelangelo_gazebo' with type 'ros.ament_cmake' and name 'mechelangelo_gazebo'
[0.494s] Level 1:colcon.colcon_core.package_identification:_identify(/home/scribblaboy/DMMS_WS/MECHelangelo/src/mechelangelo_navigation2) by extensions ['ignore', 'ignore_ament_install']
[0.495s] Level 1:colcon.colcon_core.package_identification:_identify(/home/scribblaboy/DMMS_WS/MECHelangelo/src/mechelangelo_navigation2) by extension 'ignore'
[0.495s] Level 1:colcon.colcon_core.package_identification:_identify(/home/scribblaboy/DMMS_WS/MECHelangelo/src/mechelangelo_navigation2) by extension 'ignore_ament_install'
[0.495s] Level 1:colcon.colcon_core.package_identification:_identify(/home/scribblaboy/DMMS_WS/MECHelangelo/src/mechelangelo_navigation2) by extensions ['colcon_pkg']
[0.495s] Level 1:colcon.colcon_core.package_identification:_identify(/home/scribblaboy/DMMS_WS/MECHelangelo/src/mechelangelo_navigation2) by extension 'colcon_pkg'
[0.495s] Level 1:colcon.colcon_core.package_identification:_identify(/home/scribblaboy/DMMS_WS/MECHelangelo/src/mechelangelo_navigation2) by extensions ['colcon_meta']
[0.495s] Level 1:colcon.colcon_core.package_identification:_identify(/home/scribblaboy/DMMS_WS/MECHelangelo/src/mechelangelo_navigation2) by extension 'colcon_meta'
[0.495s] Level 1:colcon.colcon_core.package_identification:_identify(/home/scribblaboy/DMMS_WS/MECHelangelo/src/mechelangelo_navigation2) by extensions ['ros']
[0.495s] Level 1:colcon.colcon_core.package_identification:_identify(/home/scribblaboy/DMMS_WS/MECHelangelo/src/mechelangelo_navigation2) by extension 'ros'
[0.497s] DEBUG:colcon.colcon_core.package_identification:Package '/home/scribblaboy/DMMS_WS/MECHelangelo/src/mechelangelo_navigation2' with type 'ros.ament_cmake' and name 'mechelangelo_navigation2'
[0.497s] Level 1:colcon.colcon_core.package_identification:_identify(/home/scribblaboy/DMMS_WS/MECHelangelo/src/mechelangelo_perception) by extensions ['ignore', 'ignore_ament_install']
[0.497s] Level 1:colcon.colcon_core.package_identification:_identify(/home/scribblaboy/DMMS_WS/MECHelangelo/src/mechelangelo_perception) by extension 'ignore'
[0.497s] Level 1:colcon.colcon_core.package_identification:_identify(/home/scribblaboy/DMMS_WS/MECHelangelo/src/mechelangelo_perception) by extension 'ignore_ament_install'
[0.498s] Level 1:colcon.colcon_core.package_identification:_identify(/home/scribblaboy/DMMS_WS/MECHelangelo/src/mechelangelo_perception) by extensions ['colcon_pkg']
[0.498s] Level 1:colcon.colcon_core.package_identification:_identify(/home/scribblaboy/DMMS_WS/MECHelangelo/src/mechelangelo_perception) by extension 'colcon_pkg'
[0.498s] Level 1:colcon.colcon_core.package_identification:_identify(/home/scribblaboy/DMMS_WS/MECHelangelo/src/mechelangelo_perception) by extensions ['colcon_meta']
[0.498s] Level 1:colcon.colcon_core.package_identification:_identify(/home/scribblaboy/DMMS_WS/MECHelangelo/src/mechelangelo_perception) by extension 'colcon_meta'
[0.498s] Level 1:colcon.colcon_core.package_identification:_identify(/home/scribblaboy/DMMS_WS/MECHelangelo/src/mechelangelo_perception) by extensions ['ros']
[0.498s] Level 1:colcon.colcon_core.package_identification:_identify(/home/scribblaboy/DMMS_WS/MECHelangelo/src/mechelangelo_perception) by extension 'ros'
[0.499s] DEBUG:colcon.colcon_core.package_identification:Package '/home/scribblaboy/DMMS_WS/MECHelangelo/src/mechelangelo_perception' with type 'ros.ament_python' and name 'mechelangelo_perception'
[0.499s] Level 1:colcon.colcon_core.package_identification:_identify(/home/scribblaboy/DMMS_WS/MECHelangelo/src/mechelangelo_teleop) by extensions ['ignore', 'ignore_ament_install']
[0.500s] Level 1:colcon.colcon_core.package_identification:_identify(/home/scribblaboy/DMMS_WS/MECHelangelo/src/mechelangelo_teleop) by extension 'ignore'
[0.500s] Level 1:colcon.colcon_core.package_identification:_identify(/home/scribblaboy/DMMS_WS/MECHelangelo/src/mechelangelo_teleop) by extension 'ignore_ament_install'
[0.500s] Level 1:colcon.colcon_core.package_identification:_identify(/home/scribblaboy/DMMS_WS/MECHelangelo/src/mechelangelo_teleop) by extensions ['colcon_pkg']
[0.500s] Level 1:colcon.colcon_core.package_identification:_identify(/home/scribblaboy/DMMS_WS/MECHelangelo/src/mechelangelo_teleop) by extension 'colcon_pkg'
[0.500s] Level 1:colcon.colcon_core.package_identification:_identify(/home/scribblaboy/DMMS_WS/MECHelangelo/src/mechelangelo_teleop) by extensions ['colcon_meta']
[0.500s] Level 1:colcon.colcon_core.package_identification:_identify(/home/scribblaboy/DMMS_WS/MECHelangelo/src/mechelangelo_teleop) by extension 'colcon_meta'
[0.500s] Level 1:colcon.colcon_core.package_identification:_identify(/home/scribblaboy/DMMS_WS/MECHelangelo/src/mechelangelo_teleop) by extensions ['ros']
[0.500s] Level 1:colcon.colcon_core.package_identification:_identify(/home/scribblaboy/DMMS_WS/MECHelangelo/src/mechelangelo_teleop) by extension 'ros'
[0.502s] DEBUG:colcon.colcon_core.package_identification:Package '/home/scribblaboy/DMMS_WS/MECHelangelo/src/mechelangelo_teleop' with type 'ros.ament_python' and name 'mechelangelo_teleop'
[0.502s] Level 1:colcon.colcon_core.package_discovery:discover_packages(recursive) using defaults
