running develop
running egg_info
creating mechelangelo_teleop.egg-info
writing mechelangelo_teleop.egg-info/PKG-INFO
writing dependency_links to mechelangelo_teleop.egg-info/dependency_links.txt
writing entry points to mechelangelo_teleop.egg-info/entry_points.txt
writing requirements to mechelangelo_teleop.egg-info/requires.txt
writing top-level names to mechelangelo_teleop.egg-info/top_level.txt
writing manifest file 'mechelangelo_teleop.egg-info/SOURCES.txt'
reading manifest file 'mechelangelo_teleop.egg-info/SOURCES.txt'
writing manifest file 'mechelangelo_teleop.egg-info/SOURCES.txt'
running build_ext
Creating /home/andy/git/MECHelangelo/install/mechelangelo_teleop/lib/python3.10/site-packages/mechelangelo-teleop.egg-link (link to .)
Installing teleop_keyboard script to /home/andy/git/MECHelangelo/install/mechelangelo_teleop/lib/mechelangelo_teleop

Installed /home/andy/git/MECHelangelo/build/mechelangelo_teleop
running symlink_data
creating /home/andy/git/MECHelangelo/install/mechelangelo_teleop/share/ament_index
creating /home/andy/git/MECHelangelo/install/mechelangelo_teleop/share/ament_index/resource_index
creating /home/andy/git/MECHelangelo/install/mechelangelo_teleop/share/ament_index/resource_index/packages
symbolically linking /home/andy/git/MECHelangelo/build/mechelangelo_teleop/resource/mechelangelo_teleop -> /home/andy/git/MECHelangelo/install/mechelangelo_teleop/share/ament_index/resource_index/packages
symbolically linking /home/andy/git/MECHelangelo/build/mechelangelo_teleop/package.xml -> /home/andy/git/MECHelangelo/install/mechelangelo_teleop/share/mechelangelo_teleop
