[0.530s] Invoking command in '/home/andy/git/MECHelangelo/build/mechelangelo_teleop': PYTHONPATH=/home/andy/git/MECHelangelo/build/mechelangelo_teleop/prefix_override:/usr/lib/python3/dist-packages/colcon_core/task/python/colcon_distutils_commands:/home/andy/git/MECHelangelo/install/mechelangelo_teleop/lib/python3.10/site-packages:${PYTHONPATH} /usr/bin/python3 -W ignore:setup.py install is deprecated -W ignore:easy_install command is deprecated setup.py develop --editable --build-directory /home/andy/git/MECHelangelo/build/mechelangelo_teleop/build --no-deps symlink_data
[0.644s] running develop
[0.696s] running egg_info
[0.696s] creating mechelangelo_teleop.egg-info
[0.696s] writing mechelangelo_teleop.egg-info/PKG-INFO
[0.697s] writing dependency_links to mechelangelo_teleop.egg-info/dependency_links.txt
[0.697s] writing entry points to mechelangelo_teleop.egg-info/entry_points.txt
[0.697s] writing requirements to mechelangelo_teleop.egg-info/requires.txt
[0.697s] writing top-level names to mechelangelo_teleop.egg-info/top_level.txt
[0.697s] writing manifest file 'mechelangelo_teleop.egg-info/SOURCES.txt'
[0.697s] reading manifest file 'mechelangelo_teleop.egg-info/SOURCES.txt'
[0.697s] writing manifest file 'mechelangelo_teleop.egg-info/SOURCES.txt'
[0.698s] running build_ext
[0.698s] Creating /home/andy/git/MECHelangelo/install/mechelangelo_teleop/lib/python3.10/site-packages/mechelangelo-teleop.egg-link (link to .)
[0.698s] Installing teleop_keyboard script to /home/andy/git/MECHelangelo/install/mechelangelo_teleop/lib/mechelangelo_teleop
[0.699s] 
[0.699s] Installed /home/andy/git/MECHelangelo/build/mechelangelo_teleop
[0.699s] running symlink_data
[0.699s] creating /home/andy/git/MECHelangelo/install/mechelangelo_teleop/share/ament_index
[0.699s] creating /home/andy/git/MECHelangelo/install/mechelangelo_teleop/share/ament_index/resource_index
[0.699s] creating /home/andy/git/MECHelangelo/install/mechelangelo_teleop/share/ament_index/resource_index/packages
[0.699s] symbolically linking /home/andy/git/MECHelangelo/build/mechelangelo_teleop/resource/mechelangelo_teleop -> /home/andy/git/MECHelangelo/install/mechelangelo_teleop/share/ament_index/resource_index/packages
[0.699s] symbolically linking /home/andy/git/MECHelangelo/build/mechelangelo_teleop/package.xml -> /home/andy/git/MECHelangelo/install/mechelangelo_teleop/share/mechelangelo_teleop
[0.720s] Invoked command in '/home/andy/git/MECHelangelo/build/mechelangelo_teleop' returned '0': PYTHONPATH=/home/andy/git/MECHelangelo/build/mechelangelo_teleop/prefix_override:/usr/lib/python3/dist-packages/colcon_core/task/python/colcon_distutils_commands:/home/andy/git/MECHelangelo/install/mechelangelo_teleop/lib/python3.10/site-packages:${PYTHONPATH} /usr/bin/python3 -W ignore:setup.py install is deprecated -W ignore:easy_install command is deprecated setup.py develop --editable --build-directory /home/andy/git/MECHelangelo/build/mechelangelo_teleop/build --no-deps symlink_data
