[0.118s] Invoking command in '/home/andy/git/MECHelangelo/build/mechelangelo_behaviour': CMAKE_PREFIX_PATH=${CMAKE_PREFIX_PATH}:/home/andy/git/MECHelangelo/install/mechelangelo_teleop:/home/andy/git/MECHelangelo/install/mechelangelo_perception:/home/andy/git/MECHelangelo/install/mechelangelo_arm_control:/opt/ros/humble /usr/bin/cmake /home/andy/git/MECHelangelo/src/mechelangelo_behaviour -DCMAKE_INSTALL_PREFIX=/home/andy/git/MECHelangelo/install/mechelangelo_behaviour
[0.345s] -- The C compiler identification is GNU 11.4.0
[0.345s] -- The CXX compiler identification is GNU 11.4.0
[0.345s] -- Detecting C compiler ABI info
[0.345s] -- Detecting C compiler ABI info - done
[0.345s] -- Check for working C compiler: /usr/bin/cc - skipped
[0.345s] -- Detecting C compile features
[0.345s] -- Detecting C compile features - done
[0.345s] -- Detecting CXX compiler ABI info
[0.345s] -- Detecting CXX compiler ABI info - done
[0.345s] -- Check for working CXX compiler: /usr/bin/c++ - skipped
[0.345s] -- Detecting CXX compile features
[0.345s] -- Detecting CXX compile features - done
[0.345s] -- Found ament_cmake: 1.3.14 (/opt/ros/humble/share/ament_cmake/cmake)
[0.365s] -- Found Python3: /usr/bin/python3 (found version "3.10.12") found components: Interpreter 
[0.411s] -- Found ament_lint_auto: 0.12.15 (/opt/ros/humble/share/ament_lint_auto/cmake)
[0.460s] -- Added test 'lint_cmake' to check CMake code style
[0.461s] -- Added test 'xmllint' to check XML markup files
[0.462s] -- Configuring done
[0.463s] -- Generating done
[0.464s] -- Build files have been written to: /home/andy/git/MECHelangelo/build/mechelangelo_behaviour
[0.470s] Invoked command in '/home/andy/git/MECHelangelo/build/mechelangelo_behaviour' returned '0': CMAKE_PREFIX_PATH=${CMAKE_PREFIX_PATH}:/home/andy/git/MECHelangelo/install/mechelangelo_teleop:/home/andy/git/MECHelangelo/install/mechelangelo_perception:/home/andy/git/MECHelangelo/install/mechelangelo_arm_control:/opt/ros/humble /usr/bin/cmake /home/andy/git/MECHelangelo/src/mechelangelo_behaviour -DCMAKE_INSTALL_PREFIX=/home/andy/git/MECHelangelo/install/mechelangelo_behaviour
[0.471s] Invoking command in '/home/andy/git/MECHelangelo/build/mechelangelo_behaviour': CMAKE_PREFIX_PATH=${CMAKE_PREFIX_PATH}:/home/andy/git/MECHelangelo/install/mechelangelo_teleop:/home/andy/git/MECHelangelo/install/mechelangelo_perception:/home/andy/git/MECHelangelo/install/mechelangelo_arm_control:/opt/ros/humble /usr/bin/cmake --build /home/andy/git/MECHelangelo/build/mechelangelo_behaviour -- -j32 -l32
[0.493s] Invoked command in '/home/andy/git/MECHelangelo/build/mechelangelo_behaviour' returned '0': CMAKE_PREFIX_PATH=${CMAKE_PREFIX_PATH}:/home/andy/git/MECHelangelo/install/mechelangelo_teleop:/home/andy/git/MECHelangelo/install/mechelangelo_perception:/home/andy/git/MECHelangelo/install/mechelangelo_arm_control:/opt/ros/humble /usr/bin/cmake --build /home/andy/git/MECHelangelo/build/mechelangelo_behaviour -- -j32 -l32
[0.494s] Invoking command in '/home/andy/git/MECHelangelo/build/mechelangelo_behaviour': CMAKE_PREFIX_PATH=${CMAKE_PREFIX_PATH}:/home/andy/git/MECHelangelo/install/mechelangelo_teleop:/home/andy/git/MECHelangelo/install/mechelangelo_perception:/home/andy/git/MECHelangelo/install/mechelangelo_arm_control:/opt/ros/humble /usr/bin/cmake --install /home/andy/git/MECHelangelo/build/mechelangelo_behaviour
[0.497s] -- Install configuration: ""
[0.497s] -- Installing: /home/andy/git/MECHelangelo/install/mechelangelo_behaviour/share/ament_index/resource_index/package_run_dependencies/mechelangelo_behaviour
[0.497s] -- Installing: /home/andy/git/MECHelangelo/install/mechelangelo_behaviour/share/ament_index/resource_index/parent_prefix_path/mechelangelo_behaviour
[0.497s] -- Installing: /home/andy/git/MECHelangelo/install/mechelangelo_behaviour/share/mechelangelo_behaviour/environment/ament_prefix_path.sh
[0.497s] -- Installing: /home/andy/git/MECHelangelo/install/mechelangelo_behaviour/share/mechelangelo_behaviour/environment/ament_prefix_path.dsv
[0.497s] -- Installing: /home/andy/git/MECHelangelo/install/mechelangelo_behaviour/share/mechelangelo_behaviour/environment/path.sh
[0.497s] -- Installing: /home/andy/git/MECHelangelo/install/mechelangelo_behaviour/share/mechelangelo_behaviour/environment/path.dsv
[0.497s] -- Installing: /home/andy/git/MECHelangelo/install/mechelangelo_behaviour/share/mechelangelo_behaviour/local_setup.bash
[0.497s] -- Installing: /home/andy/git/MECHelangelo/install/mechelangelo_behaviour/share/mechelangelo_behaviour/local_setup.sh
[0.497s] -- Installing: /home/andy/git/MECHelangelo/install/mechelangelo_behaviour/share/mechelangelo_behaviour/local_setup.zsh
[0.497s] -- Installing: /home/andy/git/MECHelangelo/install/mechelangelo_behaviour/share/mechelangelo_behaviour/local_setup.dsv
[0.497s] -- Installing: /home/andy/git/MECHelangelo/install/mechelangelo_behaviour/share/mechelangelo_behaviour/package.dsv
[0.497s] -- Installing: /home/andy/git/MECHelangelo/install/mechelangelo_behaviour/share/ament_index/resource_index/packages/mechelangelo_behaviour
[0.497s] -- Installing: /home/andy/git/MECHelangelo/install/mechelangelo_behaviour/share/mechelangelo_behaviour/cmake/mechelangelo_behaviourConfig.cmake
[0.497s] -- Installing: /home/andy/git/MECHelangelo/install/mechelangelo_behaviour/share/mechelangelo_behaviour/cmake/mechelangelo_behaviourConfig-version.cmake
[0.498s] -- Installing: /home/andy/git/MECHelangelo/install/mechelangelo_behaviour/share/mechelangelo_behaviour/package.xml
[0.511s] Invoked command in '/home/andy/git/MECHelangelo/build/mechelangelo_behaviour' returned '0': CMAKE_PREFIX_PATH=${CMAKE_PREFIX_PATH}:/home/andy/git/MECHelangelo/install/mechelangelo_teleop:/home/andy/git/MECHelangelo/install/mechelangelo_perception:/home/andy/git/MECHelangelo/install/mechelangelo_arm_control:/opt/ros/humble /usr/bin/cmake --install /home/andy/git/MECHelangelo/build/mechelangelo_behaviour
