-- Install configuration: ""
-- Up-to-date: /home/andy/git/MECHelangelo/install/mechelangelo_cartographer/share/mechelangelo_cartographer/config
-- Up-to-date: /home/andy/git/MECHelangelo/install/mechelangelo_cartographer/share/mechelangelo_cartographer/config/mechelangelo_lds_2d.lua
-- Up-to-date: /home/andy/git/MECHelangelo/install/mechelangelo_cartographer/share/mechelangelo_cartographer/launch
-- Up-to-date: /home/andy/git/MECHelangelo/install/mechelangelo_cartographer/share/mechelangelo_cartographer/launch/occupancy_grid.launch.py
-- Up-to-date: /home/andy/git/MECHelangelo/install/mechelangelo_cartographer/share/mechelangelo_cartographer/launch/cartographer.launch.py
-- Up-to-date: /home/andy/git/MECHelangelo/install/mechelangelo_cartographer/share/mechelangelo_cartographer/rviz
-- Up-to-date: /home/andy/git/MECHelangelo/install/mechelangelo_cartographer/share/mechelangelo_cartographer/rviz/mechelangelo_cartographer.rviz
-- Up-to-date: /home/andy/git/MECHelangelo/install/mechelangelo_cartographer/share/ament_index/resource_index/package_run_dependencies/mechelangelo_cartographer
-- Up-to-date: /home/andy/git/MECHelangelo/install/mechelangelo_cartographer/share/ament_index/resource_index/parent_prefix_path/mechelangelo_cartographer
-- Up-to-date: /home/andy/git/MECHelangelo/install/mechelangelo_cartographer/share/mechelangelo_cartographer/environment/ament_prefix_path.sh
-- Up-to-date: /home/andy/git/MECHelangelo/install/mechelangelo_cartographer/share/mechelangelo_cartographer/environment/ament_prefix_path.dsv
-- Up-to-date: /home/andy/git/MECHelangelo/install/mechelangelo_cartographer/share/mechelangelo_cartographer/environment/path.sh
-- Up-to-date: /home/andy/git/MECHelangelo/install/mechelangelo_cartographer/share/mechelangelo_cartographer/environment/path.dsv
-- Up-to-date: /home/andy/git/MECHelangelo/install/mechelangelo_cartographer/share/mechelangelo_cartographer/local_setup.bash
-- Up-to-date: /home/andy/git/MECHelangelo/install/mechelangelo_cartographer/share/mechelangelo_cartographer/local_setup.sh
-- Up-to-date: /home/andy/git/MECHelangelo/install/mechelangelo_cartographer/share/mechelangelo_cartographer/local_setup.zsh
-- Up-to-date: /home/andy/git/MECHelangelo/install/mechelangelo_cartographer/share/mechelangelo_cartographer/local_setup.dsv
-- Installing: /home/andy/git/MECHelangelo/install/mechelangelo_cartographer/share/mechelangelo_cartographer/package.dsv
-- Up-to-date: /home/andy/git/MECHelangelo/install/mechelangelo_cartographer/share/ament_index/resource_index/packages/mechelangelo_cartographer
-- Up-to-date: /home/andy/git/MECHelangelo/install/mechelangelo_cartographer/share/mechelangelo_cartographer/cmake/mechelangelo_cartographerConfig.cmake
-- Up-to-date: /home/andy/git/MECHelangelo/install/mechelangelo_cartographer/share/mechelangelo_cartographer/cmake/mechelangelo_cartographerConfig-version.cmake
-- Up-to-date: /home/andy/git/MECHelangelo/install/mechelangelo_cartographer/share/mechelangelo_cartographer/package.xml
