[0.131s] Invoking command in '/home/andy/git/MECHelangelo/build/mechelangelo_base_sim': CMAKE_PREFIX_PATH=${CMAKE_PREFIX_PATH}:/home/andy/git/MECHelangelo/install/mechelangelo_teleop:/home/andy/git/MECHelangelo/install/mechelangelo_perception:/home/andy/git/MECHelangelo/install/mechelangelo_arm_control:/opt/ros/humble /usr/bin/cmake /home/andy/git/MECHelangelo/src/mechelangelo_base_sim -DCMAKE_INSTALL_PREFIX=/home/andy/git/MECHelangelo/install/mechelangelo_base_sim
[0.353s] -- Found ament_cmake: 1.3.14 (/opt/ros/humble/share/ament_cmake/cmake)
[0.353s] -- Override CMake install command with custom implementation using symlinks instead of copying resources
[0.353s] -- Found ament_lint_auto: 0.12.15 (/opt/ros/humble/share/ament_lint_auto/cmake)
[0.353s] -- Added test 'lint_cmake' to check CMake code style
[0.353s] -- Added test 'xmllint' to check XML markup files
[0.353s] -- Configuring done
[0.353s] -- Generating done
[0.353s] -- Build files have been written to: /home/andy/git/MECHelangelo/build/mechelangelo_base_sim
[0.357s] Invoked command in '/home/andy/git/MECHelangelo/build/mechelangelo_base_sim' returned '0': CMAKE_PREFIX_PATH=${CMAKE_PREFIX_PATH}:/home/andy/git/MECHelangelo/install/mechelangelo_teleop:/home/andy/git/MECHelangelo/install/mechelangelo_perception:/home/andy/git/MECHelangelo/install/mechelangelo_arm_control:/opt/ros/humble /usr/bin/cmake /home/andy/git/MECHelangelo/src/mechelangelo_base_sim -DCMAKE_INSTALL_PREFIX=/home/andy/git/MECHelangelo/install/mechelangelo_base_sim
[0.358s] Invoking command in '/home/andy/git/MECHelangelo/build/mechelangelo_base_sim': CMAKE_PREFIX_PATH=${CMAKE_PREFIX_PATH}:/home/andy/git/MECHelangelo/install/mechelangelo_teleop:/home/andy/git/MECHelangelo/install/mechelangelo_perception:/home/andy/git/MECHelangelo/install/mechelangelo_arm_control:/opt/ros/humble /usr/bin/cmake --build /home/andy/git/MECHelangelo/build/mechelangelo_base_sim -- -j32 -l32
[0.380s] Invoked command in '/home/andy/git/MECHelangelo/build/mechelangelo_base_sim' returned '0': CMAKE_PREFIX_PATH=${CMAKE_PREFIX_PATH}:/home/andy/git/MECHelangelo/install/mechelangelo_teleop:/home/andy/git/MECHelangelo/install/mechelangelo_perception:/home/andy/git/MECHelangelo/install/mechelangelo_arm_control:/opt/ros/humble /usr/bin/cmake --build /home/andy/git/MECHelangelo/build/mechelangelo_base_sim -- -j32 -l32
[0.381s] Invoking command in '/home/andy/git/MECHelangelo/build/mechelangelo_base_sim': CMAKE_PREFIX_PATH=${CMAKE_PREFIX_PATH}:/home/andy/git/MECHelangelo/install/mechelangelo_teleop:/home/andy/git/MECHelangelo/install/mechelangelo_perception:/home/andy/git/MECHelangelo/install/mechelangelo_arm_control:/opt/ros/humble /usr/bin/cmake --install /home/andy/git/MECHelangelo/build/mechelangelo_base_sim
[0.384s] -- Install configuration: ""
[0.384s] -- Execute custom install script
[0.384s] -- Up-to-date symlink: /home/andy/git/MECHelangelo/install/mechelangelo_base_sim/share/ament_index/resource_index/package_run_dependencies/mechelangelo_base_sim
[0.384s] -- Up-to-date symlink: /home/andy/git/MECHelangelo/install/mechelangelo_base_sim/share/ament_index/resource_index/parent_prefix_path/mechelangelo_base_sim
[0.385s] -- Up-to-date symlink: /home/andy/git/MECHelangelo/install/mechelangelo_base_sim/share/mechelangelo_base_sim/environment/ament_prefix_path.sh
[0.385s] -- Up-to-date symlink: /home/andy/git/MECHelangelo/install/mechelangelo_base_sim/share/mechelangelo_base_sim/environment/ament_prefix_path.dsv
[0.385s] -- Up-to-date symlink: /home/andy/git/MECHelangelo/install/mechelangelo_base_sim/share/mechelangelo_base_sim/environment/path.sh
[0.385s] -- Up-to-date symlink: /home/andy/git/MECHelangelo/install/mechelangelo_base_sim/share/mechelangelo_base_sim/environment/path.dsv
[0.385s] -- Up-to-date symlink: /home/andy/git/MECHelangelo/install/mechelangelo_base_sim/share/mechelangelo_base_sim/local_setup.bash
[0.385s] -- Up-to-date symlink: /home/andy/git/MECHelangelo/install/mechelangelo_base_sim/share/mechelangelo_base_sim/local_setup.sh
[0.385s] -- Up-to-date symlink: /home/andy/git/MECHelangelo/install/mechelangelo_base_sim/share/mechelangelo_base_sim/local_setup.zsh
[0.385s] -- Up-to-date symlink: /home/andy/git/MECHelangelo/install/mechelangelo_base_sim/share/mechelangelo_base_sim/local_setup.dsv
[0.385s] -- Symlinking: /home/andy/git/MECHelangelo/install/mechelangelo_base_sim/share/mechelangelo_base_sim/package.dsv
[0.392s] -- Up-to-date symlink: /home/andy/git/MECHelangelo/install/mechelangelo_base_sim/share/ament_index/resource_index/packages/mechelangelo_base_sim
[0.392s] -- Up-to-date symlink: /home/andy/git/MECHelangelo/install/mechelangelo_base_sim/share/mechelangelo_base_sim/cmake/mechelangelo_base_simConfig.cmake
[0.392s] -- Up-to-date symlink: /home/andy/git/MECHelangelo/install/mechelangelo_base_sim/share/mechelangelo_base_sim/cmake/mechelangelo_base_simConfig-version.cmake
[0.393s] -- Up-to-date symlink: /home/andy/git/MECHelangelo/install/mechelangelo_base_sim/share/mechelangelo_base_sim/package.xml
[0.417s] Invoked command in '/home/andy/git/MECHelangelo/build/mechelangelo_base_sim' returned '0': CMAKE_PREFIX_PATH=${CMAKE_PREFIX_PATH}:/home/andy/git/MECHelangelo/install/mechelangelo_teleop:/home/andy/git/MECHelangelo/install/mechelangelo_perception:/home/andy/git/MECHelangelo/install/mechelangelo_arm_control:/opt/ros/humble /usr/bin/cmake --install /home/andy/git/MECHelangelo/build/mechelangelo_base_sim
