running egg_info
creating ../../build/mechelangelo_perception/mechelangelo_perception.egg-info
writing ../../build/mechelangelo_perception/mechelangelo_perception.egg-info/PKG-INFO
writing dependency_links to ../../build/mechelangelo_perception/mechelangelo_perception.egg-info/dependency_links.txt
writing entry points to ../../build/mechelangelo_perception/mechelangelo_perception.egg-info/entry_points.txt
writing requirements to ../../build/mechelangelo_perception/mechelangelo_perception.egg-info/requires.txt
writing top-level names to ../../build/mechelangelo_perception/mechelangelo_perception.egg-info/top_level.txt
writing manifest file '../../build/mechelangelo_perception/mechelangelo_perception.egg-info/SOURCES.txt'
reading manifest file '../../build/mechelangelo_perception/mechelangelo_perception.egg-info/SOURCES.txt'
writing manifest file '../../build/mechelangelo_perception/mechelangelo_perception.egg-info/SOURCES.txt'
running build
running build_py
creating /home/andy/git/MECHelangelo/build/mechelangelo_perception/build
creating /home/andy/git/MECHelangelo/build/mechelangelo_perception/build/lib
creating /home/andy/git/MECHelangelo/build/mechelangelo_perception/build/lib/mechelangelo_perception
copying mechelangelo_perception/__init__.py -> /home/andy/git/MECHelangelo/build/mechelangelo_perception/build/lib/mechelangelo_perception
running install
running install_lib
creating /home/andy/git/MECHelangelo/install/mechelangelo_perception/lib/python3.10/site-packages/mechelangelo_perception
copying /home/andy/git/MECHelangelo/build/mechelangelo_perception/build/lib/mechelangelo_perception/__init__.py -> /home/andy/git/MECHelangelo/install/mechelangelo_perception/lib/python3.10/site-packages/mechelangelo_perception
byte-compiling /home/andy/git/MECHelangelo/install/mechelangelo_perception/lib/python3.10/site-packages/mechelangelo_perception/__init__.py to __init__.cpython-310.pyc
running install_data
creating /home/andy/git/MECHelangelo/install/mechelangelo_perception/share/ament_index
creating /home/andy/git/MECHelangelo/install/mechelangelo_perception/share/ament_index/resource_index
creating /home/andy/git/MECHelangelo/install/mechelangelo_perception/share/ament_index/resource_index/packages
copying resource/mechelangelo_perception -> /home/andy/git/MECHelangelo/install/mechelangelo_perception/share/ament_index/resource_index/packages
copying package.xml -> /home/andy/git/MECHelangelo/install/mechelangelo_perception/share/mechelangelo_perception
running install_egg_info
Copying ../../build/mechelangelo_perception/mechelangelo_perception.egg-info to /home/andy/git/MECHelangelo/install/mechelangelo_perception/lib/python3.10/site-packages/mechelangelo_perception-0.0.0-py3.10.egg-info
running install_scripts
writing list of installed files to '/home/andy/git/MECHelangelo/build/mechelangelo_perception/install.log'
