[0.519s] Invoking command in '/home/andy/git/MECHelangelo/src/mechelangelo_teleop': PYTHONPATH=/home/andy/git/MECHelangelo/build/mechelangelo_teleop/prefix_override:/usr/lib/python3/dist-packages/colcon_core/task/python/colcon_distutils_commands:/home/andy/git/MECHelangelo/install/mechelangelo_teleop/lib/python3.10/site-packages:${PYTHONPATH} /usr/bin/python3 -W ignore:setup.py install is deprecated -W ignore:easy_install command is deprecated setup.py egg_info --egg-base ../../build/mechelangelo_teleop build --build-base /home/andy/git/MECHelangelo/build/mechelangelo_teleop/build install --record /home/andy/git/MECHelangelo/build/mechelangelo_teleop/install.log --single-version-externally-managed install_data
[0.621s] running egg_info
[0.621s] creating ../../build/mechelangelo_teleop/mechelangelo_teleop.egg-info
[0.621s] writing ../../build/mechelangelo_teleop/mechelangelo_teleop.egg-info/PKG-INFO
[0.621s] writing dependency_links to ../../build/mechelangelo_teleop/mechelangelo_teleop.egg-info/dependency_links.txt
[0.621s] writing entry points to ../../build/mechelangelo_teleop/mechelangelo_teleop.egg-info/entry_points.txt
[0.621s] writing requirements to ../../build/mechelangelo_teleop/mechelangelo_teleop.egg-info/requires.txt
[0.621s] writing top-level names to ../../build/mechelangelo_teleop/mechelangelo_teleop.egg-info/top_level.txt
[0.621s] writing manifest file '../../build/mechelangelo_teleop/mechelangelo_teleop.egg-info/SOURCES.txt'
[0.623s] reading manifest file '../../build/mechelangelo_teleop/mechelangelo_teleop.egg-info/SOURCES.txt'
[0.623s] writing manifest file '../../build/mechelangelo_teleop/mechelangelo_teleop.egg-info/SOURCES.txt'
[0.623s] running build
[0.623s] running build_py
[0.623s] creating /home/andy/git/MECHelangelo/build/mechelangelo_teleop/build
[0.623s] creating /home/andy/git/MECHelangelo/build/mechelangelo_teleop/build/lib
[0.623s] creating /home/andy/git/MECHelangelo/build/mechelangelo_teleop/build/lib/mechelangelo_teleop
[0.623s] copying mechelangelo_teleop/__init__.py -> /home/andy/git/MECHelangelo/build/mechelangelo_teleop/build/lib/mechelangelo_teleop
[0.623s] copying mechelangelo_teleop/teleop_keyboard.py -> /home/andy/git/MECHelangelo/build/mechelangelo_teleop/build/lib/mechelangelo_teleop
[0.624s] running install
[0.624s] running install_lib
[0.624s] creating /home/andy/git/MECHelangelo/install/mechelangelo_teleop/lib/python3.10/site-packages/mechelangelo_teleop
[0.624s] copying /home/andy/git/MECHelangelo/build/mechelangelo_teleop/build/lib/mechelangelo_teleop/__init__.py -> /home/andy/git/MECHelangelo/install/mechelangelo_teleop/lib/python3.10/site-packages/mechelangelo_teleop
[0.624s] copying /home/andy/git/MECHelangelo/build/mechelangelo_teleop/build/lib/mechelangelo_teleop/teleop_keyboard.py -> /home/andy/git/MECHelangelo/install/mechelangelo_teleop/lib/python3.10/site-packages/mechelangelo_teleop
[0.626s] byte-compiling /home/andy/git/MECHelangelo/install/mechelangelo_teleop/lib/python3.10/site-packages/mechelangelo_teleop/__init__.py to __init__.cpython-310.pyc
[0.626s] byte-compiling /home/andy/git/MECHelangelo/install/mechelangelo_teleop/lib/python3.10/site-packages/mechelangelo_teleop/teleop_keyboard.py to teleop_keyboard.cpython-310.pyc
[0.626s] running install_data
[0.626s] creating /home/andy/git/MECHelangelo/install/mechelangelo_teleop/share/ament_index
[0.626s] creating /home/andy/git/MECHelangelo/install/mechelangelo_teleop/share/ament_index/resource_index
[0.626s] creating /home/andy/git/MECHelangelo/install/mechelangelo_teleop/share/ament_index/resource_index/packages
[0.626s] copying resource/mechelangelo_teleop -> /home/andy/git/MECHelangelo/install/mechelangelo_teleop/share/ament_index/resource_index/packages
[0.627s] copying package.xml -> /home/andy/git/MECHelangelo/install/mechelangelo_teleop/share/mechelangelo_teleop
[0.627s] running install_egg_info
[0.627s] Copying ../../build/mechelangelo_teleop/mechelangelo_teleop.egg-info to /home/andy/git/MECHelangelo/install/mechelangelo_teleop/lib/python3.10/site-packages/mechelangelo_teleop-0.0.0-py3.10.egg-info
[0.627s] running install_scripts
[0.637s] Installing teleop_keyboard script to /home/andy/git/MECHelangelo/install/mechelangelo_teleop/lib/mechelangelo_teleop
[0.637s] writing list of installed files to '/home/andy/git/MECHelangelo/build/mechelangelo_teleop/install.log'
[0.656s] Invoked command in '/home/andy/git/MECHelangelo/src/mechelangelo_teleop' returned '0': PYTHONPATH=/home/andy/git/MECHelangelo/build/mechelangelo_teleop/prefix_override:/usr/lib/python3/dist-packages/colcon_core/task/python/colcon_distutils_commands:/home/andy/git/MECHelangelo/install/mechelangelo_teleop/lib/python3.10/site-packages:${PYTHONPATH} /usr/bin/python3 -W ignore:setup.py install is deprecated -W ignore:easy_install command is deprecated setup.py egg_info --egg-base ../../build/mechelangelo_teleop build --build-base /home/andy/git/MECHelangelo/build/mechelangelo_teleop/build install --record /home/andy/git/MECHelangelo/build/mechelangelo_teleop/install.log --single-version-externally-managed install_data
