[0.032s] Invoking command in '/home/andy/git/MECHelangelo/build/mechelangelo_bringup': CMAKE_PREFIX_PATH=/home/andy/git/MECHelangelo/install/mechelangelo_description:/home/andy/git/MECHelangelo/install/mechelangelo_navigation:/home/andy/git/MECHelangelo/install/mechelangelo_gazebo:/home/andy/git/MECHelangelo/install/mechelangelo_bringup:/home/andy/git/MECHelangelo/install/mechelangelo_behaviour:/home/andy/git/MECHelangelo/install/mechelangelo_base_sim:/home/andy/git/MECHelangelo/install/mechelangelo_base_hardware:/home/andy/git/MECHelangelo/install/mechelangelo_teleop:/home/andy/git/MECHelangelo/install/mechelangelo_perception:/home/andy/git/MECHelangelo/install/mechelangelo_arm_control:/opt/ros/humble /usr/bin/cmake /home/andy/git/MECHelangelo/src/mechelangelo_bringup -DCMAKE_INSTALL_PREFIX=/home/andy/git/MECHelangelo/install/mechelangelo_bringup
[0.042s] -- Found ament_cmake: 1.3.14 (/opt/ros/humble/share/ament_cmake/cmake)
[0.144s] -- Override CMake install command with custom implementation using symlinks instead of copying resources
[0.206s] -- Configuring done
[0.207s] -- Generating done
[0.208s] -- Build files have been written to: /home/andy/git/MECHelangelo/build/mechelangelo_bringup
[0.214s] Invoked command in '/home/andy/git/MECHelangelo/build/mechelangelo_bringup' returned '0': CMAKE_PREFIX_PATH=/home/andy/git/MECHelangelo/install/mechelangelo_description:/home/andy/git/MECHelangelo/install/mechelangelo_navigation:/home/andy/git/MECHelangelo/install/mechelangelo_gazebo:/home/andy/git/MECHelangelo/install/mechelangelo_bringup:/home/andy/git/MECHelangelo/install/mechelangelo_behaviour:/home/andy/git/MECHelangelo/install/mechelangelo_base_sim:/home/andy/git/MECHelangelo/install/mechelangelo_base_hardware:/home/andy/git/MECHelangelo/install/mechelangelo_teleop:/home/andy/git/MECHelangelo/install/mechelangelo_perception:/home/andy/git/MECHelangelo/install/mechelangelo_arm_control:/opt/ros/humble /usr/bin/cmake /home/andy/git/MECHelangelo/src/mechelangelo_bringup -DCMAKE_INSTALL_PREFIX=/home/andy/git/MECHelangelo/install/mechelangelo_bringup
[0.215s] Invoking command in '/home/andy/git/MECHelangelo/build/mechelangelo_bringup': CMAKE_PREFIX_PATH=/home/andy/git/MECHelangelo/install/mechelangelo_description:/home/andy/git/MECHelangelo/install/mechelangelo_navigation:/home/andy/git/MECHelangelo/install/mechelangelo_gazebo:/home/andy/git/MECHelangelo/install/mechelangelo_bringup:/home/andy/git/MECHelangelo/install/mechelangelo_behaviour:/home/andy/git/MECHelangelo/install/mechelangelo_base_sim:/home/andy/git/MECHelangelo/install/mechelangelo_base_hardware:/home/andy/git/MECHelangelo/install/mechelangelo_teleop:/home/andy/git/MECHelangelo/install/mechelangelo_perception:/home/andy/git/MECHelangelo/install/mechelangelo_arm_control:/opt/ros/humble /usr/bin/cmake --build /home/andy/git/MECHelangelo/build/mechelangelo_bringup -- -j32 -l32
[0.249s] Invoked command in '/home/andy/git/MECHelangelo/build/mechelangelo_bringup' returned '0': CMAKE_PREFIX_PATH=/home/andy/git/MECHelangelo/install/mechelangelo_description:/home/andy/git/MECHelangelo/install/mechelangelo_navigation:/home/andy/git/MECHelangelo/install/mechelangelo_gazebo:/home/andy/git/MECHelangelo/install/mechelangelo_bringup:/home/andy/git/MECHelangelo/install/mechelangelo_behaviour:/home/andy/git/MECHelangelo/install/mechelangelo_base_sim:/home/andy/git/MECHelangelo/install/mechelangelo_base_hardware:/home/andy/git/MECHelangelo/install/mechelangelo_teleop:/home/andy/git/MECHelangelo/install/mechelangelo_perception:/home/andy/git/MECHelangelo/install/mechelangelo_arm_control:/opt/ros/humble /usr/bin/cmake --build /home/andy/git/MECHelangelo/build/mechelangelo_bringup -- -j32 -l32
[0.251s] Invoking command in '/home/andy/git/MECHelangelo/build/mechelangelo_bringup': CMAKE_PREFIX_PATH=/home/andy/git/MECHelangelo/install/mechelangelo_description:/home/andy/git/MECHelangelo/install/mechelangelo_navigation:/home/andy/git/MECHelangelo/install/mechelangelo_gazebo:/home/andy/git/MECHelangelo/install/mechelangelo_bringup:/home/andy/git/MECHelangelo/install/mechelangelo_behaviour:/home/andy/git/MECHelangelo/install/mechelangelo_base_sim:/home/andy/git/MECHelangelo/install/mechelangelo_base_hardware:/home/andy/git/MECHelangelo/install/mechelangelo_teleop:/home/andy/git/MECHelangelo/install/mechelangelo_perception:/home/andy/git/MECHelangelo/install/mechelangelo_arm_control:/opt/ros/humble /usr/bin/cmake --install /home/andy/git/MECHelangelo/build/mechelangelo_bringup
[0.258s] -- Install configuration: ""
[0.258s] -- Execute custom install script
[0.258s] -- Up-to-date symlink: /home/andy/git/MECHelangelo/install/mechelangelo_bringup/share/mechelangelo_bringup/launch/Gallery_Test2.launch.py
[0.258s] -- Up-to-date symlink: /home/andy/git/MECHelangelo/install/mechelangelo_bringup/share/mechelangelo_bringup/launch/sim.launch.py
[0.258s] -- Up-to-date symlink: /home/andy/git/MECHelangelo/install/mechelangelo_bringup/share/mechelangelo_bringup/worlds/Gallery_Test2.world
[0.258s] -- Up-to-date symlink: /home/andy/git/MECHelangelo/install/mechelangelo_bringup/share/mechelangelo_bringup/Models/barrels/Mesh/Metal Diffuese.jpg
[0.258s] -- Up-to-date symlink: /home/andy/git/MECHelangelo/install/mechelangelo_bringup/share/mechelangelo_bringup/Models/barrels/Mesh/Metal Diffuese.jpg.001.jpg
[0.258s] -- Up-to-date symlink: /home/andy/git/MECHelangelo/install/mechelangelo_bringup/share/mechelangelo_bringup/Models/barrels/Mesh/Metal Diffuese.jpg.002.jpg
[0.258s] -- Up-to-date symlink: /home/andy/git/MECHelangelo/install/mechelangelo_bringup/share/mechelangelo_bringup/Models/barrels/Mesh/Metal Diffuese.jpg.003.jpg
[0.258s] -- Up-to-date symlink: /home/andy/git/MECHelangelo/install/mechelangelo_bringup/share/mechelangelo_bringup/Models/barrels/Mesh/Metal Diffuese.jpg.004.jpg
[0.259s] -- Up-to-date symlink: /home/andy/git/MECHelangelo/install/mechelangelo_bringup/share/mechelangelo_bringup/Models/barrels/Mesh/Wood Diffuse.jpg.002.jpg
[0.259s] -- Up-to-date symlink: /home/andy/git/MECHelangelo/install/mechelangelo_bringup/share/mechelangelo_bringup/Models/barrels/Mesh/Wood Diffuse.jpg.002.jpg.001.jpg
[0.259s] -- Up-to-date symlink: /home/andy/git/MECHelangelo/install/mechelangelo_bringup/share/mechelangelo_bringup/Models/barrels/Mesh/Wood Diffuse.jpg.002.jpg.002.jpg
[0.259s] -- Up-to-date symlink: /home/andy/git/MECHelangelo/install/mechelangelo_bringup/share/mechelangelo_bringup/Models/barrels/Mesh/Wood Diffuse.jpg.002.jpg.003.jpg
[0.259s] -- Up-to-date symlink: /home/andy/git/MECHelangelo/install/mechelangelo_bringup/share/mechelangelo_bringup/Models/barrels/Mesh/Wood Diffuse.jpg.002.jpg.004.jpg
[0.259s] -- Up-to-date symlink: /home/andy/git/MECHelangelo/install/mechelangelo_bringup/share/mechelangelo_bringup/Models/barrels/Mesh/barrels.dae
[0.259s] -- Up-to-date symlink: /home/andy/git/MECHelangelo/install/mechelangelo_bringup/share/mechelangelo_bringup/Models/barrels/Mesh/barrels.stl
[0.259s] -- Up-to-date symlink: /home/andy/git/MECHelangelo/install/mechelangelo_bringup/share/mechelangelo_bringup/Models/barrels/model.config
[0.259s] -- Up-to-date symlink: /home/andy/git/MECHelangelo/install/mechelangelo_bringup/share/mechelangelo_bringup/Models/barrels/model.sdf
[0.259s] -- Up-to-date symlink: /home/andy/git/MECHelangelo/install/mechelangelo_bringup/share/mechelangelo_bringup/Models/gallery_floor/Mesh/Birch-Wood-Texture-Background-edit-online.png.001.png
[0.259s] -- Up-to-date symlink: /home/andy/git/MECHelangelo/install/mechelangelo_bringup/share/mechelangelo_bringup/Models/gallery_floor/Mesh/EmptyGallery.stl
[0.259s] -- Up-to-date symlink: /home/andy/git/MECHelangelo/install/mechelangelo_bringup/share/mechelangelo_bringup/Models/gallery_floor/Mesh/floor.dae
[0.259s] -- Up-to-date symlink: /home/andy/git/MECHelangelo/install/mechelangelo_bringup/share/mechelangelo_bringup/Models/gallery_floor/model.config
[0.259s] -- Up-to-date symlink: /home/andy/git/MECHelangelo/install/mechelangelo_bringup/share/mechelangelo_bringup/Models/gallery_floor/model.sdf
[0.259s] -- Up-to-date symlink: /home/andy/git/MECHelangelo/install/mechelangelo_bringup/share/mechelangelo_bringup/Models/statues/Mesh/marble texture 3.jpg
[0.259s] -- Up-to-date symlink: /home/andy/git/MECHelangelo/install/mechelangelo_bringup/share/mechelangelo_bringup/Models/statues/Mesh/marble texture 3.jpg.001.jpg
[0.259s] -- Up-to-date symlink: /home/andy/git/MECHelangelo/install/mechelangelo_bringup/share/mechelangelo_bringup/Models/statues/Mesh/statue_diffuse.jpg
[0.260s] -- Up-to-date symlink: /home/andy/git/MECHelangelo/install/mechelangelo_bringup/share/mechelangelo_bringup/Models/statues/Mesh/statues.dae
[0.260s] -- Up-to-date symlink: /home/andy/git/MECHelangelo/install/mechelangelo_bringup/share/mechelangelo_bringup/Models/statues/Mesh/statues.stl
[0.260s] -- Up-to-date symlink: /home/andy/git/MECHelangelo/install/mechelangelo_bringup/share/mechelangelo_bringup/Models/statues/model.config
[0.260s] -- Up-to-date symlink: /home/andy/git/MECHelangelo/install/mechelangelo_bringup/share/mechelangelo_bringup/Models/statues/model.sdf
[0.260s] -- Up-to-date symlink: /home/andy/git/MECHelangelo/install/mechelangelo_bringup/share/mechelangelo_bringup/Models/turtlebot3_waffle_pi/model-1_4_.sdf
[0.260s] -- Up-to-date symlink: /home/andy/git/MECHelangelo/install/mechelangelo_bringup/share/mechelangelo_bringup/Models/turtlebot3_waffle_pi/model.config
[0.260s] -- Up-to-date symlink: /home/andy/git/MECHelangelo/install/mechelangelo_bringup/share/mechelangelo_bringup/Models/turtlebot3_waffle_pi/model.sdf
[0.260s] -- Up-to-date symlink: /home/andy/git/MECHelangelo/install/mechelangelo_bringup/share/mechelangelo_bringup/Models/walls/Mesh/1607px-The_Scream.jpg.001.jpg
[0.260s] -- Up-to-date symlink: /home/andy/git/MECHelangelo/install/mechelangelo_bringup/share/mechelangelo_bringup/Models/walls/Mesh/190430171751-mona-lisa.jpg
[0.260s] -- Up-to-date symlink: /home/andy/git/MECHelangelo/install/mechelangelo_bringup/share/mechelangelo_bringup/Models/walls/Mesh/Charging station 2.png
[0.260s] -- Up-to-date symlink: /home/andy/git/MECHelangelo/install/mechelangelo_bringup/share/mechelangelo_bringup/Models/walls/Mesh/Funky.png
[0.260s] -- Up-to-date symlink: /home/andy/git/MECHelangelo/install/mechelangelo_bringup/share/mechelangelo_bringup/Models/walls/Mesh/Kasamatsu-Shiro-Flowers-Four-Seasons-Banner.jpg
[0.260s] -- Up-to-date symlink: /home/andy/git/MECHelangelo/install/mechelangelo_bringup/share/mechelangelo_bringup/Models/walls/Mesh/UglyDutchess.jpeg
[0.260s] -- Up-to-date symlink: /home/andy/git/MECHelangelo/install/mechelangelo_bringup/share/mechelangelo_bringup/Models/walls/Mesh/UglyDutchess.jpeg.001.jpg
[0.260s] -- Up-to-date symlink: /home/andy/git/MECHelangelo/install/mechelangelo_bringup/share/mechelangelo_bringup/Models/walls/Mesh/a3bbad.png
[0.260s] -- Up-to-date symlink: /home/andy/git/MECHelangelo/install/mechelangelo_bringup/share/mechelangelo_bringup/Models/walls/Mesh/clock.jpg
[0.260s] -- Up-to-date symlink: /home/andy/git/MECHelangelo/install/mechelangelo_bringup/share/mechelangelo_bringup/Models/walls/Mesh/dogpoker.webp
[0.261s] -- Up-to-date symlink: /home/andy/git/MECHelangelo/install/mechelangelo_bringup/share/mechelangelo_bringup/Models/walls/Mesh/marble texture 3.jpg
[0.261s] -- Up-to-date symlink: /home/andy/git/MECHelangelo/install/mechelangelo_bringup/share/mechelangelo_bringup/Models/walls/Mesh/marble texture 3.jpg.001.jpg
[0.261s] -- Up-to-date symlink: /home/andy/git/MECHelangelo/install/mechelangelo_bringup/share/mechelangelo_bringup/Models/walls/Mesh/minecraft_burning_skull_poster.jpg
[0.261s] -- Up-to-date symlink: /home/andy/git/MECHelangelo/install/mechelangelo_bringup/share/mechelangelo_bringup/Models/walls/Mesh/simpsons.jpg.001.jpg
[0.261s] -- Up-to-date symlink: /home/andy/git/MECHelangelo/install/mechelangelo_bringup/share/mechelangelo_bringup/Models/walls/Mesh/squares.jpg.001.jpg
[0.261s] -- Up-to-date symlink: /home/andy/git/MECHelangelo/install/mechelangelo_bringup/share/mechelangelo_bringup/Models/walls/Mesh/walls.dae
[0.261s] -- Up-to-date symlink: /home/andy/git/MECHelangelo/install/mechelangelo_bringup/share/mechelangelo_bringup/Models/walls/Mesh/walls.stl
[0.261s] -- Up-to-date symlink: /home/andy/git/MECHelangelo/install/mechelangelo_bringup/share/mechelangelo_bringup/Models/walls/model.config
[0.261s] -- Up-to-date symlink: /home/andy/git/MECHelangelo/install/mechelangelo_bringup/share/mechelangelo_bringup/Models/walls/model.sdf
[0.261s] -- Up-to-date symlink: /home/andy/git/MECHelangelo/install/mechelangelo_bringup/share/ament_index/resource_index/package_run_dependencies/mechelangelo_bringup
[0.261s] -- Up-to-date symlink: /home/andy/git/MECHelangelo/install/mechelangelo_bringup/share/ament_index/resource_index/parent_prefix_path/mechelangelo_bringup
[0.261s] -- Up-to-date symlink: /home/andy/git/MECHelangelo/install/mechelangelo_bringup/share/mechelangelo_bringup/environment/ament_prefix_path.sh
[0.261s] -- Up-to-date symlink: /home/andy/git/MECHelangelo/install/mechelangelo_bringup/share/mechelangelo_bringup/environment/ament_prefix_path.dsv
[0.262s] -- Up-to-date symlink: /home/andy/git/MECHelangelo/install/mechelangelo_bringup/share/mechelangelo_bringup/environment/path.sh
[0.262s] -- Up-to-date symlink: /home/andy/git/MECHelangelo/install/mechelangelo_bringup/share/mechelangelo_bringup/environment/path.dsv
[0.262s] -- Up-to-date symlink: /home/andy/git/MECHelangelo/install/mechelangelo_bringup/share/mechelangelo_bringup/local_setup.bash
[0.262s] -- Up-to-date symlink: /home/andy/git/MECHelangelo/install/mechelangelo_bringup/share/mechelangelo_bringup/local_setup.sh
[0.262s] -- Up-to-date symlink: /home/andy/git/MECHelangelo/install/mechelangelo_bringup/share/mechelangelo_bringup/local_setup.zsh
[0.262s] -- Up-to-date symlink: /home/andy/git/MECHelangelo/install/mechelangelo_bringup/share/mechelangelo_bringup/local_setup.dsv
[0.262s] -- Symlinking: /home/andy/git/MECHelangelo/install/mechelangelo_bringup/share/mechelangelo_bringup/package.dsv
[0.270s] -- Up-to-date symlink: /home/andy/git/MECHelangelo/install/mechelangelo_bringup/share/ament_index/resource_index/packages/mechelangelo_bringup
[0.270s] -- Up-to-date symlink: /home/andy/git/MECHelangelo/install/mechelangelo_bringup/share/mechelangelo_bringup/cmake/mechelangelo_bringupConfig.cmake
[0.270s] -- Up-to-date symlink: /home/andy/git/MECHelangelo/install/mechelangelo_bringup/share/mechelangelo_bringup/cmake/mechelangelo_bringupConfig-version.cmake
[0.270s] -- Up-to-date symlink: /home/andy/git/MECHelangelo/install/mechelangelo_bringup/share/mechelangelo_bringup/package.xml
[0.273s] Invoked command in '/home/andy/git/MECHelangelo/build/mechelangelo_bringup' returned '0': CMAKE_PREFIX_PATH=/home/andy/git/MECHelangelo/install/mechelangelo_description:/home/andy/git/MECHelangelo/install/mechelangelo_navigation:/home/andy/git/MECHelangelo/install/mechelangelo_gazebo:/home/andy/git/MECHelangelo/install/mechelangelo_bringup:/home/andy/git/MECHelangelo/install/mechelangelo_behaviour:/home/andy/git/MECHelangelo/install/mechelangelo_base_sim:/home/andy/git/MECHelangelo/install/mechelangelo_base_hardware:/home/andy/git/MECHelangelo/install/mechelangelo_teleop:/home/andy/git/MECHelangelo/install/mechelangelo_perception:/home/andy/git/MECHelangelo/install/mechelangelo_arm_control:/opt/ros/humble /usr/bin/cmake --install /home/andy/git/MECHelangelo/build/mechelangelo_bringup
