running develop
Removing /home/andy/git/MECHelangelo/install/mechelangelo_teleop/lib/python3.10/site-packages/mechelangelo-teleop.egg-link (link to .)
running egg_info
writing ../../build/mechelangelo_teleop/mechelangelo_teleop.egg-info/PKG-INFO
writing dependency_links to ../../build/mechelangelo_teleop/mechelangelo_teleop.egg-info/dependency_links.txt
writing entry points to ../../build/mechelangelo_teleop/mechelangelo_teleop.egg-info/entry_points.txt
writing requirements to ../../build/mechelangelo_teleop/mechelangelo_teleop.egg-info/requires.txt
writing top-level names to ../../build/mechelangelo_teleop/mechelangelo_teleop.egg-info/top_level.txt
reading manifest file '../../build/mechelangelo_teleop/mechelangelo_teleop.egg-info/SOURCES.txt'
writing manifest file '../../build/mechelangelo_teleop/mechelangelo_teleop.egg-info/SOURCES.txt'
running build
running build_py
running install
running install_lib
creating /home/andy/git/MECHelangelo/install/mechelangelo_teleop/lib/python3.10/site-packages/mechelangelo_teleop
copying /home/andy/git/MECHelangelo/build/mechelangelo_teleop/build/lib/mechelangelo_teleop/__init__.py -> /home/andy/git/MECHelangelo/install/mechelangelo_teleop/lib/python3.10/site-packages/mechelangelo_teleop
copying /home/andy/git/MECHelangelo/build/mechelangelo_teleop/build/lib/mechelangelo_teleop/teleop_keyboard.py -> /home/andy/git/MECHelangelo/install/mechelangelo_teleop/lib/python3.10/site-packages/mechelangelo_teleop
byte-compiling /home/andy/git/MECHelangelo/install/mechelangelo_teleop/lib/python3.10/site-packages/mechelangelo_teleop/__init__.py to __init__.cpython-310.pyc
byte-compiling /home/andy/git/MECHelangelo/install/mechelangelo_teleop/lib/python3.10/site-packages/mechelangelo_teleop/teleop_keyboard.py to teleop_keyboard.cpython-310.pyc
running install_data
copying resource/mechelangelo_teleop -> /home/andy/git/MECHelangelo/install/mechelangelo_teleop/share/ament_index/resource_index/packages
copying package.xml -> /home/andy/git/MECHelangelo/install/mechelangelo_teleop/share/mechelangelo_teleop
running install_egg_info
Copying ../../build/mechelangelo_teleop/mechelangelo_teleop.egg-info to /home/andy/git/MECHelangelo/install/mechelangelo_teleop/lib/python3.10/site-packages/mechelangelo_teleop-0.0.0-py3.10.egg-info
running install_scripts
Installing teleop_keyboard script to /home/andy/git/MECHelangelo/install/mechelangelo_teleop/lib/mechelangelo_teleop
writing list of installed files to '/home/andy/git/MECHelangelo/build/mechelangelo_teleop/install.log'
