[0.537s] Invoking command in '/home/andy/git/MECHelangelo/build/mechelangelo_teleop': PYTHONPATH=/home/andy/git/MECHelangelo/build/mechelangelo_teleop/prefix_override:/usr/lib/python3/dist-packages/colcon_core/task/python/colcon_distutils_commands:/home/andy/git/MECHelangelo/install/mechelangelo_teleop/lib/python3.10/site-packages:${PYTHONPATH} /usr/bin/python3 -W ignore:setup.py install is deprecated -W ignore:easy_install command is deprecated setup.py develop --uninstall --editable --build-directory /home/andy/git/MECHelangelo/build/mechelangelo_teleop/build
[0.654s] running develop
[0.711s] Removing /home/andy/git/MECHelangelo/install/mechelangelo_teleop/lib/python3.10/site-packages/mechelangelo-teleop.egg-link (link to .)
[0.734s] Invoked command in '/home/andy/git/MECHelangelo/build/mechelangelo_teleop' returned '0': PYTHONPATH=/home/andy/git/MECHelangelo/build/mechelangelo_teleop/prefix_override:/usr/lib/python3/dist-packages/colcon_core/task/python/colcon_distutils_commands:/home/andy/git/MECHelangelo/install/mechelangelo_teleop/lib/python3.10/site-packages:${PYTHONPATH} /usr/bin/python3 -W ignore:setup.py install is deprecated -W ignore:easy_install command is deprecated setup.py develop --uninstall --editable --build-directory /home/andy/git/MECHelangelo/build/mechelangelo_teleop/build
[0.735s] Invoking command in '/home/andy/git/MECHelangelo/src/mechelangelo_teleop': PYTHONPATH=/home/andy/git/MECHelangelo/build/mechelangelo_teleop/prefix_override:/usr/lib/python3/dist-packages/colcon_core/task/python/colcon_distutils_commands:/home/andy/git/MECHelangelo/install/mechelangelo_teleop/lib/python3.10/site-packages:${PYTHONPATH} /usr/bin/python3 -W ignore:setup.py install is deprecated -W ignore:easy_install command is deprecated setup.py egg_info --egg-base ../../build/mechelangelo_teleop build --build-base /home/andy/git/MECHelangelo/build/mechelangelo_teleop/build install --record /home/andy/git/MECHelangelo/build/mechelangelo_teleop/install.log --single-version-externally-managed install_data --force
[0.826s] running egg_info
[0.827s] writing ../../build/mechelangelo_teleop/mechelangelo_teleop.egg-info/PKG-INFO
[0.827s] writing dependency_links to ../../build/mechelangelo_teleop/mechelangelo_teleop.egg-info/dependency_links.txt
[0.827s] writing entry points to ../../build/mechelangelo_teleop/mechelangelo_teleop.egg-info/entry_points.txt
[0.827s] writing requirements to ../../build/mechelangelo_teleop/mechelangelo_teleop.egg-info/requires.txt
[0.827s] writing top-level names to ../../build/mechelangelo_teleop/mechelangelo_teleop.egg-info/top_level.txt
[0.828s] reading manifest file '../../build/mechelangelo_teleop/mechelangelo_teleop.egg-info/SOURCES.txt'
[0.828s] writing manifest file '../../build/mechelangelo_teleop/mechelangelo_teleop.egg-info/SOURCES.txt'
[0.828s] running build
[0.828s] running build_py
[0.828s] running install
[0.828s] running install_lib
[0.829s] creating /home/andy/git/MECHelangelo/install/mechelangelo_teleop/lib/python3.10/site-packages/mechelangelo_teleop
[0.829s] copying /home/andy/git/MECHelangelo/build/mechelangelo_teleop/build/lib/mechelangelo_teleop/__init__.py -> /home/andy/git/MECHelangelo/install/mechelangelo_teleop/lib/python3.10/site-packages/mechelangelo_teleop
[0.829s] copying /home/andy/git/MECHelangelo/build/mechelangelo_teleop/build/lib/mechelangelo_teleop/teleop_keyboard.py -> /home/andy/git/MECHelangelo/install/mechelangelo_teleop/lib/python3.10/site-packages/mechelangelo_teleop
[0.829s] byte-compiling /home/andy/git/MECHelangelo/install/mechelangelo_teleop/lib/python3.10/site-packages/mechelangelo_teleop/__init__.py to __init__.cpython-310.pyc
[0.829s] byte-compiling /home/andy/git/MECHelangelo/install/mechelangelo_teleop/lib/python3.10/site-packages/mechelangelo_teleop/teleop_keyboard.py to teleop_keyboard.cpython-310.pyc
[0.830s] running install_data
[0.830s] copying resource/mechelangelo_teleop -> /home/andy/git/MECHelangelo/install/mechelangelo_teleop/share/ament_index/resource_index/packages
[0.830s] copying package.xml -> /home/andy/git/MECHelangelo/install/mechelangelo_teleop/share/mechelangelo_teleop
[0.830s] running install_egg_info
[0.831s] Copying ../../build/mechelangelo_teleop/mechelangelo_teleop.egg-info to /home/andy/git/MECHelangelo/install/mechelangelo_teleop/lib/python3.10/site-packages/mechelangelo_teleop-0.0.0-py3.10.egg-info
[0.831s] running install_scripts
[0.840s] Installing teleop_keyboard script to /home/andy/git/MECHelangelo/install/mechelangelo_teleop/lib/mechelangelo_teleop
[0.840s] writing list of installed files to '/home/andy/git/MECHelangelo/build/mechelangelo_teleop/install.log'
[0.861s] Invoked command in '/home/andy/git/MECHelangelo/src/mechelangelo_teleop' returned '0': PYTHONPATH=/home/andy/git/MECHelangelo/build/mechelangelo_teleop/prefix_override:/usr/lib/python3/dist-packages/colcon_core/task/python/colcon_distutils_commands:/home/andy/git/MECHelangelo/install/mechelangelo_teleop/lib/python3.10/site-packages:${PYTHONPATH} /usr/bin/python3 -W ignore:setup.py install is deprecated -W ignore:easy_install command is deprecated setup.py egg_info --egg-base ../../build/mechelangelo_teleop build --build-base /home/andy/git/MECHelangelo/build/mechelangelo_teleop/build install --record /home/andy/git/MECHelangelo/build/mechelangelo_teleop/install.log --single-version-externally-managed install_data --force
